000 (605.000.000) 06/05 23:13:06 Job submitted from host: <134.61.5.1:9618?addrs=134.61.5.1-9618+[--1]-9618&noUDP&sock=1924_484e_15>
...
001 (605.000.000) 06/05 23:15:21 Job executing on host: <134.61.17.114:9618?addrs=134.61.17.114-9618+[--1]-9618&noUDP&sock=1721_0a94_41>
...
006 (605.000.000) 06/05 23:15:29 Image size of job updated: 328612
	244  -  MemoryUsage of job (MB)
	249244  -  ResidentSetSize of job (KB)
...
006 (605.000.000) 06/05 23:17:17 Image size of job updated: 599104
	244  -  MemoryUsage of job (MB)
	249276  -  ResidentSetSize of job (KB)
...
005 (605.000.000) 06/05 23:17:17 Job terminated.
	(1) Normal termination (return value 0)
		Usr 0 00:01:47, Sys 0 00:00:01  -  Run Remote Usage
		Usr 0 00:00:00, Sys 0 00:00:00  -  Run Local Usage
		Usr 0 00:01:47, Sys 0 00:00:01  -  Total Remote Usage
		Usr 0 00:00:00, Sys 0 00:00:00  -  Total Local Usage
	0  -  Run Bytes Sent By Job
	0  -  Run Bytes Received By Job
	0  -  Total Bytes Sent By Job
	0  -  Total Bytes Received By Job
	Partitionable Resources :    Usage  Request Allocated
	   Cpus                 :                 1         1
	   Disk (KB)            :        1        1   1129423
	   Memory (MB)          :      244     1500      1500
...
000 (720.000.000) 06/07 07:21:29 Job submitted from host: <134.61.5.1:9618?addrs=134.61.5.1-9618+[--1]-9618&noUDP&sock=1924_484e_15>
...
001 (720.000.000) 06/07 07:27:46 Job executing on host: <134.61.17.149:9618?addrs=134.61.17.149-9618+[--1]-9618&noUDP&sock=166122_73fa_3>
...
006 (720.000.000) 06/07 07:27:54 Image size of job updated: 245796
	166  -  MemoryUsage of job (MB)
	169852  -  ResidentSetSize of job (KB)
...
010 (720.000.000) 06/07 07:28:08 Job was suspended.
	Number of processes actually suspended: 3
...
006 (720.000.000) 06/07 07:28:08 Image size of job updated: 541760
	452  -  MemoryUsage of job (MB)
	462104  -  ResidentSetSize of job (KB)
...
011 (720.000.000) 06/07 07:28:29 Job was unsuspended.
...
005 (720.000.000) 06/07 07:30:07 Job terminated.
	(1) Normal termination (return value 0)
		Usr 0 00:01:48, Sys 0 00:00:01  -  Run Remote Usage
		Usr 0 00:00:00, Sys 0 00:00:00  -  Run Local Usage
		Usr 0 00:01:48, Sys 0 00:00:01  -  Total Remote Usage
		Usr 0 00:00:00, Sys 0 00:00:00  -  Total Local Usage
	0  -  Run Bytes Sent By Job
	0  -  Run Bytes Received By Job
	0  -  Total Bytes Sent By Job
	0  -  Total Bytes Received By Job
	Partitionable Resources :    Usage  Request Allocated
	   Cpus                 :                 1         1
	   Disk (KB)            :        1        1   3514320
	   Memory (MB)          :      452     1500      1500
...
