000 (568.000.000) 06/05 23:13:01 Job submitted from host: <134.61.5.1:9618?addrs=134.61.5.1-9618+[--1]-9618&noUDP&sock=1924_484e_15>
...
001 (568.000.000) 06/05 23:13:21 Job executing on host: <134.61.5.24:9618?addrs=134.61.5.24-9618+[--1]-9618&noUDP&sock=3134_3de6_3>
...
006 (568.000.000) 06/05 23:13:29 Image size of job updated: 314356
	289  -  MemoryUsage of job (MB)
	295164  -  ResidentSetSize of job (KB)
...
010 (568.000.000) 06/05 23:16:15 Job was suspended.
	Number of processes actually suspended: 3
...
006 (568.000.000) 06/05 23:16:15 Image size of job updated: 535600
	505  -  MemoryUsage of job (MB)
	516248  -  ResidentSetSize of job (KB)
...
011 (568.000.000) 06/05 23:16:33 Job was unsuspended.
...
010 (568.000.000) 06/05 23:16:43 Job was suspended.
	Number of processes actually suspended: 3
...
011 (568.000.000) 06/05 23:18:43 Job was unsuspended.
...
006 (568.000.000) 06/05 23:23:30 Image size of job updated: 535684
	505  -  MemoryUsage of job (MB)
	516332  -  ResidentSetSize of job (KB)
...
005 (568.000.000) 06/05 23:27:26 Job terminated.
	(1) Normal termination (return value 0)
		Usr 0 00:10:18, Sys 0 00:00:02  -  Run Remote Usage
		Usr 0 00:00:00, Sys 0 00:00:00  -  Run Local Usage
		Usr 0 00:10:18, Sys 0 00:00:02  -  Total Remote Usage
		Usr 0 00:00:00, Sys 0 00:00:00  -  Total Local Usage
	0  -  Run Bytes Sent By Job
	0  -  Run Bytes Received By Job
	0  -  Total Bytes Sent By Job
	0  -  Total Bytes Received By Job
	Partitionable Resources :    Usage  Request Allocated
	   Cpus                 :                 1         1
	   Disk (KB)            :        1        1   3541765
	   Memory (MB)          :      505     1500      1500
...
000 (700.000.000) 06/07 07:21:26 Job submitted from host: <134.61.5.1:9618?addrs=134.61.5.1-9618+[--1]-9618&noUDP&sock=1924_484e_15>
...
001 (700.000.000) 06/07 07:25:45 Job executing on host: <134.61.5.24:9618?addrs=134.61.5.24-9618+[--1]-9618&noUDP&sock=3134_3de6_3>
...
006 (700.000.000) 06/07 07:25:53 Image size of job updated: 519976
	430  -  MemoryUsage of job (MB)
	440080  -  ResidentSetSize of job (KB)
...
006 (700.000.000) 06/07 07:30:53 Image size of job updated: 594608
	503  -  MemoryUsage of job (MB)
	514704  -  ResidentSetSize of job (KB)
...
006 (700.000.000) 06/07 07:35:55 Image size of job updated: 595940
	504  -  MemoryUsage of job (MB)
	516036  -  ResidentSetSize of job (KB)
...
005 (700.000.000) 06/07 07:36:09 Job terminated.
	(1) Normal termination (return value 0)
		Usr 0 00:07:53, Sys 0 00:00:02  -  Run Remote Usage
		Usr 0 00:00:00, Sys 0 00:00:00  -  Run Local Usage
		Usr 0 00:07:53, Sys 0 00:00:02  -  Total Remote Usage
		Usr 0 00:00:00, Sys 0 00:00:00  -  Total Local Usage
	0  -  Run Bytes Sent By Job
	0  -  Run Bytes Received By Job
	0  -  Total Bytes Sent By Job
	0  -  Total Bytes Received By Job
	Partitionable Resources :    Usage  Request Allocated
	   Cpus                 :                 1         1
	   Disk (KB)            :        1        1   3541765
	   Memory (MB)          :      504     1500      1500
...
