000 (566.000.000) 06/05 23:13:00 Job submitted from host: <134.61.5.1:9618?addrs=134.61.5.1-9618+[--1]-9618&noUDP&sock=1924_484e_15>
...
001 (566.000.000) 06/05 23:13:20 Job executing on host: <134.61.5.24:9618?addrs=134.61.5.24-9618+[--1]-9618&noUDP&sock=3134_3de6_3>
...
006 (566.000.000) 06/05 23:13:29 Image size of job updated: 298996
	286  -  MemoryUsage of job (MB)
	292552  -  ResidentSetSize of job (KB)
...
010 (566.000.000) 06/05 23:16:53 Job was suspended.
	Number of processes actually suspended: 3
...
006 (566.000.000) 06/05 23:16:53 Image size of job updated: 518400
	500  -  MemoryUsage of job (MB)
	511904  -  ResidentSetSize of job (KB)
...
011 (566.000.000) 06/05 23:17:53 Job was unsuspended.
...
005 (566.000.000) 06/05 23:18:27 Job terminated.
	(1) Normal termination (return value 0)
		Usr 0 00:03:22, Sys 0 00:00:01  -  Run Remote Usage
		Usr 0 00:00:00, Sys 0 00:00:00  -  Run Local Usage
		Usr 0 00:03:22, Sys 0 00:00:01  -  Total Remote Usage
		Usr 0 00:00:00, Sys 0 00:00:00  -  Total Local Usage
	0  -  Run Bytes Sent By Job
	0  -  Run Bytes Received By Job
	0  -  Total Bytes Sent By Job
	0  -  Total Bytes Received By Job
	Partitionable Resources :    Usage  Request Allocated
	   Cpus                 :                 1         1
	   Disk (KB)            :        1        1   3541765
	   Memory (MB)          :      500     1500      1500
...
000 (698.000.000) 06/07 07:21:26 Job submitted from host: <134.61.5.1:9618?addrs=134.61.5.1-9618+[--1]-9618&noUDP&sock=1924_484e_15>
...
001 (698.000.000) 06/07 07:24:45 Job executing on host: <134.61.5.24:9618?addrs=134.61.5.24-9618+[--1]-9618&noUDP&sock=3134_3de6_3>
...
006 (698.000.000) 06/07 07:24:53 Image size of job updated: 471768
	440  -  MemoryUsage of job (MB)
	450012  -  ResidentSetSize of job (KB)
...
005 (698.000.000) 06/07 07:28:31 Job terminated.
	(1) Normal termination (return value 0)
		Usr 0 00:02:57, Sys 0 00:00:01  -  Run Remote Usage
		Usr 0 00:00:00, Sys 0 00:00:00  -  Run Local Usage
		Usr 0 00:02:57, Sys 0 00:00:01  -  Total Remote Usage
		Usr 0 00:00:00, Sys 0 00:00:00  -  Total Local Usage
	0  -  Run Bytes Sent By Job
	0  -  Run Bytes Received By Job
	0  -  Total Bytes Sent By Job
	0  -  Total Bytes Received By Job
	Partitionable Resources :    Usage  Request Allocated
	   Cpus                 :                 1         1
	   Disk (KB)            :        1        1   3541765
	   Memory (MB)          :      440     1500      1500
...
