000 (603.000.000) 06/05 23:13:06 Job submitted from host: <134.61.5.1:9618?addrs=134.61.5.1-9618+[--1]-9618&noUDP&sock=1924_484e_15>
...
001 (603.000.000) 06/05 23:15:21 Job executing on host: <134.61.17.104:9618?addrs=134.61.17.104-9618+[--1]-9618&noUDP&sock=1470_e04f_3>
...
006 (603.000.000) 06/05 23:15:29 Image size of job updated: 22472
	10  -  MemoryUsage of job (MB)
	10172  -  ResidentSetSize of job (KB)
...
006 (603.000.000) 06/05 23:20:30 Image size of job updated: 617500
	522  -  MemoryUsage of job (MB)
	533620  -  ResidentSetSize of job (KB)
...
006 (603.000.000) 06/05 23:25:30 Image size of job updated: 626400
	530  -  MemoryUsage of job (MB)
	542516  -  ResidentSetSize of job (KB)
...
006 (603.000.000) 06/05 23:30:31 Image size of job updated: 628384
	530  -  MemoryUsage of job (MB)
	542516  -  ResidentSetSize of job (KB)
...
006 (603.000.000) 06/06 00:06:54 Image size of job updated: 853280
	530  -  MemoryUsage of job (MB)
	542516  -  ResidentSetSize of job (KB)
...
005 (603.000.000) 06/06 00:06:54 Job terminated.
	(1) Normal termination (return value 0)
		Usr 0 00:49:11, Sys 0 00:00:08  -  Run Remote Usage
		Usr 0 00:00:00, Sys 0 00:00:00  -  Run Local Usage
		Usr 0 00:49:11, Sys 0 00:00:08  -  Total Remote Usage
		Usr 0 00:00:00, Sys 0 00:00:00  -  Total Local Usage
	0  -  Run Bytes Sent By Job
	0  -  Run Bytes Received By Job
	0  -  Total Bytes Sent By Job
	0  -  Total Bytes Received By Job
	Partitionable Resources :    Usage  Request Allocated
	   Cpus                 :                 1         1
	   Disk (KB)            :        1        1   3541676
	   Memory (MB)          :      530     1500      1500
...
000 (718.000.000) 06/07 07:21:29 Job submitted from host: <134.61.5.1:9618?addrs=134.61.5.1-9618+[--1]-9618&noUDP&sock=1924_484e_15>
...
001 (718.000.000) 06/07 07:27:45 Job executing on host: <134.61.15.48:9618?addrs=134.61.15.48-9618+[--1]-9618&noUDP&sock=1427_61bc_35>
...
006 (718.000.000) 06/07 07:27:54 Image size of job updated: 314660
	229  -  MemoryUsage of job (MB)
	233860  -  ResidentSetSize of job (KB)
...
006 (718.000.000) 06/07 07:32:55 Image size of job updated: 612332
	519  -  MemoryUsage of job (MB)
	530484  -  ResidentSetSize of job (KB)
...
006 (718.000.000) 06/07 07:37:55 Image size of job updated: 612688
	519  -  MemoryUsage of job (MB)
	530484  -  ResidentSetSize of job (KB)
...
005 (718.000.000) 06/07 08:38:33 Job terminated.
	(1) Normal termination (return value 0)
		Usr 0 00:59:01, Sys 0 00:00:09  -  Run Remote Usage
		Usr 0 00:00:00, Sys 0 00:00:00  -  Run Local Usage
		Usr 0 00:59:01, Sys 0 00:00:09  -  Total Remote Usage
		Usr 0 00:00:00, Sys 0 00:00:00  -  Total Local Usage
	0  -  Run Bytes Sent By Job
	0  -  Run Bytes Received By Job
	0  -  Total Bytes Sent By Job
	0  -  Total Bytes Received By Job
	Partitionable Resources :    Usage  Request Allocated
	   Cpus                 :                 1         1
	   Disk (KB)            :        1        1    230100
	   Memory (MB)          :      519     1500      1500
...
