000 (562.000.000) 06/05 23:13:00 Job submitted from host: <134.61.5.1:9618?addrs=134.61.5.1-9618+[--1]-9618&noUDP&sock=1924_484e_15>
...
001 (562.000.000) 06/05 23:13:20 Job executing on host: <134.61.17.169:9618?addrs=134.61.17.169-9618+[--1]-9618&noUDP&sock=5289_647e_3>
...
006 (562.000.000) 06/05 23:13:29 Image size of job updated: 310952
	227  -  MemoryUsage of job (MB)
	232004  -  ResidentSetSize of job (KB)
...
006 (562.000.000) 06/05 23:18:30 Image size of job updated: 514840
	488  -  MemoryUsage of job (MB)
	499688  -  ResidentSetSize of job (KB)
...
005 (562.000.000) 06/05 23:23:16 Job terminated.
	(1) Normal termination (return value 0)
		Usr 0 00:08:42, Sys 0 00:00:05  -  Run Remote Usage
		Usr 0 00:00:00, Sys 0 00:00:00  -  Run Local Usage
		Usr 0 00:08:42, Sys 0 00:00:05  -  Total Remote Usage
		Usr 0 00:00:00, Sys 0 00:00:00  -  Total Local Usage
	0  -  Run Bytes Sent By Job
	0  -  Run Bytes Received By Job
	0  -  Total Bytes Sent By Job
	0  -  Total Bytes Received By Job
	Partitionable Resources :    Usage  Request Allocated
	   Cpus                 :                 1         1
	   Disk (KB)            :        1        1   1556473
	   Memory (MB)          :      488     1500      1500
...
000 (694.000.000) 06/07 07:21:25 Job submitted from host: <134.61.5.1:9618?addrs=134.61.5.1-9618+[--1]-9618&noUDP&sock=1924_484e_15>
...
001 (694.000.000) 06/07 07:24:45 Job executing on host: <134.61.17.168:9618?addrs=134.61.17.168-9618+[--1]-9618&noUDP&sock=4953_ecac_3>
...
006 (694.000.000) 06/07 07:24:53 Image size of job updated: 269236
	187  -  MemoryUsage of job (MB)
	190804  -  ResidentSetSize of job (KB)
...
006 (694.000.000) 06/07 07:29:53 Image size of job updated: 593856
	501  -  MemoryUsage of job (MB)
	512008  -  ResidentSetSize of job (KB)
...
006 (694.000.000) 06/07 07:34:54 Image size of job updated: 593860
	501  -  MemoryUsage of job (MB)
	512012  -  ResidentSetSize of job (KB)
...
005 (694.000.000) 06/07 07:35:13 Job terminated.
	(1) Normal termination (return value 0)
		Usr 0 00:08:31, Sys 0 00:00:05  -  Run Remote Usage
		Usr 0 00:00:00, Sys 0 00:00:00  -  Run Local Usage
		Usr 0 00:08:31, Sys 0 00:00:05  -  Total Remote Usage
		Usr 0 00:00:00, Sys 0 00:00:00  -  Total Local Usage
	0  -  Run Bytes Sent By Job
	0  -  Run Bytes Received By Job
	0  -  Total Bytes Sent By Job
	0  -  Total Bytes Received By Job
	Partitionable Resources :    Usage  Request Allocated
	   Cpus                 :                 1         1
	   Disk (KB)            :        1        1   1556473
	   Memory (MB)          :      501     1500      1500
...
