000 (567.000.000) 06/05 23:13:01 Job submitted from host: <134.61.5.1:9618?addrs=134.61.5.1-9618+[--1]-9618&noUDP&sock=1924_484e_15>
...
001 (567.000.000) 06/05 23:13:21 Job executing on host: <134.61.5.24:9618?addrs=134.61.5.24-9618+[--1]-9618&noUDP&sock=3134_3de6_3>
...
006 (567.000.000) 06/05 23:13:29 Image size of job updated: 304464
	290  -  MemoryUsage of job (MB)
	296004  -  ResidentSetSize of job (KB)
...
010 (567.000.000) 06/05 23:16:48 Job was suspended.
	Number of processes actually suspended: 3
...
006 (567.000.000) 06/05 23:16:48 Image size of job updated: 522892
	503  -  MemoryUsage of job (MB)
	514396  -  ResidentSetSize of job (KB)
...
011 (567.000.000) 06/05 23:18:13 Job was unsuspended.
...
006 (567.000.000) 06/05 23:18:29 Image size of job updated: 523052
	503  -  MemoryUsage of job (MB)
	514560  -  ResidentSetSize of job (KB)
...
005 (567.000.000) 06/05 23:25:38 Job terminated.
	(1) Normal termination (return value 0)
		Usr 0 00:09:22, Sys 0 00:00:02  -  Run Remote Usage
		Usr 0 00:00:00, Sys 0 00:00:00  -  Run Local Usage
		Usr 0 00:09:22, Sys 0 00:00:02  -  Total Remote Usage
		Usr 0 00:00:00, Sys 0 00:00:00  -  Total Local Usage
	0  -  Run Bytes Sent By Job
	0  -  Run Bytes Received By Job
	0  -  Total Bytes Sent By Job
	0  -  Total Bytes Received By Job
	Partitionable Resources :    Usage  Request Allocated
	   Cpus                 :                 1         1
	   Disk (KB)            :        1        1   3541765
	   Memory (MB)          :      503     1500      1500
...
000 (699.000.000) 06/07 07:21:26 Job submitted from host: <134.61.5.1:9618?addrs=134.61.5.1-9618+[--1]-9618&noUDP&sock=1924_484e_15>
...
001 (699.000.000) 06/07 07:24:45 Job executing on host: <134.61.5.22:9618?addrs=134.61.5.22-9618+[--1]-9618&noUDP&sock=4085777_c297_3>
...
006 (699.000.000) 06/07 07:24:53 Image size of job updated: 108136
	89  -  MemoryUsage of job (MB)
	91076  -  ResidentSetSize of job (KB)
...
006 (699.000.000) 06/07 07:29:53 Image size of job updated: 530240
	493  -  MemoryUsage of job (MB)
	504824  -  ResidentSetSize of job (KB)
...
006 (699.000.000) 06/07 07:34:54 Image size of job updated: 530380
	493  -  MemoryUsage of job (MB)
	504824  -  ResidentSetSize of job (KB)
...
006 (699.000.000) 06/07 07:39:54 Image size of job updated: 530436
	493  -  MemoryUsage of job (MB)
	504824  -  ResidentSetSize of job (KB)
...
005 (699.000.000) 06/07 07:44:03 Job terminated.
	(1) Normal termination (return value 0)
		Usr 0 00:17:15, Sys 0 00:00:05  -  Run Remote Usage
		Usr 0 00:00:00, Sys 0 00:00:00  -  Run Local Usage
		Usr 0 00:17:15, Sys 0 00:00:05  -  Total Remote Usage
		Usr 0 00:00:00, Sys 0 00:00:00  -  Total Local Usage
	0  -  Run Bytes Sent By Job
	0  -  Run Bytes Received By Job
	0  -  Total Bytes Sent By Job
	0  -  Total Bytes Received By Job
	Partitionable Resources :    Usage  Request Allocated
	   Cpus                 :                 1         1
	   Disk (KB)            :        1        1   3538700
	   Memory (MB)          :      493     1500      1500
...
