000 (565.000.000) 06/05 23:13:00 Job submitted from host: <134.61.5.1:9618?addrs=134.61.5.1-9618+[--1]-9618&noUDP&sock=1924_484e_15>
...
001 (565.000.000) 06/05 23:13:21 Job executing on host: <134.61.17.120:9618?addrs=134.61.17.120-9618+[--1]-9618&noUDP&sock=4073226_d16d_3>
...
006 (565.000.000) 06/05 23:13:29 Image size of job updated: 98660
	58  -  MemoryUsage of job (MB)
	58512  -  ResidentSetSize of job (KB)
...
006 (565.000.000) 06/05 23:18:29 Image size of job updated: 592428
	497  -  MemoryUsage of job (MB)
	508548  -  ResidentSetSize of job (KB)
...
006 (565.000.000) 06/05 23:23:29 Image size of job updated: 592580
	497  -  MemoryUsage of job (MB)
	508548  -  ResidentSetSize of job (KB)
...
005 (565.000.000) 06/05 23:27:02 Job terminated.
	(1) Normal termination (return value 0)
		Usr 0 00:12:45, Sys 0 00:00:02  -  Run Remote Usage
		Usr 0 00:00:00, Sys 0 00:00:00  -  Run Local Usage
		Usr 0 00:12:45, Sys 0 00:00:02  -  Total Remote Usage
		Usr 0 00:00:00, Sys 0 00:00:00  -  Total Local Usage
	0  -  Run Bytes Sent By Job
	0  -  Run Bytes Received By Job
	0  -  Total Bytes Sent By Job
	0  -  Total Bytes Received By Job
	Partitionable Resources :    Usage  Request Allocated
	   Cpus                 :                 1         1
	   Disk (KB)            :        1        1   1138300
	   Memory (MB)          :      497     1500      1500
...
000 (697.000.000) 06/07 07:21:26 Job submitted from host: <134.61.5.1:9618?addrs=134.61.5.1-9618+[--1]-9618&noUDP&sock=1924_484e_15>
...
001 (697.000.000) 06/07 07:24:45 Job executing on host: <134.61.17.117:9618?addrs=134.61.17.117-9618+[--1]-9618&noUDP&sock=1479_0ca9_3>
...
006 (697.000.000) 06/07 07:24:53 Image size of job updated: 339480
	253  -  MemoryUsage of job (MB)
	258600  -  ResidentSetSize of job (KB)
...
006 (697.000.000) 06/07 07:29:53 Image size of job updated: 589520
	491  -  MemoryUsage of job (MB)
	502376  -  ResidentSetSize of job (KB)
...
005 (697.000.000) 06/07 07:38:39 Job terminated.
	(1) Normal termination (return value 0)
		Usr 0 00:12:41, Sys 0 00:00:03  -  Run Remote Usage
		Usr 0 00:00:00, Sys 0 00:00:00  -  Run Local Usage
		Usr 0 00:12:41, Sys 0 00:00:03  -  Total Remote Usage
		Usr 0 00:00:00, Sys 0 00:00:00  -  Total Local Usage
	0  -  Run Bytes Sent By Job
	0  -  Run Bytes Received By Job
	0  -  Total Bytes Sent By Job
	0  -  Total Bytes Received By Job
	Partitionable Resources :    Usage  Request Allocated
	   Cpus                 :                 1         1
	   Disk (KB)            :        1        1   1138300
	   Memory (MB)          :      491     1500      1500
...
