000 (602.000.000) 06/05 23:13:06 Job submitted from host: <134.61.5.1:9618?addrs=134.61.5.1-9618+[--1]-9618&noUDP&sock=1924_484e_15>
...
001 (602.000.000) 06/05 23:15:21 Job executing on host: <134.61.17.181:9618?addrs=134.61.17.181-9618+[--1]-9618&noUDP&sock=4504_f2a6_3>
...
006 (602.000.000) 06/05 23:15:29 Image size of job updated: 198548
	149  -  MemoryUsage of job (MB)
	151636  -  ResidentSetSize of job (KB)
...
006 (602.000.000) 06/05 23:20:29 Image size of job updated: 573504
	515  -  MemoryUsage of job (MB)
	526412  -  ResidentSetSize of job (KB)
...
006 (602.000.000) 06/05 23:25:30 Image size of job updated: 573640
	515  -  MemoryUsage of job (MB)
	526412  -  ResidentSetSize of job (KB)
...
005 (602.000.000) 06/05 23:29:29 Job terminated.
	(1) Normal termination (return value 0)
		Usr 0 00:13:09, Sys 0 00:00:07  -  Run Remote Usage
		Usr 0 00:00:00, Sys 0 00:00:00  -  Run Local Usage
		Usr 0 00:13:09, Sys 0 00:00:07  -  Total Remote Usage
		Usr 0 00:00:00, Sys 0 00:00:00  -  Total Local Usage
	0  -  Run Bytes Sent By Job
	0  -  Run Bytes Received By Job
	0  -  Total Bytes Sent By Job
	0  -  Total Bytes Received By Job
	Partitionable Resources :    Usage  Request Allocated
	   Cpus                 :                 1         1
	   Disk (KB)            :        1        1   1556473
	   Memory (MB)          :      515     1500      1500
...
000 (717.000.000) 06/07 07:21:28 Job submitted from host: <134.61.5.1:9618?addrs=134.61.5.1-9618+[--1]-9618&noUDP&sock=1924_484e_15>
...
001 (717.000.000) 06/07 07:27:45 Job executing on host: <134.61.15.94:9618?addrs=134.61.15.94-9618+[--1]-9618&noUDP&sock=1532_672e_3>
...
006 (717.000.000) 06/07 07:27:54 Image size of job updated: 256040
	173  -  MemoryUsage of job (MB)
	176188  -  ResidentSetSize of job (KB)
...
006 (717.000.000) 06/07 07:32:55 Image size of job updated: 610732
	515  -  MemoryUsage of job (MB)
	526920  -  ResidentSetSize of job (KB)
...
006 (717.000.000) 06/07 07:37:04 Image size of job updated: 611044
	515  -  MemoryUsage of job (MB)
	526920  -  ResidentSetSize of job (KB)
...
005 (717.000.000) 06/07 07:37:04 Job terminated.
	(1) Normal termination (return value 0)
		Usr 0 00:07:51, Sys 0 00:00:06  -  Run Remote Usage
		Usr 0 00:00:00, Sys 0 00:00:00  -  Run Local Usage
		Usr 0 00:07:51, Sys 0 00:00:06  -  Total Remote Usage
		Usr 0 00:00:00, Sys 0 00:00:00  -  Total Local Usage
	0  -  Run Bytes Sent By Job
	0  -  Run Bytes Received By Job
	0  -  Total Bytes Sent By Job
	0  -  Total Bytes Received By Job
	Partitionable Resources :    Usage  Request Allocated
	   Cpus                 :                 1         1
	   Disk (KB)            :        1        1   8079557
	   Memory (MB)          :      515     1500      1500
...
