000 (600.000.000) 06/05 23:13:06 Job submitted from host: <134.61.5.1:9618?addrs=134.61.5.1-9618+[--1]-9618&noUDP&sock=1924_484e_15>
...
001 (600.000.000) 06/05 23:15:21 Job executing on host: <134.61.17.178:9618?addrs=134.61.17.178-9618+[--1]-9618&noUDP&sock=4506_51d6_3>
...
006 (600.000.000) 06/05 23:15:29 Image size of job updated: 166868
	105  -  MemoryUsage of job (MB)
	107116  -  ResidentSetSize of job (KB)
...
006 (600.000.000) 06/05 23:20:29 Image size of job updated: 604396
	509  -  MemoryUsage of job (MB)
	520512  -  ResidentSetSize of job (KB)
...
006 (600.000.000) 06/05 23:25:29 Image size of job updated: 604928
	509  -  MemoryUsage of job (MB)
	520512  -  ResidentSetSize of job (KB)
...
010 (600.000.000) 06/05 23:27:01 Job was suspended.
	Number of processes actually suspended: 3
...
011 (600.000.000) 06/05 23:27:22 Job was unsuspended.
...
010 (600.000.000) 06/05 23:28:07 Job was suspended.
	Number of processes actually suspended: 3
...
011 (600.000.000) 06/05 23:28:27 Job was unsuspended.
...
005 (600.000.000) 06/05 23:28:58 Job terminated.
	(1) Normal termination (return value 0)
		Usr 0 00:11:42, Sys 0 00:00:05  -  Run Remote Usage
		Usr 0 00:00:00, Sys 0 00:00:00  -  Run Local Usage
		Usr 0 00:11:42, Sys 0 00:00:05  -  Total Remote Usage
		Usr 0 00:00:00, Sys 0 00:00:00  -  Total Local Usage
	0  -  Run Bytes Sent By Job
	0  -  Run Bytes Received By Job
	0  -  Total Bytes Sent By Job
	0  -  Total Bytes Received By Job
	Partitionable Resources :    Usage  Request Allocated
	   Cpus                 :                 1         1
	   Disk (KB)            :        1        1   1556473
	   Memory (MB)          :      509     1500      1500
...
000 (715.000.000) 06/07 07:21:28 Job submitted from host: <134.61.5.1:9618?addrs=134.61.5.1-9618+[--1]-9618&noUDP&sock=1924_484e_15>
...
001 (715.000.000) 06/07 07:27:45 Job executing on host: <134.61.17.190:9618?addrs=134.61.17.190-9618+[--1]-9618&noUDP&sock=16258_36d5_3>
...
006 (715.000.000) 06/07 07:27:54 Image size of job updated: 289136
	205  -  MemoryUsage of job (MB)
	209060  -  ResidentSetSize of job (KB)
...
006 (715.000.000) 06/07 07:32:55 Image size of job updated: 593264
	498  -  MemoryUsage of job (MB)
	509440  -  ResidentSetSize of job (KB)
...
005 (715.000.000) 06/07 07:40:53 Job terminated.
	(1) Normal termination (return value 0)
		Usr 0 00:11:12, Sys 0 00:00:05  -  Run Remote Usage
		Usr 0 00:00:00, Sys 0 00:00:00  -  Run Local Usage
		Usr 0 00:11:12, Sys 0 00:00:05  -  Total Remote Usage
		Usr 0 00:00:00, Sys 0 00:00:00  -  Total Local Usage
	0  -  Run Bytes Sent By Job
	0  -  Run Bytes Received By Job
	0  -  Total Bytes Sent By Job
	0  -  Total Bytes Received By Job
	Partitionable Resources :    Usage  Request Allocated
	   Cpus                 :                 1         1
	   Disk (KB)            :        1        1   1556473
	   Memory (MB)          :      498     1500      1500
...
