000 (599.000.000) 06/05 23:13:05 Job submitted from host: <134.61.5.1:9618?addrs=134.61.5.1-9618+[--1]-9618&noUDP&sock=1924_484e_15>
...
007 (599.000.000) 06/05 23:14:22 Shadow exception!
	Error from slot1_6@lxcip55.physik.rwth-aachen.de: Failed to open '/.automount/home/home__home4/institut_1b/swuchterl/SUSYDileptonGamma/myAnalyzer/logs/DoubleMuon_Run2016C-03Feb2017-v1_myTuple.root.out' as standard output: No such file or directory (errno 2)
	0  -  Run Bytes Sent By Job
	0  -  Run Bytes Received By Job
...
012 (599.000.000) 06/05 23:14:23 Job was held.
	Error from slot1_6@lxcip55.physik.rwth-aachen.de: Failed to open '/.automount/home/home__home4/institut_1b/swuchterl/SUSYDileptonGamma/myAnalyzer/logs/DoubleMuon_Run2016C-03Feb2017-v1_myTuple.root.out' as standard output: No such file or directory (errno 2)
	Code 7 Subcode 2
...
013 (599.000.000) 06/06 10:30:04 Job was released.
	via condor_release (by user swuchterl)
...
001 (599.000.000) 06/06 10:32:19 Job executing on host: <134.61.17.167:9618?addrs=134.61.17.167-9618+[--1]-9618&noUDP&sock=4649_67e1_3>
...
006 (599.000.000) 06/06 10:32:27 Image size of job updated: 240316
	190  -  MemoryUsage of job (MB)
	194296  -  ResidentSetSize of job (KB)
...
010 (599.000.000) 06/06 10:36:21 Job was suspended.
	Number of processes actually suspended: 3
...
006 (599.000.000) 06/06 10:36:21 Image size of job updated: 570060
	510  -  MemoryUsage of job (MB)
	522056  -  ResidentSetSize of job (KB)
...
011 (599.000.000) 06/06 10:36:56 Job was unsuspended.
...
005 (599.000.000) 06/06 10:40:33 Job terminated.
	(1) Normal termination (return value 0)
		Usr 0 00:06:59, Sys 0 00:00:04  -  Run Remote Usage
		Usr 0 00:00:00, Sys 0 00:00:00  -  Run Local Usage
		Usr 0 00:06:59, Sys 0 00:00:04  -  Total Remote Usage
		Usr 0 00:00:00, Sys 0 00:00:00  -  Total Local Usage
	0  -  Run Bytes Sent By Job
	0  -  Run Bytes Received By Job
	0  -  Total Bytes Sent By Job
	0  -  Total Bytes Received By Job
	Partitionable Resources :    Usage  Request Allocated
	   Cpus                 :                 1         1
	   Disk (KB)            :        1        1   1556473
	   Memory (MB)          :      510     1500      1500
...
000 (714.000.000) 06/07 07:21:28 Job submitted from host: <134.61.5.1:9618?addrs=134.61.5.1-9618+[--1]-9618&noUDP&sock=1924_484e_15>
...
001 (714.000.000) 06/07 07:27:45 Job executing on host: <134.61.15.44:9618?addrs=134.61.15.44-9618+[--1]-9618&noUDP&sock=2138_1192_3>
...
006 (714.000.000) 06/07 07:27:54 Image size of job updated: 119896
	106  -  MemoryUsage of job (MB)
	107536  -  ResidentSetSize of job (KB)
...
006 (714.000.000) 06/07 07:32:55 Image size of job updated: 527624
	515  -  MemoryUsage of job (MB)
	526924  -  ResidentSetSize of job (KB)
...
006 (714.000.000) 06/07 07:37:55 Image size of job updated: 527812
	515  -  MemoryUsage of job (MB)
	527108  -  ResidentSetSize of job (KB)
...
006 (714.000.000) 06/07 07:42:55 Image size of job updated: 528028
	515  -  MemoryUsage of job (MB)
	527324  -  ResidentSetSize of job (KB)
...
006 (714.000.000) 06/07 07:47:31 Image size of job updated: 528672
	515  -  MemoryUsage of job (MB)
	527324  -  ResidentSetSize of job (KB)
...
005 (714.000.000) 06/07 07:47:31 Job terminated.
	(1) Normal termination (return value 0)
		Usr 0 00:18:40, Sys 0 00:00:04  -  Run Remote Usage
		Usr 0 00:00:00, Sys 0 00:00:00  -  Run Local Usage
		Usr 0 00:18:40, Sys 0 00:00:04  -  Total Remote Usage
		Usr 0 00:00:00, Sys 0 00:00:00  -  Total Local Usage
	0  -  Run Bytes Sent By Job
	0  -  Run Bytes Received By Job
	0  -  Total Bytes Sent By Job
	0  -  Total Bytes Received By Job
	Partitionable Resources :    Usage  Request Allocated
	   Cpus                 :                 1         1
	   Disk (KB)            :        1        1  17959764
	   Memory (MB)          :      515     1500      1500
...
