000 (563.000.000) 06/05 23:13:00 Job submitted from host: <134.61.5.1:9618?addrs=134.61.5.1-9618+[--1]-9618&noUDP&sock=1924_484e_15>
...
001 (563.000.000) 06/05 23:13:20 Job executing on host: <134.61.17.188:9618?addrs=134.61.17.188-9618+[--1]-9618&noUDP&sock=4509_609f_3>
...
006 (563.000.000) 06/05 23:13:29 Image size of job updated: 233300
	153  -  MemoryUsage of job (MB)
	156092  -  ResidentSetSize of job (KB)
...
006 (563.000.000) 06/05 23:17:48 Image size of job updated: 594756
	153  -  MemoryUsage of job (MB)
	156172  -  ResidentSetSize of job (KB)
...
005 (563.000.000) 06/05 23:17:48 Job terminated.
	(1) Normal termination (return value 0)
		Usr 0 00:03:46, Sys 0 00:00:03  -  Run Remote Usage
		Usr 0 00:00:00, Sys 0 00:00:00  -  Run Local Usage
		Usr 0 00:03:46, Sys 0 00:00:03  -  Total Remote Usage
		Usr 0 00:00:00, Sys 0 00:00:00  -  Total Local Usage
	0  -  Run Bytes Sent By Job
	0  -  Run Bytes Received By Job
	0  -  Total Bytes Sent By Job
	0  -  Total Bytes Received By Job
	Partitionable Resources :    Usage  Request Allocated
	   Cpus                 :                 1         1
	   Disk (KB)            :        1        1   1556473
	   Memory (MB)          :      153     1500      1500
...
000 (695.000.000) 06/07 07:21:25 Job submitted from host: <134.61.5.1:9618?addrs=134.61.5.1-9618+[--1]-9618&noUDP&sock=1924_484e_15>
...
001 (695.000.000) 06/07 07:24:45 Job executing on host: <134.61.5.24:9618?addrs=134.61.5.24-9618+[--1]-9618&noUDP&sock=3134_3de6_3>
...
006 (695.000.000) 06/07 07:24:53 Image size of job updated: 247312
	209  -  MemoryUsage of job (MB)
	213496  -  ResidentSetSize of job (KB)
...
006 (695.000.000) 06/07 07:29:53 Image size of job updated: 509396
	498  -  MemoryUsage of job (MB)
	508972  -  ResidentSetSize of job (KB)
...
006 (695.000.000) 06/07 07:33:50 Image size of job updated: 509564
	498  -  MemoryUsage of job (MB)
	508972  -  ResidentSetSize of job (KB)
...
005 (695.000.000) 06/07 07:33:50 Job terminated.
	(1) Normal termination (return value 0)
		Usr 0 00:08:08, Sys 0 00:00:02  -  Run Remote Usage
		Usr 0 00:00:00, Sys 0 00:00:00  -  Run Local Usage
		Usr 0 00:08:08, Sys 0 00:00:02  -  Total Remote Usage
		Usr 0 00:00:00, Sys 0 00:00:00  -  Total Local Usage
	0  -  Run Bytes Sent By Job
	0  -  Run Bytes Received By Job
	0  -  Total Bytes Sent By Job
	0  -  Total Bytes Received By Job
	Partitionable Resources :    Usage  Request Allocated
	   Cpus                 :                 1         1
	   Disk (KB)            :        1        1   3541765
	   Memory (MB)          :      498     1500      1500
...
