000 (604.000.000) 06/05 23:13:06 Job submitted from host: <134.61.5.1:9618?addrs=134.61.5.1-9618+[--1]-9618&noUDP&sock=1924_484e_15>
...
007 (604.000.000) 06/05 23:15:21 Shadow exception!
	Error from slot1_1@lxcip55.physik.rwth-aachen.de: Failed to open '/.automount/home/home__home4/institut_1b/swuchterl/SUSYDileptonGamma/myAnalyzer/logs/DoubleMuon_Run2016H-03Feb2017_ver2-v1_myTuple.root.out' as standard output: No such file or directory (errno 2)
	0  -  Run Bytes Sent By Job
	0  -  Run Bytes Received By Job
...
012 (604.000.000) 06/05 23:15:21 Job was held.
	Error from slot1_1@lxcip55.physik.rwth-aachen.de: Failed to open '/.automount/home/home__home4/institut_1b/swuchterl/SUSYDileptonGamma/myAnalyzer/logs/DoubleMuon_Run2016H-03Feb2017_ver2-v1_myTuple.root.out' as standard output: No such file or directory (errno 2)
	Code 7 Subcode 2
...
013 (604.000.000) 06/06 10:30:04 Job was released.
	via condor_release (by user swuchterl)
...
001 (604.000.000) 06/06 10:32:19 Job executing on host: <134.61.17.154:9618?addrs=134.61.17.154-9618+[--1]-9618&noUDP&sock=1513_5ee1_3>
...
006 (604.000.000) 06/06 10:32:27 Image size of job updated: 46472
	23  -  MemoryUsage of job (MB)
	22840  -  ResidentSetSize of job (KB)
...
010 (604.000.000) 06/06 10:35:38 Job was suspended.
	Number of processes actually suspended: 3
...
006 (604.000.000) 06/06 10:35:38 Image size of job updated: 614628
	519  -  MemoryUsage of job (MB)
	530744  -  ResidentSetSize of job (KB)
...
011 (604.000.000) 06/06 10:36:58 Job was unsuspended.
...
006 (604.000.000) 06/06 10:42:28 Image size of job updated: 616720
	521  -  MemoryUsage of job (MB)
	532832  -  ResidentSetSize of job (KB)
...
006 (604.000.000) 06/06 10:47:29 Image size of job updated: 616800
	521  -  MemoryUsage of job (MB)
	532912  -  ResidentSetSize of job (KB)
...
006 (604.000.000) 06/06 10:52:29 Image size of job updated: 616860
	521  -  MemoryUsage of job (MB)
	532972  -  ResidentSetSize of job (KB)
...
006 (604.000.000) 06/06 11:02:30 Image size of job updated: 616884
	521  -  MemoryUsage of job (MB)
	532996  -  ResidentSetSize of job (KB)
...
006 (604.000.000) 06/06 11:07:30 Image size of job updated: 616884
	521  -  MemoryUsage of job (MB)
	533012  -  ResidentSetSize of job (KB)
...
006 (604.000.000) 06/06 11:12:30 Image size of job updated: 616884
	521  -  MemoryUsage of job (MB)
	533020  -  ResidentSetSize of job (KB)
...
010 (604.000.000) 06/06 11:14:10 Job was suspended.
	Number of processes actually suspended: 3
...
011 (604.000.000) 06/06 11:14:35 Job was unsuspended.
...
006 (604.000.000) 06/06 11:27:33 Image size of job updated: 616884
	521  -  MemoryUsage of job (MB)
	533112  -  ResidentSetSize of job (KB)
...
006 (604.000.000) 06/06 11:37:34 Image size of job updated: 616884
	521  -  MemoryUsage of job (MB)
	533120  -  ResidentSetSize of job (KB)
...
006 (604.000.000) 06/06 11:43:30 Image size of job updated: 854276
	521  -  MemoryUsage of job (MB)
	533120  -  ResidentSetSize of job (KB)
...
005 (604.000.000) 06/06 11:43:30 Job terminated.
	(1) Normal termination (return value 0)
		Usr 0 01:07:08, Sys 0 00:00:10  -  Run Remote Usage
		Usr 0 00:00:00, Sys 0 00:00:00  -  Run Local Usage
		Usr 0 01:07:08, Sys 0 00:00:10  -  Total Remote Usage
		Usr 0 00:00:00, Sys 0 00:00:00  -  Total Local Usage
	0  -  Run Bytes Sent By Job
	0  -  Run Bytes Received By Job
	0  -  Total Bytes Sent By Job
	0  -  Total Bytes Received By Job
	Partitionable Resources :    Usage  Request Allocated
	   Cpus                 :                 1         1
	   Disk (KB)            :        1        1   3525819
	   Memory (MB)          :      521     1500      1500
...
000 (719.000.000) 06/07 07:21:29 Job submitted from host: <134.61.5.1:9618?addrs=134.61.5.1-9618+[--1]-9618&noUDP&sock=1924_484e_15>
...
001 (719.000.000) 06/07 07:27:45 Job executing on host: <134.61.17.154:9618?addrs=134.61.17.154-9618+[--1]-9618&noUDP&sock=1513_5ee1_3>
...
006 (719.000.000) 06/07 07:27:54 Image size of job updated: 263852
	183  -  MemoryUsage of job (MB)
	187208  -  ResidentSetSize of job (KB)
...
006 (719.000.000) 06/07 07:32:54 Image size of job updated: 533396
	520  -  MemoryUsage of job (MB)
	532292  -  ResidentSetSize of job (KB)
...
006 (719.000.000) 06/07 07:37:54 Image size of job updated: 533980
	521  -  MemoryUsage of job (MB)
	532876  -  ResidentSetSize of job (KB)
...
006 (719.000.000) 06/07 08:33:40 Image size of job updated: 536852
	521  -  MemoryUsage of job (MB)
	532876  -  ResidentSetSize of job (KB)
...
005 (719.000.000) 06/07 08:33:40 Job terminated.
	(1) Normal termination (return value 0)
		Usr 0 01:03:24, Sys 0 00:00:10  -  Run Remote Usage
		Usr 0 00:00:00, Sys 0 00:00:00  -  Run Local Usage
		Usr 0 01:03:24, Sys 0 00:00:10  -  Total Remote Usage
		Usr 0 00:00:00, Sys 0 00:00:00  -  Total Local Usage
	0  -  Run Bytes Sent By Job
	0  -  Run Bytes Received By Job
	0  -  Total Bytes Sent By Job
	0  -  Total Bytes Received By Job
	Partitionable Resources :    Usage  Request Allocated
	   Cpus                 :                 1         1
	   Disk (KB)            :        1        1   3525819
	   Memory (MB)          :      521     1500      1500
...
