000 (569.000.000) 06/05 23:13:01 Job submitted from host: <134.61.5.1:9618?addrs=134.61.5.1-9618+[--1]-9618&noUDP&sock=1924_484e_15>
...
001 (569.000.000) 06/05 23:13:21 Job executing on host: <134.61.5.24:9618?addrs=134.61.5.24-9618+[--1]-9618&noUDP&sock=3134_3de6_3>
...
006 (569.000.000) 06/05 23:13:29 Image size of job updated: 301352
	280  -  MemoryUsage of job (MB)
	285992  -  ResidentSetSize of job (KB)
...
006 (569.000.000) 06/05 23:13:53 Image size of job updated: 301352
	280  -  MemoryUsage of job (MB)
	286032  -  ResidentSetSize of job (KB)
...
005 (569.000.000) 06/05 23:13:53 Job terminated.
	(1) Normal termination (return value 0)
		Usr 0 00:00:24, Sys 0 00:00:01  -  Run Remote Usage
		Usr 0 00:00:00, Sys 0 00:00:00  -  Run Local Usage
		Usr 0 00:00:24, Sys 0 00:00:01  -  Total Remote Usage
		Usr 0 00:00:00, Sys 0 00:00:00  -  Total Local Usage
	0  -  Run Bytes Sent By Job
	0  -  Run Bytes Received By Job
	0  -  Total Bytes Sent By Job
	0  -  Total Bytes Received By Job
	Partitionable Resources :    Usage  Request Allocated
	   Cpus                 :                 1         1
	   Disk (KB)            :        1        1   3541765
	   Memory (MB)          :      280     1500      1500
...
000 (701.000.000) 06/07 07:21:26 Job submitted from host: <134.61.5.1:9618?addrs=134.61.5.1-9618+[--1]-9618&noUDP&sock=1924_484e_15>
...
001 (701.000.000) 06/07 07:25:45 Job executing on host: <134.61.17.190:9618?addrs=134.61.17.190-9618+[--1]-9618&noUDP&sock=16258_36d5_3>
...
006 (701.000.000) 06/07 07:25:53 Image size of job updated: 266336
	184  -  MemoryUsage of job (MB)
	187840  -  ResidentSetSize of job (KB)
...
006 (701.000.000) 06/07 07:26:21 Image size of job updated: 587048
	184  -  MemoryUsage of job (MB)
	187876  -  ResidentSetSize of job (KB)
...
005 (701.000.000) 06/07 07:26:21 Job terminated.
	(1) Normal termination (return value 0)
		Usr 0 00:00:30, Sys 0 00:00:01  -  Run Remote Usage
		Usr 0 00:00:00, Sys 0 00:00:00  -  Run Local Usage
		Usr 0 00:00:30, Sys 0 00:00:01  -  Total Remote Usage
		Usr 0 00:00:00, Sys 0 00:00:00  -  Total Local Usage
	0  -  Run Bytes Sent By Job
	0  -  Run Bytes Received By Job
	0  -  Total Bytes Sent By Job
	0  -  Total Bytes Received By Job
	Partitionable Resources :    Usage  Request Allocated
	   Cpus                 :                 1         1
	   Disk (KB)            :        1        1   1556473
	   Memory (MB)          :      184     1500      1500
...
