000 (564.000.000) 06/05 23:13:00 Job submitted from host: <134.61.5.1:9618?addrs=134.61.5.1-9618+[--1]-9618&noUDP&sock=1924_484e_15>
...
001 (564.000.000) 06/05 23:13:21 Job executing on host: <134.61.17.114:9618?addrs=134.61.17.114-9618+[--1]-9618&noUDP&sock=1721_0a94_41>
...
006 (564.000.000) 06/05 23:13:29 Image size of job updated: 235308
	155  -  MemoryUsage of job (MB)
	158140  -  ResidentSetSize of job (KB)
...
006 (564.000.000) 06/05 23:18:29 Image size of job updated: 512144
	498  -  MemoryUsage of job (MB)
	509452  -  ResidentSetSize of job (KB)
...
006 (564.000.000) 06/05 23:23:29 Image size of job updated: 512200
	498  -  MemoryUsage of job (MB)
	509452  -  ResidentSetSize of job (KB)
...
006 (564.000.000) 06/05 23:28:30 Image size of job updated: 512460
	498  -  MemoryUsage of job (MB)
	509452  -  ResidentSetSize of job (KB)
...
006 (564.000.000) 06/05 23:29:31 Image size of job updated: 512476
	498  -  MemoryUsage of job (MB)
	509452  -  ResidentSetSize of job (KB)
...
005 (564.000.000) 06/05 23:29:31 Job terminated.
	(1) Normal termination (return value 0)
		Usr 0 00:15:10, Sys 0 00:00:04  -  Run Remote Usage
		Usr 0 00:00:00, Sys 0 00:00:00  -  Run Local Usage
		Usr 0 00:15:10, Sys 0 00:00:04  -  Total Remote Usage
		Usr 0 00:00:00, Sys 0 00:00:00  -  Total Local Usage
	0  -  Run Bytes Sent By Job
	0  -  Run Bytes Received By Job
	0  -  Total Bytes Sent By Job
	0  -  Total Bytes Received By Job
	Partitionable Resources :    Usage  Request Allocated
	   Cpus                 :                 1         1
	   Disk (KB)            :        1        1   1129423
	   Memory (MB)          :      498     1500      1500
...
000 (696.000.000) 06/07 07:21:25 Job submitted from host: <134.61.5.1:9618?addrs=134.61.5.1-9618+[--1]-9618&noUDP&sock=1924_484e_15>
...
001 (696.000.000) 06/07 07:24:45 Job executing on host: <134.61.17.154:9618?addrs=134.61.17.154-9618+[--1]-9618&noUDP&sock=1513_5ee1_3>
...
006 (696.000.000) 06/07 07:24:53 Image size of job updated: 270700
	189  -  MemoryUsage of job (MB)
	193484  -  ResidentSetSize of job (KB)
...
006 (696.000.000) 06/07 07:29:53 Image size of job updated: 509828
	498  -  MemoryUsage of job (MB)
	509012  -  ResidentSetSize of job (KB)
...
006 (696.000.000) 06/07 07:34:55 Image size of job updated: 509992
	498  -  MemoryUsage of job (MB)
	509024  -  ResidentSetSize of job (KB)
...
006 (696.000.000) 06/07 07:39:55 Image size of job updated: 510160
	498  -  MemoryUsage of job (MB)
	509192  -  ResidentSetSize of job (KB)
...
005 (696.000.000) 06/07 07:42:44 Job terminated.
	(1) Normal termination (return value 0)
		Usr 0 00:16:31, Sys 0 00:00:04  -  Run Remote Usage
		Usr 0 00:00:00, Sys 0 00:00:00  -  Run Local Usage
		Usr 0 00:16:31, Sys 0 00:00:04  -  Total Remote Usage
		Usr 0 00:00:00, Sys 0 00:00:00  -  Total Local Usage
	0  -  Run Bytes Sent By Job
	0  -  Run Bytes Received By Job
	0  -  Total Bytes Sent By Job
	0  -  Total Bytes Received By Job
	Partitionable Resources :    Usage  Request Allocated
	   Cpus                 :                 1         1
	   Disk (KB)            :        1        1   3525819
	   Memory (MB)          :      498     1500      1500
...
