000 (585.000.000) 06/05 23:13:03 Job submitted from host: <134.61.5.1:9618?addrs=134.61.5.1-9618+[--1]-9618&noUDP&sock=1924_484e_15>
...
001 (585.000.000) 06/05 23:14:21 Job executing on host: <134.61.17.161:9618?addrs=134.61.17.161-9618+[--1]-9618&noUDP&sock=4909_be81_3>
...
006 (585.000.000) 06/05 23:14:30 Image size of job updated: 140864
	110  -  MemoryUsage of job (MB)
	111872  -  ResidentSetSize of job (KB)
...
006 (585.000.000) 06/05 23:19:31 Image size of job updated: 912980
	863  -  MemoryUsage of job (MB)
	883188  -  ResidentSetSize of job (KB)
...
006 (585.000.000) 06/05 23:24:32 Image size of job updated: 936132
	871  -  MemoryUsage of job (MB)
	891544  -  ResidentSetSize of job (KB)
...
006 (585.000.000) 06/05 23:29:32 Image size of job updated: 952536
	871  -  MemoryUsage of job (MB)
	891544  -  ResidentSetSize of job (KB)
...
006 (585.000.000) 06/05 23:34:32 Image size of job updated: 962548
	871  -  MemoryUsage of job (MB)
	891544  -  ResidentSetSize of job (KB)
...
005 (585.000.000) 06/05 23:36:53 Job terminated.
	(1) Normal termination (return value 0)
		Usr 0 00:21:19, Sys 0 00:00:03  -  Run Remote Usage
		Usr 0 00:00:00, Sys 0 00:00:00  -  Run Local Usage
		Usr 0 00:21:19, Sys 0 00:00:03  -  Total Remote Usage
		Usr 0 00:00:00, Sys 0 00:00:00  -  Total Local Usage
	0  -  Run Bytes Sent By Job
	0  -  Run Bytes Received By Job
	0  -  Total Bytes Sent By Job
	0  -  Total Bytes Received By Job
	Partitionable Resources :    Usage  Request Allocated
	   Cpus                 :                 1         1
	   Disk (KB)            :        1        1   1556473
	   Memory (MB)          :      871     1500      1500
...
000 (692.000.000) 06/07 07:21:25 Job submitted from host: <134.61.5.1:9618?addrs=134.61.5.1-9618+[--1]-9618&noUDP&sock=1924_484e_15>
...
001 (692.000.000) 06/07 07:24:45 Job executing on host: <134.61.5.22:9618?addrs=134.61.5.22-9618+[--1]-9618&noUDP&sock=4085777_c297_3>
...
006 (692.000.000) 06/07 07:24:53 Image size of job updated: 165868
	88  -  MemoryUsage of job (MB)
	89184  -  ResidentSetSize of job (KB)
...
006 (692.000.000) 06/07 07:29:53 Image size of job updated: 939360
	728  -  MemoryUsage of job (MB)
	744764  -  ResidentSetSize of job (KB)
...
006 (692.000.000) 06/07 07:34:54 Image size of job updated: 966604
	728  -  MemoryUsage of job (MB)
	744764  -  ResidentSetSize of job (KB)
...
006 (692.000.000) 06/07 07:39:55 Image size of job updated: 984380
	728  -  MemoryUsage of job (MB)
	744764  -  ResidentSetSize of job (KB)
...
006 (692.000.000) 06/07 07:49:55 Image size of job updated: 992404
	732  -  MemoryUsage of job (MB)
	749128  -  ResidentSetSize of job (KB)
...
005 (692.000.000) 06/07 07:51:13 Job terminated.
	(1) Normal termination (return value 0)
		Usr 0 00:24:34, Sys 0 00:00:03  -  Run Remote Usage
		Usr 0 00:00:00, Sys 0 00:00:00  -  Run Local Usage
		Usr 0 00:24:34, Sys 0 00:00:03  -  Total Remote Usage
		Usr 0 00:00:00, Sys 0 00:00:00  -  Total Local Usage
	0  -  Run Bytes Sent By Job
	0  -  Run Bytes Received By Job
	0  -  Total Bytes Sent By Job
	0  -  Total Bytes Received By Job
	Partitionable Resources :    Usage  Request Allocated
	   Cpus                 :                 1         1
	   Disk (KB)            :        1        1   3538700
	   Memory (MB)          :      732     1500      1500
...
