000 (586.000.000) 06/05 23:13:04 Job submitted from host: <134.61.5.1:9618?addrs=134.61.5.1-9618+[--1]-9618&noUDP&sock=1924_484e_15>
...
001 (586.000.000) 06/05 23:14:21 Job executing on host: <134.61.17.181:9618?addrs=134.61.17.181-9618+[--1]-9618&noUDP&sock=4504_f2a6_3>
...
006 (586.000.000) 06/05 23:14:30 Image size of job updated: 117276
	109  -  MemoryUsage of job (MB)
	110744  -  ResidentSetSize of job (KB)
...
006 (586.000.000) 06/05 23:19:31 Image size of job updated: 1121736
	1096  -  MemoryUsage of job (MB)
	1121396  -  ResidentSetSize of job (KB)
...
006 (586.000.000) 06/05 23:24:32 Image size of job updated: 1175772
	1148  -  MemoryUsage of job (MB)
	1175432  -  ResidentSetSize of job (KB)
...
006 (586.000.000) 06/05 23:29:32 Image size of job updated: 1186668
	1159  -  MemoryUsage of job (MB)
	1186340  -  ResidentSetSize of job (KB)
...
006 (586.000.000) 06/05 23:34:33 Image size of job updated: 1193112
	1165  -  MemoryUsage of job (MB)
	1192772  -  ResidentSetSize of job (KB)
...
006 (586.000.000) 06/05 23:39:34 Image size of job updated: 1197480
	1170  -  MemoryUsage of job (MB)
	1197140  -  ResidentSetSize of job (KB)
...
006 (586.000.000) 06/05 23:44:34 Image size of job updated: 1200424
	1172  -  MemoryUsage of job (MB)
	1200084  -  ResidentSetSize of job (KB)
...
006 (586.000.000) 06/05 23:49:35 Image size of job updated: 1203476
	1175  -  MemoryUsage of job (MB)
	1203136  -  ResidentSetSize of job (KB)
...
006 (586.000.000) 06/05 23:54:36 Image size of job updated: 1205684
	1178  -  MemoryUsage of job (MB)
	1205344  -  ResidentSetSize of job (KB)
...
006 (586.000.000) 06/05 23:59:36 Image size of job updated: 1207464
	1179  -  MemoryUsage of job (MB)
	1207124  -  ResidentSetSize of job (KB)
...
006 (586.000.000) 06/06 00:04:36 Image size of job updated: 1208900
	1181  -  MemoryUsage of job (MB)
	1208560  -  ResidentSetSize of job (KB)
...
006 (586.000.000) 06/06 00:09:37 Image size of job updated: 1210304
	1182  -  MemoryUsage of job (MB)
	1209720  -  ResidentSetSize of job (KB)
...
006 (586.000.000) 06/06 00:14:37 Image size of job updated: 1211316
	1183  -  MemoryUsage of job (MB)
	1210732  -  ResidentSetSize of job (KB)
...
006 (586.000.000) 06/06 00:19:37 Image size of job updated: 1212284
	1184  -  MemoryUsage of job (MB)
	1211700  -  ResidentSetSize of job (KB)
...
006 (586.000.000) 06/06 00:24:38 Image size of job updated: 1212752
	1184  -  MemoryUsage of job (MB)
	1212168  -  ResidentSetSize of job (KB)
...
006 (586.000.000) 06/06 00:29:39 Image size of job updated: 1213372
	1185  -  MemoryUsage of job (MB)
	1212784  -  ResidentSetSize of job (KB)
...
006 (586.000.000) 06/06 00:34:39 Image size of job updated: 1214184
	1186  -  MemoryUsage of job (MB)
	1213596  -  ResidentSetSize of job (KB)
...
006 (586.000.000) 06/06 00:39:40 Image size of job updated: 1214460
	1186  -  MemoryUsage of job (MB)
	1213872  -  ResidentSetSize of job (KB)
...
006 (586.000.000) 06/06 00:44:41 Image size of job updated: 1214940
	1186  -  MemoryUsage of job (MB)
	1214380  -  ResidentSetSize of job (KB)
...
006 (586.000.000) 06/06 00:49:41 Image size of job updated: 1215188
	1187  -  MemoryUsage of job (MB)
	1214628  -  ResidentSetSize of job (KB)
...
006 (586.000.000) 06/06 00:54:41 Image size of job updated: 1215452
	1187  -  MemoryUsage of job (MB)
	1214892  -  ResidentSetSize of job (KB)
...
006 (586.000.000) 06/06 00:59:42 Image size of job updated: 1215648
	1187  -  MemoryUsage of job (MB)
	1215088  -  ResidentSetSize of job (KB)
...
006 (586.000.000) 06/06 01:04:42 Image size of job updated: 1215724
	1187  -  MemoryUsage of job (MB)
	1215164  -  ResidentSetSize of job (KB)
...
006 (586.000.000) 06/06 01:09:42 Image size of job updated: 1216188
	1187  -  MemoryUsage of job (MB)
	1215356  -  ResidentSetSize of job (KB)
...
006 (586.000.000) 06/06 01:14:43 Image size of job updated: 1216284
	1187  -  MemoryUsage of job (MB)
	1215436  -  ResidentSetSize of job (KB)
...
006 (586.000.000) 06/06 01:19:44 Image size of job updated: 1216400
	1188  -  MemoryUsage of job (MB)
	1215552  -  ResidentSetSize of job (KB)
...
006 (586.000.000) 06/06 01:24:44 Image size of job updated: 1216672
	1188  -  MemoryUsage of job (MB)
	1215824  -  ResidentSetSize of job (KB)
...
006 (586.000.000) 06/06 01:29:45 Image size of job updated: 1216924
	1188  -  MemoryUsage of job (MB)
	1216076  -  ResidentSetSize of job (KB)
...
006 (586.000.000) 06/06 01:44:47 Image size of job updated: 1216984
	1188  -  MemoryUsage of job (MB)
	1216136  -  ResidentSetSize of job (KB)
...
005 (586.000.000) 06/06 01:52:43 Job terminated.
	(1) Normal termination (return value 0)
		Usr 0 02:37:11, Sys 0 00:00:05  -  Run Remote Usage
		Usr 0 00:00:00, Sys 0 00:00:00  -  Run Local Usage
		Usr 0 02:37:11, Sys 0 00:00:05  -  Total Remote Usage
		Usr 0 00:00:00, Sys 0 00:00:00  -  Total Local Usage
	0  -  Run Bytes Sent By Job
	0  -  Run Bytes Received By Job
	0  -  Total Bytes Sent By Job
	0  -  Total Bytes Received By Job
	Partitionable Resources :    Usage  Request Allocated
	   Cpus                 :                 1         1
	   Disk (KB)            :        1        1   1556473
	   Memory (MB)          :     1188     1500      1500
...
000 (693.000.000) 06/07 07:21:25 Job submitted from host: <134.61.5.1:9618?addrs=134.61.5.1-9618+[--1]-9618&noUDP&sock=1924_484e_15>
...
001 (693.000.000) 06/07 07:24:45 Job executing on host: <134.61.17.170:9618?addrs=134.61.17.170-9618+[--1]-9618&noUDP&sock=5348_dc95_3>
...
006 (693.000.000) 06/07 07:24:53 Image size of job updated: 263328
	181  -  MemoryUsage of job (MB)
	185132  -  ResidentSetSize of job (KB)
...
006 (693.000.000) 06/07 07:29:53 Image size of job updated: 1257224
	1148  -  MemoryUsage of job (MB)
	1175384  -  ResidentSetSize of job (KB)
...
006 (693.000.000) 06/07 07:34:54 Image size of job updated: 1269204
	1160  -  MemoryUsage of job (MB)
	1187364  -  ResidentSetSize of job (KB)
...
006 (693.000.000) 06/07 07:39:55 Image size of job updated: 1273752
	1164  -  MemoryUsage of job (MB)
	1191912  -  ResidentSetSize of job (KB)
...
006 (693.000.000) 06/07 07:44:55 Image size of job updated: 1277268
	1168  -  MemoryUsage of job (MB)
	1195428  -  ResidentSetSize of job (KB)
...
006 (693.000.000) 06/07 07:49:55 Image size of job updated: 1280492
	1171  -  MemoryUsage of job (MB)
	1198652  -  ResidentSetSize of job (KB)
...
006 (693.000.000) 06/07 07:54:56 Image size of job updated: 1283044
	1174  -  MemoryUsage of job (MB)
	1201204  -  ResidentSetSize of job (KB)
...
006 (693.000.000) 06/07 07:59:56 Image size of job updated: 1285052
	1176  -  MemoryUsage of job (MB)
	1203212  -  ResidentSetSize of job (KB)
...
006 (693.000.000) 06/07 08:04:56 Image size of job updated: 1286176
	1177  -  MemoryUsage of job (MB)
	1204336  -  ResidentSetSize of job (KB)
...
006 (693.000.000) 06/07 08:09:57 Image size of job updated: 1286176
	1178  -  MemoryUsage of job (MB)
	1205876  -  ResidentSetSize of job (KB)
...
006 (693.000.000) 06/07 08:14:58 Image size of job updated: 1286176
	1179  -  MemoryUsage of job (MB)
	1206780  -  ResidentSetSize of job (KB)
...
006 (693.000.000) 06/07 08:19:58 Image size of job updated: 1286176
	1180  -  MemoryUsage of job (MB)
	1207380  -  ResidentSetSize of job (KB)
...
006 (693.000.000) 06/07 08:24:59 Image size of job updated: 1286176
	1180  -  MemoryUsage of job (MB)
	1208284  -  ResidentSetSize of job (KB)
...
006 (693.000.000) 06/07 08:30:00 Image size of job updated: 1286176
	1181  -  MemoryUsage of job (MB)
	1209052  -  ResidentSetSize of job (KB)
...
006 (693.000.000) 06/07 08:35:00 Image size of job updated: 1286176
	1182  -  MemoryUsage of job (MB)
	1209532  -  ResidentSetSize of job (KB)
...
006 (693.000.000) 06/07 08:40:00 Image size of job updated: 1286176
	1182  -  MemoryUsage of job (MB)
	1209880  -  ResidentSetSize of job (KB)
...
006 (693.000.000) 06/07 08:45:01 Image size of job updated: 1286176
	1182  -  MemoryUsage of job (MB)
	1210112  -  ResidentSetSize of job (KB)
...
006 (693.000.000) 06/07 08:50:01 Image size of job updated: 1286176
	1182  -  MemoryUsage of job (MB)
	1210308  -  ResidentSetSize of job (KB)
...
006 (693.000.000) 06/07 08:55:01 Image size of job updated: 1286176
	1183  -  MemoryUsage of job (MB)
	1210464  -  ResidentSetSize of job (KB)
...
006 (693.000.000) 06/07 09:00:02 Image size of job updated: 1286176
	1183  -  MemoryUsage of job (MB)
	1210716  -  ResidentSetSize of job (KB)
...
006 (693.000.000) 06/07 09:05:02 Image size of job updated: 1286176
	1183  -  MemoryUsage of job (MB)
	1210752  -  ResidentSetSize of job (KB)
...
006 (693.000.000) 06/07 09:10:02 Image size of job updated: 1286176
	1183  -  MemoryUsage of job (MB)
	1211336  -  ResidentSetSize of job (KB)
...
006 (693.000.000) 06/07 09:15:03 Image size of job updated: 1286176
	1183  -  MemoryUsage of job (MB)
	1211356  -  ResidentSetSize of job (KB)
...
006 (693.000.000) 06/07 09:20:04 Image size of job updated: 1286176
	1183  -  MemoryUsage of job (MB)
	1211392  -  ResidentSetSize of job (KB)
...
006 (693.000.000) 06/07 09:30:05 Image size of job updated: 1286176
	1184  -  MemoryUsage of job (MB)
	1211432  -  ResidentSetSize of job (KB)
...
005 (693.000.000) 06/07 09:42:03 Job terminated.
	(1) Normal termination (return value 0)
		Usr 0 02:15:32, Sys 0 00:00:05  -  Run Remote Usage
		Usr 0 00:00:00, Sys 0 00:00:00  -  Run Local Usage
		Usr 0 02:15:32, Sys 0 00:00:05  -  Total Remote Usage
		Usr 0 00:00:00, Sys 0 00:00:00  -  Total Local Usage
	0  -  Run Bytes Sent By Job
	0  -  Run Bytes Received By Job
	0  -  Total Bytes Sent By Job
	0  -  Total Bytes Received By Job
	Partitionable Resources :    Usage  Request Allocated
	   Cpus                 :                 1         1
	   Disk (KB)            :        1        1   1556473
	   Memory (MB)          :     1184     1500      1500
...
