000 (581.000.000) 06/05 23:13:03 Job submitted from host: <134.61.5.1:9618?addrs=134.61.5.1-9618+[--1]-9618&noUDP&sock=1924_484e_15>
...
007 (581.000.000) 06/05 23:14:21 Shadow exception!
	Error from slot1_3@lxcip55.physik.rwth-aachen.de: Failed to open '/.automount/home/home__home4/institut_1b/swuchterl/SUSYDileptonGamma/myAnalyzer/logs/GMSB_GravitinoLSP_N1decays_myTuple.root.out' as standard output: No such file or directory (errno 2)
	0  -  Run Bytes Sent By Job
	0  -  Run Bytes Received By Job
...
012 (581.000.000) 06/05 23:14:21 Job was held.
	Error from slot1_3@lxcip55.physik.rwth-aachen.de: Failed to open '/.automount/home/home__home4/institut_1b/swuchterl/SUSYDileptonGamma/myAnalyzer/logs/GMSB_GravitinoLSP_N1decays_myTuple.root.out' as standard output: No such file or directory (errno 2)
	Code 7 Subcode 2
...
013 (581.000.000) 06/06 10:30:04 Job was released.
	via condor_release (by user swuchterl)
...
001 (581.000.000) 06/06 10:30:15 Job executing on host: <134.61.5.11:9618?addrs=134.61.5.11-9618+[--1]-9618&noUDP&sock=1517_1d42_3>
...
006 (581.000.000) 06/06 10:30:24 Image size of job updated: 197540
	173  -  MemoryUsage of job (MB)
	176552  -  ResidentSetSize of job (KB)
...
006 (581.000.000) 06/06 10:35:25 Image size of job updated: 888172
	846  -  MemoryUsage of job (MB)
	866176  -  ResidentSetSize of job (KB)
...
006 (581.000.000) 06/06 10:40:25 Image size of job updated: 888812
	846  -  MemoryUsage of job (MB)
	866176  -  ResidentSetSize of job (KB)
...
005 (581.000.000) 06/06 10:40:26 Job terminated.
	(1) Normal termination (return value 0)
		Usr 0 00:09:31, Sys 0 00:00:02  -  Run Remote Usage
		Usr 0 00:00:00, Sys 0 00:00:00  -  Run Local Usage
		Usr 0 00:09:31, Sys 0 00:00:02  -  Total Remote Usage
		Usr 0 00:00:00, Sys 0 00:00:00  -  Total Local Usage
	0  -  Run Bytes Sent By Job
	0  -  Run Bytes Received By Job
	0  -  Total Bytes Sent By Job
	0  -  Total Bytes Received By Job
	Partitionable Resources :    Usage  Request Allocated
	   Cpus                 :                 1         1
	   Disk (KB)            :        1        1  17595592
	   Memory (MB)          :      846     1500      1500
...
000 (688.000.000) 06/07 07:21:24 Job submitted from host: <134.61.5.1:9618?addrs=134.61.5.1-9618+[--1]-9618&noUDP&sock=1924_484e_15>
...
001 (688.000.000) 06/07 07:23:44 Job executing on host: <134.61.17.180:9618?addrs=134.61.17.180-9618+[--1]-9618&noUDP&sock=4830_8e86_3>
...
006 (688.000.000) 06/07 07:23:53 Image size of job updated: 281532
	198  -  MemoryUsage of job (MB)
	202160  -  ResidentSetSize of job (KB)
...
006 (688.000.000) 06/07 07:28:54 Image size of job updated: 863896
	843  -  MemoryUsage of job (MB)
	863228  -  ResidentSetSize of job (KB)
...
006 (688.000.000) 06/07 07:33:54 Image size of job updated: 864760
	844  -  MemoryUsage of job (MB)
	863980  -  ResidentSetSize of job (KB)
...
005 (688.000.000) 06/07 07:33:59 Job terminated.
	(1) Normal termination (return value 0)
		Usr 0 00:09:03, Sys 0 00:00:02  -  Run Remote Usage
		Usr 0 00:00:00, Sys 0 00:00:00  -  Run Local Usage
		Usr 0 00:09:03, Sys 0 00:00:02  -  Total Remote Usage
		Usr 0 00:00:00, Sys 0 00:00:00  -  Total Local Usage
	0  -  Run Bytes Sent By Job
	0  -  Run Bytes Received By Job
	0  -  Total Bytes Sent By Job
	0  -  Total Bytes Received By Job
	Partitionable Resources :    Usage  Request Allocated
	   Cpus                 :                 1         1
	   Disk (KB)            :        1        1   1556473
	   Memory (MB)          :      844     1500      1500
...
