000 (595.000.000) 06/05 23:13:05 Job submitted from host: <134.61.5.1:9618?addrs=134.61.5.1-9618+[--1]-9618&noUDP&sock=1924_484e_15>
...
007 (595.000.000) 06/05 23:14:22 Shadow exception!
	Error from slot1_3@lxcip55.physik.rwth-aachen.de: Failed to open '/.automount/home/home__home4/institut_1b/swuchterl/SUSYDileptonGamma/myAnalyzer/logs/JetHT_Run2016H-03Feb2017_ver2-v1_myTuple.root.out' as standard output: No such file or directory (errno 2)
	0  -  Run Bytes Sent By Job
	0  -  Run Bytes Received By Job
...
012 (595.000.000) 06/05 23:14:22 Job was held.
	Error from slot1_3@lxcip55.physik.rwth-aachen.de: Failed to open '/.automount/home/home__home4/institut_1b/swuchterl/SUSYDileptonGamma/myAnalyzer/logs/JetHT_Run2016H-03Feb2017_ver2-v1_myTuple.root.out' as standard output: No such file or directory (errno 2)
	Code 7 Subcode 2
...
013 (595.000.000) 06/06 10:30:04 Job was released.
	via condor_release (by user swuchterl)
...
001 (595.000.000) 06/06 10:32:19 Job executing on host: <134.61.13.27:9618?addrs=134.61.13.27-9618+[--1]-9618&noUDP&sock=1500_7426_18>
...
006 (595.000.000) 06/06 10:32:27 Image size of job updated: 10480
	8  -  MemoryUsage of job (MB)
	7316  -  ResidentSetSize of job (KB)
...
006 (595.000.000) 06/06 10:32:46 Image size of job updated: 15724
	8  -  MemoryUsage of job (MB)
	7316  -  ResidentSetSize of job (KB)
...
005 (595.000.000) 06/06 10:32:46 Job terminated.
	(1) Normal termination (return value 0)
		Usr 0 00:00:04, Sys 0 00:00:01  -  Run Remote Usage
		Usr 0 00:00:00, Sys 0 00:00:00  -  Run Local Usage
		Usr 0 00:00:04, Sys 0 00:00:01  -  Total Remote Usage
		Usr 0 00:00:00, Sys 0 00:00:00  -  Total Local Usage
	0  -  Run Bytes Sent By Job
	0  -  Run Bytes Received By Job
	0  -  Total Bytes Sent By Job
	0  -  Total Bytes Received By Job
	Partitionable Resources :    Usage  Request Allocated
	   Cpus                 :                 1         1
	   Disk (KB)            :        1        1    349909
	   Memory (MB)          :        8     1500      1500
...
