000 (594.000.000) 06/05 23:13:05 Job submitted from host: <134.61.5.1:9618?addrs=134.61.5.1-9618+[--1]-9618&noUDP&sock=1924_484e_15>
...
007 (594.000.000) 06/05 23:14:22 Shadow exception!
	Error from slot1_6@lxcip55.physik.rwth-aachen.de: Failed to open '/.automount/home/home__home4/institut_1b/swuchterl/SUSYDileptonGamma/myAnalyzer/logs/JetHT_Run2016G-03Feb2017-v1_myTuple.root.out' as standard output: No such file or directory (errno 2)
	0  -  Run Bytes Sent By Job
	0  -  Run Bytes Received By Job
...
012 (594.000.000) 06/05 23:14:22 Job was held.
	Error from slot1_6@lxcip55.physik.rwth-aachen.de: Failed to open '/.automount/home/home__home4/institut_1b/swuchterl/SUSYDileptonGamma/myAnalyzer/logs/JetHT_Run2016G-03Feb2017-v1_myTuple.root.out' as standard output: No such file or directory (errno 2)
	Code 7 Subcode 2
...
013 (594.000.000) 06/06 10:30:04 Job was released.
	via condor_release (by user swuchterl)
...
001 (594.000.000) 06/06 10:31:19 Job executing on host: <134.61.17.167:9618?addrs=134.61.17.167-9618+[--1]-9618&noUDP&sock=4649_67e1_3>
...
006 (594.000.000) 06/06 10:31:27 Image size of job updated: 122844
	95  -  MemoryUsage of job (MB)
	96768  -  ResidentSetSize of job (KB)
...
006 (594.000.000) 06/06 10:31:27 Image size of job updated: 408088
	95  -  MemoryUsage of job (MB)
	96768  -  ResidentSetSize of job (KB)
...
005 (594.000.000) 06/06 10:31:27 Job terminated.
	(1) Normal termination (return value 0)
		Usr 0 00:00:03, Sys 0 00:00:00  -  Run Remote Usage
		Usr 0 00:00:00, Sys 0 00:00:00  -  Run Local Usage
		Usr 0 00:00:03, Sys 0 00:00:00  -  Total Remote Usage
		Usr 0 00:00:00, Sys 0 00:00:00  -  Total Local Usage
	0  -  Run Bytes Sent By Job
	0  -  Run Bytes Received By Job
	0  -  Total Bytes Sent By Job
	0  -  Total Bytes Received By Job
	Partitionable Resources :    Usage  Request Allocated
	   Cpus                 :                 1         1
	   Disk (KB)            :        1        1   1556473
	   Memory (MB)          :       95     1500      1500
...
