000 (558.000.000) 06/05 23:12:59 Job submitted from host: <134.61.5.1:9618?addrs=134.61.5.1-9618+[--1]-9618&noUDP&sock=1924_484e_15>
...
001 (558.000.000) 06/05 23:13:00 Job executing on host: <134.61.17.146:9618?addrs=134.61.17.146-9618+[--1]-9618&noUDP&sock=1597_fcd6_11>
...
006 (558.000.000) 06/05 23:13:08 Image size of job updated: 172156
	104  -  MemoryUsage of job (MB)
	106440  -  ResidentSetSize of job (KB)
...
006 (558.000.000) 06/05 23:14:58 Image size of job updated: 511944
	104  -  MemoryUsage of job (MB)
	106440  -  ResidentSetSize of job (KB)
...
005 (558.000.000) 06/05 23:14:58 Job terminated.
	(1) Normal termination (return value 0)
		Usr 0 00:01:48, Sys 0 00:00:01  -  Run Remote Usage
		Usr 0 00:00:00, Sys 0 00:00:00  -  Run Local Usage
		Usr 0 00:01:48, Sys 0 00:00:01  -  Total Remote Usage
		Usr 0 00:00:00, Sys 0 00:00:00  -  Total Local Usage
	0  -  Run Bytes Sent By Job
	0  -  Run Bytes Received By Job
	0  -  Total Bytes Sent By Job
	0  -  Total Bytes Received By Job
	Partitionable Resources :    Usage  Request Allocated
	   Cpus                 :                 1         1
	   Disk (KB)            :        1        1   1138300
	   Memory (MB)          :      104     1500      1500
...
000 (679.000.000) 06/07 07:21:23 Job submitted from host: <134.61.5.1:9618?addrs=134.61.5.1-9618+[--1]-9618&noUDP&sock=1924_484e_15>
...
001 (679.000.000) 06/07 07:21:24 Job executing on host: <134.61.5.24:9618?addrs=134.61.5.24-9618+[--1]-9618&noUDP&sock=3134_3de6_3>
...
006 (679.000.000) 06/07 07:21:32 Image size of job updated: 173472
	164  -  MemoryUsage of job (MB)
	167436  -  ResidentSetSize of job (KB)
...
006 (679.000.000) 06/07 07:23:03 Image size of job updated: 839388
	164  -  MemoryUsage of job (MB)
	167556  -  ResidentSetSize of job (KB)
...
005 (679.000.000) 06/07 07:23:03 Job terminated.
	(1) Normal termination (return value 0)
		Usr 0 00:01:30, Sys 0 00:00:01  -  Run Remote Usage
		Usr 0 00:00:00, Sys 0 00:00:00  -  Run Local Usage
		Usr 0 00:01:30, Sys 0 00:00:01  -  Total Remote Usage
		Usr 0 00:00:00, Sys 0 00:00:00  -  Total Local Usage
	0  -  Run Bytes Sent By Job
	0  -  Run Bytes Received By Job
	0  -  Total Bytes Sent By Job
	0  -  Total Bytes Received By Job
	Partitionable Resources :    Usage  Request Allocated
	   Cpus                 :                 1         1
	   Disk (KB)            :        1        1   3541765
	   Memory (MB)          :      164     1500      1500
...
