000 (554.000.000) 06/05 23:12:50 Job submitted from host: <134.61.5.1:9618?addrs=134.61.5.1-9618+[--1]-9618&noUDP&sock=1924_484e_15>
...
001 (554.000.000) 06/05 23:13:00 Job executing on host: <134.61.5.24:9618?addrs=134.61.5.24-9618+[--1]-9618&noUDP&sock=3134_3de6_3>
...
006 (554.000.000) 06/05 23:13:08 Image size of job updated: 316380
	229  -  MemoryUsage of job (MB)
	233824  -  ResidentSetSize of job (KB)
...
006 (554.000.000) 06/05 23:14:17 Image size of job updated: 316380
	229  -  MemoryUsage of job (MB)
	233872  -  ResidentSetSize of job (KB)
...
005 (554.000.000) 06/05 23:14:17 Job terminated.
	(1) Normal termination (return value 0)
		Usr 0 00:00:58, Sys 0 00:00:01  -  Run Remote Usage
		Usr 0 00:00:00, Sys 0 00:00:00  -  Run Local Usage
		Usr 0 00:00:58, Sys 0 00:00:01  -  Total Remote Usage
		Usr 0 00:00:00, Sys 0 00:00:00  -  Total Local Usage
	0  -  Run Bytes Sent By Job
	0  -  Run Bytes Received By Job
	0  -  Total Bytes Sent By Job
	0  -  Total Bytes Received By Job
	Partitionable Resources :    Usage  Request Allocated
	   Cpus                 :                 1         1
	   Disk (KB)            :        1        1   3541765
	   Memory (MB)          :      229     1500      1500
...
000 (675.000.000) 06/07 07:21:22 Job submitted from host: <134.61.5.1:9618?addrs=134.61.5.1-9618+[--1]-9618&noUDP&sock=1924_484e_15>
...
001 (675.000.000) 06/07 07:21:24 Job executing on host: <134.61.5.24:9618?addrs=134.61.5.24-9618+[--1]-9618&noUDP&sock=3134_3de6_3>
...
006 (675.000.000) 06/07 07:21:32 Image size of job updated: 284148
	243  -  MemoryUsage of job (MB)
	248404  -  ResidentSetSize of job (KB)
...
006 (675.000.000) 06/07 07:22:32 Image size of job updated: 284148
	243  -  MemoryUsage of job (MB)
	248460  -  ResidentSetSize of job (KB)
...
005 (675.000.000) 06/07 07:22:32 Job terminated.
	(1) Normal termination (return value 0)
		Usr 0 00:00:54, Sys 0 00:00:01  -  Run Remote Usage
		Usr 0 00:00:00, Sys 0 00:00:00  -  Run Local Usage
		Usr 0 00:00:54, Sys 0 00:00:01  -  Total Remote Usage
		Usr 0 00:00:00, Sys 0 00:00:00  -  Total Local Usage
	0  -  Run Bytes Sent By Job
	0  -  Run Bytes Received By Job
	0  -  Total Bytes Sent By Job
	0  -  Total Bytes Received By Job
	Partitionable Resources :    Usage  Request Allocated
	   Cpus                 :                 1         1
	   Disk (KB)            :        1        1   3541765
	   Memory (MB)          :      243     1500      1500
...
