000 (560.000.000) 06/05 23:12:59 Job submitted from host: <134.61.5.1:9618?addrs=134.61.5.1-9618+[--1]-9618&noUDP&sock=1924_484e_15>
...
001 (560.000.000) 06/05 23:13:00 Job executing on host: <134.61.17.117:9618?addrs=134.61.17.117-9618+[--1]-9618&noUDP&sock=1479_0ca9_3>
...
006 (560.000.000) 06/05 23:13:08 Image size of job updated: 35416
	22  -  MemoryUsage of job (MB)
	21744  -  ResidentSetSize of job (KB)
...
006 (560.000.000) 06/05 23:16:42 Image size of job updated: 840384
	22  -  MemoryUsage of job (MB)
	21744  -  ResidentSetSize of job (KB)
...
005 (560.000.000) 06/05 23:16:42 Job terminated.
	(1) Normal termination (return value 0)
		Usr 0 00:03:11, Sys 0 00:00:02  -  Run Remote Usage
		Usr 0 00:00:00, Sys 0 00:00:00  -  Run Local Usage
		Usr 0 00:03:11, Sys 0 00:00:02  -  Total Remote Usage
		Usr 0 00:00:00, Sys 0 00:00:00  -  Total Local Usage
	0  -  Run Bytes Sent By Job
	0  -  Run Bytes Received By Job
	0  -  Total Bytes Sent By Job
	0  -  Total Bytes Received By Job
	Partitionable Resources :    Usage  Request Allocated
	   Cpus                 :                 1         1
	   Disk (KB)            :        1        1   1138300
	   Memory (MB)          :       22     1500      1500
...
000 (681.000.000) 06/07 07:21:23 Job submitted from host: <134.61.5.1:9618?addrs=134.61.5.1-9618+[--1]-9618&noUDP&sock=1924_484e_15>
...
001 (681.000.000) 06/07 07:21:44 Job executing on host: <134.61.15.74:9618?addrs=134.61.15.74-9618+[--1]-9618&noUDP&sock=1558_3ca4_3>
...
006 (681.000.000) 06/07 07:21:53 Image size of job updated: 260816
	177  -  MemoryUsage of job (MB)
	180896  -  ResidentSetSize of job (KB)
...
006 (681.000.000) 06/07 07:23:19 Image size of job updated: 592744
	177  -  MemoryUsage of job (MB)
	181036  -  ResidentSetSize of job (KB)
...
005 (681.000.000) 06/07 07:23:19 Job terminated.
	(1) Normal termination (return value 0)
		Usr 0 00:01:21, Sys 0 00:00:01  -  Run Remote Usage
		Usr 0 00:00:00, Sys 0 00:00:00  -  Run Local Usage
		Usr 0 00:01:21, Sys 0 00:00:01  -  Total Remote Usage
		Usr 0 00:00:00, Sys 0 00:00:00  -  Total Local Usage
	0  -  Run Bytes Sent By Job
	0  -  Run Bytes Received By Job
	0  -  Total Bytes Sent By Job
	0  -  Total Bytes Received By Job
	Partitionable Resources :    Usage  Request Allocated
	   Cpus                 :                 1         1
	   Disk (KB)            :        1        1  17955166
	   Memory (MB)          :      177     1500      1500
...
