000 (557.000.000) 06/05 23:12:59 Job submitted from host: <134.61.5.1:9618?addrs=134.61.5.1-9618+[--1]-9618&noUDP&sock=1924_484e_15>
...
001 (557.000.000) 06/05 23:13:00 Job executing on host: <134.61.17.96:9618?addrs=134.61.17.96-9618+[--1]-9618&noUDP&sock=1638_1c38_31>
...
006 (557.000.000) 06/05 23:13:09 Image size of job updated: 98580
	58  -  MemoryUsage of job (MB)
	58464  -  ResidentSetSize of job (KB)
...
006 (557.000.000) 06/05 23:15:46 Image size of job updated: 590844
	58  -  MemoryUsage of job (MB)
	58464  -  ResidentSetSize of job (KB)
...
005 (557.000.000) 06/05 23:15:46 Job terminated.
	(1) Normal termination (return value 0)
		Usr 0 00:02:23, Sys 0 00:00:01  -  Run Remote Usage
		Usr 0 00:00:00, Sys 0 00:00:00  -  Run Local Usage
		Usr 0 00:02:23, Sys 0 00:00:01  -  Total Remote Usage
		Usr 0 00:00:00, Sys 0 00:00:00  -  Total Local Usage
	0  -  Run Bytes Sent By Job
	0  -  Run Bytes Received By Job
	0  -  Total Bytes Sent By Job
	0  -  Total Bytes Received By Job
	Partitionable Resources :    Usage  Request Allocated
	   Cpus                 :                 1         1
	   Disk (KB)            :        1        1   1133971
	   Memory (MB)          :       58     1500      1500
...
000 (678.000.000) 06/07 07:21:23 Job submitted from host: <134.61.5.1:9618?addrs=134.61.5.1-9618+[--1]-9618&noUDP&sock=1924_484e_15>
...
001 (678.000.000) 06/07 07:21:24 Job executing on host: <134.61.5.24:9618?addrs=134.61.5.24-9618+[--1]-9618&noUDP&sock=3134_3de6_3>
...
006 (678.000.000) 06/07 07:21:32 Image size of job updated: 289608
	245  -  MemoryUsage of job (MB)
	250200  -  ResidentSetSize of job (KB)
...
006 (678.000.000) 06/07 07:22:13 Image size of job updated: 289608
	245  -  MemoryUsage of job (MB)
	250252  -  ResidentSetSize of job (KB)
...
005 (678.000.000) 06/07 07:22:13 Job terminated.
	(1) Normal termination (return value 0)
		Usr 0 00:00:37, Sys 0 00:00:00  -  Run Remote Usage
		Usr 0 00:00:00, Sys 0 00:00:00  -  Run Local Usage
		Usr 0 00:00:37, Sys 0 00:00:00  -  Total Remote Usage
		Usr 0 00:00:00, Sys 0 00:00:00  -  Total Local Usage
	0  -  Run Bytes Sent By Job
	0  -  Run Bytes Received By Job
	0  -  Total Bytes Sent By Job
	0  -  Total Bytes Received By Job
	Partitionable Resources :    Usage  Request Allocated
	   Cpus                 :                 1         1
	   Disk (KB)            :        1        1   3541765
	   Memory (MB)          :      245     1500      1500
...
