000 (555.000.000) 06/05 23:12:59 Job submitted from host: <134.61.5.1:9618?addrs=134.61.5.1-9618+[--1]-9618&noUDP&sock=1924_484e_15>
...
001 (555.000.000) 06/05 23:13:00 Job executing on host: <134.61.17.169:9618?addrs=134.61.17.169-9618+[--1]-9618&noUDP&sock=5289_647e_3>
...
006 (555.000.000) 06/05 23:13:08 Image size of job updated: 222504
	142  -  MemoryUsage of job (MB)
	145368  -  ResidentSetSize of job (KB)
...
006 (555.000.000) 06/05 23:13:50 Image size of job updated: 222504
	142  -  MemoryUsage of job (MB)
	145408  -  ResidentSetSize of job (KB)
...
005 (555.000.000) 06/05 23:13:50 Job terminated.
	(1) Normal termination (return value 0)
		Usr 0 00:00:40, Sys 0 00:00:01  -  Run Remote Usage
		Usr 0 00:00:00, Sys 0 00:00:00  -  Run Local Usage
		Usr 0 00:00:40, Sys 0 00:00:01  -  Total Remote Usage
		Usr 0 00:00:00, Sys 0 00:00:00  -  Total Local Usage
	0  -  Run Bytes Sent By Job
	0  -  Run Bytes Received By Job
	0  -  Total Bytes Sent By Job
	0  -  Total Bytes Received By Job
	Partitionable Resources :    Usage  Request Allocated
	   Cpus                 :                 1         1
	   Disk (KB)            :        1        1   1556473
	   Memory (MB)          :      142     1500      1500
...
000 (676.000.000) 06/07 07:21:22 Job submitted from host: <134.61.5.1:9618?addrs=134.61.5.1-9618+[--1]-9618&noUDP&sock=1924_484e_15>
...
001 (676.000.000) 06/07 07:21:24 Job executing on host: <134.61.17.159:9618?addrs=134.61.17.159-9618+[--1]-9618&noUDP&sock=4670_cf5e_3>
...
006 (676.000.000) 06/07 07:21:32 Image size of job updated: 155536
	96  -  MemoryUsage of job (MB)
	98056  -  ResidentSetSize of job (KB)
...
006 (676.000.000) 06/07 07:22:15 Image size of job updated: 591124
	96  -  MemoryUsage of job (MB)
	98056  -  ResidentSetSize of job (KB)
...
005 (676.000.000) 06/07 07:22:15 Job terminated.
	(1) Normal termination (return value 0)
		Usr 0 00:00:41, Sys 0 00:00:01  -  Run Remote Usage
		Usr 0 00:00:00, Sys 0 00:00:00  -  Run Local Usage
		Usr 0 00:00:41, Sys 0 00:00:01  -  Total Remote Usage
		Usr 0 00:00:00, Sys 0 00:00:00  -  Total Local Usage
	0  -  Run Bytes Sent By Job
	0  -  Run Bytes Received By Job
	0  -  Total Bytes Sent By Job
	0  -  Total Bytes Received By Job
	Partitionable Resources :    Usage  Request Allocated
	   Cpus                 :                 1         1
	   Disk (KB)            :        1        1   1556473
	   Memory (MB)          :       96     1500      1500
...
