000 (559.000.000) 06/05 23:12:59 Job submitted from host: <134.61.5.1:9618?addrs=134.61.5.1-9618+[--1]-9618&noUDP&sock=1924_484e_15>
...
001 (559.000.000) 06/05 23:13:00 Job executing on host: <134.61.15.4:9618?addrs=134.61.15.4-9618+[--1]-9618&noUDP&sock=2622452_8636_3>
...
006 (559.000.000) 06/05 23:13:08 Image size of job updated: 17500
	7  -  MemoryUsage of job (MB)
	7092  -  ResidentSetSize of job (KB)
...
006 (559.000.000) 06/05 23:18:08 Image size of job updated: 592152
	497  -  MemoryUsage of job (MB)
	507920  -  ResidentSetSize of job (KB)
...
005 (559.000.000) 06/05 23:18:52 Job terminated.
	(1) Normal termination (return value 0)
		Usr 0 00:04:30, Sys 0 00:00:03  -  Run Remote Usage
		Usr 0 00:00:00, Sys 0 00:00:00  -  Run Local Usage
		Usr 0 00:04:30, Sys 0 00:00:03  -  Total Remote Usage
		Usr 0 00:00:00, Sys 0 00:00:00  -  Total Local Usage
	0  -  Run Bytes Sent By Job
	0  -  Run Bytes Received By Job
	0  -  Total Bytes Sent By Job
	0  -  Total Bytes Received By Job
	Partitionable Resources :    Usage  Request Allocated
	   Cpus                 :                 1         1
	   Disk (KB)            :        1        1   3541765
	   Memory (MB)          :      497     1500      1500
...
000 (680.000.000) 06/07 07:21:23 Job submitted from host: <134.61.5.1:9618?addrs=134.61.5.1-9618+[--1]-9618&noUDP&sock=1924_484e_15>
...
001 (680.000.000) 06/07 07:21:44 Job executing on host: <134.61.17.154:9618?addrs=134.61.17.154-9618+[--1]-9618&noUDP&sock=1513_5ee1_3>
...
006 (680.000.000) 06/07 07:21:53 Image size of job updated: 116940
	56  -  MemoryUsage of job (MB)
	57100  -  ResidentSetSize of job (KB)
...
005 (680.000.000) 06/07 07:25:49 Job terminated.
	(1) Normal termination (return value 0)
		Usr 0 00:03:45, Sys 0 00:00:02  -  Run Remote Usage
		Usr 0 00:00:00, Sys 0 00:00:00  -  Run Local Usage
		Usr 0 00:03:45, Sys 0 00:00:02  -  Total Remote Usage
		Usr 0 00:00:00, Sys 0 00:00:00  -  Total Local Usage
	0  -  Run Bytes Sent By Job
	0  -  Run Bytes Received By Job
	0  -  Total Bytes Sent By Job
	0  -  Total Bytes Received By Job
	Partitionable Resources :    Usage  Request Allocated
	   Cpus                 :                 1         1
	   Disk (KB)            :        1        1   3525819
	   Memory (MB)          :       56     1500      1500
...
