000 (561.000.000) 06/05 23:13:00 Job submitted from host: <134.61.5.1:9618?addrs=134.61.5.1-9618+[--1]-9618&noUDP&sock=1924_484e_15>
...
001 (561.000.000) 06/05 23:13:20 Job executing on host: <134.61.5.24:9618?addrs=134.61.5.24-9618+[--1]-9618&noUDP&sock=3134_3de6_3>
...
006 (561.000.000) 06/05 23:13:29 Image size of job updated: 399200
	375  -  MemoryUsage of job (MB)
	383592  -  ResidentSetSize of job (KB)
...
006 (561.000.000) 06/05 23:13:33 Image size of job updated: 399200
	375  -  MemoryUsage of job (MB)
	383672  -  ResidentSetSize of job (KB)
...
005 (561.000.000) 06/05 23:13:33 Job terminated.
	(1) Normal termination (return value 0)
		Usr 0 00:00:10, Sys 0 00:00:00  -  Run Remote Usage
		Usr 0 00:00:00, Sys 0 00:00:00  -  Run Local Usage
		Usr 0 00:00:10, Sys 0 00:00:00  -  Total Remote Usage
		Usr 0 00:00:00, Sys 0 00:00:00  -  Total Local Usage
	0  -  Run Bytes Sent By Job
	0  -  Run Bytes Received By Job
	0  -  Total Bytes Sent By Job
	0  -  Total Bytes Received By Job
	Partitionable Resources :    Usage  Request Allocated
	   Cpus                 :                 1         1
	   Disk (KB)            :        1        1   3541765
	   Memory (MB)          :      375     1500      1500
...
000 (682.000.000) 06/07 07:21:23 Job submitted from host: <134.61.5.1:9618?addrs=134.61.5.1-9618+[--1]-9618&noUDP&sock=1924_484e_15>
...
001 (682.000.000) 06/07 07:23:45 Job executing on host: <134.61.5.28:9618?addrs=134.61.5.28-9618+[--1]-9618&noUDP&sock=1692_2655_3>
...
006 (682.000.000) 06/07 07:23:53 Image size of job updated: 62728
	36  -  MemoryUsage of job (MB)
	35980  -  ResidentSetSize of job (KB)
...
005 (682.000.000) 06/07 07:24:18 Job terminated.
	(1) Normal termination (return value 0)
		Usr 0 00:00:16, Sys 0 00:00:01  -  Run Remote Usage
		Usr 0 00:00:00, Sys 0 00:00:00  -  Run Local Usage
		Usr 0 00:00:16, Sys 0 00:00:01  -  Total Remote Usage
		Usr 0 00:00:00, Sys 0 00:00:00  -  Total Local Usage
	0  -  Run Bytes Sent By Job
	0  -  Run Bytes Received By Job
	0  -  Total Bytes Sent By Job
	0  -  Total Bytes Received By Job
	Partitionable Resources :    Usage  Request Allocated
	   Cpus                 :                 1         1
	   Disk (KB)            :        1        1   9608780
	   Memory (MB)          :       36     1500      1500
...
