000 (577.000.000) 06/05 23:13:02 Job submitted from host: <134.61.5.1:9618?addrs=134.61.5.1-9618+[--1]-9618&noUDP&sock=1924_484e_15>
...
001 (577.000.000) 06/05 23:14:21 Job executing on host: <134.61.17.146:9618?addrs=134.61.17.146-9618+[--1]-9618&noUDP&sock=1597_fcd6_11>
...
006 (577.000.000) 06/05 23:14:29 Image size of job updated: 285516
	202  -  MemoryUsage of job (MB)
	206844  -  ResidentSetSize of job (KB)
...
006 (577.000.000) 06/05 23:14:53 Image size of job updated: 285516
	203  -  MemoryUsage of job (MB)
	206988  -  ResidentSetSize of job (KB)
...
005 (577.000.000) 06/05 23:14:53 Job terminated.
	(1) Normal termination (return value 0)
		Usr 0 00:00:27, Sys 0 00:00:01  -  Run Remote Usage
		Usr 0 00:00:00, Sys 0 00:00:00  -  Run Local Usage
		Usr 0 00:00:27, Sys 0 00:00:01  -  Total Remote Usage
		Usr 0 00:00:00, Sys 0 00:00:00  -  Total Local Usage
	0  -  Run Bytes Sent By Job
	0  -  Run Bytes Received By Job
	0  -  Total Bytes Sent By Job
	0  -  Total Bytes Received By Job
	Partitionable Resources :    Usage  Request Allocated
	   Cpus                 :                 1         1
	   Disk (KB)            :        1        1   1138300
	   Memory (MB)          :      203     1500      1500
...
000 (684.000.000) 06/07 07:21:24 Job submitted from host: <134.61.5.1:9618?addrs=134.61.5.1-9618+[--1]-9618&noUDP&sock=1924_484e_15>
...
001 (684.000.000) 06/07 07:22:44 Job executing on host: <134.61.17.168:9618?addrs=134.61.17.168-9618+[--1]-9618&noUDP&sock=4953_ecac_3>
...
006 (684.000.000) 06/07 07:22:53 Image size of job updated: 239152
	159  -  MemoryUsage of job (MB)
	161912  -  ResidentSetSize of job (KB)
...
006 (684.000.000) 06/07 07:23:06 Image size of job updated: 601204
	159  -  MemoryUsage of job (MB)
	161952  -  ResidentSetSize of job (KB)
...
005 (684.000.000) 06/07 07:23:06 Job terminated.
	(1) Normal termination (return value 0)
		Usr 0 00:00:15, Sys 0 00:00:01  -  Run Remote Usage
		Usr 0 00:00:00, Sys 0 00:00:00  -  Run Local Usage
		Usr 0 00:00:15, Sys 0 00:00:01  -  Total Remote Usage
		Usr 0 00:00:00, Sys 0 00:00:00  -  Total Local Usage
	0  -  Run Bytes Sent By Job
	0  -  Run Bytes Received By Job
	0  -  Total Bytes Sent By Job
	0  -  Total Bytes Received By Job
	Partitionable Resources :    Usage  Request Allocated
	   Cpus                 :                 1         1
	   Disk (KB)            :        1        1   1556473
	   Memory (MB)          :      159     1500      1500
...
