000 (578.000.000) 06/05 23:13:02 Job submitted from host: <134.61.5.1:9618?addrs=134.61.5.1-9618+[--1]-9618&noUDP&sock=1924_484e_15>
...
007 (578.000.000) 06/05 23:14:21 Shadow exception!
	Error from slot1_1@lxcip55.physik.rwth-aachen.de: Failed to open '/.automount/home/home__home4/institut_1b/swuchterl/SUSYDileptonGamma/myAnalyzer/logs/SMS-T5bbbbZg_1500_600_myTuple.root.out' as standard output: No such file or directory (errno 2)
	0  -  Run Bytes Sent By Job
	0  -  Run Bytes Received By Job
...
012 (578.000.000) 06/05 23:14:21 Job was held.
	Error from slot1_1@lxcip55.physik.rwth-aachen.de: Failed to open '/.automount/home/home__home4/institut_1b/swuchterl/SUSYDileptonGamma/myAnalyzer/logs/SMS-T5bbbbZg_1500_600_myTuple.root.out' as standard output: No such file or directory (errno 2)
	Code 7 Subcode 2
...
013 (578.000.000) 06/06 10:30:04 Job was released.
	via condor_release (by user swuchterl)
...
001 (578.000.000) 06/06 10:30:16 Job executing on host: <134.61.15.47:9618?addrs=134.61.15.47-9618+[--1]-9618&noUDP&sock=1440_4c77_3>
...
006 (578.000.000) 06/06 10:30:24 Image size of job updated: 16604
	7  -  MemoryUsage of job (MB)
	7008  -  ResidentSetSize of job (KB)
...
006 (578.000.000) 06/06 10:31:13 Image size of job updated: 699184
	7  -  MemoryUsage of job (MB)
	7008  -  ResidentSetSize of job (KB)
...
005 (578.000.000) 06/06 10:31:13 Job terminated.
	(1) Normal termination (return value 0)
		Usr 0 00:00:27, Sys 0 00:00:01  -  Run Remote Usage
		Usr 0 00:00:00, Sys 0 00:00:00  -  Run Local Usage
		Usr 0 00:00:27, Sys 0 00:00:01  -  Total Remote Usage
		Usr 0 00:00:00, Sys 0 00:00:00  -  Total Local Usage
	0  -  Run Bytes Sent By Job
	0  -  Run Bytes Received By Job
	0  -  Total Bytes Sent By Job
	0  -  Total Bytes Received By Job
	Partitionable Resources :    Usage  Request Allocated
	   Cpus                 :                 1         1
	   Disk (KB)            :        1        1   2580442
	   Memory (MB)          :        7     1500      1500
...
000 (685.000.000) 06/07 07:21:24 Job submitted from host: <134.61.5.1:9618?addrs=134.61.5.1-9618+[--1]-9618&noUDP&sock=1924_484e_15>
...
001 (685.000.000) 06/07 07:23:44 Job executing on host: <134.61.17.170:9618?addrs=134.61.17.170-9618+[--1]-9618&noUDP&sock=5348_dc95_3>
...
006 (685.000.000) 06/07 07:23:53 Image size of job updated: 300056
	215  -  MemoryUsage of job (MB)
	219396  -  ResidentSetSize of job (KB)
...
006 (685.000.000) 06/07 07:24:03 Image size of job updated: 386020
	215  -  MemoryUsage of job (MB)
	219432  -  ResidentSetSize of job (KB)
...
005 (685.000.000) 06/07 07:24:03 Job terminated.
	(1) Normal termination (return value 0)
		Usr 0 00:00:15, Sys 0 00:00:01  -  Run Remote Usage
		Usr 0 00:00:00, Sys 0 00:00:00  -  Run Local Usage
		Usr 0 00:00:15, Sys 0 00:00:01  -  Total Remote Usage
		Usr 0 00:00:00, Sys 0 00:00:00  -  Total Local Usage
	0  -  Run Bytes Sent By Job
	0  -  Run Bytes Received By Job
	0  -  Total Bytes Sent By Job
	0  -  Total Bytes Received By Job
	Partitionable Resources :    Usage  Request Allocated
	   Cpus                 :                 1         1
	   Disk (KB)            :        1        1   1556473
	   Memory (MB)          :      215     1500      1500
...
