000 (582.000.000) 06/05 23:13:03 Job submitted from host: <134.61.5.1:9618?addrs=134.61.5.1-9618+[--1]-9618&noUDP&sock=1924_484e_15>
...
001 (582.000.000) 06/05 23:14:21 Job executing on host: <134.61.17.161:9618?addrs=134.61.17.161-9618+[--1]-9618&noUDP&sock=4909_be81_3>
...
006 (582.000.000) 06/05 23:14:29 Image size of job updated: 107396
	91  -  MemoryUsage of job (MB)
	92604  -  ResidentSetSize of job (KB)
...
005 (582.000.000) 06/05 23:14:58 Job terminated.
	(1) Normal termination (return value 0)
		Usr 0 00:00:28, Sys 0 00:00:01  -  Run Remote Usage
		Usr 0 00:00:00, Sys 0 00:00:00  -  Run Local Usage
		Usr 0 00:00:28, Sys 0 00:00:01  -  Total Remote Usage
		Usr 0 00:00:00, Sys 0 00:00:00  -  Total Local Usage
	0  -  Run Bytes Sent By Job
	0  -  Run Bytes Received By Job
	0  -  Total Bytes Sent By Job
	0  -  Total Bytes Received By Job
	Partitionable Resources :    Usage  Request Allocated
	   Cpus                 :                 1         1
	   Disk (KB)            :        1        1   1556473
	   Memory (MB)          :       91     1500      1500
...
000 (689.000.000) 06/07 07:21:25 Job submitted from host: <134.61.5.1:9618?addrs=134.61.5.1-9618+[--1]-9618&noUDP&sock=1924_484e_15>
...
001 (689.000.000) 06/07 07:23:45 Job executing on host: <134.61.17.117:9618?addrs=134.61.17.117-9618+[--1]-9618&noUDP&sock=1479_0ca9_3>
...
006 (689.000.000) 06/07 07:23:53 Image size of job updated: 115368
	55  -  MemoryUsage of job (MB)
	55812  -  ResidentSetSize of job (KB)
...
006 (689.000.000) 06/07 07:24:11 Image size of job updated: 609800
	55  -  MemoryUsage of job (MB)
	55812  -  ResidentSetSize of job (KB)
...
005 (689.000.000) 06/07 07:24:11 Job terminated.
	(1) Normal termination (return value 0)
		Usr 0 00:00:15, Sys 0 00:00:01  -  Run Remote Usage
		Usr 0 00:00:00, Sys 0 00:00:00  -  Run Local Usage
		Usr 0 00:00:15, Sys 0 00:00:01  -  Total Remote Usage
		Usr 0 00:00:00, Sys 0 00:00:00  -  Total Local Usage
	0  -  Run Bytes Sent By Job
	0  -  Run Bytes Received By Job
	0  -  Total Bytes Sent By Job
	0  -  Total Bytes Received By Job
	Partitionable Resources :    Usage  Request Allocated
	   Cpus                 :                 1         1
	   Disk (KB)            :        1        1   1138300
	   Memory (MB)          :       55     1500      1500
...
