000 (580.000.000) 06/05 23:13:03 Job submitted from host: <134.61.5.1:9618?addrs=134.61.5.1-9618+[--1]-9618&noUDP&sock=1924_484e_15>
...
001 (580.000.000) 06/05 23:14:21 Job executing on host: <134.61.17.181:9618?addrs=134.61.17.181-9618+[--1]-9618&noUDP&sock=4504_f2a6_3>
...
006 (580.000.000) 06/05 23:14:29 Image size of job updated: 98508
	86  -  MemoryUsage of job (MB)
	87648  -  ResidentSetSize of job (KB)
...
006 (580.000.000) 06/05 23:15:34 Image size of job updated: 98508
	86  -  MemoryUsage of job (MB)
	87656  -  ResidentSetSize of job (KB)
...
005 (580.000.000) 06/05 23:15:34 Job terminated.
	(1) Normal termination (return value 0)
		Usr 0 00:00:54, Sys 0 00:00:02  -  Run Remote Usage
		Usr 0 00:00:00, Sys 0 00:00:00  -  Run Local Usage
		Usr 0 00:00:54, Sys 0 00:00:02  -  Total Remote Usage
		Usr 0 00:00:00, Sys 0 00:00:00  -  Total Local Usage
	0  -  Run Bytes Sent By Job
	0  -  Run Bytes Received By Job
	0  -  Total Bytes Sent By Job
	0  -  Total Bytes Received By Job
	Partitionable Resources :    Usage  Request Allocated
	   Cpus                 :                 1         1
	   Disk (KB)            :        1        1   1556473
	   Memory (MB)          :       86     1500      1500
...
000 (687.000.000) 06/07 07:21:24 Job submitted from host: <134.61.5.1:9618?addrs=134.61.5.1-9618+[--1]-9618&noUDP&sock=1924_484e_15>
...
001 (687.000.000) 06/07 07:23:45 Job executing on host: <134.61.17.190:9618?addrs=134.61.17.190-9618+[--1]-9618&noUDP&sock=16258_36d5_3>
...
006 (687.000.000) 06/07 07:23:53 Image size of job updated: 189104
	121  -  MemoryUsage of job (MB)
	123188  -  ResidentSetSize of job (KB)
...
006 (687.000.000) 06/07 07:24:40 Image size of job updated: 568368
	121  -  MemoryUsage of job (MB)
	123196  -  ResidentSetSize of job (KB)
...
005 (687.000.000) 06/07 07:24:40 Job terminated.
	(1) Normal termination (return value 0)
		Usr 0 00:00:41, Sys 0 00:00:01  -  Run Remote Usage
		Usr 0 00:00:00, Sys 0 00:00:00  -  Run Local Usage
		Usr 0 00:00:41, Sys 0 00:00:01  -  Total Remote Usage
		Usr 0 00:00:00, Sys 0 00:00:00  -  Total Local Usage
	0  -  Run Bytes Sent By Job
	0  -  Run Bytes Received By Job
	0  -  Total Bytes Sent By Job
	0  -  Total Bytes Received By Job
	Partitionable Resources :    Usage  Request Allocated
	   Cpus                 :                 1         1
	   Disk (KB)            :        1        1   1556473
	   Memory (MB)          :      121     1500      1500
...
