000 (583.000.000) 06/05 23:13:03 Job submitted from host: <134.61.5.1:9618?addrs=134.61.5.1-9618+[--1]-9618&noUDP&sock=1924_484e_15>
...
001 (583.000.000) 06/05 23:14:21 Job executing on host: <134.61.17.181:9618?addrs=134.61.17.181-9618+[--1]-9618&noUDP&sock=4504_f2a6_3>
...
006 (583.000.000) 06/05 23:14:29 Image size of job updated: 126932
	89  -  MemoryUsage of job (MB)
	90352  -  ResidentSetSize of job (KB)
...
006 (583.000.000) 06/05 23:15:00 Image size of job updated: 126932
	89  -  MemoryUsage of job (MB)
	90404  -  ResidentSetSize of job (KB)
...
005 (583.000.000) 06/05 23:15:00 Job terminated.
	(1) Normal termination (return value 0)
		Usr 0 00:00:30, Sys 0 00:00:02  -  Run Remote Usage
		Usr 0 00:00:00, Sys 0 00:00:00  -  Run Local Usage
		Usr 0 00:00:30, Sys 0 00:00:02  -  Total Remote Usage
		Usr 0 00:00:00, Sys 0 00:00:00  -  Total Local Usage
	0  -  Run Bytes Sent By Job
	0  -  Run Bytes Received By Job
	0  -  Total Bytes Sent By Job
	0  -  Total Bytes Received By Job
	Partitionable Resources :    Usage  Request Allocated
	   Cpus                 :                 1         1
	   Disk (KB)            :        1        1   1556473
	   Memory (MB)          :       89     1500      1500
...
000 (690.000.000) 06/07 07:21:25 Job submitted from host: <134.61.5.1:9618?addrs=134.61.5.1-9618+[--1]-9618&noUDP&sock=1924_484e_15>
...
001 (690.000.000) 06/07 07:23:45 Job executing on host: <134.61.5.28:9618?addrs=134.61.5.28-9618+[--1]-9618&noUDP&sock=1692_2655_3>
...
006 (690.000.000) 06/07 07:23:53 Image size of job updated: 64560
	38  -  MemoryUsage of job (MB)
	38708  -  ResidentSetSize of job (KB)
...
006 (690.000.000) 06/07 07:24:18 Image size of job updated: 836768
	38  -  MemoryUsage of job (MB)
	38852  -  ResidentSetSize of job (KB)
...
005 (690.000.000) 06/07 07:24:18 Job terminated.
	(1) Normal termination (return value 0)
		Usr 0 00:00:17, Sys 0 00:00:01  -  Run Remote Usage
		Usr 0 00:00:00, Sys 0 00:00:00  -  Run Local Usage
		Usr 0 00:00:17, Sys 0 00:00:01  -  Total Remote Usage
		Usr 0 00:00:00, Sys 0 00:00:00  -  Total Local Usage
	0  -  Run Bytes Sent By Job
	0  -  Run Bytes Received By Job
	0  -  Total Bytes Sent By Job
	0  -  Total Bytes Received By Job
	Partitionable Resources :    Usage  Request Allocated
	   Cpus                 :                 1         1
	   Disk (KB)            :        1        1   9608780
	   Memory (MB)          :       38     1500      1500
...
