000 (570.000.000) 06/05 23:13:01 Job submitted from host: <134.61.5.1:9618?addrs=134.61.5.1-9618+[--1]-9618&noUDP&sock=1924_484e_15>
...
001 (570.000.000) 06/05 23:13:21 Job executing on host: <134.61.5.24:9618?addrs=134.61.5.24-9618+[--1]-9618&noUDP&sock=3134_3de6_3>
...
006 (570.000.000) 06/05 23:13:29 Image size of job updated: 307428
	286  -  MemoryUsage of job (MB)
	292416  -  ResidentSetSize of job (KB)
...
010 (570.000.000) 06/05 23:16:08 Job was suspended.
	Number of processes actually suspended: 3
...
006 (570.000.000) 06/05 23:16:08 Image size of job updated: 1034604
	996  -  MemoryUsage of job (MB)
	1019556  -  ResidentSetSize of job (KB)
...
011 (570.000.000) 06/05 23:19:18 Job was unsuspended.
...
006 (570.000.000) 06/05 23:23:29 Image size of job updated: 1423456
	1376  -  MemoryUsage of job (MB)
	1408408  -  ResidentSetSize of job (KB)
...
006 (570.000.000) 06/05 23:28:29 Image size of job updated: 1473812
	1425  -  MemoryUsage of job (MB)
	1458748  -  ResidentSetSize of job (KB)
...
005 (570.000.000) 06/05 23:29:31 Job terminated.
	(1) Normal termination (return value 0)
		Usr 0 00:12:55, Sys 0 00:00:02  -  Run Remote Usage
		Usr 0 00:00:00, Sys 0 00:00:00  -  Run Local Usage
		Usr 0 00:12:55, Sys 0 00:00:02  -  Total Remote Usage
		Usr 0 00:00:00, Sys 0 00:00:00  -  Total Local Usage
	0  -  Run Bytes Sent By Job
	0  -  Run Bytes Received By Job
	0  -  Total Bytes Sent By Job
	0  -  Total Bytes Received By Job
	Partitionable Resources :    Usage  Request Allocated
	   Cpus                 :                 1         1
	   Disk (KB)            :        1        1   3541765
	   Memory (MB)          :     1425     1500      1500
...
000 (702.000.000) 06/07 07:21:26 Job submitted from host: <134.61.5.1:9618?addrs=134.61.5.1-9618+[--1]-9618&noUDP&sock=1924_484e_15>
...
001 (702.000.000) 06/07 07:25:45 Job executing on host: <134.61.15.48:9618?addrs=134.61.15.48-9618+[--1]-9618&noUDP&sock=1427_61bc_35>
...
006 (702.000.000) 06/07 07:25:54 Image size of job updated: 139524
	64  -  MemoryUsage of job (MB)
	65328  -  ResidentSetSize of job (KB)
...
006 (702.000.000) 06/07 07:26:21 Image size of job updated: 545680
	64  -  MemoryUsage of job (MB)
	65408  -  ResidentSetSize of job (KB)
...
005 (702.000.000) 06/07 07:26:21 Job terminated.
	(1) Normal termination (return value 0)
		Usr 0 00:00:22, Sys 0 00:00:01  -  Run Remote Usage
		Usr 0 00:00:00, Sys 0 00:00:00  -  Run Local Usage
		Usr 0 00:00:22, Sys 0 00:00:01  -  Total Remote Usage
		Usr 0 00:00:00, Sys 0 00:00:00  -  Total Local Usage
	0  -  Run Bytes Sent By Job
	0  -  Run Bytes Received By Job
	0  -  Total Bytes Sent By Job
	0  -  Total Bytes Received By Job
	Partitionable Resources :    Usage  Request Allocated
	   Cpus                 :                 1         1
	   Disk (KB)            :        1        1    230100
	   Memory (MB)          :       64     1500      1500
...
