000 (574.000.000) 06/05 23:13:02 Job submitted from host: <134.61.5.1:9618?addrs=134.61.5.1-9618+[--1]-9618&noUDP&sock=1924_484e_15>
...
001 (574.000.000) 06/05 23:14:21 Job executing on host: <134.61.17.161:9618?addrs=134.61.17.161-9618+[--1]-9618&noUDP&sock=4909_be81_3>
...
006 (574.000.000) 06/05 23:14:29 Image size of job updated: 94744
	86  -  MemoryUsage of job (MB)
	87516  -  ResidentSetSize of job (KB)
...
006 (574.000.000) 06/05 23:19:29 Image size of job updated: 1056608
	1025  -  MemoryUsage of job (MB)
	1049424  -  ResidentSetSize of job (KB)
...
006 (574.000.000) 06/05 23:24:29 Image size of job updated: 1316300
	1279  -  MemoryUsage of job (MB)
	1309112  -  ResidentSetSize of job (KB)
...
006 (574.000.000) 06/05 23:29:30 Image size of job updated: 1879948
	1494  -  MemoryUsage of job (MB)
	1529844  -  ResidentSetSize of job (KB)
...
005 (574.000.000) 06/05 23:38:10 Job terminated.
	(1) Normal termination (return value 0)
		Usr 0 00:22:51, Sys 0 00:00:07  -  Run Remote Usage
		Usr 0 00:00:00, Sys 0 00:00:00  -  Run Local Usage
		Usr 0 00:22:51, Sys 0 00:00:07  -  Total Remote Usage
		Usr 0 00:00:00, Sys 0 00:00:00  -  Total Local Usage
	0  -  Run Bytes Sent By Job
	0  -  Run Bytes Received By Job
	0  -  Total Bytes Sent By Job
	0  -  Total Bytes Received By Job
	Partitionable Resources :    Usage  Request Allocated
	   Cpus                 :                 1         1
	   Disk (KB)            :        1        1   1556473
	   Memory (MB)          :     1494     1500      1500
...
000 (706.000.000) 06/07 07:21:27 Job submitted from host: <134.61.5.1:9618?addrs=134.61.5.1-9618+[--1]-9618&noUDP&sock=1924_484e_15>
...
001 (706.000.000) 06/07 07:25:45 Job executing on host: <134.61.15.74:9618?addrs=134.61.15.74-9618+[--1]-9618&noUDP&sock=1558_3ca4_3>
...
006 (706.000.000) 06/07 07:25:54 Image size of job updated: 314236
	258  -  MemoryUsage of job (MB)
	263608  -  ResidentSetSize of job (KB)
...
006 (706.000.000) 06/07 07:26:05 Image size of job updated: 314236
	258  -  MemoryUsage of job (MB)
	263652  -  ResidentSetSize of job (KB)
...
005 (706.000.000) 06/07 07:26:05 Job terminated.
	(1) Normal termination (return value 0)
		Usr 0 00:00:15, Sys 0 00:00:01  -  Run Remote Usage
		Usr 0 00:00:00, Sys 0 00:00:00  -  Run Local Usage
		Usr 0 00:00:15, Sys 0 00:00:01  -  Total Remote Usage
		Usr 0 00:00:00, Sys 0 00:00:00  -  Total Local Usage
	0  -  Run Bytes Sent By Job
	0  -  Run Bytes Received By Job
	0  -  Total Bytes Sent By Job
	0  -  Total Bytes Received By Job
	Partitionable Resources :    Usage  Request Allocated
	   Cpus                 :                 1         1
	   Disk (KB)            :        1        1  17955166
	   Memory (MB)          :      258     1500      1500
...
