000 (572.000.000) 06/05 23:13:01 Job submitted from host: <134.61.5.1:9618?addrs=134.61.5.1-9618+[--1]-9618&noUDP&sock=1924_484e_15>
...
001 (572.000.000) 06/05 23:14:20 Job executing on host: <134.61.17.186:9618?addrs=134.61.17.186-9618+[--1]-9618&noUDP&sock=4515_7e30_3>
...
006 (572.000.000) 06/05 23:14:29 Image size of job updated: 173364
	106  -  MemoryUsage of job (MB)
	107560  -  ResidentSetSize of job (KB)
...
006 (572.000.000) 06/05 23:19:29 Image size of job updated: 1150960
	1043  -  MemoryUsage of job (MB)
	1067540  -  ResidentSetSize of job (KB)
...
006 (572.000.000) 06/05 23:24:29 Image size of job updated: 1417864
	1304  -  MemoryUsage of job (MB)
	1334444  -  ResidentSetSize of job (KB)
...
006 (572.000.000) 06/05 23:29:30 Image size of job updated: 1519456
	1402  -  MemoryUsage of job (MB)
	1435592  -  ResidentSetSize of job (KB)
...
006 (572.000.000) 06/05 23:34:31 Image size of job updated: 1541928
	1424  -  MemoryUsage of job (MB)
	1458048  -  ResidentSetSize of job (KB)
...
006 (572.000.000) 06/05 23:39:31 Image size of job updated: 1542420
	1425  -  MemoryUsage of job (MB)
	1458536  -  ResidentSetSize of job (KB)
...
006 (572.000.000) 06/05 23:44:32 Image size of job updated: 1542748
	1425  -  MemoryUsage of job (MB)
	1458864  -  ResidentSetSize of job (KB)
...
006 (572.000.000) 06/05 23:49:33 Image size of job updated: 1543516
	1426  -  MemoryUsage of job (MB)
	1459628  -  ResidentSetSize of job (KB)
...
006 (572.000.000) 06/05 23:59:33 Image size of job updated: 1576092
	1458  -  MemoryUsage of job (MB)
	1492200  -  ResidentSetSize of job (KB)
...
006 (572.000.000) 06/06 00:04:34 Image size of job updated: 1645472
	1525  -  MemoryUsage of job (MB)
	1561580  -  ResidentSetSize of job (KB)
...
006 (572.000.000) 06/06 00:09:34 Image size of job updated: 1645472
	1526  -  MemoryUsage of job (MB)
	1561740  -  ResidentSetSize of job (KB)
...
006 (572.000.000) 06/06 00:14:34 Image size of job updated: 1645472
	1526  -  MemoryUsage of job (MB)
	1561744  -  ResidentSetSize of job (KB)
...
006 (572.000.000) 06/06 00:19:35 Image size of job updated: 1645472
	1558  -  MemoryUsage of job (MB)
	1595208  -  ResidentSetSize of job (KB)
...
006 (572.000.000) 06/06 00:24:36 Image size of job updated: 1645472
	1559  -  MemoryUsage of job (MB)
	1595436  -  ResidentSetSize of job (KB)
...
005 (572.000.000) 06/06 00:33:57 Job terminated.
	(1) Normal termination (return value 0)
		Usr 0 01:19:15, Sys 0 00:00:04  -  Run Remote Usage
		Usr 0 00:00:00, Sys 0 00:00:00  -  Run Local Usage
		Usr 0 01:19:15, Sys 0 00:00:04  -  Total Remote Usage
		Usr 0 00:00:00, Sys 0 00:00:00  -  Total Local Usage
	0  -  Run Bytes Sent By Job
	0  -  Run Bytes Received By Job
	0  -  Total Bytes Sent By Job
	0  -  Total Bytes Received By Job
	Partitionable Resources :    Usage  Request Allocated
	   Cpus                 :                 1         1
	   Disk (KB)            :        1        1   1556473
	   Memory (MB)          :     1559     1500      1500
...
000 (704.000.000) 06/07 07:21:27 Job submitted from host: <134.61.5.1:9618?addrs=134.61.5.1-9618+[--1]-9618&noUDP&sock=1924_484e_15>
...
001 (704.000.000) 06/07 07:25:45 Job executing on host: <134.61.15.74:9618?addrs=134.61.15.74-9618+[--1]-9618&noUDP&sock=1558_3ca4_3>
...
006 (704.000.000) 06/07 07:25:53 Image size of job updated: 259360
	224  -  MemoryUsage of job (MB)
	229092  -  ResidentSetSize of job (KB)
...
006 (704.000.000) 06/07 07:26:58 Image size of job updated: 259360
	224  -  MemoryUsage of job (MB)
	229120  -  ResidentSetSize of job (KB)
...
005 (704.000.000) 06/07 07:26:58 Job terminated.
	(1) Normal termination (return value 0)
		Usr 0 00:00:58, Sys 0 00:00:01  -  Run Remote Usage
		Usr 0 00:00:00, Sys 0 00:00:00  -  Run Local Usage
		Usr 0 00:00:58, Sys 0 00:00:01  -  Total Remote Usage
		Usr 0 00:00:00, Sys 0 00:00:00  -  Total Local Usage
	0  -  Run Bytes Sent By Job
	0  -  Run Bytes Received By Job
	0  -  Total Bytes Sent By Job
	0  -  Total Bytes Received By Job
	Partitionable Resources :    Usage  Request Allocated
	   Cpus                 :                 1         1
	   Disk (KB)            :        1        1  17955166
	   Memory (MB)          :      224     1500      1500
...
