000 (573.000.000) 06/05 23:13:01 Job submitted from host: <134.61.5.1:9618?addrs=134.61.5.1-9618+[--1]-9618&noUDP&sock=1924_484e_15>
...
001 (573.000.000) 06/05 23:14:21 Job executing on host: <134.61.17.181:9618?addrs=134.61.17.181-9618+[--1]-9618&noUDP&sock=4504_f2a6_3>
...
006 (573.000.000) 06/05 23:14:29 Image size of job updated: 94324
	82  -  MemoryUsage of job (MB)
	82972  -  ResidentSetSize of job (KB)
...
006 (573.000.000) 06/05 23:19:29 Image size of job updated: 953344
	931  -  MemoryUsage of job (MB)
	952576  -  ResidentSetSize of job (KB)
...
006 (573.000.000) 06/05 23:24:30 Image size of job updated: 1156196
	1129  -  MemoryUsage of job (MB)
	1155428  -  ResidentSetSize of job (KB)
...
006 (573.000.000) 06/05 23:29:31 Image size of job updated: 1320452
	1289  -  MemoryUsage of job (MB)
	1319768  -  ResidentSetSize of job (KB)
...
006 (573.000.000) 06/05 23:31:16 Image size of job updated: 1422256
	1289  -  MemoryUsage of job (MB)
	1319768  -  ResidentSetSize of job (KB)
...
005 (573.000.000) 06/05 23:31:16 Job terminated.
	(1) Normal termination (return value 134)
		Usr 0 00:16:43, Sys 0 00:00:04  -  Run Remote Usage
		Usr 0 00:00:00, Sys 0 00:00:00  -  Run Local Usage
		Usr 0 00:16:43, Sys 0 00:00:04  -  Total Remote Usage
		Usr 0 00:00:00, Sys 0 00:00:00  -  Total Local Usage
	0  -  Run Bytes Sent By Job
	0  -  Run Bytes Received By Job
	0  -  Total Bytes Sent By Job
	0  -  Total Bytes Received By Job
	Partitionable Resources :    Usage  Request Allocated
	   Cpus                 :                 1         1
	   Disk (KB)            :        1        1   1556473
	   Memory (MB)          :     1289     1500      1500
...
000 (705.000.000) 06/07 07:21:27 Job submitted from host: <134.61.5.1:9618?addrs=134.61.5.1-9618+[--1]-9618&noUDP&sock=1924_484e_15>
...
001 (705.000.000) 06/07 07:25:45 Job executing on host: <134.61.17.149:9618?addrs=134.61.17.149-9618+[--1]-9618&noUDP&sock=166122_73fa_3>
...
006 (705.000.000) 06/07 07:25:54 Image size of job updated: 63308
	41  -  MemoryUsage of job (MB)
	41012  -  ResidentSetSize of job (KB)
...
006 (705.000.000) 06/07 07:28:03 Image size of job updated: 63308
	41  -  MemoryUsage of job (MB)
	41044  -  ResidentSetSize of job (KB)
...
005 (705.000.000) 06/07 07:28:03 Job terminated.
	(1) Normal termination (return value 0)
		Usr 0 00:01:51, Sys 0 00:00:02  -  Run Remote Usage
		Usr 0 00:00:00, Sys 0 00:00:00  -  Run Local Usage
		Usr 0 00:01:51, Sys 0 00:00:02  -  Total Remote Usage
		Usr 0 00:00:00, Sys 0 00:00:00  -  Total Local Usage
	0  -  Run Bytes Sent By Job
	0  -  Run Bytes Received By Job
	0  -  Total Bytes Sent By Job
	0  -  Total Bytes Received By Job
	Partitionable Resources :    Usage  Request Allocated
	   Cpus                 :                 1         1
	   Disk (KB)            :        1        1   3514320
	   Memory (MB)          :       41     1500      1500
...
