000 (571.000.000) 06/05 23:13:01 Job submitted from host: <134.61.5.1:9618?addrs=134.61.5.1-9618+[--1]-9618&noUDP&sock=1924_484e_15>
...
007 (571.000.000) 06/05 23:14:21 Shadow exception!
	Error from slot1_2@lxcip55.physik.rwth-aachen.de: Failed to open '/.automount/home/home__home4/institut_1b/swuchterl/SUSYDileptonGamma/myAnalyzer/logs/ST_t-channel_antitop_4f_inclusiveDecaysV2_myTuple.root.out' as standard output: No such file or directory (errno 2)
	0  -  Run Bytes Sent By Job
	0  -  Run Bytes Received By Job
...
012 (571.000.000) 06/05 23:14:21 Job was held.
	Error from slot1_2@lxcip55.physik.rwth-aachen.de: Failed to open '/.automount/home/home__home4/institut_1b/swuchterl/SUSYDileptonGamma/myAnalyzer/logs/ST_t-channel_antitop_4f_inclusiveDecaysV2_myTuple.root.out' as standard output: No such file or directory (errno 2)
	Code 7 Subcode 2
...
013 (571.000.000) 06/06 10:30:04 Job was released.
	via condor_release (by user swuchterl)
...
001 (571.000.000) 06/06 10:30:16 Job executing on host: <134.61.5.32:9618?addrs=134.61.5.32-9618+[--1]-9618&noUDP&sock=1488_3903_3>
...
006 (571.000.000) 06/06 10:30:24 Image size of job updated: 87828
	35  -  MemoryUsage of job (MB)
	35792  -  ResidentSetSize of job (KB)
...
006 (571.000.000) 06/06 10:35:23 Image size of job updated: 1187988
	1079  -  MemoryUsage of job (MB)
	1104544  -  ResidentSetSize of job (KB)
...
010 (571.000.000) 06/06 10:36:01 Job was suspended.
	Number of processes actually suspended: 3
...
006 (571.000.000) 06/06 10:36:01 Image size of job updated: 1223960
	1114  -  MemoryUsage of job (MB)
	1140516  -  ResidentSetSize of job (KB)
...
011 (571.000.000) 06/06 10:36:15 Job was unsuspended.
...
006 (571.000.000) 06/06 10:40:23 Image size of job updated: 1415876
	1302  -  MemoryUsage of job (MB)
	1332432  -  ResidentSetSize of job (KB)
...
006 (571.000.000) 06/06 10:45:24 Image size of job updated: 1553568
	1436  -  MemoryUsage of job (MB)
	1469668  -  ResidentSetSize of job (KB)
...
006 (571.000.000) 06/06 10:50:24 Image size of job updated: 1655240
	1485  -  MemoryUsage of job (MB)
	1519652  -  ResidentSetSize of job (KB)
...
006 (571.000.000) 06/06 10:55:25 Image size of job updated: 1663296
	1485  -  MemoryUsage of job (MB)
	1519652  -  ResidentSetSize of job (KB)
...
006 (571.000.000) 06/06 11:05:25 Image size of job updated: 1668500
	1485  -  MemoryUsage of job (MB)
	1519652  -  ResidentSetSize of job (KB)
...
010 (571.000.000) 06/06 11:14:55 Job was suspended.
	Number of processes actually suspended: 3
...
011 (571.000.000) 06/06 11:15:15 Job was unsuspended.
...
006 (571.000.000) 06/06 11:30:29 Image size of job updated: 1689764
	1485  -  MemoryUsage of job (MB)
	1519652  -  ResidentSetSize of job (KB)
...
006 (571.000.000) 06/06 11:35:28 Image size of job updated: 1690144
	1485  -  MemoryUsage of job (MB)
	1519652  -  ResidentSetSize of job (KB)
...
006 (571.000.000) 06/06 11:35:39 Image size of job updated: 1697160
	1485  -  MemoryUsage of job (MB)
	1519652  -  ResidentSetSize of job (KB)
...
005 (571.000.000) 06/06 11:35:39 Job terminated.
	(1) Normal termination (return value 0)
		Usr 0 01:03:19, Sys 0 00:00:05  -  Run Remote Usage
		Usr 0 00:00:00, Sys 0 00:00:00  -  Run Local Usage
		Usr 0 01:03:19, Sys 0 00:00:05  -  Total Remote Usage
		Usr 0 00:00:00, Sys 0 00:00:00  -  Total Local Usage
	0  -  Run Bytes Sent By Job
	0  -  Run Bytes Received By Job
	0  -  Total Bytes Sent By Job
	0  -  Total Bytes Received By Job
	Partitionable Resources :    Usage  Request Allocated
	   Cpus                 :                 1         1
	   Disk (KB)            :        1        1  13152455
	   Memory (MB)          :     1485     1500      1500
...
000 (703.000.000) 06/07 07:21:27 Job submitted from host: <134.61.5.1:9618?addrs=134.61.5.1-9618+[--1]-9618&noUDP&sock=1924_484e_15>
...
001 (703.000.000) 06/07 07:25:45 Job executing on host: <134.61.17.149:9618?addrs=134.61.17.149-9618+[--1]-9618&noUDP&sock=166122_73fa_3>
...
006 (703.000.000) 06/07 07:25:54 Image size of job updated: 72884
	41  -  MemoryUsage of job (MB)
	40968  -  ResidentSetSize of job (KB)
...
006 (703.000.000) 06/07 07:27:48 Image size of job updated: 72884
	41  -  MemoryUsage of job (MB)
	41000  -  ResidentSetSize of job (KB)
...
005 (703.000.000) 06/07 07:27:48 Job terminated.
	(1) Normal termination (return value 0)
		Usr 0 00:01:36, Sys 0 00:00:02  -  Run Remote Usage
		Usr 0 00:00:00, Sys 0 00:00:00  -  Run Local Usage
		Usr 0 00:01:36, Sys 0 00:00:02  -  Total Remote Usage
		Usr 0 00:00:00, Sys 0 00:00:00  -  Total Local Usage
	0  -  Run Bytes Sent By Job
	0  -  Run Bytes Received By Job
	0  -  Total Bytes Sent By Job
	0  -  Total Bytes Received By Job
	Partitionable Resources :    Usage  Request Allocated
	   Cpus                 :                 1         1
	   Disk (KB)            :        1        1   3514320
	   Memory (MB)          :       41     1500      1500
...
