000 (575.000.000) 06/05 23:13:02 Job submitted from host: <134.61.5.1:9618?addrs=134.61.5.1-9618+[--1]-9618&noUDP&sock=1924_484e_15>
...
001 (575.000.000) 06/05 23:14:20 Job executing on host: <134.61.17.181:9618?addrs=134.61.17.181-9618+[--1]-9618&noUDP&sock=4504_f2a6_3>
...
006 (575.000.000) 06/05 23:14:29 Image size of job updated: 100732
	92  -  MemoryUsage of job (MB)
	94112  -  ResidentSetSize of job (KB)
...
006 (575.000.000) 06/05 23:19:30 Image size of job updated: 937928
	915  -  MemoryUsage of job (MB)
	936840  -  ResidentSetSize of job (KB)
...
006 (575.000.000) 06/05 23:24:30 Image size of job updated: 1152148
	1125  -  MemoryUsage of job (MB)
	1151060  -  ResidentSetSize of job (KB)
...
006 (575.000.000) 06/05 23:29:31 Image size of job updated: 1323892
	1292  -  MemoryUsage of job (MB)
	1322804  -  ResidentSetSize of job (KB)
...
006 (575.000.000) 06/05 23:30:54 Image size of job updated: 1414428
	1292  -  MemoryUsage of job (MB)
	1322804  -  ResidentSetSize of job (KB)
...
005 (575.000.000) 06/05 23:30:54 Job terminated.
	(1) Normal termination (return value 134)
		Usr 0 00:16:20, Sys 0 00:00:03  -  Run Remote Usage
		Usr 0 00:00:00, Sys 0 00:00:00  -  Run Local Usage
		Usr 0 00:16:20, Sys 0 00:00:03  -  Total Remote Usage
		Usr 0 00:00:00, Sys 0 00:00:00  -  Total Local Usage
	0  -  Run Bytes Sent By Job
	0  -  Run Bytes Received By Job
	0  -  Total Bytes Sent By Job
	0  -  Total Bytes Received By Job
	Partitionable Resources :    Usage  Request Allocated
	   Cpus                 :                 1         1
	   Disk (KB)            :        1        1   1556473
	   Memory (MB)          :     1292     1500      1500
...
000 (707.000.000) 06/07 07:21:27 Job submitted from host: <134.61.5.1:9618?addrs=134.61.5.1-9618+[--1]-9618&noUDP&sock=1924_484e_15>
...
001 (707.000.000) 06/07 07:26:45 Job executing on host: <134.61.5.28:9618?addrs=134.61.5.28-9618+[--1]-9618&noUDP&sock=1692_2655_3>
...
006 (707.000.000) 06/07 07:26:54 Image size of job updated: 266436
	219  -  MemoryUsage of job (MB)
	223492  -  ResidentSetSize of job (KB)
...
006 (707.000.000) 06/07 07:28:09 Image size of job updated: 266436
	219  -  MemoryUsage of job (MB)
	223616  -  ResidentSetSize of job (KB)
...
005 (707.000.000) 06/07 07:28:09 Job terminated.
	(1) Normal termination (return value 0)
		Usr 0 00:01:05, Sys 0 00:00:01  -  Run Remote Usage
		Usr 0 00:00:00, Sys 0 00:00:00  -  Run Local Usage
		Usr 0 00:01:05, Sys 0 00:00:01  -  Total Remote Usage
		Usr 0 00:00:00, Sys 0 00:00:00  -  Total Local Usage
	0  -  Run Bytes Sent By Job
	0  -  Run Bytes Received By Job
	0  -  Total Bytes Sent By Job
	0  -  Total Bytes Received By Job
	Partitionable Resources :    Usage  Request Allocated
	   Cpus                 :                 1         1
	   Disk (KB)            :        1        1   9608780
	   Memory (MB)          :      219     1500      1500
...
