000 (612.000.000) 06/05 23:13:07 Job submitted from host: <134.61.5.1:9618?addrs=134.61.5.1-9618+[--1]-9618&noUDP&sock=1924_484e_15>
...
007 (612.000.000) 06/05 23:15:21 Shadow exception!
	Error from slot1_4@lxcip55.physik.rwth-aachen.de: Failed to open '/.automount/home/home__home4/institut_1b/swuchterl/SUSYDileptonGamma/myAnalyzer/logs/TTGamma_Dilept-amcatnlo_myTuple.root.out' as standard output: No such file or directory (errno 2)
	0  -  Run Bytes Sent By Job
	0  -  Run Bytes Received By Job
...
012 (612.000.000) 06/05 23:15:21 Job was held.
	Error from slot1_4@lxcip55.physik.rwth-aachen.de: Failed to open '/.automount/home/home__home4/institut_1b/swuchterl/SUSYDileptonGamma/myAnalyzer/logs/TTGamma_Dilept-amcatnlo_myTuple.root.out' as standard output: No such file or directory (errno 2)
	Code 7 Subcode 2
...
013 (612.000.000) 06/06 10:30:04 Job was released.
	via condor_release (by user swuchterl)
...
001 (612.000.000) 06/06 10:32:19 Job executing on host: <134.61.13.27:9618?addrs=134.61.13.27-9618+[--1]-9618&noUDP&sock=1500_7426_18>
...
006 (612.000.000) 06/06 10:32:27 Image size of job updated: 10552
	8  -  MemoryUsage of job (MB)
	7312  -  ResidentSetSize of job (KB)
...
010 (612.000.000) 06/06 10:33:49 Job was suspended.
	Number of processes actually suspended: 3
...
006 (612.000.000) 06/06 10:33:49 Image size of job updated: 714016
	666  -  MemoryUsage of job (MB)
	681948  -  ResidentSetSize of job (KB)
...
011 (612.000.000) 06/06 10:38:55 Job was unsuspended.
...
010 (612.000.000) 06/06 10:39:30 Job was suspended.
	Number of processes actually suspended: 3
...
006 (612.000.000) 06/06 10:39:30 Image size of job updated: 777780
	729  -  MemoryUsage of job (MB)
	745712  -  ResidentSetSize of job (KB)
...
011 (612.000.000) 06/06 10:50:02 Job was unsuspended.
...
006 (612.000.000) 06/06 10:52:29 Image size of job updated: 972472
	919  -  MemoryUsage of job (MB)
	940404  -  ResidentSetSize of job (KB)
...
006 (612.000.000) 06/06 10:57:28 Image size of job updated: 1205484
	1146  -  MemoryUsage of job (MB)
	1173416  -  ResidentSetSize of job (KB)
...
010 (612.000.000) 06/06 11:01:39 Job was suspended.
	Number of processes actually suspended: 3
...
006 (612.000.000) 06/06 11:01:39 Image size of job updated: 1360096
	1297  -  MemoryUsage of job (MB)
	1328028  -  ResidentSetSize of job (KB)
...
011 (612.000.000) 06/06 11:08:13 Job was unsuspended.
...
006 (612.000.000) 06/06 11:12:30 Image size of job updated: 1786132
	1739  -  MemoryUsage of job (MB)
	1780364  -  ResidentSetSize of job (KB)
...
009 (612.000.000) 06/06 11:12:30 Job was aborted by the user.
	The system macro SYSTEM_PERIODIC_REMOVE expression '( ( ( ( ResidentSetSize + 1023 ) / 1024 ) > 1.1 * RequestMemory ) || ( ( JobStatus == 2 ) && ( ( CurrentTime - EnteredCurrentStatus ) > ( 7 * 24 * 60 * 60 ) ) ) )' evaluated to TRUE
...
000 (727.000.000) 06/07 07:21:30 Job submitted from host: <134.61.5.1:9618?addrs=134.61.5.1-9618+[--1]-9618&noUDP&sock=1924_484e_15>
...
001 (727.000.000) 06/07 07:29:46 Job executing on host: <134.61.17.154:9618?addrs=134.61.17.154-9618+[--1]-9618&noUDP&sock=1513_5ee1_3>
...
006 (727.000.000) 06/07 07:29:54 Image size of job updated: 279120
	197  -  MemoryUsage of job (MB)
	201396  -  ResidentSetSize of job (KB)
...
006 (727.000.000) 06/07 07:34:54 Image size of job updated: 684796
	591  -  MemoryUsage of job (MB)
	604980  -  ResidentSetSize of job (KB)
...
006 (727.000.000) 06/07 07:39:55 Image size of job updated: 684868
	591  -  MemoryUsage of job (MB)
	604980  -  ResidentSetSize of job (KB)
...
005 (727.000.000) 06/07 07:42:10 Job terminated.
	(1) Normal termination (return value 0)
		Usr 0 00:10:44, Sys 0 00:00:04  -  Run Remote Usage
		Usr 0 00:00:00, Sys 0 00:00:00  -  Run Local Usage
		Usr 0 00:10:44, Sys 0 00:00:04  -  Total Remote Usage
		Usr 0 00:00:00, Sys 0 00:00:00  -  Total Local Usage
	0  -  Run Bytes Sent By Job
	0  -  Run Bytes Received By Job
	0  -  Total Bytes Sent By Job
	0  -  Total Bytes Received By Job
	Partitionable Resources :    Usage  Request Allocated
	   Cpus                 :                 1         1
	   Disk (KB)            :        1        1   3525819
	   Memory (MB)          :      591     1500      1500
...
