000 (708.000.000) 06/07 07:21:27 Job submitted from host: <134.61.5.1:9618?addrs=134.61.5.1-9618+[--1]-9618&noUDP&sock=1924_484e_15>
...
001 (708.000.000) 06/07 07:26:45 Job executing on host: <134.61.17.183:9618?addrs=134.61.17.183-9618+[--1]-9618&noUDP&sock=5023_f04d_3>
...
006 (708.000.000) 06/07 07:26:54 Image size of job updated: 217156
	180  -  MemoryUsage of job (MB)
	184132  -  ResidentSetSize of job (KB)
...
006 (708.000.000) 06/07 07:31:55 Image size of job updated: 684676
	631  -  MemoryUsage of job (MB)
	645756  -  ResidentSetSize of job (KB)
...
006 (708.000.000) 06/07 07:36:56 Image size of job updated: 688152
	635  -  MemoryUsage of job (MB)
	649232  -  ResidentSetSize of job (KB)
...
006 (708.000.000) 06/07 07:41:56 Image size of job updated: 688224
	635  -  MemoryUsage of job (MB)
	649232  -  ResidentSetSize of job (KB)
...
006 (708.000.000) 06/07 07:46:57 Image size of job updated: 688348
	635  -  MemoryUsage of job (MB)
	649232  -  ResidentSetSize of job (KB)
...
005 (708.000.000) 06/07 08:46:32 Job terminated.
	(1) Normal termination (return value 0)
		Usr 0 01:03:04, Sys 0 00:01:13  -  Run Remote Usage
		Usr 0 00:00:00, Sys 0 00:00:00  -  Run Local Usage
		Usr 0 01:03:04, Sys 0 00:01:13  -  Total Remote Usage
		Usr 0 00:00:00, Sys 0 00:00:00  -  Total Local Usage
	0  -  Run Bytes Sent By Job
	0  -  Run Bytes Received By Job
	0  -  Total Bytes Sent By Job
	0  -  Total Bytes Received By Job
	Partitionable Resources :    Usage  Request Allocated
	   Cpus                 :                 1         1
	   Disk (KB)            :        1        1   1556473
	   Memory (MB)          :      635     1500      1500
...
