000 (611.000.000) 06/05 23:13:07 Job submitted from host: <134.61.5.1:9618?addrs=134.61.5.1-9618+[--1]-9618&noUDP&sock=1924_484e_15>
...
007 (611.000.000) 06/05 23:15:21 Shadow exception!
	Error from slot1_3@lxcip55.physik.rwth-aachen.de: Failed to open '/.automount/home/home__home4/institut_1b/swuchterl/SUSYDileptonGamma/myAnalyzer/logs/WGToLNuG-amcatnloFXFX_ext_myTuple.root.out' as standard output: No such file or directory (errno 2)
	0  -  Run Bytes Sent By Job
	0  -  Run Bytes Received By Job
...
012 (611.000.000) 06/05 23:15:21 Job was held.
	Error from slot1_3@lxcip55.physik.rwth-aachen.de: Failed to open '/.automount/home/home__home4/institut_1b/swuchterl/SUSYDileptonGamma/myAnalyzer/logs/WGToLNuG-amcatnloFXFX_ext_myTuple.root.out' as standard output: No such file or directory (errno 2)
	Code 7 Subcode 2
...
013 (611.000.000) 06/06 10:30:04 Job was released.
	via condor_release (by user swuchterl)
...
001 (611.000.000) 06/06 10:32:19 Job executing on host: <134.61.17.129:9618?addrs=134.61.17.129-9618+[--1]-9618&noUDP&sock=467123_1a54_3>
...
006 (611.000.000) 06/06 10:32:27 Image size of job updated: 333576
	247  -  MemoryUsage of job (MB)
	252352  -  ResidentSetSize of job (KB)
...
006 (611.000.000) 06/06 10:37:27 Image size of job updated: 1261180
	1152  -  MemoryUsage of job (MB)
	1179112  -  ResidentSetSize of job (KB)
...
006 (611.000.000) 06/06 10:42:28 Image size of job updated: 1544428
	1428  -  MemoryUsage of job (MB)
	1461928  -  ResidentSetSize of job (KB)
...
006 (611.000.000) 06/06 10:47:29 Image size of job updated: 1733700
	1613  -  MemoryUsage of job (MB)
	1651076  -  ResidentSetSize of job (KB)
...
006 (611.000.000) 06/06 10:52:29 Image size of job updated: 1753840
	1632  -  MemoryUsage of job (MB)
	1671144  -  ResidentSetSize of job (KB)
...
005 (611.000.000) 06/06 10:53:18 Job terminated.
	(1) Normal termination (return value 0)
		Usr 0 00:20:53, Sys 0 00:00:01  -  Run Remote Usage
		Usr 0 00:00:00, Sys 0 00:00:00  -  Run Local Usage
		Usr 0 00:20:53, Sys 0 00:00:01  -  Total Remote Usage
		Usr 0 00:00:00, Sys 0 00:00:00  -  Total Local Usage
	0  -  Run Bytes Sent By Job
	0  -  Run Bytes Received By Job
	0  -  Total Bytes Sent By Job
	0  -  Total Bytes Received By Job
	Partitionable Resources :    Usage  Request Allocated
	   Cpus                 :                 1         1
	   Disk (KB)            :        1        1   3533159
	   Memory (MB)          :     1632     1500      1500
...
000 (726.000.000) 06/07 07:21:30 Job submitted from host: <134.61.5.1:9618?addrs=134.61.5.1-9618+[--1]-9618&noUDP&sock=1924_484e_15>
...
001 (726.000.000) 06/07 07:29:46 Job executing on host: <134.61.15.44:9618?addrs=134.61.15.44-9618+[--1]-9618&noUDP&sock=2138_1192_3>
...
006 (726.000.000) 06/07 07:29:54 Image size of job updated: 218136
	141  -  MemoryUsage of job (MB)
	144376  -  ResidentSetSize of job (KB)
...
006 (726.000.000) 06/07 07:30:32 Image size of job updated: 635168
	142  -  MemoryUsage of job (MB)
	144400  -  ResidentSetSize of job (KB)
...
005 (726.000.000) 06/07 07:30:32 Job terminated.
	(1) Normal termination (return value 0)
		Usr 0 00:00:39, Sys 0 00:00:01  -  Run Remote Usage
		Usr 0 00:00:00, Sys 0 00:00:00  -  Run Local Usage
		Usr 0 00:00:39, Sys 0 00:00:01  -  Total Remote Usage
		Usr 0 00:00:00, Sys 0 00:00:00  -  Total Local Usage
	0  -  Run Bytes Sent By Job
	0  -  Run Bytes Received By Job
	0  -  Total Bytes Sent By Job
	0  -  Total Bytes Received By Job
	Partitionable Resources :    Usage  Request Allocated
	   Cpus                 :                 1         1
	   Disk (KB)            :        1        1  17959764
	   Memory (MB)          :      142     1500      1500
...
