000 (588.000.000) 06/05 23:13:04 Job submitted from host: <134.61.5.1:9618?addrs=134.61.5.1-9618+[--1]-9618&noUDP&sock=1924_484e_15>
...
007 (588.000.000) 06/05 23:14:22 Shadow exception!
	Error from slot1_5@lxcip55.physik.rwth-aachen.de: Failed to open '/.automount/home/home__home4/institut_1b/swuchterl/SUSYDileptonGamma/myAnalyzer/logs/WJetsToLNu-amcatnloFXFX_Total_myTuple.root.out' as standard output: No such file or directory (errno 2)
	0  -  Run Bytes Sent By Job
	0  -  Run Bytes Received By Job
...
012 (588.000.000) 06/05 23:14:22 Job was held.
	Error from slot1_5@lxcip55.physik.rwth-aachen.de: Failed to open '/.automount/home/home__home4/institut_1b/swuchterl/SUSYDileptonGamma/myAnalyzer/logs/WJetsToLNu-amcatnloFXFX_Total_myTuple.root.out' as standard output: No such file or directory (errno 2)
	Code 7 Subcode 2
...
013 (588.000.000) 06/06 10:30:04 Job was released.
	via condor_release (by user swuchterl)
...
001 (588.000.000) 06/06 10:30:16 Job executing on host: <134.61.5.11:9618?addrs=134.61.5.11-9618+[--1]-9618&noUDP&sock=1517_1d42_3>
...
006 (588.000.000) 06/06 10:30:24 Image size of job updated: 173784
	154  -  MemoryUsage of job (MB)
	156788  -  ResidentSetSize of job (KB)
...
006 (588.000.000) 06/06 10:35:24 Image size of job updated: 1097760
	1055  -  MemoryUsage of job (MB)
	1079472  -  ResidentSetSize of job (KB)
...
010 (588.000.000) 06/06 10:38:24 Job was suspended.
	Number of processes actually suspended: 3
...
006 (588.000.000) 06/06 10:38:24 Image size of job updated: 1275856
	1229  -  MemoryUsage of job (MB)
	1257568  -  ResidentSetSize of job (KB)
...
006 (588.000.000) 06/06 10:40:24 Image size of job updated: 1275868
	1229  -  MemoryUsage of job (MB)
	1257568  -  ResidentSetSize of job (KB)
...
011 (588.000.000) 06/06 10:42:15 Job was unsuspended.
...
006 (588.000.000) 06/06 10:45:24 Image size of job updated: 1471496
	1420  -  MemoryUsage of job (MB)
	1453200  -  ResidentSetSize of job (KB)
...
010 (588.000.000) 06/06 10:46:35 Job was suspended.
	Number of processes actually suspended: 3
...
006 (588.000.000) 06/06 10:46:35 Image size of job updated: 1487928
	1436  -  MemoryUsage of job (MB)
	1469632  -  ResidentSetSize of job (KB)
...
011 (588.000.000) 06/06 10:48:25 Job was unsuspended.
...
006 (588.000.000) 06/06 10:50:24 Image size of job updated: 1488280
	1436  -  MemoryUsage of job (MB)
	1469984  -  ResidentSetSize of job (KB)
...
006 (588.000.000) 06/06 10:55:25 Image size of job updated: 1512204
	1459  -  MemoryUsage of job (MB)
	1493908  -  ResidentSetSize of job (KB)
...
006 (588.000.000) 06/06 11:00:25 Image size of job updated: 1539220
	1486  -  MemoryUsage of job (MB)
	1520908  -  ResidentSetSize of job (KB)
...
005 (588.000.000) 06/06 11:05:19 Job terminated.
	(1) Normal termination (return value 0)
		Usr 0 00:26:36, Sys 0 00:00:28  -  Run Remote Usage
		Usr 0 00:00:00, Sys 0 00:00:00  -  Run Local Usage
		Usr 0 00:26:36, Sys 0 00:00:28  -  Total Remote Usage
		Usr 0 00:00:00, Sys 0 00:00:00  -  Total Local Usage
	0  -  Run Bytes Sent By Job
	0  -  Run Bytes Received By Job
	0  -  Total Bytes Sent By Job
	0  -  Total Bytes Received By Job
	Partitionable Resources :    Usage  Request Allocated
	   Cpus                 :                 1         1
	   Disk (KB)            :        1        1  17595592
	   Memory (MB)          :     1486     1500      1500
...
000 (711.000.000) 06/07 07:21:28 Job submitted from host: <134.61.5.1:9618?addrs=134.61.5.1-9618+[--1]-9618&noUDP&sock=1924_484e_15>
...
001 (711.000.000) 06/07 07:26:45 Job executing on host: <134.61.17.183:9618?addrs=134.61.17.183-9618+[--1]-9618&noUDP&sock=5023_f04d_3>
...
006 (711.000.000) 06/07 07:26:54 Image size of job updated: 153104
	118  -  MemoryUsage of job (MB)
	120248  -  ResidentSetSize of job (KB)
...
006 (711.000.000) 06/07 07:27:21 Image size of job updated: 153104
	118  -  MemoryUsage of job (MB)
	120488  -  ResidentSetSize of job (KB)
...
005 (711.000.000) 06/07 07:27:21 Job terminated.
	(1) Normal termination (return value 0)
		Usr 0 00:00:24, Sys 0 00:00:01  -  Run Remote Usage
		Usr 0 00:00:00, Sys 0 00:00:00  -  Run Local Usage
		Usr 0 00:00:24, Sys 0 00:00:01  -  Total Remote Usage
		Usr 0 00:00:00, Sys 0 00:00:00  -  Total Local Usage
	0  -  Run Bytes Sent By Job
	0  -  Run Bytes Received By Job
	0  -  Total Bytes Sent By Job
	0  -  Total Bytes Received By Job
	Partitionable Resources :    Usage  Request Allocated
	   Cpus                 :                 1         1
	   Disk (KB)            :        1        1   1556473
	   Memory (MB)          :      118     1500      1500
...
