000 (606.000.000) 06/05 23:13:06 Job submitted from host: <134.61.5.1:9618?addrs=134.61.5.1-9618+[--1]-9618&noUDP&sock=1924_484e_15>
...
001 (606.000.000) 06/05 23:15:21 Job executing on host: <134.61.15.46:9618?addrs=134.61.15.46-9618+[--1]-9618&noUDP&sock=1419_e4fa_24>
...
006 (606.000.000) 06/05 23:15:29 Image size of job updated: 95976
	41  -  MemoryUsage of job (MB)
	41764  -  ResidentSetSize of job (KB)
...
006 (606.000.000) 06/05 23:20:29 Image size of job updated: 1174832
	1066  -  MemoryUsage of job (MB)
	1091412  -  ResidentSetSize of job (KB)
...
010 (606.000.000) 06/05 23:24:19 Job was suspended.
	Number of processes actually suspended: 3
...
006 (606.000.000) 06/05 23:24:19 Image size of job updated: 1367760
	1255  -  MemoryUsage of job (MB)
	1284340  -  ResidentSetSize of job (KB)
...
011 (606.000.000) 06/05 23:24:34 Job was unsuspended.
...
006 (606.000.000) 06/05 23:25:30 Image size of job updated: 1409224
	1295  -  MemoryUsage of job (MB)
	1325804  -  ResidentSetSize of job (KB)
...
006 (606.000.000) 06/05 23:30:30 Image size of job updated: 1731600
	1609  -  MemoryUsage of job (MB)
	1647500  -  ResidentSetSize of job (KB)
...
005 (606.000.000) 06/05 23:37:26 Job terminated.
	(1) Normal termination (return value 0)
		Usr 0 00:21:20, Sys 0 00:00:03  -  Run Remote Usage
		Usr 0 00:00:00, Sys 0 00:00:00  -  Run Local Usage
		Usr 0 00:21:20, Sys 0 00:00:03  -  Total Remote Usage
		Usr 0 00:00:00, Sys 0 00:00:00  -  Total Local Usage
	0  -  Run Bytes Sent By Job
	0  -  Run Bytes Received By Job
	0  -  Total Bytes Sent By Job
	0  -  Total Bytes Received By Job
	Partitionable Resources :    Usage  Request Allocated
	   Cpus                 :                 1         1
	   Disk (KB)            :        1        1   3537393
	   Memory (MB)          :     1609     1500      1500
...
000 (721.000.000) 06/07 07:21:29 Job submitted from host: <134.61.5.1:9618?addrs=134.61.5.1-9618+[--1]-9618&noUDP&sock=1924_484e_15>
...
001 (721.000.000) 06/07 07:27:45 Job executing on host: <134.61.15.44:9618?addrs=134.61.15.44-9618+[--1]-9618&noUDP&sock=2138_1192_3>
...
006 (721.000.000) 06/07 07:27:54 Image size of job updated: 143668
	96  -  MemoryUsage of job (MB)
	97420  -  ResidentSetSize of job (KB)
...
006 (721.000.000) 06/07 07:28:24 Image size of job updated: 143668
	96  -  MemoryUsage of job (MB)
	97500  -  ResidentSetSize of job (KB)
...
005 (721.000.000) 06/07 07:28:24 Job terminated.
	(1) Normal termination (return value 0)
		Usr 0 00:00:31, Sys 0 00:00:01  -  Run Remote Usage
		Usr 0 00:00:00, Sys 0 00:00:00  -  Run Local Usage
		Usr 0 00:00:31, Sys 0 00:00:01  -  Total Remote Usage
		Usr 0 00:00:00, Sys 0 00:00:00  -  Total Local Usage
	0  -  Run Bytes Sent By Job
	0  -  Run Bytes Received By Job
	0  -  Total Bytes Sent By Job
	0  -  Total Bytes Received By Job
	Partitionable Resources :    Usage  Request Allocated
	   Cpus                 :                 1         1
	   Disk (KB)            :        1        1  17959764
	   Memory (MB)          :       96     1500      1500
...
