000 (613.000.000) 06/05 23:13:07 Job submitted from host: <134.61.5.1:9618?addrs=134.61.5.1-9618+[--1]-9618&noUDP&sock=1924_484e_15>
...
007 (613.000.000) 06/05 23:15:21 Shadow exception!
	Error from slot1_3@lxcip55.physik.rwth-aachen.de: Failed to open '/.automount/home/home__home4/institut_1b/swuchterl/SUSYDileptonGamma/myAnalyzer/logs/WZTo3LNu_Total_myTuple.root.out' as standard output: No such file or directory (errno 2)
	0  -  Run Bytes Sent By Job
	0  -  Run Bytes Received By Job
...
012 (613.000.000) 06/05 23:15:21 Job was held.
	Error from slot1_3@lxcip55.physik.rwth-aachen.de: Failed to open '/.automount/home/home__home4/institut_1b/swuchterl/SUSYDileptonGamma/myAnalyzer/logs/WZTo3LNu_Total_myTuple.root.out' as standard output: No such file or directory (errno 2)
	Code 7 Subcode 2
...
013 (613.000.000) 06/06 10:30:04 Job was released.
	via condor_release (by user swuchterl)
...
001 (613.000.000) 06/06 10:32:19 Job executing on host: <134.61.17.167:9618?addrs=134.61.17.167-9618+[--1]-9618&noUDP&sock=4649_67e1_3>
...
006 (613.000.000) 06/06 10:32:27 Image size of job updated: 227876
	191  -  MemoryUsage of job (MB)
	194960  -  ResidentSetSize of job (KB)
...
010 (613.000.000) 06/06 10:36:06 Job was suspended.
	Number of processes actually suspended: 3
...
006 (613.000.000) 06/06 10:36:06 Image size of job updated: 1013568
	957  -  MemoryUsage of job (MB)
	979112  -  ResidentSetSize of job (KB)
...
011 (613.000.000) 06/06 10:37:41 Job was unsuspended.
...
006 (613.000.000) 06/06 10:42:28 Image size of job updated: 1295840
	1232  -  MemoryUsage of job (MB)
	1261564  -  ResidentSetSize of job (KB)
...
006 (613.000.000) 06/06 10:47:29 Image size of job updated: 1783116
	1708  -  MemoryUsage of job (MB)
	1748628  -  ResidentSetSize of job (KB)
...
009 (613.000.000) 06/06 10:47:29 Job was aborted by the user.
	The system macro SYSTEM_PERIODIC_REMOVE expression '( ( ( ( ResidentSetSize + 1023 ) / 1024 ) > 1.1 * RequestMemory ) || ( ( JobStatus == 2 ) && ( ( CurrentTime - EnteredCurrentStatus ) > ( 7 * 24 * 60 * 60 ) ) ) )' evaluated to TRUE
...
000 (728.000.000) 06/07 07:21:31 Job submitted from host: <134.61.5.1:9618?addrs=134.61.5.1-9618+[--1]-9618&noUDP&sock=1924_484e_15>
...
001 (728.000.000) 06/07 07:29:46 Job executing on host: <134.61.17.149:9618?addrs=134.61.17.149-9618+[--1]-9618&noUDP&sock=166122_73fa_3>
...
006 (728.000.000) 06/07 07:29:54 Image size of job updated: 227852
	151  -  MemoryUsage of job (MB)
	153888  -  ResidentSetSize of job (KB)
...
006 (728.000.000) 06/07 07:34:54 Image size of job updated: 698340
	604  -  MemoryUsage of job (MB)
	618340  -  ResidentSetSize of job (KB)
...
005 (728.000.000) 06/07 07:53:44 Job terminated.
	(1) Normal termination (return value 0)
		Usr 0 00:22:02, Sys 0 00:00:08  -  Run Remote Usage
		Usr 0 00:00:00, Sys 0 00:00:00  -  Run Local Usage
		Usr 0 00:22:02, Sys 0 00:00:08  -  Total Remote Usage
		Usr 0 00:00:00, Sys 0 00:00:00  -  Total Local Usage
	0  -  Run Bytes Sent By Job
	0  -  Run Bytes Received By Job
	0  -  Total Bytes Sent By Job
	0  -  Total Bytes Received By Job
	Partitionable Resources :    Usage  Request Allocated
	   Cpus                 :                 1         1
	   Disk (KB)            :        1        1   3514320
	   Memory (MB)          :      604     1500      1500
...
