000 (587.000.000) 06/05 23:13:04 Job submitted from host: <134.61.5.1:9618?addrs=134.61.5.1-9618+[--1]-9618&noUDP&sock=1924_484e_15>
...
007 (587.000.000) 06/05 23:14:21 Shadow exception!
	Error from slot1_4@lxcip55.physik.rwth-aachen.de: Failed to open '/.automount/home/home__home4/institut_1b/swuchterl/SUSYDileptonGamma/myAnalyzer/logs/ZGTo2LG_Total_myTuple.root.out' as standard output: No such file or directory (errno 2)
	0  -  Run Bytes Sent By Job
	0  -  Run Bytes Received By Job
...
012 (587.000.000) 06/05 23:14:21 Job was held.
	Error from slot1_4@lxcip55.physik.rwth-aachen.de: Failed to open '/.automount/home/home__home4/institut_1b/swuchterl/SUSYDileptonGamma/myAnalyzer/logs/ZGTo2LG_Total_myTuple.root.out' as standard output: No such file or directory (errno 2)
	Code 7 Subcode 2
...
013 (587.000.000) 06/06 10:30:04 Job was released.
	via condor_release (by user swuchterl)
...
001 (587.000.000) 06/06 10:30:16 Job executing on host: <134.61.5.11:9618?addrs=134.61.5.11-9618+[--1]-9618&noUDP&sock=1517_1d42_3>
...
006 (587.000.000) 06/06 10:30:24 Image size of job updated: 180856
	158  -  MemoryUsage of job (MB)
	161512  -  ResidentSetSize of job (KB)
...
006 (587.000.000) 06/06 10:35:24 Image size of job updated: 1147752
	1101  -  MemoryUsage of job (MB)
	1126976  -  ResidentSetSize of job (KB)
...
006 (587.000.000) 06/06 10:40:24 Image size of job updated: 1635592
	1481  -  MemoryUsage of job (MB)
	1516304  -  ResidentSetSize of job (KB)
...
010 (587.000.000) 06/06 10:40:30 Job was suspended.
	Number of processes actually suspended: 3
...
006 (587.000.000) 06/06 10:40:30 Image size of job updated: 1659984
	1505  -  MemoryUsage of job (MB)
	1540712  -  ResidentSetSize of job (KB)
...
011 (587.000.000) 06/06 10:41:01 Job was unsuspended.
...
006 (587.000.000) 06/06 10:45:25 Image size of job updated: 1757912
	1604  -  MemoryUsage of job (MB)
	1641604  -  ResidentSetSize of job (KB)
...
006 (587.000.000) 06/06 10:50:25 Image size of job updated: 1759828
	1606  -  MemoryUsage of job (MB)
	1643608  -  ResidentSetSize of job (KB)
...
006 (587.000.000) 06/06 10:55:26 Image size of job updated: 1816872
	1606  -  MemoryUsage of job (MB)
	1643608  -  ResidentSetSize of job (KB)
...
006 (587.000.000) 06/06 11:00:27 Image size of job updated: 1817064
	1606  -  MemoryUsage of job (MB)
	1643608  -  ResidentSetSize of job (KB)
...
010 (587.000.000) 06/06 11:05:22 Job was suspended.
	Number of processes actually suspended: 3
...
011 (587.000.000) 06/06 11:05:42 Job was unsuspended.
...
010 (587.000.000) 06/06 11:12:22 Job was suspended.
	Number of processes actually suspended: 3
...
011 (587.000.000) 06/06 11:16:08 Job was unsuspended.
...
010 (587.000.000) 06/06 11:16:28 Job was suspended.
	Number of processes actually suspended: 3
...
011 (587.000.000) 06/06 11:19:03 Job was unsuspended.
...
010 (587.000.000) 06/06 11:19:08 Job was suspended.
	Number of processes actually suspended: 3
...
011 (587.000.000) 06/06 11:32:05 Job was unsuspended.
...
010 (587.000.000) 06/06 11:32:10 Job was suspended.
	Number of processes actually suspended: 3
...
011 (587.000.000) 06/06 11:32:25 Job was unsuspended.
...
006 (587.000.000) 06/06 11:50:30 Image size of job updated: 1827888
	1606  -  MemoryUsage of job (MB)
	1643608  -  ResidentSetSize of job (KB)
...
006 (587.000.000) 06/06 11:55:30 Image size of job updated: 1841448
	1606  -  MemoryUsage of job (MB)
	1643608  -  ResidentSetSize of job (KB)
...
010 (587.000.000) 06/06 12:06:58 Job was suspended.
	Number of processes actually suspended: 3
...
004 (587.000.000) 06/06 12:45:12 Job was evicted.
	(0) Job was not checkpointed.
		Usr 0 01:15:46, Sys 0 00:00:03  -  Run Remote Usage
		Usr 0 00:00:00, Sys 0 00:00:00  -  Run Local Usage
	0  -  Run Bytes Sent By Job
	0  -  Run Bytes Received By Job
	Partitionable Resources :    Usage  Request Allocated
	   Cpus                 :                 1         1
	   Disk (KB)            :        1        1  17595592
	   Memory (MB)          :     1606     1500      1500
...
009 (587.000.000) 06/06 12:45:12 Job was aborted by the user.
	via condor_rm (by user swuchterl)
...
000 (710.000.000) 06/07 07:21:27 Job submitted from host: <134.61.5.1:9618?addrs=134.61.5.1-9618+[--1]-9618&noUDP&sock=1924_484e_15>
...
001 (710.000.000) 06/07 07:26:45 Job executing on host: <134.61.15.74:9618?addrs=134.61.15.74-9618+[--1]-9618&noUDP&sock=1558_3ca4_3>
...
006 (710.000.000) 06/07 07:26:54 Image size of job updated: 348976
	264  -  MemoryUsage of job (MB)
	269724  -  ResidentSetSize of job (KB)
...
006 (710.000.000) 06/07 07:31:55 Image size of job updated: 629544
	558  -  MemoryUsage of job (MB)
	571036  -  ResidentSetSize of job (KB)
...
006 (710.000.000) 06/07 07:36:55 Image size of job updated: 629876
	558  -  MemoryUsage of job (MB)
	571036  -  ResidentSetSize of job (KB)
...
006 (710.000.000) 06/07 07:39:33 Image size of job updated: 630036
	558  -  MemoryUsage of job (MB)
	571036  -  ResidentSetSize of job (KB)
...
005 (710.000.000) 06/07 07:39:33 Job terminated.
	(1) Normal termination (return value 0)
		Usr 0 00:09:27, Sys 0 00:00:07  -  Run Remote Usage
		Usr 0 00:00:00, Sys 0 00:00:00  -  Run Local Usage
		Usr 0 00:09:27, Sys 0 00:00:07  -  Total Remote Usage
		Usr 0 00:00:00, Sys 0 00:00:00  -  Total Local Usage
	0  -  Run Bytes Sent By Job
	0  -  Run Bytes Received By Job
	0  -  Total Bytes Sent By Job
	0  -  Total Bytes Received By Job
	Partitionable Resources :    Usage  Request Allocated
	   Cpus                 :                 1         1
	   Disk (KB)            :        1        1  17955166
	   Memory (MB)          :      558     1500      1500
...
