000 (608.000.000) 06/05 23:13:07 Job submitted from host: <134.61.5.1:9618?addrs=134.61.5.1-9618+[--1]-9618&noUDP&sock=1924_484e_15>
...
001 (608.000.000) 06/05 23:15:21 Job executing on host: <134.61.15.74:9618?addrs=134.61.15.74-9618+[--1]-9618&noUDP&sock=1558_3ca4_3>
...
006 (608.000.000) 06/05 23:15:29 Image size of job updated: 98956
	44  -  MemoryUsage of job (MB)
	44744  -  ResidentSetSize of job (KB)
...
006 (608.000.000) 06/05 23:20:29 Image size of job updated: 1447812
	1333  -  MemoryUsage of job (MB)
	1364368  -  ResidentSetSize of job (KB)
...
006 (608.000.000) 06/05 23:25:30 Image size of job updated: 1960068
	1371  -  MemoryUsage of job (MB)
	1403668  -  ResidentSetSize of job (KB)
...
006 (608.000.000) 06/05 23:30:30 Image size of job updated: 1977572
	1371  -  MemoryUsage of job (MB)
	1403668  -  ResidentSetSize of job (KB)
...
006 (608.000.000) 06/05 23:35:30 Image size of job updated: 1978036
	1371  -  MemoryUsage of job (MB)
	1403668  -  ResidentSetSize of job (KB)
...
006 (608.000.000) 06/05 23:40:31 Image size of job updated: 1978380
	1371  -  MemoryUsage of job (MB)
	1403668  -  ResidentSetSize of job (KB)
...
010 (608.000.000) 06/06 09:48:44 Job was suspended.
	Number of processes actually suspended: 3
...
011 (608.000.000) 06/06 09:55:51 Job was unsuspended.
...
010 (608.000.000) 06/06 09:56:06 Job was suspended.
	Number of processes actually suspended: 3
...
004 (608.000.000) 06/06 10:34:23 Job was evicted.
	(0) Job was not checkpointed.
		Usr 0 10:24:02, Sys 0 00:00:17  -  Run Remote Usage
		Usr 0 00:00:00, Sys 0 00:00:00  -  Run Local Usage
	0  -  Run Bytes Sent By Job
	0  -  Run Bytes Received By Job
	Partitionable Resources :    Usage  Request Allocated
	   Cpus                 :                 1         1
	   Disk (KB)            :        1        1  17955166
	   Memory (MB)          :     1371     1500      1500
...
012 (608.000.000) 06/06 10:34:23 Job was held.
	via condor_hold (by user swuchterl)
	Code 1 Subcode 0
...
013 (608.000.000) 06/06 10:34:26 Job was released.
	via condor_release (by user swuchterl)
...
001 (608.000.000) 06/06 10:34:39 Job executing on host: <134.61.17.184:9618?addrs=134.61.17.184-9618+[--1]-9618&noUDP&sock=4527_b953_3>
...
006 (608.000.000) 06/06 10:49:49 Image size of job updated: 2000000
	1822  -  MemoryUsage of job (MB)
	1864944  -  ResidentSetSize of job (KB)
...
009 (608.000.000) 06/06 10:49:49 Job was aborted by the user.
	The system macro SYSTEM_PERIODIC_REMOVE expression '( ( ( ( ResidentSetSize + 1023 ) / 1024 ) > 1.1 * RequestMemory ) || ( ( JobStatus == 2 ) && ( ( CurrentTime - EnteredCurrentStatus ) > ( 7 * 24 * 60 * 60 ) ) ) )' evaluated to TRUE
...
000 (723.000.000) 06/07 07:21:29 Job submitted from host: <134.61.5.1:9618?addrs=134.61.5.1-9618+[--1]-9618&noUDP&sock=1924_484e_15>
...
001 (723.000.000) 06/07 07:28:46 Job executing on host: <134.61.15.63:9618?addrs=134.61.15.63-9618+[--1]-9618&noUDP&sock=1299_959d_33>
...
006 (723.000.000) 06/07 07:28:54 Image size of job updated: 76716
	35  -  MemoryUsage of job (MB)
	35716  -  ResidentSetSize of job (KB)
...
006 (723.000.000) 06/07 07:33:54 Image size of job updated: 695884
	623  -  MemoryUsage of job (MB)
	637280  -  ResidentSetSize of job (KB)
...
006 (723.000.000) 06/07 07:38:55 Image size of job updated: 696388
	623  -  MemoryUsage of job (MB)
	637280  -  ResidentSetSize of job (KB)
...
006 (723.000.000) 06/07 07:43:56 Image size of job updated: 706256
	623  -  MemoryUsage of job (MB)
	637280  -  ResidentSetSize of job (KB)
...
006 (723.000.000) 06/07 07:48:56 Image size of job updated: 706544
	623  -  MemoryUsage of job (MB)
	637280  -  ResidentSetSize of job (KB)
...
006 (723.000.000) 06/07 07:58:58 Image size of job updated: 706728
	623  -  MemoryUsage of job (MB)
	637280  -  ResidentSetSize of job (KB)
...
006 (723.000.000) 06/07 08:03:58 Image size of job updated: 706732
	623  -  MemoryUsage of job (MB)
	637280  -  ResidentSetSize of job (KB)
...
010 (723.000.000) 06/07 09:37:01 Job was suspended.
	Number of processes actually suspended: 3
...
011 (723.000.000) 06/07 09:45:48 Job was unsuspended.
...
010 (723.000.000) 06/07 10:04:20 Job was suspended.
	Number of processes actually suspended: 0
...
011 (723.000.000) 06/07 11:29:09 Job was unsuspended.
...
010 (723.000.000) 06/07 11:29:33 Job was suspended.
	Number of processes actually suspended: 0
...
011 (723.000.000) 06/07 12:00:03 Job was unsuspended.
...
010 (723.000.000) 06/07 12:02:53 Job was suspended.
	Number of processes actually suspended: 0
...
011 (723.000.000) 06/07 12:34:12 Job was unsuspended.
...
005 (723.000.000) 06/07 12:35:42 Job terminated.
	(1) Normal termination (return value 0)
		Usr 0 02:06:18, Sys 0 00:00:33  -  Run Remote Usage
		Usr 0 00:00:00, Sys 0 00:00:00  -  Run Local Usage
		Usr 0 02:06:18, Sys 0 00:00:33  -  Total Remote Usage
		Usr 0 00:00:00, Sys 0 00:00:00  -  Total Local Usage
	0  -  Run Bytes Sent By Job
	0  -  Run Bytes Received By Job
	0  -  Total Bytes Sent By Job
	0  -  Total Bytes Received By Job
	Partitionable Resources :    Usage  Request Allocated
	   Cpus                 :                 1         1
	   Disk (KB)            :        1        1   2399739
	   Memory (MB)          :      623     1500      1500
...
