000 (328.000.000) 06/01 16:26:43 Job submitted from host: <134.61.5.1:9618?addrs=134.61.5.1-9618+[--1]-9618&noUDP&sock=1924_484e_15>
...
001 (328.000.000) 06/01 16:28:02 Job executing on host: <134.61.15.61:9618?addrs=134.61.15.61-9618+[--1]-9618&noUDP&sock=1367_3a0d_3>
...
006 (328.000.000) 06/01 16:28:11 Image size of job updated: 8652
	7  -  MemoryUsage of job (MB)
	6992  -  ResidentSetSize of job (KB)
...
010 (328.000.000) 06/01 16:31:13 Job was suspended.
	Number of processes actually suspended: 3
...
006 (328.000.000) 06/01 16:31:13 Image size of job updated: 434404
	388  -  MemoryUsage of job (MB)
	397160  -  ResidentSetSize of job (KB)
...
011 (328.000.000) 06/01 16:57:41 Job was unsuspended.
...
006 (328.000.000) 06/01 16:58:14 Image size of job updated: 434456
	388  -  MemoryUsage of job (MB)
	397160  -  ResidentSetSize of job (KB)
...
010 (328.000.000) 06/01 17:01:02 Job was suspended.
	Number of processes actually suspended: 0
...
011 (328.000.000) 06/01 17:27:44 Job was unsuspended.
...
010 (328.000.000) 06/01 17:49:33 Job was suspended.
	Number of processes actually suspended: 0
...
011 (328.000.000) 06/01 18:02:25 Job was unsuspended.
...
010 (328.000.000) 06/01 18:03:30 Job was suspended.
	Number of processes actually suspended: 0
...
011 (328.000.000) 06/01 18:08:36 Job was unsuspended.
...
010 (328.000.000) 06/01 18:09:06 Job was suspended.
	Number of processes actually suspended: 0
...
011 (328.000.000) 06/01 18:14:03 Job was unsuspended.
...
010 (328.000.000) 06/01 18:21:29 Job was suspended.
	Number of processes actually suspended: 0
...
011 (328.000.000) 06/01 18:28:40 Job was unsuspended.
...
010 (328.000.000) 06/01 18:30:30 Job was suspended.
	Number of processes actually suspended: 0
...
011 (328.000.000) 06/01 18:48:59 Job was unsuspended.
...
006 (328.000.000) 06/01 19:02:18 Image size of job updated: 714352
	388  -  MemoryUsage of job (MB)
	397160  -  ResidentSetSize of job (KB)
...
005 (328.000.000) 06/01 19:02:19 Job terminated.
	(1) Normal termination (return value 0)
		Usr 0 00:01:07, Sys 0 00:00:02  -  Run Remote Usage
		Usr 0 00:00:00, Sys 0 00:00:00  -  Run Local Usage
		Usr 0 00:01:07, Sys 0 00:00:02  -  Total Remote Usage
		Usr 0 00:00:00, Sys 0 00:00:00  -  Total Local Usage
	0  -  Run Bytes Sent By Job
	0  -  Run Bytes Received By Job
	0  -  Total Bytes Sent By Job
	0  -  Total Bytes Received By Job
	Partitionable Resources :    Usage  Request Allocated
	   Cpus                 :                 1         1
	   Disk (KB)            :        1        1   3541765
	   Memory (MB)          :      388     1500      1500
...
000 (390.000.000) 06/04 11:40:27 Job submitted from host: <134.61.5.1:9618?addrs=134.61.5.1-9618+[--1]-9618&noUDP&sock=1924_484e_15>
...
001 (390.000.000) 06/04 11:40:46 Job executing on host: <134.61.17.181:9618?addrs=134.61.17.181-9618+[--1]-9618&noUDP&sock=4504_f2a6_3>
...
006 (390.000.000) 06/04 11:40:55 Image size of job updated: 31164
	22  -  MemoryUsage of job (MB)
	21748  -  ResidentSetSize of job (KB)
...
006 (390.000.000) 06/04 11:45:56 Image size of job updated: 320768
	273  -  MemoryUsage of job (MB)
	279416  -  ResidentSetSize of job (KB)
...
006 (390.000.000) 06/04 11:50:56 Image size of job updated: 320796
	273  -  MemoryUsage of job (MB)
	279444  -  ResidentSetSize of job (KB)
...
006 (390.000.000) 06/04 11:55:56 Image size of job updated: 320836
	273  -  MemoryUsage of job (MB)
	279484  -  ResidentSetSize of job (KB)
...
006 (390.000.000) 06/04 12:55:25 Image size of job updated: 597728
	273  -  MemoryUsage of job (MB)
	279484  -  ResidentSetSize of job (KB)
...
005 (390.000.000) 06/04 12:55:25 Job terminated.
	(1) Normal termination (return value 0)
		Usr 0 00:04:52, Sys 0 00:00:05  -  Run Remote Usage
		Usr 0 00:00:00, Sys 0 00:00:00  -  Run Local Usage
		Usr 0 00:04:52, Sys 0 00:00:05  -  Total Remote Usage
		Usr 0 00:00:00, Sys 0 00:00:00  -  Total Local Usage
	0  -  Run Bytes Sent By Job
	0  -  Run Bytes Received By Job
	0  -  Total Bytes Sent By Job
	0  -  Total Bytes Received By Job
	Partitionable Resources :    Usage  Request Allocated
	   Cpus                 :                 1         1
	   Disk (KB)            :        1        1   1556473
	   Memory (MB)          :      273     1500      1500
...
000 (452.000.000) 06/04 15:47:18 Job submitted from host: <134.61.5.1:9618?addrs=134.61.5.1-9618+[--1]-9618&noUDP&sock=1924_484e_15>
...
001 (452.000.000) 06/04 16:17:48 Job executing on host: <134.61.13.52:9618?addrs=134.61.13.52-9618+[--1]-9618&noUDP&sock=1449_78d1_27>
...
006 (452.000.000) 06/04 16:17:57 Image size of job updated: 6436
	6  -  MemoryUsage of job (MB)
	5684  -  ResidentSetSize of job (KB)
...
010 (452.000.000) 06/04 16:18:23 Job was suspended.
	Number of processes actually suspended: 3
...
006 (452.000.000) 06/04 16:18:23 Image size of job updated: 166368
	157  -  MemoryUsage of job (MB)
	160412  -  ResidentSetSize of job (KB)
...
006 (452.000.000) 06/04 16:22:58 Image size of job updated: 167444
	157  -  MemoryUsage of job (MB)
	160412  -  ResidentSetSize of job (KB)
...
011 (452.000.000) 06/04 17:08:12 Job was unsuspended.
...
010 (452.000.000) 06/04 17:08:32 Job was suspended.
	Number of processes actually suspended: 3
...
006 (452.000.000) 06/04 17:08:32 Image size of job updated: 312172
	271  -  MemoryUsage of job (MB)
	277096  -  ResidentSetSize of job (KB)
...
011 (452.000.000) 06/04 17:09:57 Job was unsuspended.
...
006 (452.000.000) 06/04 17:09:57 Image size of job updated: 312212
	271  -  MemoryUsage of job (MB)
	277136  -  ResidentSetSize of job (KB)
...
010 (452.000.000) 06/04 17:10:17 Job was suspended.
	Number of processes actually suspended: 3
...
006 (452.000.000) 06/04 17:10:17 Image size of job updated: 313412
	272  -  MemoryUsage of job (MB)
	278336  -  ResidentSetSize of job (KB)
...
011 (452.000.000) 06/04 17:13:37 Job was unsuspended.
...
006 (452.000.000) 06/04 17:13:37 Image size of job updated: 313444
	272  -  MemoryUsage of job (MB)
	278368  -  ResidentSetSize of job (KB)
...
010 (452.000.000) 06/04 17:13:57 Job was suspended.
	Number of processes actually suspended: 3
...
006 (452.000.000) 06/04 17:13:57 Image size of job updated: 325776
	284  -  MemoryUsage of job (MB)
	290672  -  ResidentSetSize of job (KB)
...
011 (452.000.000) 06/04 17:16:03 Job was unsuspended.
...
010 (452.000.000) 06/04 17:16:33 Job was suspended.
	Number of processes actually suspended: 3
...
006 (452.000.000) 06/04 17:16:33 Image size of job updated: 412140
	369  -  MemoryUsage of job (MB)
	376980  -  ResidentSetSize of job (KB)
...
011 (452.000.000) 06/04 17:20:59 Job was unsuspended.
...
010 (452.000.000) 06/04 17:21:49 Job was suspended.
	Number of processes actually suspended: 3
...
006 (452.000.000) 06/04 17:21:49 Image size of job updated: 439160
	395  -  MemoryUsage of job (MB)
	404000  -  ResidentSetSize of job (KB)
...
011 (452.000.000) 06/04 17:24:00 Job was unsuspended.
...
010 (452.000.000) 06/04 17:24:45 Job was suspended.
	Number of processes actually suspended: 3
...
006 (452.000.000) 06/04 17:24:45 Image size of job updated: 439164
	395  -  MemoryUsage of job (MB)
	404004  -  ResidentSetSize of job (KB)
...
011 (452.000.000) 06/04 17:26:05 Job was unsuspended.
...
010 (452.000.000) 06/04 17:26:41 Job was suspended.
	Number of processes actually suspended: 3
...
011 (452.000.000) 06/04 17:27:41 Job was unsuspended.
...
010 (452.000.000) 06/04 17:28:21 Job was suspended.
	Number of processes actually suspended: 3
...
011 (452.000.000) 06/04 17:32:47 Job was unsuspended.
...
010 (452.000.000) 06/04 17:33:22 Job was suspended.
	Number of processes actually suspended: 3
...
011 (452.000.000) 06/04 17:33:52 Job was unsuspended.
...
010 (452.000.000) 06/04 17:34:28 Job was suspended.
	Number of processes actually suspended: 3
...
011 (452.000.000) 06/04 17:34:58 Job was unsuspended.
...
010 (452.000.000) 06/04 17:35:08 Job was suspended.
	Number of processes actually suspended: 3
...
011 (452.000.000) 06/04 17:36:38 Job was unsuspended.
...
010 (452.000.000) 06/04 17:36:59 Job was suspended.
	Number of processes actually suspended: 3
...
006 (452.000.000) 06/04 17:36:59 Image size of job updated: 439164
	395  -  MemoryUsage of job (MB)
	404008  -  ResidentSetSize of job (KB)
...
011 (452.000.000) 06/04 17:38:29 Job was unsuspended.
...
010 (452.000.000) 06/04 17:38:39 Job was suspended.
	Number of processes actually suspended: 3
...
011 (452.000.000) 06/04 17:39:44 Job was unsuspended.
...
010 (452.000.000) 06/04 17:40:30 Job was suspended.
	Number of processes actually suspended: 3
...
011 (452.000.000) 06/04 17:40:45 Job was unsuspended.
...
010 (452.000.000) 06/04 17:41:25 Job was suspended.
	Number of processes actually suspended: 3
...
006 (452.000.000) 06/04 17:41:25 Image size of job updated: 439164
	395  -  MemoryUsage of job (MB)
	404116  -  ResidentSetSize of job (KB)
...
011 (452.000.000) 06/04 17:42:55 Job was unsuspended.
...
010 (452.000.000) 06/04 17:43:26 Job was suspended.
	Number of processes actually suspended: 3
...
011 (452.000.000) 06/04 17:44:16 Job was unsuspended.
...
010 (452.000.000) 06/04 17:44:41 Job was suspended.
	Number of processes actually suspended: 3
...
011 (452.000.000) 06/04 17:44:56 Job was unsuspended.
...
010 (452.000.000) 06/04 17:46:06 Job was suspended.
	Number of processes actually suspended: 3
...
011 (452.000.000) 06/04 17:47:12 Job was unsuspended.
...
010 (452.000.000) 06/04 17:47:42 Job was suspended.
	Number of processes actually suspended: 3
...
011 (452.000.000) 06/04 17:48:23 Job was unsuspended.
...
010 (452.000.000) 06/04 17:48:27 Job was suspended.
	Number of processes actually suspended: 3
...
011 (452.000.000) 06/04 17:48:42 Job was unsuspended.
...
005 (452.000.000) 06/04 18:27:32 Job terminated.
	(1) Normal termination (return value 0)
		Usr 0 00:22:41, Sys 0 00:00:14  -  Run Remote Usage
		Usr 0 00:00:00, Sys 0 00:00:00  -  Run Local Usage
		Usr 0 00:22:41, Sys 0 00:00:14  -  Total Remote Usage
		Usr 0 00:00:00, Sys 0 00:00:00  -  Total Local Usage
	0  -  Run Bytes Sent By Job
	0  -  Run Bytes Received By Job
	0  -  Total Bytes Sent By Job
	0  -  Total Bytes Received By Job
	Partitionable Resources :    Usage  Request Allocated
	   Cpus                 :                 1         1
	   Disk (KB)            :        1        1   2160381
	   Memory (MB)          :      395     1500      1500
...
000 (514.000.000) 06/05 16:10:34 Job submitted from host: <134.61.5.1:9618?addrs=134.61.5.1-9618+[--1]-9618&noUDP&sock=1924_484e_15>
...
007 (514.000.000) 06/05 16:13:20 Shadow exception!
	Error from slot1_3@lxcip55.physik.rwth-aachen.de: Failed to open '/.automount/home/home__home4/institut_1b/swuchterl/SUSYDileptonGamma/SplitTrees/logs/DoubleEG_Run2016D-03Feb2017-v1_nTuple.root.out' as standard output: No such file or directory (errno 2)
	0  -  Run Bytes Sent By Job
	0  -  Run Bytes Received By Job
...
012 (514.000.000) 06/05 16:13:20 Job was held.
	Error from slot1_3@lxcip55.physik.rwth-aachen.de: Failed to open '/.automount/home/home__home4/institut_1b/swuchterl/SUSYDileptonGamma/SplitTrees/logs/DoubleEG_Run2016D-03Feb2017-v1_nTuple.root.out' as standard output: No such file or directory (errno 2)
	Code 7 Subcode 2
...
013 (514.000.000) 06/05 18:19:53 Job was released.
	via condor_release (by user swuchterl)
...
001 (514.000.000) 06/05 18:20:26 Job executing on host: <134.61.17.188:9618?addrs=134.61.17.188-9618+[--1]-9618&noUDP&sock=4509_609f_3>
...
006 (514.000.000) 06/05 18:20:35 Image size of job updated: 227604
	147  -  MemoryUsage of job (MB)
	150300  -  ResidentSetSize of job (KB)
...
006 (514.000.000) 06/05 18:25:36 Image size of job updated: 486488
	393  -  MemoryUsage of job (MB)
	401948  -  ResidentSetSize of job (KB)
...
006 (514.000.000) 06/05 18:30:37 Image size of job updated: 488096
	393  -  MemoryUsage of job (MB)
	401948  -  ResidentSetSize of job (KB)
...
005 (514.000.000) 06/05 18:46:30 Job terminated.
	(1) Normal termination (return value 0)
		Usr 0 00:17:36, Sys 0 00:00:17  -  Run Remote Usage
		Usr 0 00:00:00, Sys 0 00:00:00  -  Run Local Usage
		Usr 0 00:17:36, Sys 0 00:00:17  -  Total Remote Usage
		Usr 0 00:00:00, Sys 0 00:00:00  -  Total Local Usage
	0  -  Run Bytes Sent By Job
	0  -  Run Bytes Received By Job
	0  -  Total Bytes Sent By Job
	0  -  Total Bytes Received By Job
	Partitionable Resources :    Usage  Request Allocated
	   Cpus                 :                 1         1
	   Disk (KB)            :        1        1   1556473
	   Memory (MB)          :      393     1500      1500
...
000 (635.000.000) 06/06 15:35:12 Job submitted from host: <134.61.5.1:9618?addrs=134.61.5.1-9618+[--1]-9618&noUDP&sock=1924_484e_15>
...
001 (635.000.000) 06/06 15:40:31 Job executing on host: <134.61.15.94:9618?addrs=134.61.15.94-9618+[--1]-9618&noUDP&sock=1532_672e_3>
...
006 (635.000.000) 06/06 15:40:40 Image size of job updated: 82880
	58  -  MemoryUsage of job (MB)
	59164  -  ResidentSetSize of job (KB)
...
010 (635.000.000) 06/06 15:41:18 Job was suspended.
	Number of processes actually suspended: 3
...
006 (635.000.000) 06/06 15:41:18 Image size of job updated: 436080
	382  -  MemoryUsage of job (MB)
	390828  -  ResidentSetSize of job (KB)
...
004 (635.000.000) 06/06 15:53:18 Job was evicted.
	(0) Job was not checkpointed.
		Usr 0 00:00:14, Sys 0 00:00:01  -  Run Remote Usage
		Usr 0 00:00:00, Sys 0 00:00:00  -  Run Local Usage
	0  -  Run Bytes Sent By Job
	0  -  Run Bytes Received By Job
	Partitionable Resources :    Usage  Request Allocated
	   Cpus                 :                 1         1
	   Disk (KB)            :        1        1   8079557
	   Memory (MB)          :      382     1500      1500
...
012 (635.000.000) 06/06 15:53:18 Job was held.
	via condor_hold (by user swuchterl)
	Code 1 Subcode 0
...
013 (635.000.000) 06/06 15:54:13 Job was released.
	via condor_release (by user swuchterl)
...
001 (635.000.000) 06/06 15:55:14 Job executing on host: <134.61.15.6:9618?addrs=134.61.15.6-9618+[--1]-9618&noUDP&sock=1223743_7d6a_3>
...
006 (635.000.000) 06/06 16:00:22 Image size of job updated: 450000
	394  -  MemoryUsage of job (MB)
	402592  -  ResidentSetSize of job (KB)
...
010 (635.000.000) 06/06 16:02:12 Job was suspended.
	Number of processes actually suspended: 3
...
011 (635.000.000) 06/06 16:07:58 Job was unsuspended.
...
010 (635.000.000) 06/06 16:14:34 Job was suspended.
	Number of processes actually suspended: 3
...
011 (635.000.000) 06/06 16:23:21 Job was unsuspended.
...
010 (635.000.000) 06/06 16:26:32 Job was suspended.
	Number of processes actually suspended: 3
...
011 (635.000.000) 06/06 16:35:42 Job was unsuspended.
...
010 (635.000.000) 06/06 16:56:08 Job was suspended.
	Number of processes actually suspended: 3
...
004 (635.000.000) 06/06 17:03:56 Job was evicted.
	(0) Job was not checkpointed.
		Usr 0 00:06:28, Sys 0 00:00:06  -  Run Remote Usage
		Usr 0 00:00:00, Sys 0 00:00:00  -  Run Local Usage
	0  -  Run Bytes Sent By Job
	0  -  Run Bytes Received By Job
	Partitionable Resources :    Usage  Request Allocated
	   Cpus                 :                 1         1
	   Disk (KB)            :        1        1   3541765
	   Memory (MB)          :      394     1500      1500
...
012 (635.000.000) 06/06 17:03:56 Job was held.
	via condor_hold (by user swuchterl)
	Code 1 Subcode 0
...
013 (635.000.000) 06/06 17:04:01 Job was released.
	via condor_release (by user swuchterl)
...
001 (635.000.000) 06/06 17:04:02 Job executing on host: <134.61.15.68:9618?addrs=134.61.15.68-9618+[--1]-9618&noUDP&sock=1148201_f612_8>
...
005 (635.000.000) 06/06 17:37:00 Job terminated.
	(1) Normal termination (return value 0)
		Usr 0 00:24:18, Sys 0 00:00:13  -  Run Remote Usage
		Usr 0 00:00:00, Sys 0 00:00:00  -  Run Local Usage
		Usr 0 00:24:18, Sys 0 00:00:13  -  Total Remote Usage
		Usr 0 00:00:00, Sys 0 00:00:00  -  Total Local Usage
	0  -  Run Bytes Sent By Job
	0  -  Run Bytes Received By Job
	0  -  Total Bytes Sent By Job
	0  -  Total Bytes Received By Job
	Partitionable Resources :    Usage  Request Allocated
	   Cpus                 :                 1         1
	   Disk (KB)            :        1        1   3535214
	   Memory (MB)          :      416     1500      1500
...
