000 (359.000.000) 06/01 16:26:47 Job submitted from host: <134.61.5.1:9618?addrs=134.61.5.1-9618+[--1]-9618&noUDP&sock=1924_484e_15>
...
001 (359.000.000) 06/01 16:32:23 Job executing on host: <134.61.17.187:9618?addrs=134.61.17.187-9618+[--1]-9618&noUDP&sock=4493_671b_3>
...
006 (359.000.000) 06/01 16:32:31 Image size of job updated: 39440
	22  -  MemoryUsage of job (MB)
	21864  -  ResidentSetSize of job (KB)
...
006 (359.000.000) 06/01 16:37:31 Image size of job updated: 585488
	490  -  MemoryUsage of job (MB)
	500972  -  ResidentSetSize of job (KB)
...
006 (359.000.000) 06/01 16:42:31 Image size of job updated: 588396
	493  -  MemoryUsage of job (MB)
	503880  -  ResidentSetSize of job (KB)
...
006 (359.000.000) 06/01 16:47:32 Image size of job updated: 589740
	494  -  MemoryUsage of job (MB)
	505224  -  ResidentSetSize of job (KB)
...
005 (359.000.000) 06/01 17:48:43 Job terminated.
	(1) Normal termination (return value 0)
		Usr 0 00:48:22, Sys 0 00:00:37  -  Run Remote Usage
		Usr 0 00:00:00, Sys 0 00:00:00  -  Run Local Usage
		Usr 0 00:48:22, Sys 0 00:00:37  -  Total Remote Usage
		Usr 0 00:00:00, Sys 0 00:00:00  -  Total Local Usage
	0  -  Run Bytes Sent By Job
	0  -  Run Bytes Received By Job
	0  -  Total Bytes Sent By Job
	0  -  Total Bytes Received By Job
	Partitionable Resources :    Usage  Request Allocated
	   Cpus                 :                 1         1
	   Disk (KB)            :        1        1   1556473
	   Memory (MB)          :      494     1500      1500
...
000 (421.000.000) 06/04 11:40:32 Job submitted from host: <134.61.5.1:9618?addrs=134.61.5.1-9618+[--1]-9618&noUDP&sock=1924_484e_15>
...
001 (421.000.000) 06/04 11:40:47 Job executing on host: <134.61.17.178:9618?addrs=134.61.17.178-9618+[--1]-9618&noUDP&sock=4506_51d6_3>
...
006 (421.000.000) 06/04 11:40:56 Image size of job updated: 83696
	51  -  MemoryUsage of job (MB)
	52056  -  ResidentSetSize of job (KB)
...
010 (421.000.000) 06/04 11:42:36 Job was suspended.
	Number of processes actually suspended: 3
...
006 (421.000.000) 06/04 11:42:36 Image size of job updated: 353716
	302  -  MemoryUsage of job (MB)
	309216  -  ResidentSetSize of job (KB)
...
011 (421.000.000) 06/04 11:43:06 Job was unsuspended.
...
010 (421.000.000) 06/04 11:43:46 Job was suspended.
	Number of processes actually suspended: 3
...
006 (421.000.000) 06/04 11:43:46 Image size of job updated: 353888
	303  -  MemoryUsage of job (MB)
	309388  -  ResidentSetSize of job (KB)
...
011 (421.000.000) 06/04 11:44:12 Job was unsuspended.
...
010 (421.000.000) 06/04 11:44:52 Job was suspended.
	Number of processes actually suspended: 3
...
011 (421.000.000) 06/04 11:45:17 Job was unsuspended.
...
010 (421.000.000) 06/04 11:46:02 Job was suspended.
	Number of processes actually suspended: 3
...
011 (421.000.000) 06/04 11:46:27 Job was unsuspended.
...
010 (421.000.000) 06/04 11:46:37 Job was suspended.
	Number of processes actually suspended: 3
...
011 (421.000.000) 06/04 11:47:12 Job was unsuspended.
...
010 (421.000.000) 06/04 11:48:02 Job was suspended.
	Number of processes actually suspended: 3
...
006 (421.000.000) 06/04 11:48:02 Image size of job updated: 354040
	303  -  MemoryUsage of job (MB)
	309540  -  ResidentSetSize of job (KB)
...
011 (421.000.000) 06/04 11:48:27 Job was unsuspended.
...
010 (421.000.000) 06/04 11:48:57 Job was suspended.
	Number of processes actually suspended: 3
...
006 (421.000.000) 06/04 11:48:57 Image size of job updated: 355896
	305  -  MemoryUsage of job (MB)
	311396  -  ResidentSetSize of job (KB)
...
011 (421.000.000) 06/04 11:49:22 Job was unsuspended.
...
010 (421.000.000) 06/04 11:50:07 Job was suspended.
	Number of processes actually suspended: 3
...
006 (421.000.000) 06/04 11:50:07 Image size of job updated: 355900
	305  -  MemoryUsage of job (MB)
	311400  -  ResidentSetSize of job (KB)
...
011 (421.000.000) 06/04 11:50:22 Job was unsuspended.
...
010 (421.000.000) 06/04 11:51:18 Job was suspended.
	Number of processes actually suspended: 3
...
011 (421.000.000) 06/04 11:51:39 Job was unsuspended.
...
010 (421.000.000) 06/04 11:51:53 Job was suspended.
	Number of processes actually suspended: 3
...
011 (421.000.000) 06/04 11:52:13 Job was unsuspended.
...
010 (421.000.000) 06/04 11:52:28 Job was suspended.
	Number of processes actually suspended: 3
...
006 (421.000.000) 06/04 11:52:28 Image size of job updated: 356948
	306  -  MemoryUsage of job (MB)
	312448  -  ResidentSetSize of job (KB)
...
011 (421.000.000) 06/04 11:52:43 Job was unsuspended.
...
010 (421.000.000) 06/04 11:53:38 Job was suspended.
	Number of processes actually suspended: 3
...
011 (421.000.000) 06/04 11:54:28 Job was unsuspended.
...
010 (421.000.000) 06/04 11:55:03 Job was suspended.
	Number of processes actually suspended: 3
...
006 (421.000.000) 06/04 11:55:03 Image size of job updated: 360276
	309  -  MemoryUsage of job (MB)
	315776  -  ResidentSetSize of job (KB)
...
011 (421.000.000) 06/04 11:55:28 Job was unsuspended.
...
010 (421.000.000) 06/04 11:56:18 Job was suspended.
	Number of processes actually suspended: 3
...
011 (421.000.000) 06/04 11:56:33 Job was unsuspended.
...
010 (421.000.000) 06/04 11:57:08 Job was suspended.
	Number of processes actually suspended: 3
...
011 (421.000.000) 06/04 11:57:28 Job was unsuspended.
...
010 (421.000.000) 06/04 11:57:53 Job was suspended.
	Number of processes actually suspended: 3
...
011 (421.000.000) 06/04 11:58:34 Job was unsuspended.
...
010 (421.000.000) 06/04 11:59:19 Job was suspended.
	Number of processes actually suspended: 3
...
006 (421.000.000) 06/04 11:59:19 Image size of job updated: 360280
	309  -  MemoryUsage of job (MB)
	315780  -  ResidentSetSize of job (KB)
...
011 (421.000.000) 06/04 11:59:40 Job was unsuspended.
...
010 (421.000.000) 06/04 12:00:15 Job was suspended.
	Number of processes actually suspended: 3
...
011 (421.000.000) 06/04 12:00:30 Job was unsuspended.
...
010 (421.000.000) 06/04 12:01:20 Job was suspended.
	Number of processes actually suspended: 3
...
011 (421.000.000) 06/04 12:01:45 Job was unsuspended.
...
010 (421.000.000) 06/04 12:02:46 Job was suspended.
	Number of processes actually suspended: 3
...
011 (421.000.000) 06/04 12:03:11 Job was unsuspended.
...
010 (421.000.000) 06/04 12:04:16 Job was suspended.
	Number of processes actually suspended: 3
...
011 (421.000.000) 06/04 12:04:36 Job was unsuspended.
...
010 (421.000.000) 06/04 12:04:56 Job was suspended.
	Number of processes actually suspended: 3
...
011 (421.000.000) 06/04 12:05:11 Job was unsuspended.
...
010 (421.000.000) 06/04 12:06:01 Job was suspended.
	Number of processes actually suspended: 3
...
011 (421.000.000) 06/04 12:06:21 Job was unsuspended.
...
010 (421.000.000) 06/04 12:07:37 Job was suspended.
	Number of processes actually suspended: 3
...
006 (421.000.000) 06/04 12:07:37 Image size of job updated: 366236
	315  -  MemoryUsage of job (MB)
	321736  -  ResidentSetSize of job (KB)
...
011 (421.000.000) 06/04 12:07:57 Job was unsuspended.
...
010 (421.000.000) 06/04 12:09:02 Job was suspended.
	Number of processes actually suspended: 3
...
011 (421.000.000) 06/04 12:09:17 Job was unsuspended.
...
010 (421.000.000) 06/04 12:09:52 Job was suspended.
	Number of processes actually suspended: 3
...
011 (421.000.000) 06/04 12:10:23 Job was unsuspended.
...
010 (421.000.000) 06/04 12:11:08 Job was suspended.
	Number of processes actually suspended: 3
...
011 (421.000.000) 06/04 12:12:08 Job was unsuspended.
...
010 (421.000.000) 06/04 12:13:48 Job was suspended.
	Number of processes actually suspended: 3
...
011 (421.000.000) 06/04 12:14:03 Job was unsuspended.
...
010 (421.000.000) 06/04 12:14:54 Job was suspended.
	Number of processes actually suspended: 3
...
011 (421.000.000) 06/04 12:15:09 Job was unsuspended.
...
010 (421.000.000) 06/04 12:16:04 Job was suspended.
	Number of processes actually suspended: 3
...
011 (421.000.000) 06/04 12:16:44 Job was unsuspended.
...
010 (421.000.000) 06/04 12:18:04 Job was suspended.
	Number of processes actually suspended: 3
...
011 (421.000.000) 06/04 12:18:24 Job was unsuspended.
...
010 (421.000.000) 06/04 12:19:05 Job was suspended.
	Number of processes actually suspended: 3
...
011 (421.000.000) 06/04 12:19:30 Job was unsuspended.
...
010 (421.000.000) 06/04 12:20:06 Job was suspended.
	Number of processes actually suspended: 3
...
011 (421.000.000) 06/04 12:20:26 Job was unsuspended.
...
010 (421.000.000) 06/04 12:21:51 Job was suspended.
	Number of processes actually suspended: 3
...
011 (421.000.000) 06/04 12:22:16 Job was unsuspended.
...
010 (421.000.000) 06/04 12:23:51 Job was suspended.
	Number of processes actually suspended: 3
...
011 (421.000.000) 06/04 12:24:16 Job was unsuspended.
...
010 (421.000.000) 06/04 12:24:51 Job was suspended.
	Number of processes actually suspended: 3
...
011 (421.000.000) 06/04 12:25:16 Job was unsuspended.
...
010 (421.000.000) 06/04 12:27:06 Job was suspended.
	Number of processes actually suspended: 3
...
011 (421.000.000) 06/04 12:27:37 Job was unsuspended.
...
010 (421.000.000) 06/04 12:30:17 Job was suspended.
	Number of processes actually suspended: 3
...
006 (421.000.000) 06/04 12:30:17 Image size of job updated: 366416
	315  -  MemoryUsage of job (MB)
	321916  -  ResidentSetSize of job (KB)
...
011 (421.000.000) 06/04 12:30:57 Job was unsuspended.
...
010 (421.000.000) 06/04 12:31:12 Job was suspended.
	Number of processes actually suspended: 3
...
011 (421.000.000) 06/04 12:31:47 Job was unsuspended.
...
010 (421.000.000) 06/04 12:33:28 Job was suspended.
	Number of processes actually suspended: 3
...
011 (421.000.000) 06/04 12:33:43 Job was unsuspended.
...
010 (421.000.000) 06/04 12:34:59 Job was suspended.
	Number of processes actually suspended: 3
...
011 (421.000.000) 06/04 12:35:19 Job was unsuspended.
...
010 (421.000.000) 06/04 12:36:19 Job was suspended.
	Number of processes actually suspended: 3
...
011 (421.000.000) 06/04 12:36:39 Job was unsuspended.
...
010 (421.000.000) 06/04 12:39:20 Job was suspended.
	Number of processes actually suspended: 3
...
011 (421.000.000) 06/04 12:39:35 Job was unsuspended.
...
010 (421.000.000) 06/04 12:40:30 Job was suspended.
	Number of processes actually suspended: 3
...
011 (421.000.000) 06/04 12:40:41 Job was unsuspended.
...
010 (421.000.000) 06/04 12:43:01 Job was suspended.
	Number of processes actually suspended: 3
...
011 (421.000.000) 06/04 12:43:36 Job was unsuspended.
...
010 (421.000.000) 06/04 12:46:21 Job was suspended.
	Number of processes actually suspended: 3
...
011 (421.000.000) 06/04 12:46:42 Job was unsuspended.
...
010 (421.000.000) 06/04 12:47:41 Job was suspended.
	Number of processes actually suspended: 3
...
011 (421.000.000) 06/04 12:48:01 Job was unsuspended.
...
010 (421.000.000) 06/04 12:48:46 Job was suspended.
	Number of processes actually suspended: 3
...
011 (421.000.000) 06/04 12:49:06 Job was unsuspended.
...
010 (421.000.000) 06/04 12:53:32 Job was suspended.
	Number of processes actually suspended: 3
...
011 (421.000.000) 06/04 12:53:47 Job was unsuspended.
...
005 (421.000.000) 06/04 13:17:18 Job terminated.
	(1) Normal termination (return value 0)
		Usr 0 00:12:30, Sys 0 00:00:42  -  Run Remote Usage
		Usr 0 00:00:00, Sys 0 00:00:00  -  Run Local Usage
		Usr 0 00:12:30, Sys 0 00:00:42  -  Total Remote Usage
		Usr 0 00:00:00, Sys 0 00:00:00  -  Total Local Usage
	0  -  Run Bytes Sent By Job
	0  -  Run Bytes Received By Job
	0  -  Total Bytes Sent By Job
	0  -  Total Bytes Received By Job
	Partitionable Resources :    Usage  Request Allocated
	   Cpus                 :                 1         1
	   Disk (KB)            :        1        1   1556473
	   Memory (MB)          :      315     1500      1500
...
000 (483.000.000) 06/04 15:47:22 Job submitted from host: <134.61.5.1:9618?addrs=134.61.5.1-9618+[--1]-9618&noUDP&sock=1924_484e_15>
...
001 (483.000.000) 06/04 16:40:29 Job executing on host: <134.61.5.34:9618?addrs=134.61.5.34-9618+[--1]-9618&noUDP&sock=1579_a421_25>
...
006 (483.000.000) 06/04 16:40:37 Image size of job updated: 99104
	58  -  MemoryUsage of job (MB)
	58784  -  ResidentSetSize of job (KB)
...
006 (483.000.000) 06/04 16:45:37 Image size of job updated: 598852
	504  -  MemoryUsage of job (MB)
	515760  -  ResidentSetSize of job (KB)
...
006 (483.000.000) 06/04 16:50:37 Image size of job updated: 598880
	504  -  MemoryUsage of job (MB)
	515788  -  ResidentSetSize of job (KB)
...
006 (483.000.000) 06/04 16:55:38 Image size of job updated: 599608
	505  -  MemoryUsage of job (MB)
	516516  -  ResidentSetSize of job (KB)
...
006 (483.000.000) 06/04 17:05:38 Image size of job updated: 599612
	505  -  MemoryUsage of job (MB)
	516516  -  ResidentSetSize of job (KB)
...
005 (483.000.000) 06/04 18:26:20 Job terminated.
	(1) Normal termination (return value 0)
		Usr 0 01:25:40, Sys 0 00:00:35  -  Run Remote Usage
		Usr 0 00:00:00, Sys 0 00:00:00  -  Run Local Usage
		Usr 0 01:25:40, Sys 0 00:00:35  -  Total Remote Usage
		Usr 0 00:00:00, Sys 0 00:00:00  -  Total Local Usage
	0  -  Run Bytes Sent By Job
	0  -  Run Bytes Received By Job
	0  -  Total Bytes Sent By Job
	0  -  Total Bytes Received By Job
	Partitionable Resources :    Usage  Request Allocated
	   Cpus                 :                 1         1
	   Disk (KB)            :        1        1   3518873
	   Memory (MB)          :      505     1500      1500
...
000 (544.000.000) 06/05 16:10:39 Job submitted from host: <134.61.5.1:9618?addrs=134.61.5.1-9618+[--1]-9618&noUDP&sock=1924_484e_15>
...
007 (544.000.000) 06/05 16:14:20 Shadow exception!
	Error from slot1_2@lxcip55.physik.rwth-aachen.de: Failed to open '/.automount/home/home__home4/institut_1b/swuchterl/SUSYDileptonGamma/SplitTrees/logs/DoubleMuon_Run2016H-03Feb2017_ver2-v1_nTuple.root.out' as standard output: No such file or directory (errno 2)
	0  -  Run Bytes Sent By Job
	0  -  Run Bytes Received By Job
...
012 (544.000.000) 06/05 16:14:20 Job was held.
	Error from slot1_2@lxcip55.physik.rwth-aachen.de: Failed to open '/.automount/home/home__home4/institut_1b/swuchterl/SUSYDileptonGamma/SplitTrees/logs/DoubleMuon_Run2016H-03Feb2017_ver2-v1_nTuple.root.out' as standard output: No such file or directory (errno 2)
	Code 7 Subcode 2
...
013 (544.000.000) 06/05 18:20:25 Job was released.
	via condor_release (by user swuchterl)
...
001 (544.000.000) 06/05 18:23:29 Job executing on host: <134.61.17.187:9618?addrs=134.61.17.187-9618+[--1]-9618&noUDP&sock=4493_671b_3>
...
006 (544.000.000) 06/05 18:23:37 Image size of job updated: 38540
	34  -  MemoryUsage of job (MB)
	34736  -  ResidentSetSize of job (KB)
...
006 (544.000.000) 06/05 18:28:37 Image size of job updated: 516872
	500  -  MemoryUsage of job (MB)
	511984  -  ResidentSetSize of job (KB)
...
006 (544.000.000) 06/05 18:58:41 Image size of job updated: 517656
	500  -  MemoryUsage of job (MB)
	511984  -  ResidentSetSize of job (KB)
...
006 (544.000.000) 06/05 19:03:41 Image size of job updated: 519452
	500  -  MemoryUsage of job (MB)
	511984  -  ResidentSetSize of job (KB)
...
005 (544.000.000) 06/05 19:35:57 Job terminated.
	(1) Normal termination (return value 0)
		Usr 0 00:58:21, Sys 0 00:00:47  -  Run Remote Usage
		Usr 0 00:00:00, Sys 0 00:00:00  -  Run Local Usage
		Usr 0 00:58:21, Sys 0 00:00:47  -  Total Remote Usage
		Usr 0 00:00:00, Sys 0 00:00:00  -  Total Local Usage
	0  -  Run Bytes Sent By Job
	0  -  Run Bytes Received By Job
	0  -  Total Bytes Sent By Job
	0  -  Total Bytes Received By Job
	Partitionable Resources :    Usage  Request Allocated
	   Cpus                 :                 1         1
	   Disk (KB)            :        1        1   1556473
	   Memory (MB)          :      500     1500      1500
...
000 (665.000.000) 06/06 15:35:16 Job submitted from host: <134.61.5.1:9618?addrs=134.61.5.1-9618+[--1]-9618&noUDP&sock=1924_484e_15>
...
001 (665.000.000) 06/06 15:43:31 Job executing on host: <134.61.17.168:9618?addrs=134.61.17.168-9618+[--1]-9618&noUDP&sock=4953_ecac_3>
...
006 (665.000.000) 06/06 15:43:40 Image size of job updated: 196000
	174  -  MemoryUsage of job (MB)
	178100  -  ResidentSetSize of job (KB)
...
006 (665.000.000) 06/06 15:48:41 Image size of job updated: 532896
	502  -  MemoryUsage of job (MB)
	513836  -  ResidentSetSize of job (KB)
...
006 (665.000.000) 06/06 15:53:42 Image size of job updated: 533244
	503  -  MemoryUsage of job (MB)
	514184  -  ResidentSetSize of job (KB)
...
005 (665.000.000) 06/06 17:22:20 Job terminated.
	(1) Normal termination (return value 0)
		Usr 0 00:56:30, Sys 0 00:01:16  -  Run Remote Usage
		Usr 0 00:00:00, Sys 0 00:00:00  -  Run Local Usage
		Usr 0 00:56:30, Sys 0 00:01:16  -  Total Remote Usage
		Usr 0 00:00:00, Sys 0 00:00:00  -  Total Local Usage
	0  -  Run Bytes Sent By Job
	0  -  Run Bytes Received By Job
	0  -  Total Bytes Sent By Job
	0  -  Total Bytes Received By Job
	Partitionable Resources :    Usage  Request Allocated
	   Cpus                 :                 1         1
	   Disk (KB)            :        1        1   1556473
	   Memory (MB)          :      503     1500      1500
...
