000 (326.000.000) 06/01 16:26:43 Job submitted from host: <134.61.5.1:9618?addrs=134.61.5.1-9618+[--1]-9618&noUDP&sock=1924_484e_15>
...
001 (326.000.000) 06/01 16:28:02 Job executing on host: <134.61.15.61:9618?addrs=134.61.15.61-9618+[--1]-9618&noUDP&sock=1367_3a0d_3>
...
006 (326.000.000) 06/01 16:28:10 Image size of job updated: 5040
	4  -  MemoryUsage of job (MB)
	4004  -  ResidentSetSize of job (KB)
...
010 (326.000.000) 06/01 16:31:13 Job was suspended.
	Number of processes actually suspended: 3
...
006 (326.000.000) 06/01 16:31:13 Image size of job updated: 435128
	399  -  MemoryUsage of job (MB)
	408300  -  ResidentSetSize of job (KB)
...
011 (326.000.000) 06/01 16:57:41 Job was unsuspended.
...
010 (326.000.000) 06/01 17:01:02 Job was suspended.
	Number of processes actually suspended: 0
...
011 (326.000.000) 06/01 17:27:44 Job was unsuspended.
...
010 (326.000.000) 06/01 17:49:33 Job was suspended.
	Number of processes actually suspended: 0
...
011 (326.000.000) 06/01 18:02:25 Job was unsuspended.
...
010 (326.000.000) 06/01 18:03:30 Job was suspended.
	Number of processes actually suspended: 0
...
011 (326.000.000) 06/01 18:08:36 Job was unsuspended.
...
010 (326.000.000) 06/01 18:09:06 Job was suspended.
	Number of processes actually suspended: 0
...
011 (326.000.000) 06/01 18:14:03 Job was unsuspended.
...
010 (326.000.000) 06/01 18:21:29 Job was suspended.
	Number of processes actually suspended: 0
...
011 (326.000.000) 06/01 18:28:40 Job was unsuspended.
...
010 (326.000.000) 06/01 18:30:30 Job was suspended.
	Number of processes actually suspended: 0
...
011 (326.000.000) 06/01 18:48:59 Job was unsuspended.
...
005 (326.000.000) 06/01 19:25:11 Job terminated.
	(1) Normal termination (return value 0)
		Usr 0 00:01:03, Sys 0 00:00:08  -  Run Remote Usage
		Usr 0 00:00:00, Sys 0 00:00:00  -  Run Local Usage
		Usr 0 00:01:03, Sys 0 00:00:08  -  Total Remote Usage
		Usr 0 00:00:00, Sys 0 00:00:00  -  Total Local Usage
	0  -  Run Bytes Sent By Job
	0  -  Run Bytes Received By Job
	0  -  Total Bytes Sent By Job
	0  -  Total Bytes Received By Job
	Partitionable Resources :    Usage  Request Allocated
	   Cpus                 :                 1         1
	   Disk (KB)            :        1        1   3541765
	   Memory (MB)          :      399     1500      1500
...
000 (388.000.000) 06/04 11:40:27 Job submitted from host: <134.61.5.1:9618?addrs=134.61.5.1-9618+[--1]-9618&noUDP&sock=1924_484e_15>
...
001 (388.000.000) 06/04 11:40:46 Job executing on host: <134.61.17.190:9618?addrs=134.61.17.190-9618+[--1]-9618&noUDP&sock=16258_36d5_3>
...
006 (388.000.000) 06/04 11:40:55 Image size of job updated: 205528
	167  -  MemoryUsage of job (MB)
	170532  -  ResidentSetSize of job (KB)
...
006 (388.000.000) 06/04 11:45:56 Image size of job updated: 328636
	284  -  MemoryUsage of job (MB)
	290072  -  ResidentSetSize of job (KB)
...
006 (388.000.000) 06/04 11:50:57 Image size of job updated: 328692
	284  -  MemoryUsage of job (MB)
	290112  -  ResidentSetSize of job (KB)
...
010 (388.000.000) 06/04 11:51:44 Job was suspended.
	Number of processes actually suspended: 3
...
011 (388.000.000) 06/04 11:51:59 Job was unsuspended.
...
006 (388.000.000) 06/04 11:55:57 Image size of job updated: 328692
	284  -  MemoryUsage of job (MB)
	290116  -  ResidentSetSize of job (KB)
...
006 (388.000.000) 06/04 12:00:57 Image size of job updated: 328692
	284  -  MemoryUsage of job (MB)
	290196  -  ResidentSetSize of job (KB)
...
005 (388.000.000) 06/04 12:55:39 Job terminated.
	(1) Normal termination (return value 0)
		Usr 0 00:06:53, Sys 0 00:00:07  -  Run Remote Usage
		Usr 0 00:00:00, Sys 0 00:00:00  -  Run Local Usage
		Usr 0 00:06:53, Sys 0 00:00:07  -  Total Remote Usage
		Usr 0 00:00:00, Sys 0 00:00:00  -  Total Local Usage
	0  -  Run Bytes Sent By Job
	0  -  Run Bytes Received By Job
	0  -  Total Bytes Sent By Job
	0  -  Total Bytes Received By Job
	Partitionable Resources :    Usage  Request Allocated
	   Cpus                 :                 1         1
	   Disk (KB)            :        1        1   1556473
	   Memory (MB)          :      284     1500      1500
...
000 (450.000.000) 06/04 15:47:18 Job submitted from host: <134.61.5.1:9618?addrs=134.61.5.1-9618+[--1]-9618&noUDP&sock=1924_484e_15>
...
001 (450.000.000) 06/04 16:17:48 Job executing on host: <134.61.13.52:9618?addrs=134.61.13.52-9618+[--1]-9618&noUDP&sock=1449_78d1_27>
...
006 (450.000.000) 06/04 16:17:56 Image size of job updated: 4280
	4  -  MemoryUsage of job (MB)
	3988  -  ResidentSetSize of job (KB)
...
006 (450.000.000) 06/04 16:22:56 Image size of job updated: 429120
	406  -  MemoryUsage of job (MB)
	415072  -  ResidentSetSize of job (KB)
...
006 (450.000.000) 06/04 16:27:57 Image size of job updated: 429140
	406  -  MemoryUsage of job (MB)
	415092  -  ResidentSetSize of job (KB)
...
006 (450.000.000) 06/04 16:32:57 Image size of job updated: 429164
	406  -  MemoryUsage of job (MB)
	415092  -  ResidentSetSize of job (KB)
...
006 (450.000.000) 06/04 16:37:57 Image size of job updated: 429936
	406  -  MemoryUsage of job (MB)
	415092  -  ResidentSetSize of job (KB)
...
005 (450.000.000) 06/04 17:47:41 Job terminated.
	(1) Normal termination (return value 0)
		Usr 0 00:32:39, Sys 0 00:00:19  -  Run Remote Usage
		Usr 0 00:00:00, Sys 0 00:00:00  -  Run Local Usage
		Usr 0 00:32:39, Sys 0 00:00:19  -  Total Remote Usage
		Usr 0 00:00:00, Sys 0 00:00:00  -  Total Local Usage
	0  -  Run Bytes Sent By Job
	0  -  Run Bytes Received By Job
	0  -  Total Bytes Sent By Job
	0  -  Total Bytes Received By Job
	Partitionable Resources :    Usage  Request Allocated
	   Cpus                 :                 1         1
	   Disk (KB)            :        1        1   2160381
	   Memory (MB)          :      406     1500      1500
...
000 (512.000.000) 06/05 16:10:34 Job submitted from host: <134.61.5.1:9618?addrs=134.61.5.1-9618+[--1]-9618&noUDP&sock=1924_484e_15>
...
007 (512.000.000) 06/05 16:13:20 Shadow exception!
	Error from slot1_3@lxcip55.physik.rwth-aachen.de: Failed to open '/.automount/home/home__home4/institut_1b/swuchterl/SUSYDileptonGamma/SplitTrees/logs/DoubleEG_Run2016B-03Feb2017_ver2-v2_nTuple.root.out' as standard output: No such file or directory (errno 2)
	0  -  Run Bytes Sent By Job
	0  -  Run Bytes Received By Job
...
012 (512.000.000) 06/05 16:13:20 Job was held.
	Error from slot1_3@lxcip55.physik.rwth-aachen.de: Failed to open '/.automount/home/home__home4/institut_1b/swuchterl/SUSYDileptonGamma/SplitTrees/logs/DoubleEG_Run2016B-03Feb2017_ver2-v2_nTuple.root.out' as standard output: No such file or directory (errno 2)
	Code 7 Subcode 2
...
013 (512.000.000) 06/05 18:19:43 Job was released.
	via condor_release (by user swuchterl)
...
001 (512.000.000) 06/05 18:19:44 Job executing on host: <134.61.17.186:9618?addrs=134.61.17.186-9618+[--1]-9618&noUDP&sock=4515_7e30_3>
...
006 (512.000.000) 06/05 18:19:53 Image size of job updated: 188680
	127  -  MemoryUsage of job (MB)
	129828  -  ResidentSetSize of job (KB)
...
006 (512.000.000) 06/05 18:24:54 Image size of job updated: 416200
	391  -  MemoryUsage of job (MB)
	399572  -  ResidentSetSize of job (KB)
...
006 (512.000.000) 06/05 18:54:57 Image size of job updated: 416788
	391  -  MemoryUsage of job (MB)
	399572  -  ResidentSetSize of job (KB)
...
005 (512.000.000) 06/05 18:59:43 Job terminated.
	(1) Normal termination (return value 0)
		Usr 0 00:29:21, Sys 0 00:00:27  -  Run Remote Usage
		Usr 0 00:00:00, Sys 0 00:00:00  -  Run Local Usage
		Usr 0 00:29:21, Sys 0 00:00:27  -  Total Remote Usage
		Usr 0 00:00:00, Sys 0 00:00:00  -  Total Local Usage
	0  -  Run Bytes Sent By Job
	0  -  Run Bytes Received By Job
	0  -  Total Bytes Sent By Job
	0  -  Total Bytes Received By Job
	Partitionable Resources :    Usage  Request Allocated
	   Cpus                 :                 1         1
	   Disk (KB)            :        1        1   1556473
	   Memory (MB)          :      391     1500      1500
...
000 (633.000.000) 06/06 15:35:12 Job submitted from host: <134.61.5.1:9618?addrs=134.61.5.1-9618+[--1]-9618&noUDP&sock=1924_484e_15>
...
001 (633.000.000) 06/06 15:40:31 Job executing on host: <134.61.15.89:9618?addrs=134.61.15.89-9618+[--1]-9618&noUDP&sock=1562_fb05_3>
...
006 (633.000.000) 06/06 15:40:40 Image size of job updated: 23676
	22  -  MemoryUsage of job (MB)
	21748  -  ResidentSetSize of job (KB)
...
010 (633.000.000) 06/06 15:41:10 Job was suspended.
	Number of processes actually suspended: 3
...
006 (633.000.000) 06/06 15:41:10 Image size of job updated: 301384
	286  -  MemoryUsage of job (MB)
	292500  -  ResidentSetSize of job (KB)
...
011 (633.000.000) 06/06 15:46:16 Job was unsuspended.
...
006 (633.000.000) 06/06 15:46:17 Image size of job updated: 304932
	290  -  MemoryUsage of job (MB)
	296080  -  ResidentSetSize of job (KB)
...
006 (633.000.000) 06/06 15:50:42 Image size of job updated: 422440
	405  -  MemoryUsage of job (MB)
	413796  -  ResidentSetSize of job (KB)
...
010 (633.000.000) 06/06 15:53:22 Job was suspended.
	Number of processes actually suspended: 3
...
011 (633.000.000) 06/06 15:55:47 Job was unsuspended.
...
010 (633.000.000) 06/06 15:55:57 Job was suspended.
	Number of processes actually suspended: 3
...
006 (633.000.000) 06/06 15:55:57 Image size of job updated: 422444
	405  -  MemoryUsage of job (MB)
	413800  -  ResidentSetSize of job (KB)
...
011 (633.000.000) 06/06 15:57:08 Job was unsuspended.
...
010 (633.000.000) 06/06 15:57:27 Job was suspended.
	Number of processes actually suspended: 3
...
006 (633.000.000) 06/06 15:57:27 Image size of job updated: 422468
	405  -  MemoryUsage of job (MB)
	413824  -  ResidentSetSize of job (KB)
...
011 (633.000.000) 06/06 15:58:02 Job was unsuspended.
...
010 (633.000.000) 06/06 15:58:32 Job was suspended.
	Number of processes actually suspended: 3
...
011 (633.000.000) 06/06 15:59:38 Job was unsuspended.
...
010 (633.000.000) 06/06 16:00:18 Job was suspended.
	Number of processes actually suspended: 3
...
011 (633.000.000) 06/06 16:01:23 Job was unsuspended.
...
004 (633.000.000) 06/06 16:01:30 Job was evicted.
	(0) Job was not checkpointed.
		Usr 0 00:03:15, Sys 0 00:00:03  -  Run Remote Usage
		Usr 0 00:00:00, Sys 0 00:00:00  -  Run Local Usage
	0  -  Run Bytes Sent By Job
	0  -  Run Bytes Received By Job
	Partitionable Resources :    Usage  Request Allocated
	   Cpus                 :                 1         1
	   Disk (KB)            :        1        1   3515582
	   Memory (MB)          :      405     1500      1500
...
012 (633.000.000) 06/06 16:01:30 Job was held.
	via condor_hold (by user swuchterl)
	Code 1 Subcode 0
...
013 (633.000.000) 06/06 16:02:07 Job was released.
	via condor_release (by user swuchterl)
...
001 (633.000.000) 06/06 16:02:08 Job executing on host: <134.61.17.184:9618?addrs=134.61.17.184-9618+[--1]-9618&noUDP&sock=4527_b953_3>
...
005 (633.000.000) 06/06 16:52:47 Job terminated.
	(1) Normal termination (return value 0)
		Usr 0 00:27:01, Sys 0 00:00:26  -  Run Remote Usage
		Usr 0 00:00:00, Sys 0 00:00:00  -  Run Local Usage
		Usr 0 00:27:01, Sys 0 00:00:26  -  Total Remote Usage
		Usr 0 00:00:00, Sys 0 00:00:00  -  Total Local Usage
	0  -  Run Bytes Sent By Job
	0  -  Run Bytes Received By Job
	0  -  Total Bytes Sent By Job
	0  -  Total Bytes Received By Job
	Partitionable Resources :    Usage  Request Allocated
	   Cpus                 :                 1         1
	   Disk (KB)            :        1        1   1556473
	   Memory (MB)          :      416     1500      1500
...
