000 (354.000.000) 06/01 16:26:47 Job submitted from host: <134.61.5.1:9618?addrs=134.61.5.1-9618+[--1]-9618&noUDP&sock=1924_484e_15>
...
001 (354.000.000) 06/01 16:32:22 Job executing on host: <134.61.17.172:9618?addrs=134.61.17.172-9618+[--1]-9618&noUDP&sock=5093_f3ee_3>
...
006 (354.000.000) 06/01 16:32:31 Image size of job updated: 111552
	51  -  MemoryUsage of job (MB)
	52156  -  ResidentSetSize of job (KB)
...
006 (354.000.000) 06/01 16:37:32 Image size of job updated: 557128
	462  -  MemoryUsage of job (MB)
	472596  -  ResidentSetSize of job (KB)
...
006 (354.000.000) 06/01 16:42:32 Image size of job updated: 572452
	477  -  MemoryUsage of job (MB)
	487920  -  ResidentSetSize of job (KB)
...
005 (354.000.000) 06/01 17:01:10 Job terminated.
	(1) Normal termination (return value 0)
		Usr 0 00:15:07, Sys 0 00:00:12  -  Run Remote Usage
		Usr 0 00:00:00, Sys 0 00:00:00  -  Run Local Usage
		Usr 0 00:15:07, Sys 0 00:00:12  -  Total Remote Usage
		Usr 0 00:00:00, Sys 0 00:00:00  -  Total Local Usage
	0  -  Run Bytes Sent By Job
	0  -  Run Bytes Received By Job
	0  -  Total Bytes Sent By Job
	0  -  Total Bytes Received By Job
	Partitionable Resources :    Usage  Request Allocated
	   Cpus                 :                 1         1
	   Disk (KB)            :        1        1   1556473
	   Memory (MB)          :      477     1500      1500
...
000 (416.000.000) 06/04 11:40:31 Job submitted from host: <134.61.5.1:9618?addrs=134.61.5.1-9618+[--1]-9618&noUDP&sock=1924_484e_15>
...
001 (416.000.000) 06/04 11:40:47 Job executing on host: <134.61.17.172:9618?addrs=134.61.17.172-9618+[--1]-9618&noUDP&sock=5093_f3ee_3>
...
006 (416.000.000) 06/04 11:40:56 Image size of job updated: 228216
	182  -  MemoryUsage of job (MB)
	185624  -  ResidentSetSize of job (KB)
...
010 (416.000.000) 06/04 11:42:25 Job was suspended.
	Number of processes actually suspended: 3
...
006 (416.000.000) 06/04 11:42:25 Image size of job updated: 357220
	305  -  MemoryUsage of job (MB)
	311848  -  ResidentSetSize of job (KB)
...
011 (416.000.000) 06/04 11:43:00 Job was unsuspended.
...
010 (416.000.000) 06/04 11:43:20 Job was suspended.
	Number of processes actually suspended: 3
...
011 (416.000.000) 06/04 11:44:15 Job was unsuspended.
...
010 (416.000.000) 06/04 11:44:45 Job was suspended.
	Number of processes actually suspended: 3
...
011 (416.000.000) 06/04 11:45:15 Job was unsuspended.
...
010 (416.000.000) 06/04 11:45:40 Job was suspended.
	Number of processes actually suspended: 3
...
011 (416.000.000) 06/04 11:46:15 Job was unsuspended.
...
010 (416.000.000) 06/04 11:46:41 Job was suspended.
	Number of processes actually suspended: 3
...
011 (416.000.000) 06/04 11:47:11 Job was unsuspended.
...
010 (416.000.000) 06/04 11:47:31 Job was suspended.
	Number of processes actually suspended: 3
...
011 (416.000.000) 06/04 11:48:06 Job was unsuspended.
...
010 (416.000.000) 06/04 11:48:46 Job was suspended.
	Number of processes actually suspended: 3
...
011 (416.000.000) 06/04 11:49:16 Job was unsuspended.
...
010 (416.000.000) 06/04 11:49:36 Job was suspended.
	Number of processes actually suspended: 3
...
011 (416.000.000) 06/04 11:50:06 Job was unsuspended.
...
010 (416.000.000) 06/04 11:50:31 Job was suspended.
	Number of processes actually suspended: 3
...
011 (416.000.000) 06/04 11:51:06 Job was unsuspended.
...
010 (416.000.000) 06/04 11:51:21 Job was suspended.
	Number of processes actually suspended: 3
...
011 (416.000.000) 06/04 11:51:41 Job was unsuspended.
...
010 (416.000.000) 06/04 11:52:06 Job was suspended.
	Number of processes actually suspended: 3
...
011 (416.000.000) 06/04 11:52:56 Job was unsuspended.
...
010 (416.000.000) 06/04 11:53:21 Job was suspended.
	Number of processes actually suspended: 3
...
011 (416.000.000) 06/04 11:53:46 Job was unsuspended.
...
010 (416.000.000) 06/04 11:54:21 Job was suspended.
	Number of processes actually suspended: 3
...
011 (416.000.000) 06/04 11:54:56 Job was unsuspended.
...
010 (416.000.000) 06/04 11:55:11 Job was suspended.
	Number of processes actually suspended: 3
...
011 (416.000.000) 06/04 11:55:51 Job was unsuspended.
...
010 (416.000.000) 06/04 11:56:16 Job was suspended.
	Number of processes actually suspended: 3
...
011 (416.000.000) 06/04 11:56:56 Job was unsuspended.
...
010 (416.000.000) 06/04 11:57:37 Job was suspended.
	Number of processes actually suspended: 3
...
011 (416.000.000) 06/04 11:58:07 Job was unsuspended.
...
010 (416.000.000) 06/04 11:58:32 Job was suspended.
	Number of processes actually suspended: 3
...
011 (416.000.000) 06/04 11:59:17 Job was unsuspended.
...
010 (416.000.000) 06/04 11:59:52 Job was suspended.
	Number of processes actually suspended: 3
...
011 (416.000.000) 06/04 12:00:17 Job was unsuspended.
...
010 (416.000.000) 06/04 12:00:38 Job was suspended.
	Number of processes actually suspended: 3
...
011 (416.000.000) 06/04 12:01:08 Job was unsuspended.
...
010 (416.000.000) 06/04 12:01:38 Job was suspended.
	Number of processes actually suspended: 3
...
011 (416.000.000) 06/04 12:02:13 Job was unsuspended.
...
010 (416.000.000) 06/04 12:02:28 Job was suspended.
	Number of processes actually suspended: 3
...
011 (416.000.000) 06/04 12:03:23 Job was unsuspended.
...
010 (416.000.000) 06/04 12:03:58 Job was suspended.
	Number of processes actually suspended: 3
...
011 (416.000.000) 06/04 12:04:34 Job was unsuspended.
...
010 (416.000.000) 06/04 12:04:49 Job was suspended.
	Number of processes actually suspended: 3
...
011 (416.000.000) 06/04 12:05:09 Job was unsuspended.
...
010 (416.000.000) 06/04 12:05:39 Job was suspended.
	Number of processes actually suspended: 3
...
011 (416.000.000) 06/04 12:06:14 Job was unsuspended.
...
010 (416.000.000) 06/04 12:06:34 Job was suspended.
	Number of processes actually suspended: 3
...
011 (416.000.000) 06/04 12:07:24 Job was unsuspended.
...
010 (416.000.000) 06/04 12:08:04 Job was suspended.
	Number of processes actually suspended: 3
...
011 (416.000.000) 06/04 12:08:24 Job was unsuspended.
...
010 (416.000.000) 06/04 12:08:44 Job was suspended.
	Number of processes actually suspended: 3
...
011 (416.000.000) 06/04 12:09:29 Job was unsuspended.
...
010 (416.000.000) 06/04 12:09:54 Job was suspended.
	Number of processes actually suspended: 3
...
011 (416.000.000) 06/04 12:10:30 Job was unsuspended.
...
010 (416.000.000) 06/04 12:10:44 Job was suspended.
	Number of processes actually suspended: 3
...
006 (416.000.000) 06/04 12:10:44 Image size of job updated: 357576
	305  -  MemoryUsage of job (MB)
	312204  -  ResidentSetSize of job (KB)
...
011 (416.000.000) 06/04 12:11:24 Job was unsuspended.
...
010 (416.000.000) 06/04 12:11:59 Job was suspended.
	Number of processes actually suspended: 3
...
006 (416.000.000) 06/04 12:11:59 Image size of job updated: 359012
	307  -  MemoryUsage of job (MB)
	313640  -  ResidentSetSize of job (KB)
...
011 (416.000.000) 06/04 12:12:19 Job was unsuspended.
...
010 (416.000.000) 06/04 12:12:44 Job was suspended.
	Number of processes actually suspended: 3
...
011 (416.000.000) 06/04 12:13:24 Job was unsuspended.
...
010 (416.000.000) 06/04 12:13:49 Job was suspended.
	Number of processes actually suspended: 3
...
011 (416.000.000) 06/04 12:14:14 Job was unsuspended.
...
010 (416.000.000) 06/04 12:14:34 Job was suspended.
	Number of processes actually suspended: 3
...
011 (416.000.000) 06/04 12:15:04 Job was unsuspended.
...
010 (416.000.000) 06/04 12:15:44 Job was suspended.
	Number of processes actually suspended: 3
...
011 (416.000.000) 06/04 12:16:04 Job was unsuspended.
...
010 (416.000.000) 06/04 12:16:24 Job was suspended.
	Number of processes actually suspended: 3
...
011 (416.000.000) 06/04 12:16:59 Job was unsuspended.
...
010 (416.000.000) 06/04 12:17:34 Job was suspended.
	Number of processes actually suspended: 3
...
011 (416.000.000) 06/04 12:18:04 Job was unsuspended.
...
010 (416.000.000) 06/04 12:18:19 Job was suspended.
	Number of processes actually suspended: 3
...
011 (416.000.000) 06/04 12:18:59 Job was unsuspended.
...
010 (416.000.000) 06/04 12:19:24 Job was suspended.
	Number of processes actually suspended: 3
...
011 (416.000.000) 06/04 12:20:00 Job was unsuspended.
...
010 (416.000.000) 06/04 12:20:24 Job was suspended.
	Number of processes actually suspended: 3
...
011 (416.000.000) 06/04 12:20:54 Job was unsuspended.
...
010 (416.000.000) 06/04 12:21:39 Job was suspended.
	Number of processes actually suspended: 3
...
006 (416.000.000) 06/04 12:21:39 Image size of job updated: 360160
	308  -  MemoryUsage of job (MB)
	314788  -  ResidentSetSize of job (KB)
...
011 (416.000.000) 06/04 12:22:34 Job was unsuspended.
...
010 (416.000.000) 06/04 12:22:59 Job was suspended.
	Number of processes actually suspended: 3
...
011 (416.000.000) 06/04 12:23:29 Job was unsuspended.
...
010 (416.000.000) 06/04 12:23:54 Job was suspended.
	Number of processes actually suspended: 3
...
011 (416.000.000) 06/04 12:24:24 Job was unsuspended.
...
010 (416.000.000) 06/04 12:24:54 Job was suspended.
	Number of processes actually suspended: 3
...
011 (416.000.000) 06/04 12:25:29 Job was unsuspended.
...
010 (416.000.000) 06/04 12:25:54 Job was suspended.
	Number of processes actually suspended: 3
...
011 (416.000.000) 06/04 12:26:59 Job was unsuspended.
...
010 (416.000.000) 06/04 12:27:19 Job was suspended.
	Number of processes actually suspended: 3
...
011 (416.000.000) 06/04 12:27:50 Job was unsuspended.
...
010 (416.000.000) 06/04 12:28:20 Job was suspended.
	Number of processes actually suspended: 3
...
011 (416.000.000) 06/04 12:28:50 Job was unsuspended.
...
010 (416.000.000) 06/04 12:29:45 Job was suspended.
	Number of processes actually suspended: 3
...
011 (416.000.000) 06/04 12:30:50 Job was unsuspended.
...
010 (416.000.000) 06/04 12:31:05 Job was suspended.
	Number of processes actually suspended: 3
...
011 (416.000.000) 06/04 12:31:35 Job was unsuspended.
...
010 (416.000.000) 06/04 12:32:15 Job was suspended.
	Number of processes actually suspended: 3
...
011 (416.000.000) 06/04 12:32:40 Job was unsuspended.
...
010 (416.000.000) 06/04 12:33:00 Job was suspended.
	Number of processes actually suspended: 3
...
011 (416.000.000) 06/04 12:33:30 Job was unsuspended.
...
010 (416.000.000) 06/04 12:34:10 Job was suspended.
	Number of processes actually suspended: 3
...
011 (416.000.000) 06/04 12:35:00 Job was unsuspended.
...
010 (416.000.000) 06/04 12:36:11 Job was suspended.
	Number of processes actually suspended: 3
...
011 (416.000.000) 06/04 12:37:01 Job was unsuspended.
...
010 (416.000.000) 06/04 12:37:31 Job was suspended.
	Number of processes actually suspended: 3
...
011 (416.000.000) 06/04 12:38:11 Job was unsuspended.
...
010 (416.000.000) 06/04 12:38:36 Job was suspended.
	Number of processes actually suspended: 3
...
011 (416.000.000) 06/04 12:39:02 Job was unsuspended.
...
010 (416.000.000) 06/04 12:39:41 Job was suspended.
	Number of processes actually suspended: 3
...
011 (416.000.000) 06/04 12:39:56 Job was unsuspended.
...
010 (416.000.000) 06/04 12:40:26 Job was suspended.
	Number of processes actually suspended: 3
...
006 (416.000.000) 06/04 12:40:26 Image size of job updated: 360164
	308  -  MemoryUsage of job (MB)
	314792  -  ResidentSetSize of job (KB)
...
011 (416.000.000) 06/04 12:41:01 Job was unsuspended.
...
010 (416.000.000) 06/04 12:41:26 Job was suspended.
	Number of processes actually suspended: 3
...
011 (416.000.000) 06/04 12:42:31 Job was unsuspended.
...
010 (416.000.000) 06/04 12:43:11 Job was suspended.
	Number of processes actually suspended: 3
...
011 (416.000.000) 06/04 12:43:41 Job was unsuspended.
...
010 (416.000.000) 06/04 12:44:01 Job was suspended.
	Number of processes actually suspended: 3
...
011 (416.000.000) 06/04 12:44:16 Job was unsuspended.
...
010 (416.000.000) 06/04 12:45:06 Job was suspended.
	Number of processes actually suspended: 3
...
011 (416.000.000) 06/04 12:45:26 Job was unsuspended.
...
010 (416.000.000) 06/04 12:46:36 Job was suspended.
	Number of processes actually suspended: 3
...
011 (416.000.000) 06/04 12:47:17 Job was unsuspended.
...
010 (416.000.000) 06/04 12:48:02 Job was suspended.
	Number of processes actually suspended: 3
...
011 (416.000.000) 06/04 12:48:22 Job was unsuspended.
...
010 (416.000.000) 06/04 12:49:07 Job was suspended.
	Number of processes actually suspended: 3
...
006 (416.000.000) 06/04 12:49:07 Image size of job updated: 360172
	308  -  MemoryUsage of job (MB)
	314800  -  ResidentSetSize of job (KB)
...
011 (416.000.000) 06/04 12:49:47 Job was unsuspended.
...
010 (416.000.000) 06/04 12:50:02 Job was suspended.
	Number of processes actually suspended: 3
...
011 (416.000.000) 06/04 12:50:17 Job was unsuspended.
...
006 (416.000.000) 06/04 12:53:46 Image size of job updated: 639872
	308  -  MemoryUsage of job (MB)
	314800  -  ResidentSetSize of job (KB)
...
005 (416.000.000) 06/04 12:53:46 Job terminated.
	(1) Normal termination (return value 0)
		Usr 0 00:04:16, Sys 0 00:00:05  -  Run Remote Usage
		Usr 0 00:00:00, Sys 0 00:00:00  -  Run Local Usage
		Usr 0 00:04:16, Sys 0 00:00:05  -  Total Remote Usage
		Usr 0 00:00:00, Sys 0 00:00:00  -  Total Local Usage
	0  -  Run Bytes Sent By Job
	0  -  Run Bytes Received By Job
	0  -  Total Bytes Sent By Job
	0  -  Total Bytes Received By Job
	Partitionable Resources :    Usage  Request Allocated
	   Cpus                 :                 1         1
	   Disk (KB)            :        1        1   1556473
	   Memory (MB)          :      308     1500      1500
...
000 (478.000.000) 06/04 15:47:22 Job submitted from host: <134.61.5.1:9618?addrs=134.61.5.1-9618+[--1]-9618&noUDP&sock=1924_484e_15>
...
001 (478.000.000) 06/04 16:36:29 Job executing on host: <134.61.15.36:9618?addrs=134.61.15.36-9618+[--1]-9618&noUDP&sock=1477_ad78_3>
...
006 (478.000.000) 06/04 16:36:37 Image size of job updated: 10860
	7  -  MemoryUsage of job (MB)
	7096  -  ResidentSetSize of job (KB)
...
006 (478.000.000) 06/04 16:41:37 Image size of job updated: 530340
	474  -  MemoryUsage of job (MB)
	484716  -  ResidentSetSize of job (KB)
...
006 (478.000.000) 06/04 16:46:38 Image size of job updated: 562700
	505  -  MemoryUsage of job (MB)
	517076  -  ResidentSetSize of job (KB)
...
006 (478.000.000) 06/04 16:51:39 Image size of job updated: 566092
	505  -  MemoryUsage of job (MB)
	517076  -  ResidentSetSize of job (KB)
...
005 (478.000.000) 06/04 17:16:56 Job terminated.
	(1) Normal termination (return value 0)
		Usr 0 00:22:58, Sys 0 00:00:39  -  Run Remote Usage
		Usr 0 00:00:00, Sys 0 00:00:00  -  Run Local Usage
		Usr 0 00:22:58, Sys 0 00:00:39  -  Total Remote Usage
		Usr 0 00:00:00, Sys 0 00:00:00  -  Total Local Usage
	0  -  Run Bytes Sent By Job
	0  -  Run Bytes Received By Job
	0  -  Total Bytes Sent By Job
	0  -  Total Bytes Received By Job
	Partitionable Resources :    Usage  Request Allocated
	   Cpus                 :                 1         1
	   Disk (KB)            :        1        1   1138300
	   Memory (MB)          :      505     1500      1500
...
000 (539.000.000) 06/05 16:10:38 Job submitted from host: <134.61.5.1:9618?addrs=134.61.5.1-9618+[--1]-9618&noUDP&sock=1924_484e_15>
...
007 (539.000.000) 06/05 16:14:19 Shadow exception!
	Error from slot1_4@lxcip55.physik.rwth-aachen.de: Failed to open '/.automount/home/home__home4/institut_1b/swuchterl/SUSYDileptonGamma/SplitTrees/logs/DoubleMuon_Run2016C-03Feb2017-v1_nTuple.root.out' as standard output: No such file or directory (errno 2)
	0  -  Run Bytes Sent By Job
	0  -  Run Bytes Received By Job
...
012 (539.000.000) 06/05 16:14:20 Job was held.
	Error from slot1_4@lxcip55.physik.rwth-aachen.de: Failed to open '/.automount/home/home__home4/institut_1b/swuchterl/SUSYDileptonGamma/SplitTrees/logs/DoubleMuon_Run2016C-03Feb2017-v1_nTuple.root.out' as standard output: No such file or directory (errno 2)
	Code 7 Subcode 2
...
013 (539.000.000) 06/05 18:20:14 Job was released.
	via condor_release (by user swuchterl)
...
001 (539.000.000) 06/05 18:23:29 Job executing on host: <134.61.15.61:9618?addrs=134.61.15.61-9618+[--1]-9618&noUDP&sock=1367_3a0d_3>
...
006 (539.000.000) 06/05 18:23:37 Image size of job updated: 27116
	22  -  MemoryUsage of job (MB)
	21748  -  ResidentSetSize of job (KB)
...
010 (539.000.000) 06/05 18:27:44 Job was suspended.
	Number of processes actually suspended: 3
...
006 (539.000.000) 06/05 18:27:44 Image size of job updated: 506556
	473  -  MemoryUsage of job (MB)
	483992  -  ResidentSetSize of job (KB)
...
011 (539.000.000) 06/05 18:54:14 Job was unsuspended.
...
006 (539.000.000) 06/05 18:58:41 Image size of job updated: 506952
	474  -  MemoryUsage of job (MB)
	484388  -  ResidentSetSize of job (KB)
...
006 (539.000.000) 06/05 19:03:42 Image size of job updated: 542416
	508  -  MemoryUsage of job (MB)
	519852  -  ResidentSetSize of job (KB)
...
010 (539.000.000) 06/05 19:03:57 Job was suspended.
	Number of processes actually suspended: 3
...
011 (539.000.000) 06/05 19:10:12 Job was unsuspended.
...
010 (539.000.000) 06/05 19:14:45 Job was suspended.
	Number of processes actually suspended: 3
...
011 (539.000.000) 06/05 19:21:35 Job was unsuspended.
...
010 (539.000.000) 06/05 19:23:20 Job was suspended.
	Number of processes actually suspended: 3
...
011 (539.000.000) 06/05 19:28:21 Job was unsuspended.
...
010 (539.000.000) 06/05 19:33:03 Job was suspended.
	Number of processes actually suspended: 3
...
011 (539.000.000) 06/05 19:53:42 Job was unsuspended.
...
005 (539.000.000) 06/05 20:22:30 Job terminated.
	(1) Normal termination (return value 0)
		Usr 0 00:33:38, Sys 0 00:00:14  -  Run Remote Usage
		Usr 0 00:00:00, Sys 0 00:00:00  -  Run Local Usage
		Usr 0 00:33:38, Sys 0 00:00:14  -  Total Remote Usage
		Usr 0 00:00:00, Sys 0 00:00:00  -  Total Local Usage
	0  -  Run Bytes Sent By Job
	0  -  Run Bytes Received By Job
	0  -  Total Bytes Sent By Job
	0  -  Total Bytes Received By Job
	Partitionable Resources :    Usage  Request Allocated
	   Cpus                 :                 1         1
	   Disk (KB)            :        1        1   3541765
	   Memory (MB)          :      508     1500      1500
...
000 (660.000.000) 06/06 15:35:16 Job submitted from host: <134.61.5.1:9618?addrs=134.61.5.1-9618+[--1]-9618&noUDP&sock=1924_484e_15>
...
001 (660.000.000) 06/06 15:42:35 Job executing on host: <134.61.17.100:9618?addrs=134.61.17.100-9618+[--1]-9618&noUDP&sock=1718_fbcb_3>
...
006 (660.000.000) 06/06 15:42:43 Image size of job updated: 168464
	146  -  MemoryUsage of job (MB)
	148628  -  ResidentSetSize of job (KB)
...
006 (660.000.000) 06/06 15:47:42 Image size of job updated: 505084
	473  -  MemoryUsage of job (MB)
	483860  -  ResidentSetSize of job (KB)
...
006 (660.000.000) 06/06 15:52:44 Image size of job updated: 542228
	507  -  MemoryUsage of job (MB)
	518456  -  ResidentSetSize of job (KB)
...
006 (660.000.000) 06/06 15:57:45 Image size of job updated: 544112
	507  -  MemoryUsage of job (MB)
	518456  -  ResidentSetSize of job (KB)
...
010 (660.000.000) 06/06 16:02:01 Job was suspended.
	Number of processes actually suspended: 3
...
011 (660.000.000) 06/06 16:02:37 Job was unsuspended.
...
005 (660.000.000) 06/06 16:30:02 Job terminated.
	(1) Normal termination (return value 0)
		Usr 0 00:25:59, Sys 0 00:00:12  -  Run Remote Usage
		Usr 0 00:00:00, Sys 0 00:00:00  -  Run Local Usage
		Usr 0 00:25:59, Sys 0 00:00:12  -  Total Remote Usage
		Usr 0 00:00:00, Sys 0 00:00:00  -  Total Local Usage
	0  -  Run Bytes Sent By Job
	0  -  Run Bytes Received By Job
	0  -  Total Bytes Sent By Job
	0  -  Total Bytes Received By Job
	Partitionable Resources :    Usage  Request Allocated
	   Cpus                 :                 1         1
	   Disk (KB)            :        1        1   1128882
	   Memory (MB)          :      507     1500      1500
...
