000 (332.000.000) 06/01 16:26:44 Job submitted from host: <134.61.5.1:9618?addrs=134.61.5.1-9618+[--1]-9618&noUDP&sock=1924_484e_15>
...
001 (332.000.000) 06/01 16:28:02 Job executing on host: <134.61.13.49:9618?addrs=134.61.13.49-9618+[--1]-9618&noUDP&sock=1510_5018_10>
...
006 (332.000.000) 06/01 16:28:11 Image size of job updated: 8772
	7  -  MemoryUsage of job (MB)
	7088  -  ResidentSetSize of job (KB)
...
010 (332.000.000) 06/01 16:31:58 Job was suspended.
	Number of processes actually suspended: 3
...
006 (332.000.000) 06/01 16:31:58 Image size of job updated: 415256
	398  -  MemoryUsage of job (MB)
	406540  -  ResidentSetSize of job (KB)
...
011 (332.000.000) 06/01 16:32:29 Job was unsuspended.
...
010 (332.000.000) 06/01 16:33:59 Job was suspended.
	Number of processes actually suspended: 0
...
011 (332.000.000) 06/01 16:36:39 Job was unsuspended.
...
010 (332.000.000) 06/01 16:37:00 Job was suspended.
	Number of processes actually suspended: 0
...
011 (332.000.000) 06/01 16:37:39 Job was unsuspended.
...
010 (332.000.000) 06/01 16:48:23 Job was suspended.
	Number of processes actually suspended: 0
...
011 (332.000.000) 06/01 18:03:03 Job was unsuspended.
...
005 (332.000.000) 06/01 18:31:44 Job terminated.
	(1) Normal termination (return value 0)
		Usr 0 00:01:47, Sys 0 00:00:02  -  Run Remote Usage
		Usr 0 00:00:00, Sys 0 00:00:00  -  Run Local Usage
		Usr 0 00:01:47, Sys 0 00:00:02  -  Total Remote Usage
		Usr 0 00:00:00, Sys 0 00:00:00  -  Total Local Usage
	0  -  Run Bytes Sent By Job
	0  -  Run Bytes Received By Job
	0  -  Total Bytes Sent By Job
	0  -  Total Bytes Received By Job
	Partitionable Resources :    Usage  Request Allocated
	   Cpus                 :                 1         1
	   Disk (KB)            :        1        1   3344395
	   Memory (MB)          :      398     1500      1500
...
000 (394.000.000) 06/04 11:40:28 Job submitted from host: <134.61.5.1:9618?addrs=134.61.5.1-9618+[--1]-9618&noUDP&sock=1924_484e_15>
...
001 (394.000.000) 06/04 11:40:46 Job executing on host: <134.61.17.179:9618?addrs=134.61.17.179-9618+[--1]-9618&noUDP&sock=5001_d938_3>
...
006 (394.000.000) 06/04 11:40:55 Image size of job updated: 97268
	43  -  MemoryUsage of job (MB)
	43052  -  ResidentSetSize of job (KB)
...
006 (394.000.000) 06/04 11:45:56 Image size of job updated: 373016
	282  -  MemoryUsage of job (MB)
	288736  -  ResidentSetSize of job (KB)
...
006 (394.000.000) 06/04 12:15:59 Image size of job updated: 376192
	286  -  MemoryUsage of job (MB)
	291912  -  ResidentSetSize of job (KB)
...
005 (394.000.000) 06/04 12:52:04 Job terminated.
	(1) Normal termination (return value 0)
		Usr 0 00:06:17, Sys 0 00:00:07  -  Run Remote Usage
		Usr 0 00:00:00, Sys 0 00:00:00  -  Run Local Usage
		Usr 0 00:06:17, Sys 0 00:00:07  -  Total Remote Usage
		Usr 0 00:00:00, Sys 0 00:00:00  -  Total Local Usage
	0  -  Run Bytes Sent By Job
	0  -  Run Bytes Received By Job
	0  -  Total Bytes Sent By Job
	0  -  Total Bytes Received By Job
	Partitionable Resources :    Usage  Request Allocated
	   Cpus                 :                 1         1
	   Disk (KB)            :        1        1   1556473
	   Memory (MB)          :      286     1500      1500
...
000 (456.000.000) 06/04 15:47:19 Job submitted from host: <134.61.5.1:9618?addrs=134.61.5.1-9618+[--1]-9618&noUDP&sock=1924_484e_15>
...
001 (456.000.000) 06/04 16:18:48 Job executing on host: <134.61.17.186:9618?addrs=134.61.17.186-9618+[--1]-9618&noUDP&sock=4515_7e30_3>
...
006 (456.000.000) 06/04 16:18:56 Image size of job updated: 103656
	91  -  MemoryUsage of job (MB)
	92572  -  ResidentSetSize of job (KB)
...
006 (456.000.000) 06/04 16:23:56 Image size of job updated: 420920
	401  -  MemoryUsage of job (MB)
	410416  -  ResidentSetSize of job (KB)
...
010 (456.000.000) 06/04 16:25:10 Job was suspended.
	Number of processes actually suspended: 3
...
011 (456.000.000) 06/04 16:25:25 Job was unsuspended.
...
010 (456.000.000) 06/04 16:25:40 Job was suspended.
	Number of processes actually suspended: 3
...
006 (456.000.000) 06/04 16:25:40 Image size of job updated: 421588
	401  -  MemoryUsage of job (MB)
	410416  -  ResidentSetSize of job (KB)
...
011 (456.000.000) 06/04 16:26:35 Job was unsuspended.
...
010 (456.000.000) 06/04 16:29:51 Job was suspended.
	Number of processes actually suspended: 3
...
011 (456.000.000) 06/04 16:31:21 Job was unsuspended.
...
010 (456.000.000) 06/04 16:32:22 Job was suspended.
	Number of processes actually suspended: 3
...
006 (456.000.000) 06/04 16:32:22 Image size of job updated: 422232
	401  -  MemoryUsage of job (MB)
	410416  -  ResidentSetSize of job (KB)
...
011 (456.000.000) 06/04 16:33:58 Job was unsuspended.
...
010 (456.000.000) 06/04 16:34:08 Job was suspended.
	Number of processes actually suspended: 3
...
011 (456.000.000) 06/04 16:35:09 Job was unsuspended.
...
010 (456.000.000) 06/04 16:37:40 Job was suspended.
	Number of processes actually suspended: 3
...
011 (456.000.000) 06/04 16:44:01 Job was unsuspended.
...
010 (456.000.000) 06/04 16:45:36 Job was suspended.
	Number of processes actually suspended: 3
...
011 (456.000.000) 06/04 16:46:51 Job was unsuspended.
...
010 (456.000.000) 06/04 16:48:17 Job was suspended.
	Number of processes actually suspended: 3
...
011 (456.000.000) 06/04 16:50:03 Job was unsuspended.
...
010 (456.000.000) 06/04 16:51:03 Job was suspended.
	Number of processes actually suspended: 3
...
011 (456.000.000) 06/04 16:54:18 Job was unsuspended.
...
010 (456.000.000) 06/04 17:03:39 Job was suspended.
	Number of processes actually suspended: 3
...
011 (456.000.000) 06/04 17:04:09 Job was unsuspended.
...
010 (456.000.000) 06/04 17:04:19 Job was suspended.
	Number of processes actually suspended: 3
...
011 (456.000.000) 06/04 17:04:39 Job was unsuspended.
...
005 (456.000.000) 06/04 17:31:05 Job terminated.
	(1) Normal termination (return value 0)
		Usr 0 00:35:08, Sys 0 00:00:32  -  Run Remote Usage
		Usr 0 00:00:00, Sys 0 00:00:00  -  Run Local Usage
		Usr 0 00:35:08, Sys 0 00:00:32  -  Total Remote Usage
		Usr 0 00:00:00, Sys 0 00:00:00  -  Total Local Usage
	0  -  Run Bytes Sent By Job
	0  -  Run Bytes Received By Job
	0  -  Total Bytes Sent By Job
	0  -  Total Bytes Received By Job
	Partitionable Resources :    Usage  Request Allocated
	   Cpus                 :                 1         1
	   Disk (KB)            :        1        1   1556473
	   Memory (MB)          :      401     1500      1500
...
000 (518.000.000) 06/05 16:10:35 Job submitted from host: <134.61.5.1:9618?addrs=134.61.5.1-9618+[--1]-9618&noUDP&sock=1924_484e_15>
...
007 (518.000.000) 06/05 16:13:21 Shadow exception!
	Error from slot1_4@lxcip55.physik.rwth-aachen.de: Failed to open '/.automount/home/home__home4/institut_1b/swuchterl/SUSYDileptonGamma/SplitTrees/logs/DoubleEG_Run2016H-03Feb2017_ver2-v1_nTuple.root.out' as standard output: No such file or directory (errno 2)
	0  -  Run Bytes Sent By Job
	0  -  Run Bytes Received By Job
...
012 (518.000.000) 06/05 16:13:21 Job was held.
	Error from slot1_4@lxcip55.physik.rwth-aachen.de: Failed to open '/.automount/home/home__home4/institut_1b/swuchterl/SUSYDileptonGamma/SplitTrees/logs/DoubleEG_Run2016H-03Feb2017_ver2-v1_nTuple.root.out' as standard output: No such file or directory (errno 2)
	Code 7 Subcode 2
...
013 (518.000.000) 06/05 18:20:05 Job was released.
	via condor_release (by user swuchterl)
...
001 (518.000.000) 06/05 18:20:47 Job executing on host: <134.61.17.186:9618?addrs=134.61.17.186-9618+[--1]-9618&noUDP&sock=4515_7e30_3>
...
006 (518.000.000) 06/05 18:20:56 Image size of job updated: 253712
	212  -  MemoryUsage of job (MB)
	216512  -  ResidentSetSize of job (KB)
...
010 (518.000.000) 06/05 18:24:20 Job was suspended.
	Number of processes actually suspended: 3
...
006 (518.000.000) 06/05 18:24:20 Image size of job updated: 448808
	398  -  MemoryUsage of job (MB)
	407288  -  ResidentSetSize of job (KB)
...
011 (518.000.000) 06/05 18:38:23 Job was unsuspended.
...
006 (518.000.000) 06/05 18:38:23 Image size of job updated: 448808
	398  -  MemoryUsage of job (MB)
	407296  -  ResidentSetSize of job (KB)
...
010 (518.000.000) 06/05 18:43:34 Job was suspended.
	Number of processes actually suspended: 3
...
011 (518.000.000) 06/05 18:44:04 Job was unsuspended.
...
005 (518.000.000) 06/05 19:09:22 Job terminated.
	(1) Normal termination (return value 0)
		Usr 0 00:29:33, Sys 0 00:00:27  -  Run Remote Usage
		Usr 0 00:00:00, Sys 0 00:00:00  -  Run Local Usage
		Usr 0 00:29:33, Sys 0 00:00:27  -  Total Remote Usage
		Usr 0 00:00:00, Sys 0 00:00:00  -  Total Local Usage
	0  -  Run Bytes Sent By Job
	0  -  Run Bytes Received By Job
	0  -  Total Bytes Sent By Job
	0  -  Total Bytes Received By Job
	Partitionable Resources :    Usage  Request Allocated
	   Cpus                 :                 1         1
	   Disk (KB)            :        1        1   1556473
	   Memory (MB)          :      398     1500      1500
...
000 (639.000.000) 06/06 15:35:13 Job submitted from host: <134.61.5.1:9618?addrs=134.61.5.1-9618+[--1]-9618&noUDP&sock=1924_484e_15>
...
001 (639.000.000) 06/06 15:40:31 Job executing on host: <134.61.15.89:9618?addrs=134.61.15.89-9618+[--1]-9618&noUDP&sock=1562_fb05_3>
...
006 (639.000.000) 06/06 15:40:40 Image size of job updated: 31392
	22  -  MemoryUsage of job (MB)
	21748  -  ResidentSetSize of job (KB)
...
010 (639.000.000) 06/06 15:40:54 Job was suspended.
	Number of processes actually suspended: 3
...
006 (639.000.000) 06/06 15:40:54 Image size of job updated: 226776
	175  -  MemoryUsage of job (MB)
	178688  -  ResidentSetSize of job (KB)
...
006 (639.000.000) 06/06 15:45:41 Image size of job updated: 240084
	175  -  MemoryUsage of job (MB)
	178688  -  ResidentSetSize of job (KB)
...
011 (639.000.000) 06/06 15:46:16 Job was unsuspended.
...
006 (639.000.000) 06/06 15:46:16 Image size of job updated: 240232
	175  -  MemoryUsage of job (MB)
	178772  -  ResidentSetSize of job (KB)
...
010 (639.000.000) 06/06 15:46:26 Job was suspended.
	Number of processes actually suspended: 3
...
006 (639.000.000) 06/06 15:46:26 Image size of job updated: 346048
	278  -  MemoryUsage of job (MB)
	284288  -  ResidentSetSize of job (KB)
...
011 (639.000.000) 06/06 15:47:11 Job was unsuspended.
...
006 (639.000.000) 06/06 15:47:11 Image size of job updated: 346068
	278  -  MemoryUsage of job (MB)
	284288  -  ResidentSetSize of job (KB)
...
010 (639.000.000) 06/06 15:47:51 Job was suspended.
	Number of processes actually suspended: 3
...
006 (639.000.000) 06/06 15:47:51 Image size of job updated: 446260
	376  -  MemoryUsage of job (MB)
	384480  -  ResidentSetSize of job (KB)
...
004 (639.000.000) 06/06 15:53:25 Job was evicted.
	(0) Job was not checkpointed.
		Usr 0 00:00:12, Sys 0 00:00:01  -  Run Remote Usage
		Usr 0 00:00:00, Sys 0 00:00:00  -  Run Local Usage
	0  -  Run Bytes Sent By Job
	0  -  Run Bytes Received By Job
	Partitionable Resources :    Usage  Request Allocated
	   Cpus                 :                 1         1
	   Disk (KB)            :        1        1   3515582
	   Memory (MB)          :      376     1500      1500
...
012 (639.000.000) 06/06 15:53:25 Job was held.
	via condor_hold (by user swuchterl)
	Code 1 Subcode 0
...
013 (639.000.000) 06/06 15:54:13 Job was released.
	via condor_release (by user swuchterl)
...
001 (639.000.000) 06/06 15:55:14 Job executing on host: <134.61.15.6:9618?addrs=134.61.15.6-9618+[--1]-9618&noUDP&sock=1223743_7d6a_3>
...
006 (639.000.000) 06/06 16:00:22 Image size of job updated: 450000
	402  -  MemoryUsage of job (MB)
	411188  -  ResidentSetSize of job (KB)
...
010 (639.000.000) 06/06 16:02:02 Job was suspended.
	Number of processes actually suspended: 3
...
006 (639.000.000) 06/06 16:02:02 Image size of job updated: 450000
	402  -  MemoryUsage of job (MB)
	411196  -  ResidentSetSize of job (KB)
...
011 (639.000.000) 06/06 16:07:58 Job was unsuspended.
...
010 (639.000.000) 06/06 16:14:34 Job was suspended.
	Number of processes actually suspended: 3
...
006 (639.000.000) 06/06 16:14:35 Image size of job updated: 450000
	402  -  MemoryUsage of job (MB)
	411236  -  ResidentSetSize of job (KB)
...
011 (639.000.000) 06/06 16:23:21 Job was unsuspended.
...
006 (639.000.000) 06/06 16:25:25 Image size of job updated: 450000
	402  -  MemoryUsage of job (MB)
	411260  -  ResidentSetSize of job (KB)
...
010 (639.000.000) 06/06 16:26:32 Job was suspended.
	Number of processes actually suspended: 3
...
006 (639.000.000) 06/06 16:26:32 Image size of job updated: 450000
	402  -  MemoryUsage of job (MB)
	411308  -  ResidentSetSize of job (KB)
...
011 (639.000.000) 06/06 16:36:02 Job was unsuspended.
...
010 (639.000.000) 06/06 16:56:08 Job was suspended.
	Number of processes actually suspended: 3
...
004 (639.000.000) 06/06 17:03:56 Job was evicted.
	(0) Job was not checkpointed.
		Usr 0 00:07:24, Sys 0 00:00:06  -  Run Remote Usage
		Usr 0 00:00:00, Sys 0 00:00:00  -  Run Local Usage
	0  -  Run Bytes Sent By Job
	0  -  Run Bytes Received By Job
	Partitionable Resources :    Usage  Request Allocated
	   Cpus                 :                 1         1
	   Disk (KB)            :        1        1   3541765
	   Memory (MB)          :      402     1500      1500
...
012 (639.000.000) 06/06 17:03:56 Job was held.
	via condor_hold (by user swuchterl)
	Code 1 Subcode 0
...
013 (639.000.000) 06/06 17:04:01 Job was released.
	via condor_release (by user swuchterl)
...
001 (639.000.000) 06/06 17:04:02 Job executing on host: <134.61.5.41:9618?addrs=134.61.5.41-9618+[--1]-9618&noUDP&sock=1554_7e43_20>
...
006 (639.000.000) 06/06 17:09:12 Image size of job updated: 495792
	416  -  MemoryUsage of job (MB)
	425000  -  ResidentSetSize of job (KB)
...
006 (639.000.000) 06/06 17:51:41 Image size of job updated: 731712
	416  -  MemoryUsage of job (MB)
	425000  -  ResidentSetSize of job (KB)
...
005 (639.000.000) 06/06 17:51:41 Job terminated.
	(1) Normal termination (return value 0)
		Usr 0 00:38:04, Sys 0 00:00:18  -  Run Remote Usage
		Usr 0 00:00:00, Sys 0 00:00:00  -  Run Local Usage
		Usr 0 00:38:04, Sys 0 00:00:18  -  Total Remote Usage
		Usr 0 00:00:00, Sys 0 00:00:00  -  Total Local Usage
	0  -  Run Bytes Sent By Job
	0  -  Run Bytes Received By Job
	0  -  Total Bytes Sent By Job
	0  -  Total Bytes Received By Job
	Partitionable Resources :    Usage  Request Allocated
	   Cpus                 :                 1         1
	   Disk (KB)            :        1        1   3524512
	   Memory (MB)          :      416     1500      1500
...
