000 (360.000.000) 06/01 16:26:48 Job submitted from host: <134.61.5.1:9618?addrs=134.61.5.1-9618+[--1]-9618&noUDP&sock=1924_484e_15>
...
001 (360.000.000) 06/01 16:32:23 Job executing on host: <134.61.17.190:9618?addrs=134.61.17.190-9618+[--1]-9618&noUDP&sock=16258_36d5_3>
...
006 (360.000.000) 06/01 16:32:31 Image size of job updated: 39440
	22  -  MemoryUsage of job (MB)
	21864  -  ResidentSetSize of job (KB)
...
006 (360.000.000) 06/01 16:35:46 Image size of job updated: 651352
	22  -  MemoryUsage of job (MB)
	21864  -  ResidentSetSize of job (KB)
...
005 (360.000.000) 06/01 16:35:46 Job terminated.
	(1) Normal termination (return value 0)
		Usr 0 00:01:22, Sys 0 00:00:02  -  Run Remote Usage
		Usr 0 00:00:00, Sys 0 00:00:00  -  Run Local Usage
		Usr 0 00:01:22, Sys 0 00:00:02  -  Total Remote Usage
		Usr 0 00:00:00, Sys 0 00:00:00  -  Total Local Usage
	0  -  Run Bytes Sent By Job
	0  -  Run Bytes Received By Job
	0  -  Total Bytes Sent By Job
	0  -  Total Bytes Received By Job
	Partitionable Resources :    Usage  Request Allocated
	   Cpus                 :                 1         1
	   Disk (KB)            :        1        1   1556473
	   Memory (MB)          :       22     1500      1500
...
000 (422.000.000) 06/04 11:40:32 Job submitted from host: <134.61.5.1:9618?addrs=134.61.5.1-9618+[--1]-9618&noUDP&sock=1924_484e_15>
...
001 (422.000.000) 06/04 11:40:47 Job executing on host: <134.61.17.183:9618?addrs=134.61.17.183-9618+[--1]-9618&noUDP&sock=5023_f04d_3>
...
006 (422.000.000) 06/04 11:40:56 Image size of job updated: 200884
	153  -  MemoryUsage of job (MB)
	156584  -  ResidentSetSize of job (KB)
...
010 (422.000.000) 06/04 11:42:33 Job was suspended.
	Number of processes actually suspended: 3
...
006 (422.000.000) 06/04 11:42:33 Image size of job updated: 336796
	283  -  MemoryUsage of job (MB)
	289772  -  ResidentSetSize of job (KB)
...
011 (422.000.000) 06/04 11:42:53 Job was unsuspended.
...
010 (422.000.000) 06/04 11:43:43 Job was suspended.
	Number of processes actually suspended: 3
...
011 (422.000.000) 06/04 11:44:08 Job was unsuspended.
...
010 (422.000.000) 06/04 11:45:03 Job was suspended.
	Number of processes actually suspended: 3
...
011 (422.000.000) 06/04 11:45:33 Job was unsuspended.
...
010 (422.000.000) 06/04 11:46:33 Job was suspended.
	Number of processes actually suspended: 3
...
011 (422.000.000) 06/04 11:46:49 Job was unsuspended.
...
010 (422.000.000) 06/04 11:47:34 Job was suspended.
	Number of processes actually suspended: 3
...
011 (422.000.000) 06/04 11:47:49 Job was unsuspended.
...
010 (422.000.000) 06/04 11:48:39 Job was suspended.
	Number of processes actually suspended: 3
...
011 (422.000.000) 06/04 11:49:04 Job was unsuspended.
...
010 (422.000.000) 06/04 11:50:15 Job was suspended.
	Number of processes actually suspended: 3
...
011 (422.000.000) 06/04 11:50:40 Job was unsuspended.
...
010 (422.000.000) 06/04 11:51:10 Job was suspended.
	Number of processes actually suspended: 3
...
006 (422.000.000) 06/04 11:51:10 Image size of job updated: 336800
	283  -  MemoryUsage of job (MB)
	289776  -  ResidentSetSize of job (KB)
...
011 (422.000.000) 06/04 11:51:25 Job was unsuspended.
...
010 (422.000.000) 06/04 11:52:20 Job was suspended.
	Number of processes actually suspended: 3
...
006 (422.000.000) 06/04 11:52:20 Image size of job updated: 336836
	284  -  MemoryUsage of job (MB)
	289812  -  ResidentSetSize of job (KB)
...
011 (422.000.000) 06/04 11:52:40 Job was unsuspended.
...
010 (422.000.000) 06/04 11:53:15 Job was suspended.
	Number of processes actually suspended: 3
...
006 (422.000.000) 06/04 11:53:15 Image size of job updated: 336840
	284  -  MemoryUsage of job (MB)
	289816  -  ResidentSetSize of job (KB)
...
011 (422.000.000) 06/04 11:53:35 Job was unsuspended.
...
010 (422.000.000) 06/04 11:54:10 Job was suspended.
	Number of processes actually suspended: 3
...
011 (422.000.000) 06/04 11:54:29 Job was unsuspended.
...
010 (422.000.000) 06/04 11:55:10 Job was suspended.
	Number of processes actually suspended: 3
...
011 (422.000.000) 06/04 11:55:30 Job was unsuspended.
...
010 (422.000.000) 06/04 11:56:05 Job was suspended.
	Number of processes actually suspended: 3
...
011 (422.000.000) 06/04 11:56:20 Job was unsuspended.
...
010 (422.000.000) 06/04 11:57:15 Job was suspended.
	Number of processes actually suspended: 3
...
011 (422.000.000) 06/04 11:57:30 Job was unsuspended.
...
010 (422.000.000) 06/04 11:58:11 Job was suspended.
	Number of processes actually suspended: 3
...
011 (422.000.000) 06/04 11:58:36 Job was unsuspended.
...
010 (422.000.000) 06/04 11:58:51 Job was suspended.
	Number of processes actually suspended: 3
...
011 (422.000.000) 06/04 11:59:21 Job was unsuspended.
...
010 (422.000.000) 06/04 12:00:31 Job was suspended.
	Number of processes actually suspended: 3
...
011 (422.000.000) 06/04 12:00:56 Job was unsuspended.
...
010 (422.000.000) 06/04 12:01:21 Job was suspended.
	Number of processes actually suspended: 3
...
011 (422.000.000) 06/04 12:01:41 Job was unsuspended.
...
010 (422.000.000) 06/04 12:02:47 Job was suspended.
	Number of processes actually suspended: 3
...
011 (422.000.000) 06/04 12:03:02 Job was unsuspended.
...
005 (422.000.000) 06/04 12:03:09 Job terminated.
	(1) Normal termination (return value 0)
		Usr 0 00:00:26, Sys 0 00:00:01  -  Run Remote Usage
		Usr 0 00:00:00, Sys 0 00:00:00  -  Run Local Usage
		Usr 0 00:00:26, Sys 0 00:00:01  -  Total Remote Usage
		Usr 0 00:00:00, Sys 0 00:00:00  -  Total Local Usage
	0  -  Run Bytes Sent By Job
	0  -  Run Bytes Received By Job
	0  -  Total Bytes Sent By Job
	0  -  Total Bytes Received By Job
	Partitionable Resources :    Usage  Request Allocated
	   Cpus                 :                 1         1
	   Disk (KB)            :        1        1   1556473
	   Memory (MB)          :      284     1500      1500
...
000 (484.000.000) 06/04 15:47:22 Job submitted from host: <134.61.5.1:9618?addrs=134.61.5.1-9618+[--1]-9618&noUDP&sock=1924_484e_15>
...
001 (484.000.000) 06/04 16:40:29 Job executing on host: <134.61.5.30:9618?addrs=134.61.5.30-9618+[--1]-9618&noUDP&sock=1537_d527_3>
...
006 (484.000.000) 06/04 16:40:37 Image size of job updated: 249032
	193  -  MemoryUsage of job (MB)
	197504  -  ResidentSetSize of job (KB)
...
006 (484.000.000) 06/04 16:43:31 Image size of job updated: 249032
	193  -  MemoryUsage of job (MB)
	197544  -  ResidentSetSize of job (KB)
...
005 (484.000.000) 06/04 16:43:31 Job terminated.
	(1) Normal termination (return value 0)
		Usr 0 00:01:11, Sys 0 00:00:01  -  Run Remote Usage
		Usr 0 00:00:00, Sys 0 00:00:00  -  Run Local Usage
		Usr 0 00:01:11, Sys 0 00:00:01  -  Total Remote Usage
		Usr 0 00:00:00, Sys 0 00:00:00  -  Total Local Usage
	0  -  Run Bytes Sent By Job
	0  -  Run Bytes Received By Job
	0  -  Total Bytes Sent By Job
	0  -  Total Bytes Received By Job
	Partitionable Resources :    Usage  Request Allocated
	   Cpus                 :                 1         1
	   Disk (KB)            :        1        1  17962901
	   Memory (MB)          :      193     1500      1500
...
000 (545.000.000) 06/05 16:10:39 Job submitted from host: <134.61.5.1:9618?addrs=134.61.5.1-9618+[--1]-9618&noUDP&sock=1924_484e_15>
...
007 (545.000.000) 06/05 16:14:20 Shadow exception!
	Error from slot1_6@lxcip55.physik.rwth-aachen.de: Failed to open '/.automount/home/home__home4/institut_1b/swuchterl/SUSYDileptonGamma/SplitTrees/logs/DoubleMuon_Run2016H-03Feb2017_ver3-v1_nTuple.root.out' as standard output: No such file or directory (errno 2)
	0  -  Run Bytes Sent By Job
	0  -  Run Bytes Received By Job
...
012 (545.000.000) 06/05 16:14:20 Job was held.
	Error from slot1_6@lxcip55.physik.rwth-aachen.de: Failed to open '/.automount/home/home__home4/institut_1b/swuchterl/SUSYDileptonGamma/SplitTrees/logs/DoubleMuon_Run2016H-03Feb2017_ver3-v1_nTuple.root.out' as standard output: No such file or directory (errno 2)
	Code 7 Subcode 2
...
013 (545.000.000) 06/05 18:20:27 Job was released.
	via condor_release (by user swuchterl)
...
001 (545.000.000) 06/05 18:23:29 Job executing on host: <134.61.15.61:9618?addrs=134.61.15.61-9618+[--1]-9618&noUDP&sock=1367_3a0d_3>
...
006 (545.000.000) 06/05 18:23:37 Image size of job updated: 26976
	22  -  MemoryUsage of job (MB)
	21860  -  ResidentSetSize of job (KB)
...
010 (545.000.000) 06/05 18:23:48 Job was suspended.
	Number of processes actually suspended: 3
...
006 (545.000.000) 06/05 18:23:48 Image size of job updated: 118916
	100  -  MemoryUsage of job (MB)
	101504  -  ResidentSetSize of job (KB)
...
011 (545.000.000) 06/05 18:25:34 Job was unsuspended.
...
006 (545.000.000) 06/05 18:25:34 Image size of job updated: 123060
	100  -  MemoryUsage of job (MB)
	101536  -  ResidentSetSize of job (KB)
...
010 (545.000.000) 06/05 18:26:09 Job was suspended.
	Number of processes actually suspended: 3
...
006 (545.000.000) 06/05 18:26:09 Image size of job updated: 302824
	275  -  MemoryUsage of job (MB)
	280936  -  ResidentSetSize of job (KB)
...
011 (545.000.000) 06/05 18:54:14 Job was unsuspended.
...
006 (545.000.000) 06/05 18:54:14 Image size of job updated: 317820
	289  -  MemoryUsage of job (MB)
	295932  -  ResidentSetSize of job (KB)
...
010 (545.000.000) 06/05 18:57:00 Job was suspended.
	Number of processes actually suspended: 3
...
006 (545.000.000) 06/05 18:57:00 Image size of job updated: 484000
	452  -  MemoryUsage of job (MB)
	462320  -  ResidentSetSize of job (KB)
...
011 (545.000.000) 06/05 18:57:50 Job was unsuspended.
...
010 (545.000.000) 06/05 18:58:00 Job was suspended.
	Number of processes actually suspended: 3
...
011 (545.000.000) 06/05 19:00:06 Job was unsuspended.
...
010 (545.000.000) 06/05 19:00:41 Job was suspended.
	Number of processes actually suspended: 3
...
011 (545.000.000) 06/05 19:10:12 Job was unsuspended.
...
005 (545.000.000) 06/05 19:11:39 Job terminated.
	(1) Normal termination (return value 0)
		Usr 0 00:02:46, Sys 0 00:00:02  -  Run Remote Usage
		Usr 0 00:00:00, Sys 0 00:00:00  -  Run Local Usage
		Usr 0 00:02:46, Sys 0 00:00:02  -  Total Remote Usage
		Usr 0 00:00:00, Sys 0 00:00:00  -  Total Local Usage
	0  -  Run Bytes Sent By Job
	0  -  Run Bytes Received By Job
	0  -  Total Bytes Sent By Job
	0  -  Total Bytes Received By Job
	Partitionable Resources :    Usage  Request Allocated
	   Cpus                 :                 1         1
	   Disk (KB)            :        1        1   3541765
	   Memory (MB)          :      452     1500      1500
...
000 (666.000.000) 06/06 15:35:16 Job submitted from host: <134.61.5.1:9618?addrs=134.61.5.1-9618+[--1]-9618&noUDP&sock=1924_484e_15>
...
001 (666.000.000) 06/06 15:43:31 Job executing on host: <134.61.15.6:9618?addrs=134.61.15.6-9618+[--1]-9618&noUDP&sock=1223743_7d6a_3>
...
006 (666.000.000) 06/06 15:43:40 Image size of job updated: 8732
	9  -  MemoryUsage of job (MB)
	8264  -  ResidentSetSize of job (KB)
...
010 (666.000.000) 06/06 15:47:33 Job was suspended.
	Number of processes actually suspended: 3
...
006 (666.000.000) 06/06 15:47:33 Image size of job updated: 473768
	452  -  MemoryUsage of job (MB)
	462532  -  ResidentSetSize of job (KB)
...
011 (666.000.000) 06/06 15:52:34 Job was unsuspended.
...
010 (666.000.000) 06/06 15:53:05 Job was suspended.
	Number of processes actually suspended: 3
...
004 (666.000.000) 06/06 15:53:31 Job was evicted.
	(0) Job was not checkpointed.
		Usr 0 00:00:50, Sys 0 00:00:01  -  Run Remote Usage
		Usr 0 00:00:00, Sys 0 00:00:00  -  Run Local Usage
	0  -  Run Bytes Sent By Job
	0  -  Run Bytes Received By Job
	Partitionable Resources :    Usage  Request Allocated
	   Cpus                 :                 1         1
	   Disk (KB)            :        1        1   3541765
	   Memory (MB)          :      452     1500      1500
...
012 (666.000.000) 06/06 15:53:31 Job was held.
	via condor_hold (by user swuchterl)
	Code 1 Subcode 0
...
013 (666.000.000) 06/06 15:54:13 Job was released.
	via condor_release (by user swuchterl)
...
001 (666.000.000) 06/06 15:56:14 Job executing on host: <134.61.15.24:9618?addrs=134.61.15.24-9618+[--1]-9618&noUDP&sock=1353_9fba_3>
...
010 (666.000.000) 06/06 15:56:29 Job was suspended.
	Number of processes actually suspended: 3
...
004 (666.000.000) 06/06 16:02:01 Job was evicted.
	(0) Job was not checkpointed.
		Usr 0 00:00:06, Sys 0 00:00:01  -  Run Remote Usage
		Usr 0 00:00:00, Sys 0 00:00:00  -  Run Local Usage
	0  -  Run Bytes Sent By Job
	0  -  Run Bytes Received By Job
	Partitionable Resources :    Usage  Request Allocated
	   Cpus                 :                 1         1
	   Disk (KB)            :        1        1    273180
	   Memory (MB)          :      464     1500      1500
...
012 (666.000.000) 06/06 16:02:01 Job was held.
	via condor_hold (by user swuchterl)
	Code 1 Subcode 0
...
013 (666.000.000) 06/06 16:02:07 Job was released.
	via condor_release (by user swuchterl)
...
001 (666.000.000) 06/06 16:08:08 Job executing on host: <134.61.17.162:9618?addrs=134.61.17.162-9618+[--1]-9618&noUDP&sock=5149_5d3c_3>
...
005 (666.000.000) 06/06 16:12:24 Job terminated.
	(1) Normal termination (return value 0)
		Usr 0 00:01:35, Sys 0 00:00:03  -  Run Remote Usage
		Usr 0 00:00:00, Sys 0 00:00:00  -  Run Local Usage
		Usr 0 00:01:35, Sys 0 00:00:03  -  Total Remote Usage
		Usr 0 00:00:00, Sys 0 00:00:00  -  Total Local Usage
	0  -  Run Bytes Sent By Job
	0  -  Run Bytes Received By Job
	0  -  Total Bytes Sent By Job
	0  -  Total Bytes Received By Job
	Partitionable Resources :    Usage  Request Allocated
	   Cpus                 :                 1         1
	   Disk (KB)            :        1        1   1556473
	   Memory (MB)          :      464     1500      1500
...
