000 (329.000.000) 06/01 16:26:43 Job submitted from host: <134.61.5.1:9618?addrs=134.61.5.1-9618+[--1]-9618&noUDP&sock=1924_484e_15>
...
001 (329.000.000) 06/01 16:28:02 Job executing on host: <134.61.13.49:9618?addrs=134.61.13.49-9618+[--1]-9618&noUDP&sock=1510_5018_10>
...
006 (329.000.000) 06/01 16:28:11 Image size of job updated: 10288
	10  -  MemoryUsage of job (MB)
	9312  -  ResidentSetSize of job (KB)
...
006 (329.000.000) 06/01 16:33:12 Image size of job updated: 402852
	387  -  MemoryUsage of job (MB)
	395460  -  ResidentSetSize of job (KB)
...
010 (329.000.000) 06/01 16:48:23 Job was suspended.
	Number of processes actually suspended: 0
...
011 (329.000.000) 06/01 18:03:03 Job was unsuspended.
...
005 (329.000.000) 06/01 18:15:41 Job terminated.
	(1) Normal termination (return value 0)
		Usr 0 00:01:52, Sys 0 00:00:02  -  Run Remote Usage
		Usr 0 00:00:00, Sys 0 00:00:00  -  Run Local Usage
		Usr 0 00:01:52, Sys 0 00:00:02  -  Total Remote Usage
		Usr 0 00:00:00, Sys 0 00:00:00  -  Total Local Usage
	0  -  Run Bytes Sent By Job
	0  -  Run Bytes Received By Job
	0  -  Total Bytes Sent By Job
	0  -  Total Bytes Received By Job
	Partitionable Resources :    Usage  Request Allocated
	   Cpus                 :                 1         1
	   Disk (KB)            :        1        1   3344395
	   Memory (MB)          :      387     1500      1500
...
000 (391.000.000) 06/04 11:40:27 Job submitted from host: <134.61.5.1:9618?addrs=134.61.5.1-9618+[--1]-9618&noUDP&sock=1924_484e_15>
...
001 (391.000.000) 06/04 11:40:46 Job executing on host: <134.61.17.180:9618?addrs=134.61.17.180-9618+[--1]-9618&noUDP&sock=4830_8e86_3>
...
006 (391.000.000) 06/04 11:40:55 Image size of job updated: 205364
	133  -  MemoryUsage of job (MB)
	135588  -  ResidentSetSize of job (KB)
...
006 (391.000.000) 06/04 11:45:56 Image size of job updated: 362148
	272  -  MemoryUsage of job (MB)
	277868  -  ResidentSetSize of job (KB)
...
006 (391.000.000) 06/04 11:55:56 Image size of job updated: 362704
	272  -  MemoryUsage of job (MB)
	278424  -  ResidentSetSize of job (KB)
...
006 (391.000.000) 06/04 12:31:01 Image size of job updated: 363440
	273  -  MemoryUsage of job (MB)
	279160  -  ResidentSetSize of job (KB)
...
005 (391.000.000) 06/04 12:38:38 Job terminated.
	(1) Normal termination (return value 0)
		Usr 0 00:04:34, Sys 0 00:00:05  -  Run Remote Usage
		Usr 0 00:00:00, Sys 0 00:00:00  -  Run Local Usage
		Usr 0 00:04:34, Sys 0 00:00:05  -  Total Remote Usage
		Usr 0 00:00:00, Sys 0 00:00:00  -  Total Local Usage
	0  -  Run Bytes Sent By Job
	0  -  Run Bytes Received By Job
	0  -  Total Bytes Sent By Job
	0  -  Total Bytes Received By Job
	Partitionable Resources :    Usage  Request Allocated
	   Cpus                 :                 1         1
	   Disk (KB)            :        1        1   1556473
	   Memory (MB)          :      273     1500      1500
...
000 (453.000.000) 06/04 15:47:18 Job submitted from host: <134.61.5.1:9618?addrs=134.61.5.1-9618+[--1]-9618&noUDP&sock=1924_484e_15>
...
001 (453.000.000) 06/04 16:18:47 Job executing on host: <134.61.17.186:9618?addrs=134.61.17.186-9618+[--1]-9618&noUDP&sock=4515_7e30_3>
...
006 (453.000.000) 06/04 16:18:56 Image size of job updated: 106136
	96  -  MemoryUsage of job (MB)
	97748  -  ResidentSetSize of job (KB)
...
006 (453.000.000) 06/04 16:23:57 Image size of job updated: 415660
	392  -  MemoryUsage of job (MB)
	401012  -  ResidentSetSize of job (KB)
...
005 (453.000.000) 06/04 16:53:13 Job terminated.
	(1) Normal termination (return value 0)
		Usr 0 00:19:43, Sys 0 00:00:20  -  Run Remote Usage
		Usr 0 00:00:00, Sys 0 00:00:00  -  Run Local Usage
		Usr 0 00:19:43, Sys 0 00:00:20  -  Total Remote Usage
		Usr 0 00:00:00, Sys 0 00:00:00  -  Total Local Usage
	0  -  Run Bytes Sent By Job
	0  -  Run Bytes Received By Job
	0  -  Total Bytes Sent By Job
	0  -  Total Bytes Received By Job
	Partitionable Resources :    Usage  Request Allocated
	   Cpus                 :                 1         1
	   Disk (KB)            :        1        1   1556473
	   Memory (MB)          :      392     1500      1500
...
000 (515.000.000) 06/05 16:10:35 Job submitted from host: <134.61.5.1:9618?addrs=134.61.5.1-9618+[--1]-9618&noUDP&sock=1924_484e_15>
...
007 (515.000.000) 06/05 16:13:20 Shadow exception!
	Error from slot1_1@lxcip55.physik.rwth-aachen.de: Failed to open '/.automount/home/home__home4/institut_1b/swuchterl/SUSYDileptonGamma/SplitTrees/logs/DoubleEG_Run2016E-03Feb2017-v1_nTuple.root.out' as standard output: No such file or directory (errno 2)
	0  -  Run Bytes Sent By Job
	0  -  Run Bytes Received By Job
...
012 (515.000.000) 06/05 16:13:20 Job was held.
	Error from slot1_1@lxcip55.physik.rwth-aachen.de: Failed to open '/.automount/home/home__home4/institut_1b/swuchterl/SUSYDileptonGamma/SplitTrees/logs/DoubleEG_Run2016E-03Feb2017-v1_nTuple.root.out' as standard output: No such file or directory (errno 2)
	Code 7 Subcode 2
...
013 (515.000.000) 06/05 18:19:56 Job was released.
	via condor_release (by user swuchterl)
...
001 (515.000.000) 06/05 18:20:47 Job executing on host: <134.61.17.114:9618?addrs=134.61.17.114-9618+[--1]-9618&noUDP&sock=1721_0a94_41>
...
006 (515.000.000) 06/05 18:20:55 Image size of job updated: 36836
	22  -  MemoryUsage of job (MB)
	21748  -  ResidentSetSize of job (KB)
...
006 (515.000.000) 06/05 18:25:55 Image size of job updated: 430508
	385  -  MemoryUsage of job (MB)
	393992  -  ResidentSetSize of job (KB)
...
005 (515.000.000) 06/05 18:48:39 Job terminated.
	(1) Normal termination (return value 0)
		Usr 0 00:20:21, Sys 0 00:00:22  -  Run Remote Usage
		Usr 0 00:00:00, Sys 0 00:00:00  -  Run Local Usage
		Usr 0 00:20:21, Sys 0 00:00:22  -  Total Remote Usage
		Usr 0 00:00:00, Sys 0 00:00:00  -  Total Local Usage
	0  -  Run Bytes Sent By Job
	0  -  Run Bytes Received By Job
	0  -  Total Bytes Sent By Job
	0  -  Total Bytes Received By Job
	Partitionable Resources :    Usage  Request Allocated
	   Cpus                 :                 1         1
	   Disk (KB)            :        1        1   1129423
	   Memory (MB)          :      385     1500      1500
...
000 (636.000.000) 06/06 15:35:12 Job submitted from host: <134.61.5.1:9618?addrs=134.61.5.1-9618+[--1]-9618&noUDP&sock=1924_484e_15>
...
001 (636.000.000) 06/06 15:40:31 Job executing on host: <134.61.15.89:9618?addrs=134.61.15.89-9618+[--1]-9618&noUDP&sock=1562_fb05_3>
...
006 (636.000.000) 06/06 15:40:40 Image size of job updated: 23848
	22  -  MemoryUsage of job (MB)
	21752  -  ResidentSetSize of job (KB)
...
010 (636.000.000) 06/06 15:41:10 Job was suspended.
	Number of processes actually suspended: 3
...
006 (636.000.000) 06/06 15:41:10 Image size of job updated: 310956
	290  -  MemoryUsage of job (MB)
	296692  -  ResidentSetSize of job (KB)
...
011 (636.000.000) 06/06 15:46:16 Job was unsuspended.
...
006 (636.000.000) 06/06 15:46:17 Image size of job updated: 311012
	290  -  MemoryUsage of job (MB)
	296748  -  ResidentSetSize of job (KB)
...
010 (636.000.000) 06/06 15:50:26 Job was suspended.
	Number of processes actually suspended: 3
...
006 (636.000.000) 06/06 15:50:26 Image size of job updated: 414916
	392  -  MemoryUsage of job (MB)
	400768  -  ResidentSetSize of job (KB)
...
011 (636.000.000) 06/06 15:50:51 Job was unsuspended.
...
010 (636.000.000) 06/06 15:51:01 Job was suspended.
	Number of processes actually suspended: 3
...
011 (636.000.000) 06/06 15:52:26 Job was unsuspended.
...
010 (636.000.000) 06/06 15:53:01 Job was suspended.
	Number of processes actually suspended: 3
...
011 (636.000.000) 06/06 15:53:17 Job was unsuspended.
...
004 (636.000.000) 06/06 15:53:21 Job was evicted.
	(0) Job was not checkpointed.
		Usr 0 00:01:36, Sys 0 00:00:02  -  Run Remote Usage
		Usr 0 00:00:00, Sys 0 00:00:00  -  Run Local Usage
	0  -  Run Bytes Sent By Job
	0  -  Run Bytes Received By Job
	Partitionable Resources :    Usage  Request Allocated
	   Cpus                 :                 1         1
	   Disk (KB)            :        1        1   3515582
	   Memory (MB)          :      392     1500      1500
...
012 (636.000.000) 06/06 15:53:21 Job was held.
	via condor_hold (by user swuchterl)
	Code 1 Subcode 0
...
013 (636.000.000) 06/06 15:54:13 Job was released.
	via condor_release (by user swuchterl)
...
001 (636.000.000) 06/06 15:55:14 Job executing on host: <134.61.17.159:9618?addrs=134.61.17.159-9618+[--1]-9618&noUDP&sock=4670_cf5e_3>
...
006 (636.000.000) 06/06 16:00:22 Image size of job updated: 434532
	416  -  MemoryUsage of job (MB)
	425000  -  ResidentSetSize of job (KB)
...
006 (636.000.000) 06/06 16:05:23 Image size of job updated: 439996
	416  -  MemoryUsage of job (MB)
	425000  -  ResidentSetSize of job (KB)
...
005 (636.000.000) 06/06 16:36:19 Job terminated.
	(1) Normal termination (return value 0)
		Usr 0 00:16:22, Sys 0 00:00:16  -  Run Remote Usage
		Usr 0 00:00:00, Sys 0 00:00:00  -  Run Local Usage
		Usr 0 00:16:22, Sys 0 00:00:16  -  Total Remote Usage
		Usr 0 00:00:00, Sys 0 00:00:00  -  Total Local Usage
	0  -  Run Bytes Sent By Job
	0  -  Run Bytes Received By Job
	0  -  Total Bytes Sent By Job
	0  -  Total Bytes Received By Job
	Partitionable Resources :    Usage  Request Allocated
	   Cpus                 :                 1         1
	   Disk (KB)            :        1        1   1556473
	   Memory (MB)          :      416     1500      1500
...
