000 (358.000.000) 06/01 16:26:47 Job submitted from host: <134.61.5.1:9618?addrs=134.61.5.1-9618+[--1]-9618&noUDP&sock=1924_484e_15>
...
001 (358.000.000) 06/01 16:32:22 Job executing on host: <134.61.17.160:9618?addrs=134.61.17.160-9618+[--1]-9618&noUDP&sock=4852_a59b_3>
...
006 (358.000.000) 06/01 16:32:31 Image size of job updated: 87292
	35  -  MemoryUsage of job (MB)
	35712  -  ResidentSetSize of job (KB)
...
010 (358.000.000) 06/01 16:33:12 Job was suspended.
	Number of processes actually suspended: 3
...
006 (358.000.000) 06/01 16:33:12 Image size of job updated: 479224
	386  -  MemoryUsage of job (MB)
	394712  -  ResidentSetSize of job (KB)
...
011 (358.000.000) 06/01 16:33:42 Job was unsuspended.
...
006 (358.000.000) 06/01 16:37:31 Image size of job updated: 609232
	513  -  MemoryUsage of job (MB)
	524696  -  ResidentSetSize of job (KB)
...
006 (358.000.000) 06/01 16:42:32 Image size of job updated: 616496
	520  -  MemoryUsage of job (MB)
	531960  -  ResidentSetSize of job (KB)
...
006 (358.000.000) 06/01 16:47:33 Image size of job updated: 617876
	521  -  MemoryUsage of job (MB)
	533340  -  ResidentSetSize of job (KB)
...
006 (358.000.000) 06/01 16:52:33 Image size of job updated: 630328
	533  -  MemoryUsage of job (MB)
	545792  -  ResidentSetSize of job (KB)
...
005 (358.000.000) 06/01 17:46:11 Job terminated.
	(1) Normal termination (return value 0)
		Usr 0 00:45:42, Sys 0 00:00:36  -  Run Remote Usage
		Usr 0 00:00:00, Sys 0 00:00:00  -  Run Local Usage
		Usr 0 00:45:42, Sys 0 00:00:36  -  Total Remote Usage
		Usr 0 00:00:00, Sys 0 00:00:00  -  Total Local Usage
	0  -  Run Bytes Sent By Job
	0  -  Run Bytes Received By Job
	0  -  Total Bytes Sent By Job
	0  -  Total Bytes Received By Job
	Partitionable Resources :    Usage  Request Allocated
	   Cpus                 :                 1         1
	   Disk (KB)            :        1        1   1556473
	   Memory (MB)          :      533     1500      1500
...
000 (420.000.000) 06/04 11:40:31 Job submitted from host: <134.61.5.1:9618?addrs=134.61.5.1-9618+[--1]-9618&noUDP&sock=1924_484e_15>
...
001 (420.000.000) 06/04 11:40:47 Job executing on host: <134.61.17.168:9618?addrs=134.61.17.168-9618+[--1]-9618&noUDP&sock=4953_ecac_3>
...
006 (420.000.000) 06/04 11:40:56 Image size of job updated: 121148
	79  -  MemoryUsage of job (MB)
	79972  -  ResidentSetSize of job (KB)
...
006 (420.000.000) 06/04 11:45:57 Image size of job updated: 388792
	343  -  MemoryUsage of job (MB)
	350280  -  ResidentSetSize of job (KB)
...
006 (420.000.000) 06/04 11:50:57 Image size of job updated: 390248
	344  -  MemoryUsage of job (MB)
	351736  -  ResidentSetSize of job (KB)
...
006 (420.000.000) 06/04 11:55:57 Image size of job updated: 391236
	345  -  MemoryUsage of job (MB)
	352724  -  ResidentSetSize of job (KB)
...
006 (420.000.000) 06/04 12:00:59 Image size of job updated: 391892
	346  -  MemoryUsage of job (MB)
	353380  -  ResidentSetSize of job (KB)
...
006 (420.000.000) 06/04 12:10:59 Image size of job updated: 392452
	346  -  MemoryUsage of job (MB)
	353940  -  ResidentSetSize of job (KB)
...
006 (420.000.000) 06/04 12:26:01 Image size of job updated: 393092
	347  -  MemoryUsage of job (MB)
	354580  -  ResidentSetSize of job (KB)
...
006 (420.000.000) 06/04 12:51:04 Image size of job updated: 393096
	347  -  MemoryUsage of job (MB)
	354580  -  ResidentSetSize of job (KB)
...
006 (420.000.000) 06/04 13:02:44 Image size of job updated: 676736
	347  -  MemoryUsage of job (MB)
	354580  -  ResidentSetSize of job (KB)
...
005 (420.000.000) 06/04 13:02:44 Job terminated.
	(1) Normal termination (return value 0)
		Usr 0 00:12:12, Sys 0 00:00:11  -  Run Remote Usage
		Usr 0 00:00:00, Sys 0 00:00:00  -  Run Local Usage
		Usr 0 00:12:12, Sys 0 00:00:11  -  Total Remote Usage
		Usr 0 00:00:00, Sys 0 00:00:00  -  Total Local Usage
	0  -  Run Bytes Sent By Job
	0  -  Run Bytes Received By Job
	0  -  Total Bytes Sent By Job
	0  -  Total Bytes Received By Job
	Partitionable Resources :    Usage  Request Allocated
	   Cpus                 :                 1         1
	   Disk (KB)            :        1        1   1556473
	   Memory (MB)          :      347     1500      1500
...
000 (482.000.000) 06/04 15:47:22 Job submitted from host: <134.61.5.1:9618?addrs=134.61.5.1-9618+[--1]-9618&noUDP&sock=1924_484e_15>
...
001 (482.000.000) 06/04 16:39:29 Job executing on host: <134.61.17.170:9618?addrs=134.61.17.170-9618+[--1]-9618&noUDP&sock=5348_dc95_3>
...
006 (482.000.000) 06/04 16:39:37 Image size of job updated: 154988
	95  -  MemoryUsage of job (MB)
	96960  -  ResidentSetSize of job (KB)
...
006 (482.000.000) 06/04 16:44:37 Image size of job updated: 624824
	528  -  MemoryUsage of job (MB)
	540284  -  ResidentSetSize of job (KB)
...
006 (482.000.000) 06/04 16:49:37 Image size of job updated: 635732
	539  -  MemoryUsage of job (MB)
	551192  -  ResidentSetSize of job (KB)
...
006 (482.000.000) 06/04 16:59:38 Image size of job updated: 639928
	539  -  MemoryUsage of job (MB)
	551192  -  ResidentSetSize of job (KB)
...
010 (482.000.000) 06/04 17:03:49 Job was suspended.
	Number of processes actually suspended: 3
...
011 (482.000.000) 06/04 17:04:04 Job was unsuspended.
...
005 (482.000.000) 06/04 17:58:29 Job terminated.
	(1) Normal termination (return value 0)
		Usr 0 00:53:45, Sys 0 00:00:54  -  Run Remote Usage
		Usr 0 00:00:00, Sys 0 00:00:00  -  Run Local Usage
		Usr 0 00:53:45, Sys 0 00:00:54  -  Total Remote Usage
		Usr 0 00:00:00, Sys 0 00:00:00  -  Total Local Usage
	0  -  Run Bytes Sent By Job
	0  -  Run Bytes Received By Job
	0  -  Total Bytes Sent By Job
	0  -  Total Bytes Received By Job
	Partitionable Resources :    Usage  Request Allocated
	   Cpus                 :                 1         1
	   Disk (KB)            :        1        1   1556473
	   Memory (MB)          :      539     1500      1500
...
000 (543.000.000) 06/05 16:10:39 Job submitted from host: <134.61.5.1:9618?addrs=134.61.5.1-9618+[--1]-9618&noUDP&sock=1924_484e_15>
...
001 (543.000.000) 06/05 16:14:20 Job executing on host: <134.61.17.151:9618?addrs=134.61.17.151-9618+[--1]-9618&noUDP&sock=1512_af49_3>
...
006 (543.000.000) 06/05 16:14:28 Image size of job updated: 10588
	9  -  MemoryUsage of job (MB)
	8400  -  ResidentSetSize of job (KB)
...
010 (543.000.000) 06/05 16:14:54 Job was suspended.
	Number of processes actually suspended: 3
...
006 (543.000.000) 06/05 16:14:54 Image size of job updated: 327128
	311  -  MemoryUsage of job (MB)
	317728  -  ResidentSetSize of job (KB)
...
006 (543.000.000) 06/05 16:19:28 Image size of job updated: 327136
	311  -  MemoryUsage of job (MB)
	317728  -  ResidentSetSize of job (KB)
...
011 (543.000.000) 06/05 16:48:33 Job was unsuspended.
...
006 (543.000.000) 06/05 16:48:33 Image size of job updated: 327156
	311  -  MemoryUsage of job (MB)
	317748  -  ResidentSetSize of job (KB)
...
006 (543.000.000) 06/05 16:49:31 Image size of job updated: 546472
	525  -  MemoryUsage of job (MB)
	537064  -  ResidentSetSize of job (KB)
...
010 (543.000.000) 06/05 16:53:14 Job was suspended.
	Number of processes actually suspended: 3
...
006 (543.000.000) 06/05 16:53:14 Image size of job updated: 584684
	562  -  MemoryUsage of job (MB)
	575276  -  ResidentSetSize of job (KB)
...
011 (543.000.000) 06/05 16:53:29 Job was unsuspended.
...
006 (543.000.000) 06/05 16:54:32 Image size of job updated: 587228
	562  -  MemoryUsage of job (MB)
	575276  -  ResidentSetSize of job (KB)
...
006 (543.000.000) 06/05 17:14:34 Image size of job updated: 589704
	562  -  MemoryUsage of job (MB)
	575276  -  ResidentSetSize of job (KB)
...
010 (543.000.000) 06/05 17:18:34 Job was suspended.
	Number of processes actually suspended: 3
...
006 (543.000.000) 06/05 17:18:34 Image size of job updated: 590764
	562  -  MemoryUsage of job (MB)
	575276  -  ResidentSetSize of job (KB)
...
011 (543.000.000) 06/05 17:18:54 Job was unsuspended.
...
006 (543.000.000) 06/05 17:19:35 Image size of job updated: 591924
	562  -  MemoryUsage of job (MB)
	575276  -  ResidentSetSize of job (KB)
...
010 (543.000.000) 06/05 17:30:07 Job was suspended.
	Number of processes actually suspended: 3
...
011 (543.000.000) 06/05 17:30:22 Job was unsuspended.
...
010 (543.000.000) 06/05 17:39:28 Job was suspended.
	Number of processes actually suspended: 3
...
011 (543.000.000) 06/05 17:39:43 Job was unsuspended.
...
005 (543.000.000) 06/05 18:10:53 Job terminated.
	(1) Normal termination (return value 0)
		Usr 0 01:00:32, Sys 0 00:00:31  -  Run Remote Usage
		Usr 0 00:00:00, Sys 0 00:00:00  -  Run Local Usage
		Usr 0 01:00:32, Sys 0 00:00:31  -  Total Remote Usage
		Usr 0 00:00:00, Sys 0 00:00:00  -  Total Local Usage
	0  -  Run Bytes Sent By Job
	0  -  Run Bytes Received By Job
	0  -  Total Bytes Sent By Job
	0  -  Total Bytes Received By Job
	Partitionable Resources :    Usage  Request Allocated
	   Cpus                 :                 1         1
	   Disk (KB)            :        1        1   3532956
	   Memory (MB)          :      562     1500      1500
...
000 (664.000.000) 06/06 15:35:16 Job submitted from host: <134.61.5.1:9618?addrs=134.61.5.1-9618+[--1]-9618&noUDP&sock=1924_484e_15>
...
001 (664.000.000) 06/06 15:43:31 Job executing on host: <134.61.17.186:9618?addrs=134.61.17.186-9618+[--1]-9618&noUDP&sock=4515_7e30_3>
...
006 (664.000.000) 06/06 15:43:40 Image size of job updated: 156200
	96  -  MemoryUsage of job (MB)
	97744  -  ResidentSetSize of job (KB)
...
006 (664.000.000) 06/06 15:48:41 Image size of job updated: 625364
	529  -  MemoryUsage of job (MB)
	540796  -  ResidentSetSize of job (KB)
...
006 (664.000.000) 06/06 15:53:42 Image size of job updated: 625832
	529  -  MemoryUsage of job (MB)
	541264  -  ResidentSetSize of job (KB)
...
006 (664.000.000) 06/06 15:58:42 Image size of job updated: 628240
	531  -  MemoryUsage of job (MB)
	543672  -  ResidentSetSize of job (KB)
...
006 (664.000.000) 06/06 16:03:42 Image size of job updated: 636476
	539  -  MemoryUsage of job (MB)
	551908  -  ResidentSetSize of job (KB)
...
005 (664.000.000) 06/06 17:18:06 Job terminated.
	(1) Normal termination (return value 0)
		Usr 0 00:53:05, Sys 0 00:00:42  -  Run Remote Usage
		Usr 0 00:00:00, Sys 0 00:00:00  -  Run Local Usage
		Usr 0 00:53:05, Sys 0 00:00:42  -  Total Remote Usage
		Usr 0 00:00:00, Sys 0 00:00:00  -  Total Local Usage
	0  -  Run Bytes Sent By Job
	0  -  Run Bytes Received By Job
	0  -  Total Bytes Sent By Job
	0  -  Total Bytes Received By Job
	Partitionable Resources :    Usage  Request Allocated
	   Cpus                 :                 1         1
	   Disk (KB)            :        1        1   1556473
	   Memory (MB)          :      539     1500      1500
...
