000 (355.000.000) 06/01 16:26:47 Job submitted from host: <134.61.5.1:9618?addrs=134.61.5.1-9618+[--1]-9618&noUDP&sock=1924_484e_15>
...
001 (355.000.000) 06/01 16:32:22 Job executing on host: <134.61.17.159:9618?addrs=134.61.17.159-9618+[--1]-9618&noUDP&sock=4670_cf5e_3>
...
006 (355.000.000) 06/01 16:32:31 Image size of job updated: 82180
	34  -  MemoryUsage of job (MB)
	34380  -  ResidentSetSize of job (KB)
...
006 (355.000.000) 06/01 16:37:32 Image size of job updated: 585064
	489  -  MemoryUsage of job (MB)
	500464  -  ResidentSetSize of job (KB)
...
005 (355.000.000) 06/01 17:16:17 Job terminated.
	(1) Normal termination (return value 0)
		Usr 0 00:01:56, Sys 0 00:00:02  -  Run Remote Usage
		Usr 0 00:00:00, Sys 0 00:00:00  -  Run Local Usage
		Usr 0 00:01:56, Sys 0 00:00:02  -  Total Remote Usage
		Usr 0 00:00:00, Sys 0 00:00:00  -  Total Local Usage
	0  -  Run Bytes Sent By Job
	0  -  Run Bytes Received By Job
	0  -  Total Bytes Sent By Job
	0  -  Total Bytes Received By Job
	Partitionable Resources :    Usage  Request Allocated
	   Cpus                 :                 1         1
	   Disk (KB)            :        1        1   1556473
	   Memory (MB)          :      489     1500      1500
...
000 (417.000.000) 06/04 11:40:31 Job submitted from host: <134.61.5.1:9618?addrs=134.61.5.1-9618+[--1]-9618&noUDP&sock=1924_484e_15>
...
001 (417.000.000) 06/04 11:40:47 Job executing on host: <134.61.17.166:9618?addrs=134.61.17.166-9618+[--1]-9618&noUDP&sock=5054_33bc_3>
...
006 (417.000.000) 06/04 11:40:56 Image size of job updated: 30412
	22  -  MemoryUsage of job (MB)
	21876  -  ResidentSetSize of job (KB)
...
010 (417.000.000) 06/04 11:42:36 Job was suspended.
	Number of processes actually suspended: 3
...
006 (417.000.000) 06/04 11:42:36 Image size of job updated: 356260
	314  -  MemoryUsage of job (MB)
	321308  -  ResidentSetSize of job (KB)
...
011 (417.000.000) 06/04 11:43:01 Job was unsuspended.
...
010 (417.000.000) 06/04 11:43:21 Job was suspended.
	Number of processes actually suspended: 3
...
011 (417.000.000) 06/04 11:43:56 Job was unsuspended.
...
010 (417.000.000) 06/04 11:44:21 Job was suspended.
	Number of processes actually suspended: 3
...
011 (417.000.000) 06/04 11:45:02 Job was unsuspended.
...
010 (417.000.000) 06/04 11:45:07 Job was suspended.
	Number of processes actually suspended: 3
...
011 (417.000.000) 06/04 11:45:27 Job was unsuspended.
...
006 (417.000.000) 06/04 11:45:57 Image size of job updated: 357048
	315  -  MemoryUsage of job (MB)
	322096  -  ResidentSetSize of job (KB)
...
006 (417.000.000) 06/04 11:50:57 Image size of job updated: 363008
	321  -  MemoryUsage of job (MB)
	328056  -  ResidentSetSize of job (KB)
...
006 (417.000.000) 06/04 11:55:57 Image size of job updated: 363312
	321  -  MemoryUsage of job (MB)
	328360  -  ResidentSetSize of job (KB)
...
006 (417.000.000) 06/04 12:00:58 Image size of job updated: 363372
	321  -  MemoryUsage of job (MB)
	328420  -  ResidentSetSize of job (KB)
...
006 (417.000.000) 06/04 12:10:58 Image size of job updated: 364076
	322  -  MemoryUsage of job (MB)
	329124  -  ResidentSetSize of job (KB)
...
006 (417.000.000) 06/04 12:16:00 Image size of job updated: 364988
	323  -  MemoryUsage of job (MB)
	330036  -  ResidentSetSize of job (KB)
...
006 (417.000.000) 06/04 12:21:00 Image size of job updated: 365684
	323  -  MemoryUsage of job (MB)
	330732  -  ResidentSetSize of job (KB)
...
006 (417.000.000) 06/04 12:26:00 Image size of job updated: 365696
	323  -  MemoryUsage of job (MB)
	330744  -  ResidentSetSize of job (KB)
...
006 (417.000.000) 06/04 12:31:01 Image size of job updated: 365716
	323  -  MemoryUsage of job (MB)
	330744  -  ResidentSetSize of job (KB)
...
006 (417.000.000) 06/04 12:36:02 Image size of job updated: 365720
	323  -  MemoryUsage of job (MB)
	330744  -  ResidentSetSize of job (KB)
...
006 (417.000.000) 06/04 12:41:02 Image size of job updated: 365904
	323  -  MemoryUsage of job (MB)
	330744  -  ResidentSetSize of job (KB)
...
005 (417.000.000) 06/04 12:41:22 Job terminated.
	(1) Normal termination (return value 0)
		Usr 0 00:06:54, Sys 0 00:00:07  -  Run Remote Usage
		Usr 0 00:00:00, Sys 0 00:00:00  -  Run Local Usage
		Usr 0 00:06:54, Sys 0 00:00:07  -  Total Remote Usage
		Usr 0 00:00:00, Sys 0 00:00:00  -  Total Local Usage
	0  -  Run Bytes Sent By Job
	0  -  Run Bytes Received By Job
	0  -  Total Bytes Sent By Job
	0  -  Total Bytes Received By Job
	Partitionable Resources :    Usage  Request Allocated
	   Cpus                 :                 1         1
	   Disk (KB)            :        1        1   1556473
	   Memory (MB)          :      323     1500      1500
...
000 (479.000.000) 06/04 15:47:22 Job submitted from host: <134.61.5.1:9618?addrs=134.61.5.1-9618+[--1]-9618&noUDP&sock=1924_484e_15>
...
001 (479.000.000) 06/04 16:36:29 Job executing on host: <134.61.15.36:9618?addrs=134.61.15.36-9618+[--1]-9618&noUDP&sock=1477_ad78_3>
...
006 (479.000.000) 06/04 16:36:37 Image size of job updated: 7740
	7  -  MemoryUsage of job (MB)
	7092  -  ResidentSetSize of job (KB)
...
006 (479.000.000) 06/04 16:41:37 Image size of job updated: 555652
	528  -  MemoryUsage of job (MB)
	540272  -  ResidentSetSize of job (KB)
...
006 (479.000.000) 06/04 16:46:38 Image size of job updated: 555712
	528  -  MemoryUsage of job (MB)
	540272  -  ResidentSetSize of job (KB)
...
006 (479.000.000) 06/04 16:51:38 Image size of job updated: 559016
	528  -  MemoryUsage of job (MB)
	540272  -  ResidentSetSize of job (KB)
...
006 (479.000.000) 06/04 17:06:39 Image size of job updated: 559252
	528  -  MemoryUsage of job (MB)
	540272  -  ResidentSetSize of job (KB)
...
005 (479.000.000) 06/04 17:35:47 Job terminated.
	(1) Normal termination (return value 0)
		Usr 0 00:37:59, Sys 0 00:00:18  -  Run Remote Usage
		Usr 0 00:00:00, Sys 0 00:00:00  -  Run Local Usage
		Usr 0 00:37:59, Sys 0 00:00:18  -  Total Remote Usage
		Usr 0 00:00:00, Sys 0 00:00:00  -  Total Local Usage
	0  -  Run Bytes Sent By Job
	0  -  Run Bytes Received By Job
	0  -  Total Bytes Sent By Job
	0  -  Total Bytes Received By Job
	Partitionable Resources :    Usage  Request Allocated
	   Cpus                 :                 1         1
	   Disk (KB)            :        1        1   1138300
	   Memory (MB)          :      528     1500      1500
...
000 (540.000.000) 06/05 16:10:38 Job submitted from host: <134.61.5.1:9618?addrs=134.61.5.1-9618+[--1]-9618&noUDP&sock=1924_484e_15>
...
001 (540.000.000) 06/05 16:14:20 Job executing on host: <134.61.17.151:9618?addrs=134.61.17.151-9618+[--1]-9618&noUDP&sock=1512_af49_3>
...
006 (540.000.000) 06/05 16:14:28 Image size of job updated: 10120
	8  -  MemoryUsage of job (MB)
	8048  -  ResidentSetSize of job (KB)
...
010 (540.000.000) 06/05 16:15:59 Job was suspended.
	Number of processes actually suspended: 3
...
006 (540.000.000) 06/05 16:15:59 Image size of job updated: 536332
	507  -  MemoryUsage of job (MB)
	518984  -  ResidentSetSize of job (KB)
...
011 (540.000.000) 06/05 16:19:15 Job was unsuspended.
...
010 (540.000.000) 06/05 16:19:36 Job was suspended.
	Number of processes actually suspended: 3
...
006 (540.000.000) 06/05 16:19:36 Image size of job updated: 536336
	507  -  MemoryUsage of job (MB)
	518988  -  ResidentSetSize of job (KB)
...
011 (540.000.000) 06/05 16:20:01 Job was unsuspended.
...
006 (540.000.000) 06/05 16:24:29 Image size of job updated: 565908
	536  -  MemoryUsage of job (MB)
	548560  -  ResidentSetSize of job (KB)
...
006 (540.000.000) 06/05 16:29:30 Image size of job updated: 569268
	536  -  MemoryUsage of job (MB)
	548560  -  ResidentSetSize of job (KB)
...
006 (540.000.000) 06/05 16:44:31 Image size of job updated: 570600
	536  -  MemoryUsage of job (MB)
	548560  -  ResidentSetSize of job (KB)
...
006 (540.000.000) 06/05 16:49:32 Image size of job updated: 571192
	536  -  MemoryUsage of job (MB)
	548560  -  ResidentSetSize of job (KB)
...
006 (540.000.000) 06/05 17:04:34 Image size of job updated: 572380
	536  -  MemoryUsage of job (MB)
	548560  -  ResidentSetSize of job (KB)
...
005 (540.000.000) 06/05 17:08:32 Job terminated.
	(1) Normal termination (return value 0)
		Usr 0 00:40:46, Sys 0 00:00:20  -  Run Remote Usage
		Usr 0 00:00:00, Sys 0 00:00:00  -  Run Local Usage
		Usr 0 00:40:46, Sys 0 00:00:20  -  Total Remote Usage
		Usr 0 00:00:00, Sys 0 00:00:00  -  Total Local Usage
	0  -  Run Bytes Sent By Job
	0  -  Run Bytes Received By Job
	0  -  Total Bytes Sent By Job
	0  -  Total Bytes Received By Job
	Partitionable Resources :    Usage  Request Allocated
	   Cpus                 :                 1         1
	   Disk (KB)            :        1        1   3532956
	   Memory (MB)          :      536     1500      1500
...
000 (661.000.000) 06/06 15:35:16 Job submitted from host: <134.61.5.1:9618?addrs=134.61.5.1-9618+[--1]-9618&noUDP&sock=1924_484e_15>
...
001 (661.000.000) 06/06 15:42:35 Job executing on host: <134.61.17.100:9618?addrs=134.61.17.100-9618+[--1]-9618&noUDP&sock=1718_fbcb_3>
...
006 (661.000.000) 06/06 15:42:43 Image size of job updated: 195148
	176  -  MemoryUsage of job (MB)
	180004  -  ResidentSetSize of job (KB)
...
010 (661.000.000) 06/06 15:44:20 Job was suspended.
	Number of processes actually suspended: 3
...
006 (661.000.000) 06/06 15:44:20 Image size of job updated: 526992
	500  -  MemoryUsage of job (MB)
	511020  -  ResidentSetSize of job (KB)
...
011 (661.000.000) 06/06 15:48:11 Job was unsuspended.
...
006 (661.000.000) 06/06 15:52:42 Image size of job updated: 556220
	528  -  MemoryUsage of job (MB)
	540248  -  ResidentSetSize of job (KB)
...
010 (661.000.000) 06/06 15:55:38 Job was suspended.
	Number of processes actually suspended: 3
...
006 (661.000.000) 06/06 15:55:38 Image size of job updated: 556224
	528  -  MemoryUsage of job (MB)
	540248  -  ResidentSetSize of job (KB)
...
011 (661.000.000) 06/06 15:56:49 Job was unsuspended.
...
010 (661.000.000) 06/06 15:57:04 Job was suspended.
	Number of processes actually suspended: 3
...
011 (661.000.000) 06/06 15:57:34 Job was unsuspended.
...
010 (661.000.000) 06/06 15:59:05 Job was suspended.
	Number of processes actually suspended: 3
...
006 (661.000.000) 06/06 15:59:05 Image size of job updated: 556284
	528  -  MemoryUsage of job (MB)
	540248  -  ResidentSetSize of job (KB)
...
011 (661.000.000) 06/06 16:00:45 Job was unsuspended.
...
010 (661.000.000) 06/06 16:01:05 Job was suspended.
	Number of processes actually suspended: 3
...
011 (661.000.000) 06/06 16:01:36 Job was unsuspended.
...
010 (661.000.000) 06/06 16:01:56 Job was suspended.
	Number of processes actually suspended: 3
...
004 (661.000.000) 06/06 16:02:00 Job was evicted.
	(0) Job was not checkpointed.
		Usr 0 00:06:21, Sys 0 00:00:19  -  Run Remote Usage
		Usr 0 00:00:00, Sys 0 00:00:00  -  Run Local Usage
	0  -  Run Bytes Sent By Job
	0  -  Run Bytes Received By Job
	Partitionable Resources :    Usage  Request Allocated
	   Cpus                 :                 1         1
	   Disk (KB)            :        1        1   1128882
	   Memory (MB)          :      528     1500      1500
...
012 (661.000.000) 06/06 16:02:00 Job was held.
	via condor_hold (by user swuchterl)
	Code 1 Subcode 0
...
013 (661.000.000) 06/06 16:02:07 Job was released.
	via condor_release (by user swuchterl)
...
001 (661.000.000) 06/06 16:08:09 Job executing on host: <134.61.5.28:9618?addrs=134.61.5.28-9618+[--1]-9618&noUDP&sock=1692_2655_3>
...
010 (661.000.000) 06/06 16:10:32 Job was suspended.
	Number of processes actually suspended: 3
...
011 (661.000.000) 06/06 16:18:33 Job was unsuspended.
...
010 (661.000.000) 06/06 16:18:39 Job was suspended.
	Number of processes actually suspended: 3
...
011 (661.000.000) 06/06 16:24:49 Job was unsuspended.
...
010 (661.000.000) 06/06 16:24:53 Job was suspended.
	Number of processes actually suspended: 3
...
011 (661.000.000) 06/06 16:25:18 Job was unsuspended.
...
010 (661.000.000) 06/06 16:25:48 Job was suspended.
	Number of processes actually suspended: 3
...
011 (661.000.000) 06/06 16:55:26 Job was unsuspended.
...
010 (661.000.000) 06/06 16:59:11 Job was suspended.
	Number of processes actually suspended: 3
...
004 (661.000.000) 06/06 17:03:56 Job was evicted.
	(0) Job was not checkpointed.
		Usr 0 00:04:37, Sys 0 00:00:06  -  Run Remote Usage
		Usr 0 00:00:00, Sys 0 00:00:00  -  Run Local Usage
	0  -  Run Bytes Sent By Job
	0  -  Run Bytes Received By Job
	Partitionable Resources :    Usage  Request Allocated
	   Cpus                 :                 1         1
	   Disk (KB)            :        1        1   9608780
	   Memory (MB)          :      733     1500      1500
...
012 (661.000.000) 06/06 17:03:56 Job was held.
	via condor_hold (by user swuchterl)
	Code 1 Subcode 0
...
013 (661.000.000) 06/06 17:04:01 Job was released.
	via condor_release (by user swuchterl)
...
001 (661.000.000) 06/06 17:04:02 Job executing on host: <134.61.15.68:9618?addrs=134.61.15.68-9618+[--1]-9618&noUDP&sock=1148201_f612_8>
...
010 (661.000.000) 06/06 17:44:31 Job was suspended.
	Number of processes actually suspended: 3
...
011 (661.000.000) 06/06 17:44:56 Job was unsuspended.
...
010 (661.000.000) 06/06 17:52:53 Job was suspended.
	Number of processes actually suspended: 3
...
011 (661.000.000) 06/06 17:53:33 Job was unsuspended.
...
005 (661.000.000) 06/06 17:57:00 Job terminated.
	(1) Normal termination (return value 0)
		Usr 0 00:42:25, Sys 0 00:00:17  -  Run Remote Usage
		Usr 0 00:00:00, Sys 0 00:00:00  -  Run Local Usage
		Usr 0 00:42:25, Sys 0 00:00:17  -  Total Remote Usage
		Usr 0 00:00:00, Sys 0 00:00:00  -  Total Local Usage
	0  -  Run Bytes Sent By Job
	0  -  Run Bytes Received By Job
	0  -  Total Bytes Sent By Job
	0  -  Total Bytes Received By Job
	Partitionable Resources :    Usage  Request Allocated
	   Cpus                 :                 1         1
	   Disk (KB)            :        1        1   3535214
	   Memory (MB)          :      733     1500      1500
...
