000 (327.000.000) 06/01 16:26:43 Job submitted from host: <134.61.5.1:9618?addrs=134.61.5.1-9618+[--1]-9618&noUDP&sock=1924_484e_15>
...
001 (327.000.000) 06/01 16:28:02 Job executing on host: <134.61.13.49:9618?addrs=134.61.13.49-9618+[--1]-9618&noUDP&sock=1510_5018_10>
...
006 (327.000.000) 06/01 16:28:11 Image size of job updated: 15360
	9  -  MemoryUsage of job (MB)
	8844  -  ResidentSetSize of job (KB)
...
006 (327.000.000) 06/01 16:33:12 Image size of job updated: 445456
	378  -  MemoryUsage of job (MB)
	386552  -  ResidentSetSize of job (KB)
...
010 (327.000.000) 06/01 16:48:23 Job was suspended.
	Number of processes actually suspended: 0
...
011 (327.000.000) 06/01 18:03:03 Job was unsuspended.
...
005 (327.000.000) 06/01 18:09:26 Job terminated.
	(1) Normal termination (return value 0)
		Usr 0 00:02:03, Sys 0 00:00:04  -  Run Remote Usage
		Usr 0 00:00:00, Sys 0 00:00:00  -  Run Local Usage
		Usr 0 00:02:03, Sys 0 00:00:04  -  Total Remote Usage
		Usr 0 00:00:00, Sys 0 00:00:00  -  Total Local Usage
	0  -  Run Bytes Sent By Job
	0  -  Run Bytes Received By Job
	0  -  Total Bytes Sent By Job
	0  -  Total Bytes Received By Job
	Partitionable Resources :    Usage  Request Allocated
	   Cpus                 :                 1         1
	   Disk (KB)            :        1        1   3344395
	   Memory (MB)          :      378     1500      1500
...
000 (389.000.000) 06/04 11:40:27 Job submitted from host: <134.61.5.1:9618?addrs=134.61.5.1-9618+[--1]-9618&noUDP&sock=1924_484e_15>
...
001 (389.000.000) 06/04 11:40:46 Job executing on host: <134.61.17.161:9618?addrs=134.61.17.161-9618+[--1]-9618&noUDP&sock=4909_be81_3>
...
006 (389.000.000) 06/04 11:40:55 Image size of job updated: 169972
	132  -  MemoryUsage of job (MB)
	134484  -  ResidentSetSize of job (KB)
...
006 (389.000.000) 06/04 11:45:56 Image size of job updated: 308692
	263  -  MemoryUsage of job (MB)
	268896  -  ResidentSetSize of job (KB)
...
006 (389.000.000) 06/04 11:50:56 Image size of job updated: 308732
	263  -  MemoryUsage of job (MB)
	268936  -  ResidentSetSize of job (KB)
...
006 (389.000.000) 06/04 12:15:59 Image size of job updated: 308736
	263  -  MemoryUsage of job (MB)
	268940  -  ResidentSetSize of job (KB)
...
006 (389.000.000) 06/04 12:26:00 Image size of job updated: 308748
	263  -  MemoryUsage of job (MB)
	268952  -  ResidentSetSize of job (KB)
...
010 (389.000.000) 06/04 12:36:51 Job was suspended.
	Number of processes actually suspended: 3
...
011 (389.000.000) 06/04 12:37:22 Job was unsuspended.
...
005 (389.000.000) 06/04 12:43:17 Job terminated.
	(1) Normal termination (return value 0)
		Usr 0 00:03:07, Sys 0 00:00:04  -  Run Remote Usage
		Usr 0 00:00:00, Sys 0 00:00:00  -  Run Local Usage
		Usr 0 00:03:07, Sys 0 00:00:04  -  Total Remote Usage
		Usr 0 00:00:00, Sys 0 00:00:00  -  Total Local Usage
	0  -  Run Bytes Sent By Job
	0  -  Run Bytes Received By Job
	0  -  Total Bytes Sent By Job
	0  -  Total Bytes Received By Job
	Partitionable Resources :    Usage  Request Allocated
	   Cpus                 :                 1         1
	   Disk (KB)            :        1        1   1556473
	   Memory (MB)          :      263     1500      1500
...
000 (451.000.000) 06/04 15:47:18 Job submitted from host: <134.61.5.1:9618?addrs=134.61.5.1-9618+[--1]-9618&noUDP&sock=1924_484e_15>
...
001 (451.000.000) 06/04 16:17:48 Job executing on host: <134.61.13.52:9618?addrs=134.61.13.52-9618+[--1]-9618&noUDP&sock=1449_78d1_27>
...
006 (451.000.000) 06/04 16:17:56 Image size of job updated: 4460
	4  -  MemoryUsage of job (MB)
	3976  -  ResidentSetSize of job (KB)
...
006 (451.000.000) 06/04 16:22:56 Image size of job updated: 414916
	385  -  MemoryUsage of job (MB)
	394168  -  ResidentSetSize of job (KB)
...
006 (451.000.000) 06/04 16:42:58 Image size of job updated: 414920
	385  -  MemoryUsage of job (MB)
	394168  -  ResidentSetSize of job (KB)
...
006 (451.000.000) 06/04 16:47:58 Image size of job updated: 415060
	385  -  MemoryUsage of job (MB)
	394168  -  ResidentSetSize of job (KB)
...
005 (451.000.000) 06/04 17:05:57 Job terminated.
	(1) Normal termination (return value 0)
		Usr 0 00:14:02, Sys 0 00:00:09  -  Run Remote Usage
		Usr 0 00:00:00, Sys 0 00:00:00  -  Run Local Usage
		Usr 0 00:14:02, Sys 0 00:00:09  -  Total Remote Usage
		Usr 0 00:00:00, Sys 0 00:00:00  -  Total Local Usage
	0  -  Run Bytes Sent By Job
	0  -  Run Bytes Received By Job
	0  -  Total Bytes Sent By Job
	0  -  Total Bytes Received By Job
	Partitionable Resources :    Usage  Request Allocated
	   Cpus                 :                 1         1
	   Disk (KB)            :        1        1   2160381
	   Memory (MB)          :      385     1500      1500
...
000 (513.000.000) 06/05 16:10:34 Job submitted from host: <134.61.5.1:9618?addrs=134.61.5.1-9618+[--1]-9618&noUDP&sock=1924_484e_15>
...
007 (513.000.000) 06/05 16:13:20 Shadow exception!
	Error from slot1_4@lxcip55.physik.rwth-aachen.de: Failed to open '/.automount/home/home__home4/institut_1b/swuchterl/SUSYDileptonGamma/SplitTrees/logs/DoubleEG_Run2016C-03Feb2017-v1_nTuple.root.out' as standard output: No such file or directory (errno 2)
	0  -  Run Bytes Sent By Job
	0  -  Run Bytes Received By Job
...
012 (513.000.000) 06/05 16:13:20 Job was held.
	Error from slot1_4@lxcip55.physik.rwth-aachen.de: Failed to open '/.automount/home/home__home4/institut_1b/swuchterl/SUSYDileptonGamma/SplitTrees/logs/DoubleEG_Run2016C-03Feb2017-v1_nTuple.root.out' as standard output: No such file or directory (errno 2)
	Code 7 Subcode 2
...
013 (513.000.000) 06/05 18:19:49 Job was released.
	via condor_release (by user swuchterl)
...
001 (513.000.000) 06/05 18:20:05 Job executing on host: <134.61.13.62:9618?addrs=134.61.13.62-9618+[--1]-9618&noUDP&sock=1537_d527_3>
...
006 (513.000.000) 06/05 18:20:14 Image size of job updated: 99092
	58  -  MemoryUsage of job (MB)
	58764  -  ResidentSetSize of job (KB)
...
006 (513.000.000) 06/05 18:25:15 Image size of job updated: 478520
	385  -  MemoryUsage of job (MB)
	393956  -  ResidentSetSize of job (KB)
...
006 (513.000.000) 06/05 18:30:16 Image size of job updated: 478636
	385  -  MemoryUsage of job (MB)
	394072  -  ResidentSetSize of job (KB)
...
006 (513.000.000) 06/05 18:35:16 Image size of job updated: 479384
	385  -  MemoryUsage of job (MB)
	394072  -  ResidentSetSize of job (KB)
...
005 (513.000.000) 06/05 18:35:26 Job terminated.
	(1) Normal termination (return value 0)
		Usr 0 00:09:22, Sys 0 00:00:07  -  Run Remote Usage
		Usr 0 00:00:00, Sys 0 00:00:00  -  Run Local Usage
		Usr 0 00:09:22, Sys 0 00:00:07  -  Total Remote Usage
		Usr 0 00:00:00, Sys 0 00:00:00  -  Total Local Usage
	0  -  Run Bytes Sent By Job
	0  -  Run Bytes Received By Job
	0  -  Total Bytes Sent By Job
	0  -  Total Bytes Received By Job
	Partitionable Resources :    Usage  Request Allocated
	   Cpus                 :                 1         1
	   Disk (KB)            :        1        1   2451084
	   Memory (MB)          :      385     1500      1500
...
000 (634.000.000) 06/06 15:35:12 Job submitted from host: <134.61.5.1:9618?addrs=134.61.5.1-9618+[--1]-9618&noUDP&sock=1924_484e_15>
...
001 (634.000.000) 06/06 15:40:31 Job executing on host: <134.61.5.33:9618?addrs=134.61.5.33-9618+[--1]-9618&noUDP&sock=1717_4c33_3>
...
006 (634.000.000) 06/06 15:40:40 Image size of job updated: 96856
	75  -  MemoryUsage of job (MB)
	76276  -  ResidentSetSize of job (KB)
...
006 (634.000.000) 06/06 15:45:41 Image size of job updated: 411824
	383  -  MemoryUsage of job (MB)
	392152  -  ResidentSetSize of job (KB)
...
010 (634.000.000) 06/06 16:02:02 Job was suspended.
	Number of processes actually suspended: 3
...
011 (634.000.000) 06/06 16:04:07 Job was unsuspended.
...
010 (634.000.000) 06/06 16:04:17 Job was suspended.
	Number of processes actually suspended: 3
...
011 (634.000.000) 06/06 16:05:17 Job was unsuspended.
...
010 (634.000.000) 06/06 16:06:42 Job was suspended.
	Number of processes actually suspended: 3
...
011 (634.000.000) 06/06 16:07:02 Job was unsuspended.
...
010 (634.000.000) 06/06 16:08:02 Job was suspended.
	Number of processes actually suspended: 3
...
011 (634.000.000) 06/06 16:09:42 Job was unsuspended.
...
010 (634.000.000) 06/06 16:10:13 Job was suspended.
	Number of processes actually suspended: 3
...
011 (634.000.000) 06/06 16:11:33 Job was unsuspended.
...
010 (634.000.000) 06/06 16:12:38 Job was suspended.
	Number of processes actually suspended: 3
...
011 (634.000.000) 06/06 16:12:58 Job was unsuspended.
...
010 (634.000.000) 06/06 16:13:29 Job was suspended.
	Number of processes actually suspended: 3
...
011 (634.000.000) 06/06 16:15:49 Job was unsuspended.
...
010 (634.000.000) 06/06 16:16:14 Job was suspended.
	Number of processes actually suspended: 3
...
011 (634.000.000) 06/06 16:16:29 Job was unsuspended.
...
005 (634.000.000) 06/06 16:16:30 Job terminated.
	(1) Normal termination (return value 0)
		Usr 0 00:08:15, Sys 0 00:00:07  -  Run Remote Usage
		Usr 0 00:00:00, Sys 0 00:00:00  -  Run Local Usage
		Usr 0 00:08:15, Sys 0 00:00:07  -  Total Remote Usage
		Usr 0 00:00:00, Sys 0 00:00:00  -  Total Local Usage
	0  -  Run Bytes Sent By Job
	0  -  Run Bytes Received By Job
	0  -  Total Bytes Sent By Job
	0  -  Total Bytes Received By Job
	Partitionable Resources :    Usage  Request Allocated
	   Cpus                 :                 1         1
	   Disk (KB)            :        1        1   3529167
	   Memory (MB)          :      383     1500      1500
...
