000 (353.000.000) 06/01 16:26:47 Job submitted from host: <134.61.5.1:9618?addrs=134.61.5.1-9618+[--1]-9618&noUDP&sock=1924_484e_15>
...
001 (353.000.000) 06/01 16:31:02 Job executing on host: <134.61.17.145:9618?addrs=134.61.17.145-9618+[--1]-9618&noUDP&sock=1790_5e9d_3>
...
006 (353.000.000) 06/01 16:31:11 Image size of job updated: 8496
	8  -  MemoryUsage of job (MB)
	7320  -  ResidentSetSize of job (KB)
...
010 (353.000.000) 06/01 16:31:23 Job was suspended.
	Number of processes actually suspended: 3
...
006 (353.000.000) 06/01 16:31:23 Image size of job updated: 59824
	58  -  MemoryUsage of job (MB)
	58772  -  ResidentSetSize of job (KB)
...
006 (353.000.000) 06/01 16:36:12 Image size of job updated: 61320
	58  -  MemoryUsage of job (MB)
	58772  -  ResidentSetSize of job (KB)
...
011 (353.000.000) 06/01 17:30:52 Job was unsuspended.
...
005 (353.000.000) 06/01 18:25:12 Job terminated.
	(1) Normal termination (return value 0)
		Usr 0 00:00:01, Sys 0 00:00:01  -  Run Remote Usage
		Usr 0 00:00:00, Sys 0 00:00:00  -  Run Local Usage
		Usr 0 00:00:01, Sys 0 00:00:01  -  Total Remote Usage
		Usr 0 00:00:00, Sys 0 00:00:00  -  Total Local Usage
	0  -  Run Bytes Sent By Job
	0  -  Run Bytes Received By Job
	0  -  Total Bytes Sent By Job
	0  -  Total Bytes Received By Job
	Partitionable Resources :    Usage  Request Allocated
	   Cpus                 :                 1         1
	   Disk (KB)            :        1        1   3222001
	   Memory (MB)          :       58     1500      1500
...
000 (415.000.000) 06/04 11:40:31 Job submitted from host: <134.61.5.1:9618?addrs=134.61.5.1-9618+[--1]-9618&noUDP&sock=1924_484e_15>
...
001 (415.000.000) 06/04 11:40:47 Job executing on host: <134.61.17.164:9618?addrs=134.61.17.164-9618+[--1]-9618&noUDP&sock=4981_2153_3>
...
006 (415.000.000) 06/04 11:40:56 Image size of job updated: 29304
	22  -  MemoryUsage of job (MB)
	21952  -  ResidentSetSize of job (KB)
...
010 (415.000.000) 06/04 11:42:42 Job was suspended.
	Number of processes actually suspended: 3
...
006 (415.000.000) 06/04 11:42:42 Image size of job updated: 339332
	301  -  MemoryUsage of job (MB)
	308056  -  ResidentSetSize of job (KB)
...
011 (415.000.000) 06/04 11:43:22 Job was unsuspended.
...
010 (415.000.000) 06/04 11:43:32 Job was suspended.
	Number of processes actually suspended: 3
...
011 (415.000.000) 06/04 11:44:07 Job was unsuspended.
...
010 (415.000.000) 06/04 11:45:03 Job was suspended.
	Number of processes actually suspended: 3
...
011 (415.000.000) 06/04 11:45:52 Job was unsuspended.
...
010 (415.000.000) 06/04 11:46:27 Job was suspended.
	Number of processes actually suspended: 3
...
011 (415.000.000) 06/04 11:47:17 Job was unsuspended.
...
010 (415.000.000) 06/04 11:47:37 Job was suspended.
	Number of processes actually suspended: 3
...
011 (415.000.000) 06/04 11:48:07 Job was unsuspended.
...
010 (415.000.000) 06/04 11:48:22 Job was suspended.
	Number of processes actually suspended: 3
...
011 (415.000.000) 06/04 11:48:58 Job was unsuspended.
...
010 (415.000.000) 06/04 11:49:23 Job was suspended.
	Number of processes actually suspended: 3
...
011 (415.000.000) 06/04 11:49:48 Job was unsuspended.
...
010 (415.000.000) 06/04 11:50:23 Job was suspended.
	Number of processes actually suspended: 3
...
011 (415.000.000) 06/04 11:51:03 Job was unsuspended.
...
010 (415.000.000) 06/04 11:51:29 Job was suspended.
	Number of processes actually suspended: 3
...
011 (415.000.000) 06/04 11:51:53 Job was unsuspended.
...
010 (415.000.000) 06/04 11:52:18 Job was suspended.
	Number of processes actually suspended: 3
...
011 (415.000.000) 06/04 11:53:28 Job was unsuspended.
...
010 (415.000.000) 06/04 11:54:33 Job was suspended.
	Number of processes actually suspended: 3
...
011 (415.000.000) 06/04 11:55:28 Job was unsuspended.
...
010 (415.000.000) 06/04 11:55:53 Job was suspended.
	Number of processes actually suspended: 3
...
011 (415.000.000) 06/04 11:56:13 Job was unsuspended.
...
010 (415.000.000) 06/04 11:56:48 Job was suspended.
	Number of processes actually suspended: 3
...
011 (415.000.000) 06/04 11:57:53 Job was unsuspended.
...
010 (415.000.000) 06/04 11:58:13 Job was suspended.
	Number of processes actually suspended: 3
...
011 (415.000.000) 06/04 11:58:43 Job was unsuspended.
...
010 (415.000.000) 06/04 11:59:03 Job was suspended.
	Number of processes actually suspended: 3
...
011 (415.000.000) 06/04 11:59:28 Job was unsuspended.
...
010 (415.000.000) 06/04 11:59:53 Job was suspended.
	Number of processes actually suspended: 3
...
011 (415.000.000) 06/04 12:00:44 Job was unsuspended.
...
010 (415.000.000) 06/04 12:01:24 Job was suspended.
	Number of processes actually suspended: 3
...
011 (415.000.000) 06/04 12:02:09 Job was unsuspended.
...
010 (415.000.000) 06/04 12:03:09 Job was suspended.
	Number of processes actually suspended: 3
...
011 (415.000.000) 06/04 12:03:59 Job was unsuspended.
...
010 (415.000.000) 06/04 12:04:10 Job was suspended.
	Number of processes actually suspended: 3
...
011 (415.000.000) 06/04 12:04:25 Job was unsuspended.
...
010 (415.000.000) 06/04 12:05:15 Job was suspended.
	Number of processes actually suspended: 3
...
011 (415.000.000) 06/04 12:06:05 Job was unsuspended.
...
010 (415.000.000) 06/04 12:06:50 Job was suspended.
	Number of processes actually suspended: 3
...
011 (415.000.000) 06/04 12:08:00 Job was unsuspended.
...
010 (415.000.000) 06/04 12:08:35 Job was suspended.
	Number of processes actually suspended: 3
...
011 (415.000.000) 06/04 12:09:15 Job was unsuspended.
...
010 (415.000.000) 06/04 12:09:40 Job was suspended.
	Number of processes actually suspended: 3
...
011 (415.000.000) 06/04 12:10:05 Job was unsuspended.
...
010 (415.000.000) 06/04 12:11:00 Job was suspended.
	Number of processes actually suspended: 3
...
011 (415.000.000) 06/04 12:11:45 Job was unsuspended.
...
010 (415.000.000) 06/04 12:12:10 Job was suspended.
	Number of processes actually suspended: 3
...
011 (415.000.000) 06/04 12:12:35 Job was unsuspended.
...
010 (415.000.000) 06/04 12:13:05 Job was suspended.
	Number of processes actually suspended: 3
...
011 (415.000.000) 06/04 12:13:50 Job was unsuspended.
...
010 (415.000.000) 06/04 12:14:20 Job was suspended.
	Number of processes actually suspended: 3
...
011 (415.000.000) 06/04 12:14:50 Job was unsuspended.
...
010 (415.000.000) 06/04 12:15:21 Job was suspended.
	Number of processes actually suspended: 3
...
011 (415.000.000) 06/04 12:16:01 Job was unsuspended.
...
010 (415.000.000) 06/04 12:16:31 Job was suspended.
	Number of processes actually suspended: 3
...
011 (415.000.000) 06/04 12:16:56 Job was unsuspended.
...
010 (415.000.000) 06/04 12:17:36 Job was suspended.
	Number of processes actually suspended: 3
...
011 (415.000.000) 06/04 12:17:56 Job was unsuspended.
...
010 (415.000.000) 06/04 12:18:11 Job was suspended.
	Number of processes actually suspended: 3
...
011 (415.000.000) 06/04 12:19:21 Job was unsuspended.
...
010 (415.000.000) 06/04 12:19:43 Job was suspended.
	Number of processes actually suspended: 3
...
011 (415.000.000) 06/04 12:20:16 Job was unsuspended.
...
010 (415.000.000) 06/04 12:20:46 Job was suspended.
	Number of processes actually suspended: 3
...
011 (415.000.000) 06/04 12:21:06 Job was unsuspended.
...
010 (415.000.000) 06/04 12:21:46 Job was suspended.
	Number of processes actually suspended: 3
...
011 (415.000.000) 06/04 12:22:17 Job was unsuspended.
...
010 (415.000.000) 06/04 12:22:47 Job was suspended.
	Number of processes actually suspended: 3
...
011 (415.000.000) 06/04 12:23:28 Job was unsuspended.
...
010 (415.000.000) 06/04 12:24:18 Job was suspended.
	Number of processes actually suspended: 3
...
011 (415.000.000) 06/04 12:24:48 Job was unsuspended.
...
010 (415.000.000) 06/04 12:25:48 Job was suspended.
	Number of processes actually suspended: 3
...
011 (415.000.000) 06/04 12:26:33 Job was unsuspended.
...
010 (415.000.000) 06/04 12:26:58 Job was suspended.
	Number of processes actually suspended: 3
...
011 (415.000.000) 06/04 12:27:33 Job was unsuspended.
...
010 (415.000.000) 06/04 12:28:03 Job was suspended.
	Number of processes actually suspended: 3
...
011 (415.000.000) 06/04 12:28:33 Job was unsuspended.
...
010 (415.000.000) 06/04 12:29:18 Job was suspended.
	Number of processes actually suspended: 3
...
011 (415.000.000) 06/04 12:29:48 Job was unsuspended.
...
010 (415.000.000) 06/04 12:30:03 Job was suspended.
	Number of processes actually suspended: 3
...
011 (415.000.000) 06/04 12:30:33 Job was unsuspended.
...
010 (415.000.000) 06/04 12:30:53 Job was suspended.
	Number of processes actually suspended: 3
...
011 (415.000.000) 06/04 12:31:28 Job was unsuspended.
...
010 (415.000.000) 06/04 12:32:23 Job was suspended.
	Number of processes actually suspended: 3
...
011 (415.000.000) 06/04 12:32:58 Job was unsuspended.
...
010 (415.000.000) 06/04 12:33:18 Job was suspended.
	Number of processes actually suspended: 3
...
011 (415.000.000) 06/04 12:33:48 Job was unsuspended.
...
010 (415.000.000) 06/04 12:34:08 Job was suspended.
	Number of processes actually suspended: 3
...
011 (415.000.000) 06/04 12:35:04 Job was unsuspended.
...
010 (415.000.000) 06/04 12:35:19 Job was suspended.
	Number of processes actually suspended: 3
...
011 (415.000.000) 06/04 12:35:39 Job was unsuspended.
...
010 (415.000.000) 06/04 12:35:59 Job was suspended.
	Number of processes actually suspended: 3
...
011 (415.000.000) 06/04 12:36:24 Job was unsuspended.
...
010 (415.000.000) 06/04 12:36:49 Job was suspended.
	Number of processes actually suspended: 3
...
011 (415.000.000) 06/04 12:37:09 Job was unsuspended.
...
010 (415.000.000) 06/04 12:37:35 Job was suspended.
	Number of processes actually suspended: 3
...
011 (415.000.000) 06/04 12:37:55 Job was unsuspended.
...
010 (415.000.000) 06/04 12:38:20 Job was suspended.
	Number of processes actually suspended: 3
...
011 (415.000.000) 06/04 12:38:36 Job was unsuspended.
...
010 (415.000.000) 06/04 12:38:55 Job was suspended.
	Number of processes actually suspended: 3
...
011 (415.000.000) 06/04 12:39:21 Job was unsuspended.
...
010 (415.000.000) 06/04 12:40:06 Job was suspended.
	Number of processes actually suspended: 3
...
011 (415.000.000) 06/04 12:40:26 Job was unsuspended.
...
010 (415.000.000) 06/04 12:40:51 Job was suspended.
	Number of processes actually suspended: 3
...
011 (415.000.000) 06/04 12:41:11 Job was unsuspended.
...
010 (415.000.000) 06/04 12:41:37 Job was suspended.
	Number of processes actually suspended: 3
...
011 (415.000.000) 06/04 12:42:22 Job was unsuspended.
...
010 (415.000.000) 06/04 12:42:37 Job was suspended.
	Number of processes actually suspended: 3
...
011 (415.000.000) 06/04 12:42:52 Job was unsuspended.
...
010 (415.000.000) 06/04 12:43:47 Job was suspended.
	Number of processes actually suspended: 3
...
006 (415.000.000) 06/04 12:43:47 Image size of job updated: 339340
	301  -  MemoryUsage of job (MB)
	308056  -  ResidentSetSize of job (KB)
...
011 (415.000.000) 06/04 12:44:27 Job was unsuspended.
...
010 (415.000.000) 06/04 12:45:22 Job was suspended.
	Number of processes actually suspended: 3
...
011 (415.000.000) 06/04 12:45:37 Job was unsuspended.
...
010 (415.000.000) 06/04 12:46:32 Job was suspended.
	Number of processes actually suspended: 3
...
011 (415.000.000) 06/04 12:47:02 Job was unsuspended.
...
010 (415.000.000) 06/04 12:47:17 Job was suspended.
	Number of processes actually suspended: 3
...
011 (415.000.000) 06/04 12:47:47 Job was unsuspended.
...
010 (415.000.000) 06/04 12:48:37 Job was suspended.
	Number of processes actually suspended: 3
...
006 (415.000.000) 06/04 12:48:37 Image size of job updated: 339460
	301  -  MemoryUsage of job (MB)
	308056  -  ResidentSetSize of job (KB)
...
011 (415.000.000) 06/04 12:48:52 Job was unsuspended.
...
010 (415.000.000) 06/04 12:49:47 Job was suspended.
	Number of processes actually suspended: 3
...
011 (415.000.000) 06/04 12:50:52 Job was unsuspended.
...
006 (415.000.000) 06/04 12:51:05 Image size of job updated: 340800
	301  -  MemoryUsage of job (MB)
	308056  -  ResidentSetSize of job (KB)
...
010 (415.000.000) 06/04 12:52:47 Job was suspended.
	Number of processes actually suspended: 3
...
011 (415.000.000) 06/04 12:53:02 Job was unsuspended.
...
010 (415.000.000) 06/04 12:54:02 Job was suspended.
	Number of processes actually suspended: 3
...
011 (415.000.000) 06/04 12:54:33 Job was unsuspended.
...
010 (415.000.000) 06/04 12:55:03 Job was suspended.
	Number of processes actually suspended: 3
...
011 (415.000.000) 06/04 12:55:28 Job was unsuspended.
...
006 (415.000.000) 06/04 12:56:06 Image size of job updated: 342024
	301  -  MemoryUsage of job (MB)
	308056  -  ResidentSetSize of job (KB)
...
010 (415.000.000) 06/04 12:57:03 Job was suspended.
	Number of processes actually suspended: 3
...
011 (415.000.000) 06/04 12:57:18 Job was unsuspended.
...
005 (415.000.000) 06/04 13:10:15 Job terminated.
	(1) Normal termination (return value 0)
		Usr 0 00:09:54, Sys 0 00:00:21  -  Run Remote Usage
		Usr 0 00:00:00, Sys 0 00:00:00  -  Run Local Usage
		Usr 0 00:09:54, Sys 0 00:00:21  -  Total Remote Usage
		Usr 0 00:00:00, Sys 0 00:00:00  -  Total Local Usage
	0  -  Run Bytes Sent By Job
	0  -  Run Bytes Received By Job
	0  -  Total Bytes Sent By Job
	0  -  Total Bytes Received By Job
	Partitionable Resources :    Usage  Request Allocated
	   Cpus                 :                 1         1
	   Disk (KB)            :        1        1   1556473
	   Memory (MB)          :      301     1500      1500
...
000 (477.000.000) 06/04 15:47:21 Job submitted from host: <134.61.5.1:9618?addrs=134.61.5.1-9618+[--1]-9618&noUDP&sock=1924_484e_15>
...
001 (477.000.000) 06/04 16:36:29 Job executing on host: <134.61.15.36:9618?addrs=134.61.15.36-9618+[--1]-9618&noUDP&sock=1477_ad78_3>
...
006 (477.000.000) 06/04 16:36:37 Image size of job updated: 8380
	7  -  MemoryUsage of job (MB)
	7096  -  ResidentSetSize of job (KB)
...
006 (477.000.000) 06/04 16:41:37 Image size of job updated: 478200
	460  -  MemoryUsage of job (MB)
	470220  -  ResidentSetSize of job (KB)
...
006 (477.000.000) 06/04 16:56:38 Image size of job updated: 478640
	460  -  MemoryUsage of job (MB)
	470220  -  ResidentSetSize of job (KB)
...
006 (477.000.000) 06/04 17:21:42 Image size of job updated: 480356
	460  -  MemoryUsage of job (MB)
	470220  -  ResidentSetSize of job (KB)
...
006 (477.000.000) 06/04 17:26:42 Image size of job updated: 480624
	460  -  MemoryUsage of job (MB)
	470220  -  ResidentSetSize of job (KB)
...
006 (477.000.000) 06/04 17:36:43 Image size of job updated: 483644
	460  -  MemoryUsage of job (MB)
	470220  -  ResidentSetSize of job (KB)
...
006 (477.000.000) 06/04 17:51:44 Image size of job updated: 487252
	460  -  MemoryUsage of job (MB)
	470220  -  ResidentSetSize of job (KB)
...
006 (477.000.000) 06/04 17:54:10 Image size of job updated: 487276
	460  -  MemoryUsage of job (MB)
	470220  -  ResidentSetSize of job (KB)
...
005 (477.000.000) 06/04 17:54:10 Job terminated.
	(1) Normal termination (return value 0)
		Usr 0 00:51:42, Sys 0 00:00:24  -  Run Remote Usage
		Usr 0 00:00:00, Sys 0 00:00:00  -  Run Local Usage
		Usr 0 00:51:42, Sys 0 00:00:24  -  Total Remote Usage
		Usr 0 00:00:00, Sys 0 00:00:00  -  Total Local Usage
	0  -  Run Bytes Sent By Job
	0  -  Run Bytes Received By Job
	0  -  Total Bytes Sent By Job
	0  -  Total Bytes Received By Job
	Partitionable Resources :    Usage  Request Allocated
	   Cpus                 :                 1         1
	   Disk (KB)            :        1        1   1138300
	   Memory (MB)          :      460     1500      1500
...
000 (538.000.000) 06/05 16:10:38 Job submitted from host: <134.61.5.1:9618?addrs=134.61.5.1-9618+[--1]-9618&noUDP&sock=1924_484e_15>
...
001 (538.000.000) 06/05 16:14:19 Job executing on host: <134.61.17.151:9618?addrs=134.61.17.151-9618+[--1]-9618&noUDP&sock=1512_af49_3>
...
006 (538.000.000) 06/05 16:14:29 Image size of job updated: 12080
	11  -  MemoryUsage of job (MB)
	10248  -  ResidentSetSize of job (KB)
...
006 (538.000.000) 06/05 16:19:29 Image size of job updated: 490588
	465  -  MemoryUsage of job (MB)
	475524  -  ResidentSetSize of job (KB)
...
006 (538.000.000) 06/05 16:29:30 Image size of job updated: 491044
	465  -  MemoryUsage of job (MB)
	475524  -  ResidentSetSize of job (KB)
...
006 (538.000.000) 06/05 16:34:31 Image size of job updated: 491792
	465  -  MemoryUsage of job (MB)
	475524  -  ResidentSetSize of job (KB)
...
006 (538.000.000) 06/05 16:39:31 Image size of job updated: 493940
	465  -  MemoryUsage of job (MB)
	475524  -  ResidentSetSize of job (KB)
...
006 (538.000.000) 06/05 16:44:32 Image size of job updated: 497796
	465  -  MemoryUsage of job (MB)
	475524  -  ResidentSetSize of job (KB)
...
006 (538.000.000) 06/05 16:49:33 Image size of job updated: 503628
	465  -  MemoryUsage of job (MB)
	475524  -  ResidentSetSize of job (KB)
...
005 (538.000.000) 06/05 17:21:45 Job terminated.
	(1) Normal termination (return value 0)
		Usr 0 00:55:03, Sys 0 00:00:28  -  Run Remote Usage
		Usr 0 00:00:00, Sys 0 00:00:00  -  Run Local Usage
		Usr 0 00:55:03, Sys 0 00:00:28  -  Total Remote Usage
		Usr 0 00:00:00, Sys 0 00:00:00  -  Total Local Usage
	0  -  Run Bytes Sent By Job
	0  -  Run Bytes Received By Job
	0  -  Total Bytes Sent By Job
	0  -  Total Bytes Received By Job
	Partitionable Resources :    Usage  Request Allocated
	   Cpus                 :                 1         1
	   Disk (KB)            :        1        1   3532956
	   Memory (MB)          :      465     1500      1500
...
000 (659.000.000) 06/06 15:35:15 Job submitted from host: <134.61.5.1:9618?addrs=134.61.5.1-9618+[--1]-9618&noUDP&sock=1924_484e_15>
...
001 (659.000.000) 06/06 15:42:35 Job executing on host: <134.61.17.100:9618?addrs=134.61.17.100-9618+[--1]-9618&noUDP&sock=1718_fbcb_3>
...
006 (659.000.000) 06/06 15:42:43 Image size of job updated: 241100
	210  -  MemoryUsage of job (MB)
	214296  -  ResidentSetSize of job (KB)
...
006 (659.000.000) 06/06 15:47:42 Image size of job updated: 498084
	459  -  MemoryUsage of job (MB)
	469744  -  ResidentSetSize of job (KB)
...
006 (659.000.000) 06/06 16:02:43 Image size of job updated: 498352
	459  -  MemoryUsage of job (MB)
	469744  -  ResidentSetSize of job (KB)
...
005 (659.000.000) 06/06 17:18:29 Job terminated.
	(1) Normal termination (return value 0)
		Usr 0 00:58:36, Sys 0 00:00:27  -  Run Remote Usage
		Usr 0 00:00:00, Sys 0 00:00:00  -  Run Local Usage
		Usr 0 00:58:36, Sys 0 00:00:27  -  Total Remote Usage
		Usr 0 00:00:00, Sys 0 00:00:00  -  Total Local Usage
	0  -  Run Bytes Sent By Job
	0  -  Run Bytes Received By Job
	0  -  Total Bytes Sent By Job
	0  -  Total Bytes Received By Job
	Partitionable Resources :    Usage  Request Allocated
	   Cpus                 :                 1         1
	   Disk (KB)            :        1        1   1128882
	   Memory (MB)          :      459     1500      1500
...
