000 (357.000.000) 06/01 16:26:47 Job submitted from host: <134.61.5.1:9618?addrs=134.61.5.1-9618+[--1]-9618&noUDP&sock=1924_484e_15>
...
001 (357.000.000) 06/01 16:32:22 Job executing on host: <134.61.17.183:9618?addrs=134.61.17.183-9618+[--1]-9618&noUDP&sock=5023_f04d_3>
...
006 (357.000.000) 06/01 16:32:31 Image size of job updated: 3488
	3  -  MemoryUsage of job (MB)
	2544  -  ResidentSetSize of job (KB)
...
006 (357.000.000) 06/01 16:37:32 Image size of job updated: 595284
	499  -  MemoryUsage of job (MB)
	510748  -  ResidentSetSize of job (KB)
...
006 (357.000.000) 06/01 16:42:32 Image size of job updated: 600328
	504  -  MemoryUsage of job (MB)
	515792  -  ResidentSetSize of job (KB)
...
006 (357.000.000) 06/01 16:57:34 Image size of job updated: 600364
	504  -  MemoryUsage of job (MB)
	515792  -  ResidentSetSize of job (KB)
...
005 (357.000.000) 06/01 17:09:20 Job terminated.
	(1) Normal termination (return value 0)
		Usr 0 00:18:58, Sys 0 00:00:16  -  Run Remote Usage
		Usr 0 00:00:00, Sys 0 00:00:00  -  Run Local Usage
		Usr 0 00:18:58, Sys 0 00:00:16  -  Total Remote Usage
		Usr 0 00:00:00, Sys 0 00:00:00  -  Total Local Usage
	0  -  Run Bytes Sent By Job
	0  -  Run Bytes Received By Job
	0  -  Total Bytes Sent By Job
	0  -  Total Bytes Received By Job
	Partitionable Resources :    Usage  Request Allocated
	   Cpus                 :                 1         1
	   Disk (KB)            :        1        1   1556473
	   Memory (MB)          :      504     1500      1500
...
000 (419.000.000) 06/04 11:40:31 Job submitted from host: <134.61.5.1:9618?addrs=134.61.5.1-9618+[--1]-9618&noUDP&sock=1924_484e_15>
...
001 (419.000.000) 06/04 11:40:47 Job executing on host: <134.61.17.163:9618?addrs=134.61.17.163-9618+[--1]-9618&noUDP&sock=4676_ecf0_3>
...
006 (419.000.000) 06/04 11:40:56 Image size of job updated: 28960
	22  -  MemoryUsage of job (MB)
	21756  -  ResidentSetSize of job (KB)
...
006 (419.000.000) 06/04 11:45:57 Image size of job updated: 356496
	310  -  MemoryUsage of job (MB)
	317144  -  ResidentSetSize of job (KB)
...
006 (419.000.000) 06/04 11:50:57 Image size of job updated: 361884
	315  -  MemoryUsage of job (MB)
	322532  -  ResidentSetSize of job (KB)
...
006 (419.000.000) 06/04 12:00:58 Image size of job updated: 361976
	316  -  MemoryUsage of job (MB)
	322624  -  ResidentSetSize of job (KB)
...
006 (419.000.000) 06/04 12:10:59 Image size of job updated: 362020
	316  -  MemoryUsage of job (MB)
	322668  -  ResidentSetSize of job (KB)
...
006 (419.000.000) 06/04 12:16:00 Image size of job updated: 362032
	316  -  MemoryUsage of job (MB)
	322680  -  ResidentSetSize of job (KB)
...
006 (419.000.000) 06/04 12:21:01 Image size of job updated: 362236
	316  -  MemoryUsage of job (MB)
	322884  -  ResidentSetSize of job (KB)
...
006 (419.000.000) 06/04 12:26:01 Image size of job updated: 362352
	316  -  MemoryUsage of job (MB)
	323000  -  ResidentSetSize of job (KB)
...
005 (419.000.000) 06/04 12:31:49 Job terminated.
	(1) Normal termination (return value 0)
		Usr 0 00:05:34, Sys 0 00:00:05  -  Run Remote Usage
		Usr 0 00:00:00, Sys 0 00:00:00  -  Run Local Usage
		Usr 0 00:05:34, Sys 0 00:00:05  -  Total Remote Usage
		Usr 0 00:00:00, Sys 0 00:00:00  -  Total Local Usage
	0  -  Run Bytes Sent By Job
	0  -  Run Bytes Received By Job
	0  -  Total Bytes Sent By Job
	0  -  Total Bytes Received By Job
	Partitionable Resources :    Usage  Request Allocated
	   Cpus                 :                 1         1
	   Disk (KB)            :        1        1   1556473
	   Memory (MB)          :      316     1500      1500
...
000 (481.000.000) 06/04 15:47:22 Job submitted from host: <134.61.5.1:9618?addrs=134.61.5.1-9618+[--1]-9618&noUDP&sock=1924_484e_15>
...
001 (481.000.000) 06/04 16:37:29 Job executing on host: <134.61.17.147:9618?addrs=134.61.17.147-9618+[--1]-9618&noUDP&sock=1424_52f3_3>
...
006 (481.000.000) 06/04 16:37:37 Image size of job updated: 110772
	51  -  MemoryUsage of job (MB)
	51604  -  ResidentSetSize of job (KB)
...
006 (481.000.000) 06/04 16:42:37 Image size of job updated: 619292
	523  -  MemoryUsage of job (MB)
	534752  -  ResidentSetSize of job (KB)
...
006 (481.000.000) 06/04 16:47:38 Image size of job updated: 621588
	525  -  MemoryUsage of job (MB)
	537048  -  ResidentSetSize of job (KB)
...
006 (481.000.000) 06/04 16:52:38 Image size of job updated: 621900
	525  -  MemoryUsage of job (MB)
	537360  -  ResidentSetSize of job (KB)
...
005 (481.000.000) 06/04 17:22:25 Job terminated.
	(1) Normal termination (return value 0)
		Usr 0 00:30:54, Sys 0 00:00:17  -  Run Remote Usage
		Usr 0 00:00:00, Sys 0 00:00:00  -  Run Local Usage
		Usr 0 00:30:54, Sys 0 00:00:17  -  Total Remote Usage
		Usr 0 00:00:00, Sys 0 00:00:00  -  Total Local Usage
	0  -  Run Bytes Sent By Job
	0  -  Run Bytes Received By Job
	0  -  Total Bytes Sent By Job
	0  -  Total Bytes Received By Job
	Partitionable Resources :    Usage  Request Allocated
	   Cpus                 :                 1         1
	   Disk (KB)            :        1        1   3541765
	   Memory (MB)          :      525     1500      1500
...
000 (542.000.000) 06/05 16:10:39 Job submitted from host: <134.61.5.1:9618?addrs=134.61.5.1-9618+[--1]-9618&noUDP&sock=1924_484e_15>
...
007 (542.000.000) 06/05 16:14:20 Shadow exception!
	Error from slot1_1@lxcip55.physik.rwth-aachen.de: Failed to open '/.automount/home/home__home4/institut_1b/swuchterl/SUSYDileptonGamma/SplitTrees/logs/DoubleMuon_Run2016F-03Feb2017-v1_nTuple.root.out' as standard output: No such file or directory (errno 2)
	0  -  Run Bytes Sent By Job
	0  -  Run Bytes Received By Job
...
012 (542.000.000) 06/05 16:14:20 Job was held.
	Error from slot1_1@lxcip55.physik.rwth-aachen.de: Failed to open '/.automount/home/home__home4/institut_1b/swuchterl/SUSYDileptonGamma/SplitTrees/logs/DoubleMuon_Run2016F-03Feb2017-v1_nTuple.root.out' as standard output: No such file or directory (errno 2)
	Code 7 Subcode 2
...
013 (542.000.000) 06/05 18:20:21 Job was released.
	via condor_release (by user swuchterl)
...
001 (542.000.000) 06/05 18:23:29 Job executing on host: <134.61.15.61:9618?addrs=134.61.15.61-9618+[--1]-9618&noUDP&sock=1367_3a0d_3>
...
006 (542.000.000) 06/05 18:23:37 Image size of job updated: 24780
	22  -  MemoryUsage of job (MB)
	21768  -  ResidentSetSize of job (KB)
...
010 (542.000.000) 06/05 18:27:44 Job was suspended.
	Number of processes actually suspended: 3
...
006 (542.000.000) 06/05 18:27:44 Image size of job updated: 557236
	522  -  MemoryUsage of job (MB)
	533716  -  ResidentSetSize of job (KB)
...
011 (542.000.000) 06/05 18:54:14 Job was unsuspended.
...
006 (542.000.000) 06/05 19:03:42 Image size of job updated: 559964
	524  -  MemoryUsage of job (MB)
	535936  -  ResidentSetSize of job (KB)
...
010 (542.000.000) 06/05 19:03:57 Job was suspended.
	Number of processes actually suspended: 3
...
011 (542.000.000) 06/05 19:10:12 Job was unsuspended.
...
010 (542.000.000) 06/05 19:11:48 Job was suspended.
	Number of processes actually suspended: 3
...
011 (542.000.000) 06/05 19:12:03 Job was unsuspended.
...
010 (542.000.000) 06/05 19:14:45 Job was suspended.
	Number of processes actually suspended: 3
...
011 (542.000.000) 06/05 19:21:35 Job was unsuspended.
...
010 (542.000.000) 06/05 19:23:20 Job was suspended.
	Number of processes actually suspended: 3
...
011 (542.000.000) 06/05 19:28:21 Job was unsuspended.
...
010 (542.000.000) 06/05 19:33:03 Job was suspended.
	Number of processes actually suspended: 3
...
011 (542.000.000) 06/05 19:53:42 Job was unsuspended.
...
010 (542.000.000) 06/05 19:59:30 Job was suspended.
	Number of processes actually suspended: 3
...
011 (542.000.000) 06/05 20:01:06 Job was unsuspended.
...
010 (542.000.000) 06/05 20:08:52 Job was suspended.
	Number of processes actually suspended: 3
...
011 (542.000.000) 06/05 20:09:58 Job was unsuspended.
...
010 (542.000.000) 06/05 20:12:51 Job was suspended.
	Number of processes actually suspended: 3
...
011 (542.000.000) 06/05 20:13:19 Job was unsuspended.
...
010 (542.000.000) 06/05 20:19:21 Job was suspended.
	Number of processes actually suspended: 3
...
011 (542.000.000) 06/05 20:19:36 Job was unsuspended.
...
010 (542.000.000) 06/05 20:22:32 Job was suspended.
	Number of processes actually suspended: 3
...
011 (542.000.000) 06/05 20:23:02 Job was unsuspended.
...
005 (542.000.000) 06/05 20:42:46 Job terminated.
	(1) Normal termination (return value 0)
		Usr 0 00:45:29, Sys 0 00:00:21  -  Run Remote Usage
		Usr 0 00:00:00, Sys 0 00:00:00  -  Run Local Usage
		Usr 0 00:45:29, Sys 0 00:00:21  -  Total Remote Usage
		Usr 0 00:00:00, Sys 0 00:00:00  -  Total Local Usage
	0  -  Run Bytes Sent By Job
	0  -  Run Bytes Received By Job
	0  -  Total Bytes Sent By Job
	0  -  Total Bytes Received By Job
	Partitionable Resources :    Usage  Request Allocated
	   Cpus                 :                 1         1
	   Disk (KB)            :        1        1   3541765
	   Memory (MB)          :      524     1500      1500
...
000 (663.000.000) 06/06 15:35:16 Job submitted from host: <134.61.5.1:9618?addrs=134.61.5.1-9618+[--1]-9618&noUDP&sock=1924_484e_15>
...
001 (663.000.000) 06/06 15:43:31 Job executing on host: <134.61.17.170:9618?addrs=134.61.17.170-9618+[--1]-9618&noUDP&sock=5348_dc95_3>
...
006 (663.000.000) 06/06 15:43:40 Image size of job updated: 156192
	96  -  MemoryUsage of job (MB)
	97740  -  ResidentSetSize of job (KB)
...
006 (663.000.000) 06/06 15:48:41 Image size of job updated: 598776
	503  -  MemoryUsage of job (MB)
	514212  -  ResidentSetSize of job (KB)
...
006 (663.000.000) 06/06 15:53:42 Image size of job updated: 608668
	512  -  MemoryUsage of job (MB)
	524104  -  ResidentSetSize of job (KB)
...
005 (663.000.000) 06/06 16:28:42 Job terminated.
	(1) Normal termination (return value 0)
		Usr 0 00:21:48, Sys 0 00:00:18  -  Run Remote Usage
		Usr 0 00:00:00, Sys 0 00:00:00  -  Run Local Usage
		Usr 0 00:21:48, Sys 0 00:00:18  -  Total Remote Usage
		Usr 0 00:00:00, Sys 0 00:00:00  -  Total Local Usage
	0  -  Run Bytes Sent By Job
	0  -  Run Bytes Received By Job
	0  -  Total Bytes Sent By Job
	0  -  Total Bytes Received By Job
	Partitionable Resources :    Usage  Request Allocated
	   Cpus                 :                 1         1
	   Disk (KB)            :        1        1   1556473
	   Memory (MB)          :      512     1500      1500
...
