000 (333.000.000) 06/01 16:26:44 Job submitted from host: <134.61.5.1:9618?addrs=134.61.5.1-9618+[--1]-9618&noUDP&sock=1924_484e_15>
...
001 (333.000.000) 06/01 16:28:02 Job executing on host: <134.61.15.61:9618?addrs=134.61.15.61-9618+[--1]-9618&noUDP&sock=1367_3a0d_3>
...
006 (333.000.000) 06/01 16:28:11 Image size of job updated: 7428
	7  -  MemoryUsage of job (MB)
	6996  -  ResidentSetSize of job (KB)
...
006 (333.000.000) 06/01 16:30:55 Image size of job updated: 14928
	7  -  MemoryUsage of job (MB)
	7000  -  ResidentSetSize of job (KB)
...
005 (333.000.000) 06/01 16:30:55 Job terminated.
	(1) Normal termination (return value 0)
		Usr 0 00:01:11, Sys 0 00:00:02  -  Run Remote Usage
		Usr 0 00:00:00, Sys 0 00:00:00  -  Run Local Usage
		Usr 0 00:01:11, Sys 0 00:00:02  -  Total Remote Usage
		Usr 0 00:00:00, Sys 0 00:00:00  -  Total Local Usage
	0  -  Run Bytes Sent By Job
	0  -  Run Bytes Received By Job
	0  -  Total Bytes Sent By Job
	0  -  Total Bytes Received By Job
	Partitionable Resources :    Usage  Request Allocated
	   Cpus                 :                 1         1
	   Disk (KB)            :        1        1   3541765
	   Memory (MB)          :        7     1500      1500
...
000 (395.000.000) 06/04 11:40:28 Job submitted from host: <134.61.5.1:9618?addrs=134.61.5.1-9618+[--1]-9618&noUDP&sock=1924_484e_15>
...
001 (395.000.000) 06/04 11:40:46 Job executing on host: <134.61.17.175:9618?addrs=134.61.17.175-9618+[--1]-9618&noUDP&sock=4506_51d6_3>
...
006 (395.000.000) 06/04 11:40:55 Image size of job updated: 45056
	23  -  MemoryUsage of job (MB)
	22580  -  ResidentSetSize of job (KB)
...
006 (395.000.000) 06/04 11:44:21 Image size of job updated: 337116
	23  -  MemoryUsage of job (MB)
	22580  -  ResidentSetSize of job (KB)
...
005 (395.000.000) 06/04 11:44:21 Job terminated.
	(1) Normal termination (return value 0)
		Usr 0 00:00:19, Sys 0 00:00:01  -  Run Remote Usage
		Usr 0 00:00:00, Sys 0 00:00:00  -  Run Local Usage
		Usr 0 00:00:19, Sys 0 00:00:01  -  Total Remote Usage
		Usr 0 00:00:00, Sys 0 00:00:00  -  Total Local Usage
	0  -  Run Bytes Sent By Job
	0  -  Run Bytes Received By Job
	0  -  Total Bytes Sent By Job
	0  -  Total Bytes Received By Job
	Partitionable Resources :    Usage  Request Allocated
	   Cpus                 :                 1         1
	   Disk (KB)            :        1        1   1556473
	   Memory (MB)          :       23     1500      1500
...
000 (457.000.000) 06/04 15:47:19 Job submitted from host: <134.61.5.1:9618?addrs=134.61.5.1-9618+[--1]-9618&noUDP&sock=1924_484e_15>
...
001 (457.000.000) 06/04 16:19:48 Job executing on host: <134.61.17.174:9618?addrs=134.61.17.174-9618+[--1]-9618&noUDP&sock=4847_37a2_3>
...
006 (457.000.000) 06/04 16:19:56 Image size of job updated: 157864
	97  -  MemoryUsage of job (MB)
	99036  -  ResidentSetSize of job (KB)
...
006 (457.000.000) 06/04 16:20:56 Image size of job updated: 461444
	97  -  MemoryUsage of job (MB)
	99036  -  ResidentSetSize of job (KB)
...
005 (457.000.000) 06/04 16:20:56 Job terminated.
	(1) Normal termination (return value 0)
		Usr 0 00:00:53, Sys 0 00:00:01  -  Run Remote Usage
		Usr 0 00:00:00, Sys 0 00:00:00  -  Run Local Usage
		Usr 0 00:00:53, Sys 0 00:00:01  -  Total Remote Usage
		Usr 0 00:00:00, Sys 0 00:00:00  -  Total Local Usage
	0  -  Run Bytes Sent By Job
	0  -  Run Bytes Received By Job
	0  -  Total Bytes Sent By Job
	0  -  Total Bytes Received By Job
	Partitionable Resources :    Usage  Request Allocated
	   Cpus                 :                 1         1
	   Disk (KB)            :        1        1   1556473
	   Memory (MB)          :       97     1500      1500
...
000 (519.000.000) 06/05 16:10:35 Job submitted from host: <134.61.5.1:9618?addrs=134.61.5.1-9618+[--1]-9618&noUDP&sock=1924_484e_15>
...
007 (519.000.000) 06/05 16:13:20 Shadow exception!
	Error from slot1_3@lxcip55.physik.rwth-aachen.de: Failed to open '/.automount/home/home__home4/institut_1b/swuchterl/SUSYDileptonGamma/SplitTrees/logs/DoubleEG_Run2016H-03Feb2017_ver3-v1_nTuple.root.out' as standard output: No such file or directory (errno 2)
	0  -  Run Bytes Sent By Job
	0  -  Run Bytes Received By Job
...
012 (519.000.000) 06/05 16:13:21 Job was held.
	Error from slot1_3@lxcip55.physik.rwth-aachen.de: Failed to open '/.automount/home/home__home4/institut_1b/swuchterl/SUSYDileptonGamma/SplitTrees/logs/DoubleEG_Run2016H-03Feb2017_ver3-v1_nTuple.root.out' as standard output: No such file or directory (errno 2)
	Code 7 Subcode 2
...
013 (519.000.000) 06/05 18:20:09 Job was released.
	via condor_release (by user swuchterl)
...
001 (519.000.000) 06/05 18:20:47 Job executing on host: <134.61.17.186:9618?addrs=134.61.17.186-9618+[--1]-9618&noUDP&sock=4515_7e30_3>
...
006 (519.000.000) 06/05 18:20:56 Image size of job updated: 207108
	187  -  MemoryUsage of job (MB)
	191220  -  ResidentSetSize of job (KB)
...
006 (519.000.000) 06/05 18:22:04 Image size of job updated: 207108
	187  -  MemoryUsage of job (MB)
	191256  -  ResidentSetSize of job (KB)
...
005 (519.000.000) 06/05 18:22:04 Job terminated.
	(1) Normal termination (return value 0)
		Usr 0 00:01:01, Sys 0 00:00:02  -  Run Remote Usage
		Usr 0 00:00:00, Sys 0 00:00:00  -  Run Local Usage
		Usr 0 00:01:01, Sys 0 00:00:02  -  Total Remote Usage
		Usr 0 00:00:00, Sys 0 00:00:00  -  Total Local Usage
	0  -  Run Bytes Sent By Job
	0  -  Run Bytes Received By Job
	0  -  Total Bytes Sent By Job
	0  -  Total Bytes Received By Job
	Partitionable Resources :    Usage  Request Allocated
	   Cpus                 :                 1         1
	   Disk (KB)            :        1        1   1556473
	   Memory (MB)          :      187     1500      1500
...
000 (640.000.000) 06/06 15:35:13 Job submitted from host: <134.61.5.1:9618?addrs=134.61.5.1-9618+[--1]-9618&noUDP&sock=1924_484e_15>
...
001 (640.000.000) 06/06 15:40:31 Job executing on host: <134.61.5.33:9618?addrs=134.61.5.33-9618+[--1]-9618&noUDP&sock=1717_4c33_3>
...
006 (640.000.000) 06/06 15:40:40 Image size of job updated: 104652
	84  -  MemoryUsage of job (MB)
	85632  -  ResidentSetSize of job (KB)
...
006 (640.000.000) 06/06 15:42:15 Image size of job updated: 104652
	84  -  MemoryUsage of job (MB)
	85664  -  ResidentSetSize of job (KB)
...
005 (640.000.000) 06/06 15:42:15 Job terminated.
	(1) Normal termination (return value 0)
		Usr 0 00:00:41, Sys 0 00:00:01  -  Run Remote Usage
		Usr 0 00:00:00, Sys 0 00:00:00  -  Run Local Usage
		Usr 0 00:00:41, Sys 0 00:00:01  -  Total Remote Usage
		Usr 0 00:00:00, Sys 0 00:00:00  -  Total Local Usage
	0  -  Run Bytes Sent By Job
	0  -  Run Bytes Received By Job
	0  -  Total Bytes Sent By Job
	0  -  Total Bytes Received By Job
	Partitionable Resources :    Usage  Request Allocated
	   Cpus                 :                 1         1
	   Disk (KB)            :        1        1   3529167
	   Memory (MB)          :       84     1500      1500
...
