000 (364.000.000) 06/01 16:26:48 Job submitted from host: <134.61.5.1:9618?addrs=134.61.5.1-9618+[--1]-9618&noUDP&sock=1924_484e_15>
...
001 (364.000.000) 06/01 16:32:23 Job executing on host: <134.61.5.21:9618?addrs=134.61.5.21-9618+[--1]-9618&noUDP&sock=1530_07fd_3>
...
006 (364.000.000) 06/01 16:32:31 Image size of job updated: 87828
	35  -  MemoryUsage of job (MB)
	35800  -  ResidentSetSize of job (KB)
...
006 (364.000.000) 06/01 16:37:31 Image size of job updated: 616276
	520  -  MemoryUsage of job (MB)
	531680  -  ResidentSetSize of job (KB)
...
006 (364.000.000) 06/01 16:42:32 Image size of job updated: 626656
	530  -  MemoryUsage of job (MB)
	542060  -  ResidentSetSize of job (KB)
...
005 (364.000.000) 06/01 20:19:57 Job terminated.
	(1) Normal termination (return value 0)
		Usr 0 02:54:54, Sys 0 00:03:04  -  Run Remote Usage
		Usr 0 00:00:00, Sys 0 00:00:00  -  Run Local Usage
		Usr 0 02:54:54, Sys 0 00:03:04  -  Total Remote Usage
		Usr 0 00:00:00, Sys 0 00:00:00  -  Total Local Usage
	0  -  Run Bytes Sent By Job
	0  -  Run Bytes Received By Job
	0  -  Total Bytes Sent By Job
	0  -  Total Bytes Received By Job
	Partitionable Resources :    Usage  Request Allocated
	   Cpus                 :                 1         1
	   Disk (KB)            :        1        1  13147930
	   Memory (MB)          :      530     1500      1500
...
000 (426.000.000) 06/04 11:40:32 Job submitted from host: <134.61.5.1:9618?addrs=134.61.5.1-9618+[--1]-9618&noUDP&sock=1924_484e_15>
...
001 (426.000.000) 06/04 11:40:47 Job executing on host: <134.61.17.182:9618?addrs=134.61.17.182-9618+[--1]-9618&noUDP&sock=1616_0522_3>
...
006 (426.000.000) 06/04 11:40:57 Image size of job updated: 237064
	193  -  MemoryUsage of job (MB)
	197492  -  ResidentSetSize of job (KB)
...
010 (426.000.000) 06/04 11:42:47 Job was suspended.
	Number of processes actually suspended: 3
...
006 (426.000.000) 06/04 11:42:47 Image size of job updated: 544316
	491  -  MemoryUsage of job (MB)
	501860  -  ResidentSetSize of job (KB)
...
011 (426.000.000) 06/04 11:43:02 Job was unsuspended.
...
010 (426.000.000) 06/04 11:43:52 Job was suspended.
	Number of processes actually suspended: 3
...
011 (426.000.000) 06/04 11:44:48 Job was unsuspended.
...
010 (426.000.000) 06/04 11:46:03 Job was suspended.
	Number of processes actually suspended: 3
...
011 (426.000.000) 06/04 11:46:23 Job was unsuspended.
...
010 (426.000.000) 06/04 11:47:38 Job was suspended.
	Number of processes actually suspended: 3
...
011 (426.000.000) 06/04 11:48:29 Job was unsuspended.
...
010 (426.000.000) 06/04 11:49:29 Job was suspended.
	Number of processes actually suspended: 3
...
006 (426.000.000) 06/04 11:49:29 Image size of job updated: 554344
	500  -  MemoryUsage of job (MB)
	511888  -  ResidentSetSize of job (KB)
...
011 (426.000.000) 06/04 11:50:09 Job was unsuspended.
...
010 (426.000.000) 06/04 11:50:45 Job was suspended.
	Number of processes actually suspended: 3
...
006 (426.000.000) 06/04 11:50:45 Image size of job updated: 554356
	500  -  MemoryUsage of job (MB)
	511888  -  ResidentSetSize of job (KB)
...
011 (426.000.000) 06/04 11:51:10 Job was unsuspended.
...
010 (426.000.000) 06/04 11:52:35 Job was suspended.
	Number of processes actually suspended: 3
...
011 (426.000.000) 06/04 11:53:00 Job was unsuspended.
...
010 (426.000.000) 06/04 11:54:10 Job was suspended.
	Number of processes actually suspended: 3
...
011 (426.000.000) 06/04 11:54:40 Job was unsuspended.
...
010 (426.000.000) 06/04 11:56:06 Job was suspended.
	Number of processes actually suspended: 3
...
011 (426.000.000) 06/04 11:56:36 Job was unsuspended.
...
010 (426.000.000) 06/04 11:58:01 Job was suspended.
	Number of processes actually suspended: 3
...
011 (426.000.000) 06/04 11:58:31 Job was unsuspended.
...
010 (426.000.000) 06/04 11:59:46 Job was suspended.
	Number of processes actually suspended: 3
...
011 (426.000.000) 06/04 12:00:31 Job was unsuspended.
...
010 (426.000.000) 06/04 12:02:02 Job was suspended.
	Number of processes actually suspended: 3
...
011 (426.000.000) 06/04 12:02:22 Job was unsuspended.
...
010 (426.000.000) 06/04 12:04:18 Job was suspended.
	Number of processes actually suspended: 3
...
011 (426.000.000) 06/04 12:04:43 Job was unsuspended.
...
010 (426.000.000) 06/04 12:04:58 Job was suspended.
	Number of processes actually suspended: 3
...
011 (426.000.000) 06/04 12:05:18 Job was unsuspended.
...
010 (426.000.000) 06/04 12:06:53 Job was suspended.
	Number of processes actually suspended: 3
...
011 (426.000.000) 06/04 12:07:28 Job was unsuspended.
...
010 (426.000.000) 06/04 12:07:53 Job was suspended.
	Number of processes actually suspended: 3
...
011 (426.000.000) 06/04 12:08:38 Job was unsuspended.
...
010 (426.000.000) 06/04 12:10:23 Job was suspended.
	Number of processes actually suspended: 3
...
011 (426.000.000) 06/04 12:10:43 Job was unsuspended.
...
010 (426.000.000) 06/04 12:10:58 Job was suspended.
	Number of processes actually suspended: 3
...
011 (426.000.000) 06/04 12:11:23 Job was unsuspended.
...
010 (426.000.000) 06/04 12:14:33 Job was suspended.
	Number of processes actually suspended: 3
...
011 (426.000.000) 06/04 12:15:03 Job was unsuspended.
...
010 (426.000.000) 06/04 12:20:28 Job was suspended.
	Number of processes actually suspended: 3
...
011 (426.000.000) 06/04 12:20:48 Job was unsuspended.
...
010 (426.000.000) 06/04 12:22:29 Job was suspended.
	Number of processes actually suspended: 3
...
011 (426.000.000) 06/04 12:22:48 Job was unsuspended.
...
010 (426.000.000) 06/04 12:24:18 Job was suspended.
	Number of processes actually suspended: 3
...
011 (426.000.000) 06/04 12:24:38 Job was unsuspended.
...
010 (426.000.000) 06/04 12:28:15 Job was suspended.
	Number of processes actually suspended: 3
...
011 (426.000.000) 06/04 12:28:30 Job was unsuspended.
...
010 (426.000.000) 06/04 12:32:16 Job was suspended.
	Number of processes actually suspended: 3
...
011 (426.000.000) 06/04 12:32:31 Job was unsuspended.
...
005 (426.000.000) 06/04 13:32:17 Job terminated.
	(1) Normal termination (return value 0)
		Usr 0 00:48:00, Sys 0 00:01:33  -  Run Remote Usage
		Usr 0 00:00:00, Sys 0 00:00:00  -  Run Local Usage
		Usr 0 00:48:00, Sys 0 00:01:33  -  Total Remote Usage
		Usr 0 00:00:00, Sys 0 00:00:00  -  Total Local Usage
	0  -  Run Bytes Sent By Job
	0  -  Run Bytes Received By Job
	0  -  Total Bytes Sent By Job
	0  -  Total Bytes Received By Job
	Partitionable Resources :    Usage  Request Allocated
	   Cpus                 :                 1         1
	   Disk (KB)            :        1        1   1481208
	   Memory (MB)          :      500     1500      1500
...
000 (488.000.000) 06/04 15:47:23 Job submitted from host: <134.61.5.1:9618?addrs=134.61.5.1-9618+[--1]-9618&noUDP&sock=1924_484e_15>
...
001 (488.000.000) 06/04 16:41:30 Job executing on host: <134.61.17.167:9618?addrs=134.61.17.167-9618+[--1]-9618&noUDP&sock=4649_67e1_3>
...
006 (488.000.000) 06/04 16:41:38 Image size of job updated: 118664
	77  -  MemoryUsage of job (MB)
	78360  -  ResidentSetSize of job (KB)
...
006 (488.000.000) 06/04 16:46:38 Image size of job updated: 553048
	502  -  MemoryUsage of job (MB)
	513240  -  ResidentSetSize of job (KB)
...
006 (488.000.000) 06/04 16:51:38 Image size of job updated: 567432
	516  -  MemoryUsage of job (MB)
	527624  -  ResidentSetSize of job (KB)
...
006 (488.000.000) 06/04 17:01:40 Image size of job updated: 567988
	516  -  MemoryUsage of job (MB)
	527624  -  ResidentSetSize of job (KB)
...
006 (488.000.000) 06/04 20:11:59 Image size of job updated: 596100
	516  -  MemoryUsage of job (MB)
	527624  -  ResidentSetSize of job (KB)
...
006 (488.000.000) 06/04 20:37:01 Image size of job updated: 599776
	516  -  MemoryUsage of job (MB)
	527624  -  ResidentSetSize of job (KB)
...
005 (488.000.000) 06/04 20:47:15 Job terminated.
	(1) Normal termination (return value 0)
		Usr 0 03:19:13, Sys 0 00:04:01  -  Run Remote Usage
		Usr 0 00:00:00, Sys 0 00:00:00  -  Run Local Usage
		Usr 0 03:19:13, Sys 0 00:04:01  -  Total Remote Usage
		Usr 0 00:00:00, Sys 0 00:00:00  -  Total Local Usage
	0  -  Run Bytes Sent By Job
	0  -  Run Bytes Received By Job
	0  -  Total Bytes Sent By Job
	0  -  Total Bytes Received By Job
	Partitionable Resources :    Usage  Request Allocated
	   Cpus                 :                 1         1
	   Disk (KB)            :        1        1   1556473
	   Memory (MB)          :      516     1500      1500
...
000 (549.000.000) 06/05 16:10:40 Job submitted from host: <134.61.5.1:9618?addrs=134.61.5.1-9618+[--1]-9618&noUDP&sock=1924_484e_15>
...
001 (549.000.000) 06/05 16:15:19 Job executing on host: <134.61.17.154:9618?addrs=134.61.17.154-9618+[--1]-9618&noUDP&sock=1513_5ee1_3>
...
006 (549.000.000) 06/05 16:15:28 Image size of job updated: 111404
	51  -  MemoryUsage of job (MB)
	52056  -  ResidentSetSize of job (KB)
...
006 (549.000.000) 06/05 16:20:29 Image size of job updated: 635020
	538  -  MemoryUsage of job (MB)
	550396  -  ResidentSetSize of job (KB)
...
006 (549.000.000) 06/05 16:25:29 Image size of job updated: 636288
	539  -  MemoryUsage of job (MB)
	551664  -  ResidentSetSize of job (KB)
...
010 (549.000.000) 06/05 20:24:44 Job was suspended.
	Number of processes actually suspended: 0
...
011 (549.000.000) 06/05 20:24:59 Job was unsuspended.
...
010 (549.000.000) 06/05 20:38:02 Job was suspended.
	Number of processes actually suspended: 0
...
011 (549.000.000) 06/05 20:38:17 Job was unsuspended.
...
005 (549.000.000) 06/05 21:23:04 Job terminated.
	(1) Normal termination (return value 0)
		Usr 0 01:23:43, Sys 0 00:00:51  -  Run Remote Usage
		Usr 0 00:00:00, Sys 0 00:00:00  -  Run Local Usage
		Usr 0 01:23:43, Sys 0 00:00:51  -  Total Remote Usage
		Usr 0 00:00:00, Sys 0 00:00:00  -  Total Local Usage
	0  -  Run Bytes Sent By Job
	0  -  Run Bytes Received By Job
	0  -  Total Bytes Sent By Job
	0  -  Total Bytes Received By Job
	Partitionable Resources :    Usage  Request Allocated
	   Cpus                 :                 1         1
	   Disk (KB)            :        1        1   3525819
	   Memory (MB)          :      539     1500      1500
...
000 (670.000.000) 06/06 15:35:17 Job submitted from host: <134.61.5.1:9618?addrs=134.61.5.1-9618+[--1]-9618&noUDP&sock=1924_484e_15>
...
001 (670.000.000) 06/06 15:43:32 Job executing on host: <134.61.15.6:9618?addrs=134.61.15.6-9618+[--1]-9618&noUDP&sock=1223743_7d6a_3>
...
006 (670.000.000) 06/06 15:43:40 Image size of job updated: 7072
	7  -  MemoryUsage of job (MB)
	7012  -  ResidentSetSize of job (KB)
...
010 (670.000.000) 06/06 15:45:07 Job was suspended.
	Number of processes actually suspended: 3
...
006 (670.000.000) 06/06 15:45:07 Image size of job updated: 497532
	479  -  MemoryUsage of job (MB)
	490400  -  ResidentSetSize of job (KB)
...
011 (670.000.000) 06/06 15:46:53 Job was unsuspended.
...
010 (670.000.000) 06/06 15:47:03 Job was suspended.
	Number of processes actually suspended: 3
...
006 (670.000.000) 06/06 15:47:03 Image size of job updated: 509424
	491  -  MemoryUsage of job (MB)
	502292  -  ResidentSetSize of job (KB)
...
011 (670.000.000) 06/06 15:52:34 Job was unsuspended.
...
010 (670.000.000) 06/06 15:52:54 Job was suspended.
	Number of processes actually suspended: 3
...
006 (670.000.000) 06/06 15:52:54 Image size of job updated: 513424
	495  -  MemoryUsage of job (MB)
	506292  -  ResidentSetSize of job (KB)
...
004 (670.000.000) 06/06 15:53:16 Job was evicted.
	(0) Job was not checkpointed.
		Usr 0 00:00:18, Sys 0 00:00:01  -  Run Remote Usage
		Usr 0 00:00:00, Sys 0 00:00:00  -  Run Local Usage
	0  -  Run Bytes Sent By Job
	0  -  Run Bytes Received By Job
	Partitionable Resources :    Usage  Request Allocated
	   Cpus                 :                 1         1
	   Disk (KB)            :        1        1   3541765
	   Memory (MB)          :      495     1500      1500
...
012 (670.000.000) 06/06 15:53:16 Job was held.
	via condor_hold (by user swuchterl)
	Code 1 Subcode 0
...
013 (670.000.000) 06/06 15:54:13 Job was released.
	via condor_release (by user swuchterl)
...
001 (670.000.000) 06/06 15:57:14 Job executing on host: <134.61.17.172:9618?addrs=134.61.17.172-9618+[--1]-9618&noUDP&sock=5093_f3ee_3>
...
010 (670.000.000) 06/06 16:23:47 Job was suspended.
	Number of processes actually suspended: 3
...
011 (670.000.000) 06/06 16:24:02 Job was unsuspended.
...
005 (670.000.000) 06/06 20:31:49 Job terminated.
	(1) Normal termination (return value 0)
		Usr 0 03:23:57, Sys 0 00:04:17  -  Run Remote Usage
		Usr 0 00:00:00, Sys 0 00:00:00  -  Run Local Usage
		Usr 0 03:23:57, Sys 0 00:04:17  -  Total Remote Usage
		Usr 0 00:00:00, Sys 0 00:00:00  -  Total Local Usage
	0  -  Run Bytes Sent By Job
	0  -  Run Bytes Received By Job
	0  -  Total Bytes Sent By Job
	0  -  Total Bytes Received By Job
	Partitionable Resources :    Usage  Request Allocated
	   Cpus                 :                 1         1
	   Disk (KB)            :        1        1   1556473
	   Memory (MB)          :      733     1500      1500
...
000 (744.000.000) 06/11 12:49:26 Job submitted from host: <134.61.5.1:9618?addrs=134.61.5.1-9618+[--1]-9618&noUDP&sock=1924_484e_15>
...
001 (744.000.000) 06/11 12:49:30 Job executing on host: <134.61.17.183:9618?addrs=134.61.17.183-9618+[--1]-9618&noUDP&sock=5023_f04d_3>
...
006 (744.000.000) 06/11 12:49:39 Image size of job updated: 87336
	35  -  MemoryUsage of job (MB)
	35720  -  ResidentSetSize of job (KB)
...
006 (744.000.000) 06/11 12:54:40 Image size of job updated: 606700
	510  -  MemoryUsage of job (MB)
	522060  -  ResidentSetSize of job (KB)
...
010 (744.000.000) 06/11 13:15:48 Job was suspended.
	Number of processes actually suspended: 3
...
011 (744.000.000) 06/11 13:16:38 Job was unsuspended.
...
010 (744.000.000) 06/11 14:11:32 Job was suspended.
	Number of processes actually suspended: 0
...
011 (744.000.000) 06/11 14:12:07 Job was unsuspended.
...
005 (744.000.000) 06/11 14:15:32 Job terminated.
	(1) Normal termination (return value 0)
		Usr 0 00:11:54, Sys 0 00:00:23  -  Run Remote Usage
		Usr 0 00:00:00, Sys 0 00:00:00  -  Run Local Usage
		Usr 0 00:11:54, Sys 0 00:00:23  -  Total Remote Usage
		Usr 0 00:00:00, Sys 0 00:00:00  -  Total Local Usage
	0  -  Run Bytes Sent By Job
	0  -  Run Bytes Received By Job
	0  -  Total Bytes Sent By Job
	0  -  Total Bytes Received By Job
	Partitionable Resources :    Usage  Request Allocated
	   Cpus                 :                 1         1
	   Disk (KB)            :        1        1   1556473
	   Memory (MB)          :      510     1500      1500
...
