000 (324.000.000) 06/01 16:26:43 Job submitted from host: <134.61.5.1:9618?addrs=134.61.5.1-9618+[--1]-9618&noUDP&sock=1924_484e_15>
...
001 (324.000.000) 06/01 16:28:02 Job executing on host: <134.61.17.152:9618?addrs=134.61.17.152-9618+[--1]-9618&noUDP&sock=3515044_64c6_3>
...
006 (324.000.000) 06/01 16:28:11 Image size of job updated: 14368
	8  -  MemoryUsage of job (MB)
	7320  -  ResidentSetSize of job (KB)
...
006 (324.000.000) 06/01 16:33:12 Image size of job updated: 598220
	527  -  MemoryUsage of job (MB)
	538768  -  ResidentSetSize of job (KB)
...
010 (324.000.000) 06/01 17:28:52 Job was suspended.
	Number of processes actually suspended: 0
...
011 (324.000.000) 06/01 17:29:07 Job was unsuspended.
...
005 (324.000.000) 06/01 18:26:24 Job terminated.
	(1) Normal termination (return value 0)
		Usr 0 00:02:39, Sys 0 00:00:04  -  Run Remote Usage
		Usr 0 00:00:00, Sys 0 00:00:00  -  Run Local Usage
		Usr 0 00:02:39, Sys 0 00:00:04  -  Total Remote Usage
		Usr 0 00:00:00, Sys 0 00:00:00  -  Total Local Usage
	0  -  Run Bytes Sent By Job
	0  -  Run Bytes Received By Job
	0  -  Total Bytes Sent By Job
	0  -  Total Bytes Received By Job
	Partitionable Resources :    Usage  Request Allocated
	   Cpus                 :                 1         1
	   Disk (KB)            :        1        1   3518457
	   Memory (MB)          :      527     1500      1500
...
000 (386.000.000) 06/04 11:40:27 Job submitted from host: <134.61.5.1:9618?addrs=134.61.5.1-9618+[--1]-9618&noUDP&sock=1924_484e_15>
...
001 (386.000.000) 06/04 11:40:46 Job executing on host: <134.61.17.182:9618?addrs=134.61.17.182-9618+[--1]-9618&noUDP&sock=1616_0522_3>
...
006 (386.000.000) 06/04 11:40:55 Image size of job updated: 206648
	174  -  MemoryUsage of job (MB)
	177644  -  ResidentSetSize of job (KB)
...
006 (386.000.000) 06/04 11:45:56 Image size of job updated: 541572
	488  -  MemoryUsage of job (MB)
	499420  -  ResidentSetSize of job (KB)
...
006 (386.000.000) 06/04 11:50:57 Image size of job updated: 543740
	488  -  MemoryUsage of job (MB)
	499420  -  ResidentSetSize of job (KB)
...
005 (386.000.000) 06/04 13:37:38 Job terminated.
	(1) Normal termination (return value 0)
		Usr 0 01:00:50, Sys 0 00:01:43  -  Run Remote Usage
		Usr 0 00:00:00, Sys 0 00:00:00  -  Run Local Usage
		Usr 0 01:00:50, Sys 0 00:01:43  -  Total Remote Usage
		Usr 0 00:00:00, Sys 0 00:00:00  -  Total Local Usage
	0  -  Run Bytes Sent By Job
	0  -  Run Bytes Received By Job
	0  -  Total Bytes Sent By Job
	0  -  Total Bytes Received By Job
	Partitionable Resources :    Usage  Request Allocated
	   Cpus                 :                 1         1
	   Disk (KB)            :        1        1   1481208
	   Memory (MB)          :      488     1500      1500
...
000 (448.000.000) 06/04 15:47:18 Job submitted from host: <134.61.5.1:9618?addrs=134.61.5.1-9618+[--1]-9618&noUDP&sock=1924_484e_15>
...
001 (448.000.000) 06/04 16:17:48 Job executing on host: <134.61.17.168:9618?addrs=134.61.17.168-9618+[--1]-9618&noUDP&sock=4953_ecac_3>
...
006 (448.000.000) 06/04 16:17:56 Image size of job updated: 272464
	190  -  MemoryUsage of job (MB)
	194468  -  ResidentSetSize of job (KB)
...
006 (448.000.000) 06/04 16:22:56 Image size of job updated: 575824
	482  -  MemoryUsage of job (MB)
	493040  -  ResidentSetSize of job (KB)
...
005 (448.000.000) 06/04 18:00:45 Job terminated.
	(1) Normal termination (return value 0)
		Usr 0 01:03:26, Sys 0 00:01:37  -  Run Remote Usage
		Usr 0 00:00:00, Sys 0 00:00:00  -  Run Local Usage
		Usr 0 01:03:26, Sys 0 00:01:37  -  Total Remote Usage
		Usr 0 00:00:00, Sys 0 00:00:00  -  Total Local Usage
	0  -  Run Bytes Sent By Job
	0  -  Run Bytes Received By Job
	0  -  Total Bytes Sent By Job
	0  -  Total Bytes Received By Job
	Partitionable Resources :    Usage  Request Allocated
	   Cpus                 :                 1         1
	   Disk (KB)            :        1        1   1556473
	   Memory (MB)          :      482     1500      1500
...
000 (510.000.000) 06/05 16:10:34 Job submitted from host: <134.61.5.1:9618?addrs=134.61.5.1-9618+[--1]-9618&noUDP&sock=1924_484e_15>
...
001 (510.000.000) 06/05 16:13:20 Job executing on host: <134.61.17.187:9618?addrs=134.61.17.187-9618+[--1]-9618&noUDP&sock=4493_671b_3>
...
006 (510.000.000) 06/05 16:13:28 Image size of job updated: 136912
	89  -  MemoryUsage of job (MB)
	90264  -  ResidentSetSize of job (KB)
...
006 (510.000.000) 06/05 16:18:28 Image size of job updated: 530912
	472  -  MemoryUsage of job (MB)
	483092  -  ResidentSetSize of job (KB)
...
006 (510.000.000) 06/05 16:23:29 Image size of job updated: 535488
	472  -  MemoryUsage of job (MB)
	483092  -  ResidentSetSize of job (KB)
...
006 (510.000.000) 06/05 16:48:32 Image size of job updated: 540148
	472  -  MemoryUsage of job (MB)
	483092  -  ResidentSetSize of job (KB)
...
006 (510.000.000) 06/05 16:53:32 Image size of job updated: 540900
	472  -  MemoryUsage of job (MB)
	483092  -  ResidentSetSize of job (KB)
...
005 (510.000.000) 06/05 17:42:07 Job terminated.
	(1) Normal termination (return value 0)
		Usr 0 01:02:51, Sys 0 00:01:43  -  Run Remote Usage
		Usr 0 00:00:00, Sys 0 00:00:00  -  Run Local Usage
		Usr 0 01:02:51, Sys 0 00:01:43  -  Total Remote Usage
		Usr 0 00:00:00, Sys 0 00:00:00  -  Total Local Usage
	0  -  Run Bytes Sent By Job
	0  -  Run Bytes Received By Job
	0  -  Total Bytes Sent By Job
	0  -  Total Bytes Received By Job
	Partitionable Resources :    Usage  Request Allocated
	   Cpus                 :                 1         1
	   Disk (KB)            :        1        1   1556473
	   Memory (MB)          :      472     1500      1500
...
000 (631.000.000) 06/06 15:35:11 Job submitted from host: <134.61.5.1:9618?addrs=134.61.5.1-9618+[--1]-9618&noUDP&sock=1924_484e_15>
...
001 (631.000.000) 06/06 15:40:31 Job executing on host: <134.61.17.122:9618?addrs=134.61.17.122-9618+[--1]-9618&noUDP&sock=411710_64d7_3>
...
006 (631.000.000) 06/06 15:40:40 Image size of job updated: 94096
	39  -  MemoryUsage of job (MB)
	39884  -  ResidentSetSize of job (KB)
...
006 (631.000.000) 06/06 15:45:41 Image size of job updated: 506336
	478  -  MemoryUsage of job (MB)
	489068  -  ResidentSetSize of job (KB)
...
006 (631.000.000) 06/06 15:55:42 Image size of job updated: 552448
	478  -  MemoryUsage of job (MB)
	489068  -  ResidentSetSize of job (KB)
...
006 (631.000.000) 06/06 16:10:44 Image size of job updated: 553536
	478  -  MemoryUsage of job (MB)
	489068  -  ResidentSetSize of job (KB)
...
005 (631.000.000) 06/06 17:46:31 Job terminated.
	(1) Normal termination (return value 0)
		Usr 0 01:10:22, Sys 0 00:01:59  -  Run Remote Usage
		Usr 0 00:00:00, Sys 0 00:00:00  -  Run Local Usage
		Usr 0 01:10:22, Sys 0 00:01:59  -  Total Remote Usage
		Usr 0 00:00:00, Sys 0 00:00:00  -  Total Local Usage
	0  -  Run Bytes Sent By Job
	0  -  Run Bytes Received By Job
	0  -  Total Bytes Sent By Job
	0  -  Total Bytes Received By Job
	Partitionable Resources :    Usage  Request Allocated
	   Cpus                 :                 1         1
	   Disk (KB)            :        1        1   1137998
	   Memory (MB)          :      478     1500      1500
...
