000 (325.000.000) 06/01 16:26:43 Job submitted from host: <134.61.5.1:9618?addrs=134.61.5.1-9618+[--1]-9618&noUDP&sock=1924_484e_15>
...
001 (325.000.000) 06/01 16:28:02 Job executing on host: <134.61.17.147:9618?addrs=134.61.17.147-9618+[--1]-9618&noUDP&sock=1424_52f3_3>
...
006 (325.000.000) 06/01 16:28:11 Image size of job updated: 34448
	22  -  MemoryUsage of job (MB)
	21756  -  ResidentSetSize of job (KB)
...
010 (325.000.000) 06/01 16:31:54 Job was suspended.
	Number of processes actually suspended: 3
...
006 (325.000.000) 06/01 16:31:54 Image size of job updated: 624720
	528  -  MemoryUsage of job (MB)
	540076  -  ResidentSetSize of job (KB)
...
011 (325.000.000) 06/01 16:37:35 Job was unsuspended.
...
010 (325.000.000) 06/01 16:38:50 Job was suspended.
	Number of processes actually suspended: 0
...
011 (325.000.000) 06/01 16:41:20 Job was unsuspended.
...
010 (325.000.000) 06/01 16:41:25 Job was suspended.
	Number of processes actually suspended: 0
...
011 (325.000.000) 06/01 16:41:50 Job was unsuspended.
...
010 (325.000.000) 06/01 16:43:06 Job was suspended.
	Number of processes actually suspended: 0
...
011 (325.000.000) 06/01 16:48:47 Job was unsuspended.
...
010 (325.000.000) 06/01 16:49:32 Job was suspended.
	Number of processes actually suspended: 0
...
011 (325.000.000) 06/01 16:49:57 Job was unsuspended.
...
010 (325.000.000) 06/01 16:50:07 Job was suspended.
	Number of processes actually suspended: 0
...
011 (325.000.000) 06/01 16:51:27 Job was unsuspended.
...
010 (325.000.000) 06/01 16:51:52 Job was suspended.
	Number of processes actually suspended: 0
...
011 (325.000.000) 06/01 16:52:07 Job was unsuspended.
...
010 (325.000.000) 06/01 17:30:43 Job was suspended.
	Number of processes actually suspended: 0
...
011 (325.000.000) 06/01 17:32:44 Job was unsuspended.
...
010 (325.000.000) 06/01 17:33:34 Job was suspended.
	Number of processes actually suspended: 0
...
011 (325.000.000) 06/01 17:35:24 Job was unsuspended.
...
010 (325.000.000) 06/01 19:00:07 Job was suspended.
	Number of processes actually suspended: 0
...
011 (325.000.000) 06/01 19:05:38 Job was unsuspended.
...
005 (325.000.000) 06/01 19:13:04 Job terminated.
	(1) Normal termination (return value 0)
		Usr 0 00:01:31, Sys 0 00:00:03  -  Run Remote Usage
		Usr 0 00:00:00, Sys 0 00:00:00  -  Run Local Usage
		Usr 0 00:01:31, Sys 0 00:00:03  -  Total Remote Usage
		Usr 0 00:00:00, Sys 0 00:00:00  -  Total Local Usage
	0  -  Run Bytes Sent By Job
	0  -  Run Bytes Received By Job
	0  -  Total Bytes Sent By Job
	0  -  Total Bytes Received By Job
	Partitionable Resources :    Usage  Request Allocated
	   Cpus                 :                 1         1
	   Disk (KB)            :        1        1   3541765
	   Memory (MB)          :      528     1500      1500
...
000 (387.000.000) 06/04 11:40:27 Job submitted from host: <134.61.5.1:9618?addrs=134.61.5.1-9618+[--1]-9618&noUDP&sock=1924_484e_15>
...
001 (387.000.000) 06/04 11:40:46 Job executing on host: <134.61.17.187:9618?addrs=134.61.17.187-9618+[--1]-9618&noUDP&sock=4493_671b_3>
...
006 (387.000.000) 06/04 11:40:55 Image size of job updated: 187656
	148  -  MemoryUsage of job (MB)
	150736  -  ResidentSetSize of job (KB)
...
006 (387.000.000) 06/04 11:45:56 Image size of job updated: 537908
	487  -  MemoryUsage of job (MB)
	497956  -  ResidentSetSize of job (KB)
...
006 (387.000.000) 06/04 11:50:57 Image size of job updated: 538872
	488  -  MemoryUsage of job (MB)
	498924  -  ResidentSetSize of job (KB)
...
004 (387.000.000) 06/04 13:47:48 Job was evicted.
	(0) Job was not checkpointed.
		Usr 0 01:13:02, Sys 0 00:02:02  -  Run Remote Usage
		Usr 0 00:00:00, Sys 0 00:00:00  -  Run Local Usage
	0  -  Run Bytes Sent By Job
	0  -  Run Bytes Received By Job
	Partitionable Resources :    Usage  Request Allocated
	   Cpus                 :                 1         1
	   Disk (KB)            :        1        1   1556473
	   Memory (MB)          :      488     1500      1500
...
009 (387.000.000) 06/04 13:47:48 Job was aborted by the user.
	via condor_rm (by user swuchterl)
...
000 (449.000.000) 06/04 15:47:18 Job submitted from host: <134.61.5.1:9618?addrs=134.61.5.1-9618+[--1]-9618&noUDP&sock=1924_484e_15>
...
001 (449.000.000) 06/04 16:17:48 Job executing on host: <134.61.13.52:9618?addrs=134.61.13.52-9618+[--1]-9618&noUDP&sock=1449_78d1_27>
...
006 (449.000.000) 06/04 16:17:56 Image size of job updated: 4336
	4  -  MemoryUsage of job (MB)
	3976  -  ResidentSetSize of job (KB)
...
006 (449.000.000) 06/04 16:22:56 Image size of job updated: 547244
	490  -  MemoryUsage of job (MB)
	501612  -  ResidentSetSize of job (KB)
...
006 (449.000.000) 06/04 16:27:57 Image size of job updated: 594780
	522  -  MemoryUsage of job (MB)
	533840  -  ResidentSetSize of job (KB)
...
006 (449.000.000) 06/04 16:52:58 Image size of job updated: 596244
	522  -  MemoryUsage of job (MB)
	533840  -  ResidentSetSize of job (KB)
...
010 (449.000.000) 06/04 18:27:36 Job was suspended.
	Number of processes actually suspended: 3
...
011 (449.000.000) 06/04 18:27:51 Job was unsuspended.
...
005 (449.000.000) 06/04 20:16:29 Job terminated.
	(1) Normal termination (return value 0)
		Usr 0 01:44:17, Sys 0 00:08:46  -  Run Remote Usage
		Usr 0 00:00:00, Sys 0 00:00:00  -  Run Local Usage
		Usr 0 01:44:17, Sys 0 00:08:46  -  Total Remote Usage
		Usr 0 00:00:00, Sys 0 00:00:00  -  Total Local Usage
	0  -  Run Bytes Sent By Job
	0  -  Run Bytes Received By Job
	0  -  Total Bytes Sent By Job
	0  -  Total Bytes Received By Job
	Partitionable Resources :    Usage  Request Allocated
	   Cpus                 :                 1         1
	   Disk (KB)            :        1        1   2160381
	   Memory (MB)          :      522     1500      1500
...
000 (511.000.000) 06/05 16:10:34 Job submitted from host: <134.61.5.1:9618?addrs=134.61.5.1-9618+[--1]-9618&noUDP&sock=1924_484e_15>
...
001 (511.000.000) 06/05 16:13:20 Job executing on host: <134.61.17.177:9618?addrs=134.61.17.177-9618+[--1]-9618&noUDP&sock=4510_1037_3>
...
006 (511.000.000) 06/05 16:13:28 Image size of job updated: 118968
	89  -  MemoryUsage of job (MB)
	90276  -  ResidentSetSize of job (KB)
...
006 (511.000.000) 06/05 16:18:28 Image size of job updated: 533012
	494  -  MemoryUsage of job (MB)
	505172  -  ResidentSetSize of job (KB)
...
010 (511.000.000) 06/05 17:52:00 Job was suspended.
	Number of processes actually suspended: 3
...
011 (511.000.000) 06/05 17:52:46 Job was unsuspended.
...
005 (511.000.000) 06/05 18:41:02 Job terminated.
	(1) Normal termination (return value 0)
		Usr 0 01:22:06, Sys 0 00:01:58  -  Run Remote Usage
		Usr 0 00:00:00, Sys 0 00:00:00  -  Run Local Usage
		Usr 0 01:22:06, Sys 0 00:01:58  -  Total Remote Usage
		Usr 0 00:00:00, Sys 0 00:00:00  -  Total Local Usage
	0  -  Run Bytes Sent By Job
	0  -  Run Bytes Received By Job
	0  -  Total Bytes Sent By Job
	0  -  Total Bytes Received By Job
	Partitionable Resources :    Usage  Request Allocated
	   Cpus                 :                 1         1
	   Disk (KB)            :        1        1   1556473
	   Memory (MB)          :      494     1500      1500
...
000 (632.000.000) 06/06 15:35:12 Job submitted from host: <134.61.5.1:9618?addrs=134.61.5.1-9618+[--1]-9618&noUDP&sock=1924_484e_15>
...
001 (632.000.000) 06/06 15:40:31 Job executing on host: <134.61.5.30:9618?addrs=134.61.5.30-9618+[--1]-9618&noUDP&sock=1537_d527_3>
...
006 (632.000.000) 06/06 15:40:39 Image size of job updated: 269280
	205  -  MemoryUsage of job (MB)
	209556  -  ResidentSetSize of job (KB)
...
006 (632.000.000) 06/06 15:45:39 Image size of job updated: 591596
	496  -  MemoryUsage of job (MB)
	506960  -  ResidentSetSize of job (KB)
...
006 (632.000.000) 06/06 15:50:40 Image size of job updated: 631712
	535  -  MemoryUsage of job (MB)
	547076  -  ResidentSetSize of job (KB)
...
005 (632.000.000) 06/06 17:53:51 Job terminated.
	(1) Normal termination (return value 0)
		Usr 0 01:08:48, Sys 0 00:01:13  -  Run Remote Usage
		Usr 0 00:00:00, Sys 0 00:00:00  -  Run Local Usage
		Usr 0 01:08:48, Sys 0 00:01:13  -  Total Remote Usage
		Usr 0 00:00:00, Sys 0 00:00:00  -  Total Local Usage
	0  -  Run Bytes Sent By Job
	0  -  Run Bytes Received By Job
	0  -  Total Bytes Sent By Job
	0  -  Total Bytes Received By Job
	Partitionable Resources :    Usage  Request Allocated
	   Cpus                 :                 1         1
	   Disk (KB)            :        1        1  17962901
	   Memory (MB)          :      535     1500      1500
...
