000 (320.000.000) 06/01 16:26:42 Job submitted from host: <134.61.5.1:9618?addrs=134.61.5.1-9618+[--1]-9618&noUDP&sock=1924_484e_15>
...
001 (320.000.000) 06/01 16:27:02 Job executing on host: <134.61.17.110:9618?addrs=134.61.17.110-9618+[--1]-9618&noUDP&sock=1472_3f7f_3>
...
006 (320.000.000) 06/01 16:27:11 Image size of job updated: 8320
	8  -  MemoryUsage of job (MB)
	7312  -  ResidentSetSize of job (KB)
...
010 (320.000.000) 06/01 16:27:27 Job was suspended.
	Number of processes actually suspended: 3
...
006 (320.000.000) 06/01 16:27:27 Image size of job updated: 78080
	75  -  MemoryUsage of job (MB)
	75980  -  ResidentSetSize of job (KB)
...
011 (320.000.000) 06/01 16:28:12 Job was unsuspended.
...
006 (320.000.000) 06/01 16:32:12 Image size of job updated: 495424
	474  -  MemoryUsage of job (MB)
	484848  -  ResidentSetSize of job (KB)
...
010 (320.000.000) 06/01 16:33:39 Job was suspended.
	Number of processes actually suspended: 3
...
011 (320.000.000) 06/01 16:35:09 Job was unsuspended.
...
010 (320.000.000) 06/01 16:36:45 Job was suspended.
	Number of processes actually suspended: 0
...
011 (320.000.000) 06/01 16:37:35 Job was unsuspended.
...
010 (320.000.000) 06/01 16:42:06 Job was suspended.
	Number of processes actually suspended: 0
...
011 (320.000.000) 06/01 16:42:41 Job was unsuspended.
...
010 (320.000.000) 06/01 16:46:02 Job was suspended.
	Number of processes actually suspended: 0
...
011 (320.000.000) 06/01 16:46:32 Job was unsuspended.
...
010 (320.000.000) 06/01 16:46:52 Job was suspended.
	Number of processes actually suspended: 0
...
011 (320.000.000) 06/01 16:47:07 Job was unsuspended.
...
010 (320.000.000) 06/01 16:52:43 Job was suspended.
	Number of processes actually suspended: 0
...
011 (320.000.000) 06/01 16:53:08 Job was unsuspended.
...
010 (320.000.000) 06/01 16:58:45 Job was suspended.
	Number of processes actually suspended: 0
...
011 (320.000.000) 06/01 16:59:10 Job was unsuspended.
...
005 (320.000.000) 06/01 17:40:34 Job terminated.
	(1) Normal termination (return value 0)
		Usr 0 00:02:12, Sys 0 00:00:04  -  Run Remote Usage
		Usr 0 00:00:00, Sys 0 00:00:00  -  Run Local Usage
		Usr 0 00:02:12, Sys 0 00:00:04  -  Total Remote Usage
		Usr 0 00:00:00, Sys 0 00:00:00  -  Total Local Usage
	0  -  Run Bytes Sent By Job
	0  -  Run Bytes Received By Job
	0  -  Total Bytes Sent By Job
	0  -  Total Bytes Received By Job
	Partitionable Resources :    Usage  Request Allocated
	   Cpus                 :                 1         1
	   Disk (KB)            :        1        1   1138300
	   Memory (MB)          :      474     1500      1500
...
000 (382.000.000) 06/04 11:40:26 Job submitted from host: <134.61.5.1:9618?addrs=134.61.5.1-9618+[--1]-9618&noUDP&sock=1924_484e_15>
...
001 (382.000.000) 06/04 11:40:46 Job executing on host: <134.61.17.183:9618?addrs=134.61.17.183-9618+[--1]-9618&noUDP&sock=5023_f04d_3>
...
006 (382.000.000) 06/04 11:40:54 Image size of job updated: 117412
	91  -  MemoryUsage of job (MB)
	92604  -  ResidentSetSize of job (KB)
...
006 (382.000.000) 06/04 11:45:54 Image size of job updated: 492716
	445  -  MemoryUsage of job (MB)
	455136  -  ResidentSetSize of job (KB)
...
006 (382.000.000) 06/04 11:50:55 Image size of job updated: 494616
	447  -  MemoryUsage of job (MB)
	457036  -  ResidentSetSize of job (KB)
...
006 (382.000.000) 06/04 12:00:55 Image size of job updated: 504024
	449  -  MemoryUsage of job (MB)
	459028  -  ResidentSetSize of job (KB)
...
005 (382.000.000) 06/04 12:50:54 Job terminated.
	(1) Normal termination (return value 0)
		Usr 0 00:29:41, Sys 0 00:00:53  -  Run Remote Usage
		Usr 0 00:00:00, Sys 0 00:00:00  -  Run Local Usage
		Usr 0 00:29:41, Sys 0 00:00:53  -  Total Remote Usage
		Usr 0 00:00:00, Sys 0 00:00:00  -  Total Local Usage
	0  -  Run Bytes Sent By Job
	0  -  Run Bytes Received By Job
	0  -  Total Bytes Sent By Job
	0  -  Total Bytes Received By Job
	Partitionable Resources :    Usage  Request Allocated
	   Cpus                 :                 1         1
	   Disk (KB)            :        1        1   1556473
	   Memory (MB)          :      449     1500      1500
...
000 (444.000.000) 06/04 15:47:17 Job submitted from host: <134.61.5.1:9618?addrs=134.61.5.1-9618+[--1]-9618&noUDP&sock=1924_484e_15>
...
001 (444.000.000) 06/04 16:14:47 Job executing on host: <134.61.17.146:9618?addrs=134.61.17.146-9618+[--1]-9618&noUDP&sock=1597_fcd6_11>
...
006 (444.000.000) 06/04 16:14:56 Image size of job updated: 267832
	217  -  MemoryUsage of job (MB)
	222184  -  ResidentSetSize of job (KB)
...
006 (444.000.000) 06/04 16:19:57 Image size of job updated: 489780
	465  -  MemoryUsage of job (MB)
	475716  -  ResidentSetSize of job (KB)
...
006 (444.000.000) 06/04 16:24:57 Image size of job updated: 503300
	465  -  MemoryUsage of job (MB)
	475716  -  ResidentSetSize of job (KB)
...
010 (444.000.000) 06/04 16:44:27 Job was suspended.
	Number of processes actually suspended: 3
...
011 (444.000.000) 06/04 16:44:42 Job was unsuspended.
...
006 (444.000.000) 06/04 16:50:00 Image size of job updated: 504256
	465  -  MemoryUsage of job (MB)
	475716  -  ResidentSetSize of job (KB)
...
005 (444.000.000) 06/04 17:20:49 Job terminated.
	(1) Normal termination (return value 0)
		Usr 0 00:37:37, Sys 0 00:00:48  -  Run Remote Usage
		Usr 0 00:00:00, Sys 0 00:00:00  -  Run Local Usage
		Usr 0 00:37:37, Sys 0 00:00:48  -  Total Remote Usage
		Usr 0 00:00:00, Sys 0 00:00:00  -  Total Local Usage
	0  -  Run Bytes Sent By Job
	0  -  Run Bytes Received By Job
	0  -  Total Bytes Sent By Job
	0  -  Total Bytes Received By Job
	Partitionable Resources :    Usage  Request Allocated
	   Cpus                 :                 1         1
	   Disk (KB)            :        1        1   1138300
	   Memory (MB)          :      465     1500      1500
...
000 (506.000.000) 06/05 16:10:33 Job submitted from host: <134.61.5.1:9618?addrs=134.61.5.1-9618+[--1]-9618&noUDP&sock=1924_484e_15>
...
001 (506.000.000) 06/05 16:13:20 Job executing on host: <134.61.17.177:9618?addrs=134.61.17.177-9618+[--1]-9618&noUDP&sock=4510_1037_3>
...
006 (506.000.000) 06/05 16:13:28 Image size of job updated: 141116
	88  -  MemoryUsage of job (MB)
	89676  -  ResidentSetSize of job (KB)
...
006 (506.000.000) 06/05 16:18:28 Image size of job updated: 517796
	451  -  MemoryUsage of job (MB)
	461004  -  ResidentSetSize of job (KB)
...
006 (506.000.000) 06/05 16:23:29 Image size of job updated: 518652
	451  -  MemoryUsage of job (MB)
	461004  -  ResidentSetSize of job (KB)
...
006 (506.000.000) 06/05 16:53:31 Image size of job updated: 528676
	451  -  MemoryUsage of job (MB)
	461004  -  ResidentSetSize of job (KB)
...
005 (506.000.000) 06/05 17:05:42 Job terminated.
	(1) Normal termination (return value 0)
		Usr 0 00:35:01, Sys 0 00:01:21  -  Run Remote Usage
		Usr 0 00:00:00, Sys 0 00:00:00  -  Run Local Usage
		Usr 0 00:35:01, Sys 0 00:01:21  -  Total Remote Usage
		Usr 0 00:00:00, Sys 0 00:00:00  -  Total Local Usage
	0  -  Run Bytes Sent By Job
	0  -  Run Bytes Received By Job
	0  -  Total Bytes Sent By Job
	0  -  Total Bytes Received By Job
	Partitionable Resources :    Usage  Request Allocated
	   Cpus                 :                 1         1
	   Disk (KB)            :        1        1   1556473
	   Memory (MB)          :      451     1500      1500
...
000 (627.000.000) 06/06 15:35:11 Job submitted from host: <134.61.5.1:9618?addrs=134.61.5.1-9618+[--1]-9618&noUDP&sock=1924_484e_15>
...
001 (627.000.000) 06/06 15:39:31 Job executing on host: <134.61.5.34:9618?addrs=134.61.5.34-9618+[--1]-9618&noUDP&sock=1579_a421_25>
...
006 (627.000.000) 06/06 15:39:39 Image size of job updated: 115716
	55  -  MemoryUsage of job (MB)
	56148  -  ResidentSetSize of job (KB)
...
006 (627.000.000) 06/06 15:44:40 Image size of job updated: 569064
	475  -  MemoryUsage of job (MB)
	485876  -  ResidentSetSize of job (KB)
...
006 (627.000.000) 06/06 15:49:41 Image size of job updated: 577876
	484  -  MemoryUsage of job (MB)
	494688  -  ResidentSetSize of job (KB)
...
006 (627.000.000) 06/06 16:54:03 Image size of job updated: 785996
	484  -  MemoryUsage of job (MB)
	494688  -  ResidentSetSize of job (KB)
...
005 (627.000.000) 06/06 16:54:05 Job terminated.
	(1) Normal termination (return value 0)
		Usr 0 00:39:22, Sys 0 00:00:50  -  Run Remote Usage
		Usr 0 00:00:00, Sys 0 00:00:00  -  Run Local Usage
		Usr 0 00:39:22, Sys 0 00:00:50  -  Total Remote Usage
		Usr 0 00:00:00, Sys 0 00:00:00  -  Total Local Usage
	0  -  Run Bytes Sent By Job
	0  -  Run Bytes Received By Job
	0  -  Total Bytes Sent By Job
	0  -  Total Bytes Received By Job
	Partitionable Resources :    Usage  Request Allocated
	   Cpus                 :                 1         1
	   Disk (KB)            :        1        1   3518873
	   Memory (MB)          :      484     1500      1500
...
