000 (351.000.000) 06/01 16:26:46 Job submitted from host: <134.61.5.1:9618?addrs=134.61.5.1-9618+[--1]-9618&noUDP&sock=1924_484e_15>
...
001 (351.000.000) 06/01 16:31:02 Job executing on host: <134.61.15.20:9618?addrs=134.61.15.20-9618+[--1]-9618&noUDP&sock=1467_d186_3>
...
006 (351.000.000) 06/01 16:31:10 Image size of job updated: 5212
	4  -  MemoryUsage of job (MB)
	3936  -  ResidentSetSize of job (KB)
...
010 (351.000.000) 06/01 16:31:18 Job was suspended.
	Number of processes actually suspended: 3
...
006 (351.000.000) 06/01 16:31:18 Image size of job updated: 95476
	41  -  MemoryUsage of job (MB)
	41264  -  ResidentSetSize of job (KB)
...
011 (351.000.000) 06/01 16:32:55 Job was unsuspended.
...
005 (351.000.000) 06/01 16:35:51 Job terminated.
	(1) Normal termination (return value 0)
		Usr 0 00:00:00, Sys 0 00:00:00  -  Run Remote Usage
		Usr 0 00:00:00, Sys 0 00:00:00  -  Run Local Usage
		Usr 0 00:00:00, Sys 0 00:00:00  -  Total Remote Usage
		Usr 0 00:00:00, Sys 0 00:00:00  -  Total Local Usage
	0  -  Run Bytes Sent By Job
	0  -  Run Bytes Received By Job
	0  -  Total Bytes Sent By Job
	0  -  Total Bytes Received By Job
	Partitionable Resources :    Usage  Request Allocated
	   Cpus                 :                 1         1
	   Disk (KB)            :        1        1   3534249
	   Memory (MB)          :       41     1500      1500
...
000 (413.000.000) 06/04 11:40:30 Job submitted from host: <134.61.5.1:9618?addrs=134.61.5.1-9618+[--1]-9618&noUDP&sock=1924_484e_15>
...
001 (413.000.000) 06/04 11:40:47 Job executing on host: <134.61.5.41:9618?addrs=134.61.5.41-9618+[--1]-9618&noUDP&sock=1554_7e43_20>
...
006 (413.000.000) 06/04 11:40:56 Image size of job updated: 44684
	23  -  MemoryUsage of job (MB)
	22544  -  ResidentSetSize of job (KB)
...
006 (413.000.000) 06/04 11:41:49 Image size of job updated: 345792
	23  -  MemoryUsage of job (MB)
	22544  -  ResidentSetSize of job (KB)
...
005 (413.000.000) 06/04 11:41:49 Job terminated.
	(1) Normal termination (return value 0)
		Usr 0 00:00:17, Sys 0 00:00:02  -  Run Remote Usage
		Usr 0 00:00:00, Sys 0 00:00:00  -  Run Local Usage
		Usr 0 00:00:17, Sys 0 00:00:02  -  Total Remote Usage
		Usr 0 00:00:00, Sys 0 00:00:00  -  Total Local Usage
	0  -  Run Bytes Sent By Job
	0  -  Run Bytes Received By Job
	0  -  Total Bytes Sent By Job
	0  -  Total Bytes Received By Job
	Partitionable Resources :    Usage  Request Allocated
	   Cpus                 :                 1         1
	   Disk (KB)            :        1        1   3524512
	   Memory (MB)          :       23     1500      1500
...
000 (475.000.000) 06/04 15:47:21 Job submitted from host: <134.61.5.1:9618?addrs=134.61.5.1-9618+[--1]-9618&noUDP&sock=1924_484e_15>
...
001 (475.000.000) 06/04 16:33:29 Job executing on host: <134.61.5.30:9618?addrs=134.61.5.30-9618+[--1]-9618&noUDP&sock=1537_d527_3>
...
006 (475.000.000) 06/04 16:33:38 Image size of job updated: 81476
	59  -  MemoryUsage of job (MB)
	60184  -  ResidentSetSize of job (KB)
...
005 (475.000.000) 06/04 16:36:16 Job terminated.
	(1) Normal termination (return value 0)
		Usr 0 00:00:13, Sys 0 00:00:01  -  Run Remote Usage
		Usr 0 00:00:00, Sys 0 00:00:00  -  Run Local Usage
		Usr 0 00:00:13, Sys 0 00:00:01  -  Total Remote Usage
		Usr 0 00:00:00, Sys 0 00:00:00  -  Total Local Usage
	0  -  Run Bytes Sent By Job
	0  -  Run Bytes Received By Job
	0  -  Total Bytes Sent By Job
	0  -  Total Bytes Received By Job
	Partitionable Resources :    Usage  Request Allocated
	   Cpus                 :                 1         1
	   Disk (KB)            :        1        1  17962901
	   Memory (MB)          :       59     1500      1500
...
000 (536.000.000) 06/05 16:10:38 Job submitted from host: <134.61.5.1:9618?addrs=134.61.5.1-9618+[--1]-9618&noUDP&sock=1924_484e_15>
...
001 (536.000.000) 06/05 16:14:19 Job executing on host: <134.61.17.151:9618?addrs=134.61.17.151-9618+[--1]-9618&noUDP&sock=1512_af49_3>
...
006 (536.000.000) 06/05 16:14:28 Image size of job updated: 11332
	10  -  MemoryUsage of job (MB)
	9852  -  ResidentSetSize of job (KB)
...
006 (536.000.000) 06/05 16:18:22 Image size of job updated: 16708
	10  -  MemoryUsage of job (MB)
	9852  -  ResidentSetSize of job (KB)
...
005 (536.000.000) 06/05 16:18:22 Job terminated.
	(1) Normal termination (return value 0)
		Usr 0 00:00:22, Sys 0 00:00:02  -  Run Remote Usage
		Usr 0 00:00:00, Sys 0 00:00:00  -  Run Local Usage
		Usr 0 00:00:22, Sys 0 00:00:02  -  Total Remote Usage
		Usr 0 00:00:00, Sys 0 00:00:00  -  Total Local Usage
	0  -  Run Bytes Sent By Job
	0  -  Run Bytes Received By Job
	0  -  Total Bytes Sent By Job
	0  -  Total Bytes Received By Job
	Partitionable Resources :    Usage  Request Allocated
	   Cpus                 :                 1         1
	   Disk (KB)            :        1        1   3532956
	   Memory (MB)          :       10     1500      1500
...
000 (657.000.000) 06/06 15:35:15 Job submitted from host: <134.61.5.1:9618?addrs=134.61.5.1-9618+[--1]-9618&noUDP&sock=1924_484e_15>
...
001 (657.000.000) 06/06 15:42:35 Job executing on host: <134.61.17.100:9618?addrs=134.61.17.100-9618+[--1]-9618&noUDP&sock=1718_fbcb_3>
...
006 (657.000.000) 06/06 15:42:43 Image size of job updated: 135508
	117  -  MemoryUsage of job (MB)
	119112  -  ResidentSetSize of job (KB)
...
006 (657.000.000) 06/06 15:47:39 Image size of job updated: 135508
	117  -  MemoryUsage of job (MB)
	119316  -  ResidentSetSize of job (KB)
...
005 (657.000.000) 06/06 15:47:39 Job terminated.
	(1) Normal termination (return value 0)
		Usr 0 00:00:20, Sys 0 00:00:01  -  Run Remote Usage
		Usr 0 00:00:00, Sys 0 00:00:00  -  Run Local Usage
		Usr 0 00:00:20, Sys 0 00:00:01  -  Total Remote Usage
		Usr 0 00:00:00, Sys 0 00:00:00  -  Total Local Usage
	0  -  Run Bytes Sent By Job
	0  -  Run Bytes Received By Job
	0  -  Total Bytes Sent By Job
	0  -  Total Bytes Received By Job
	Partitionable Resources :    Usage  Request Allocated
	   Cpus                 :                 1         1
	   Disk (KB)            :        1        1   1128882
	   Memory (MB)          :      117     1500      1500
...
000 (739.000.000) 06/11 12:49:26 Job submitted from host: <134.61.5.1:9618?addrs=134.61.5.1-9618+[--1]-9618&noUDP&sock=1924_484e_15>
...
001 (739.000.000) 06/11 12:49:30 Job executing on host: <134.61.17.166:9618?addrs=134.61.17.166-9618+[--1]-9618&noUDP&sock=5054_33bc_3>
...
006 (739.000.000) 06/11 12:49:39 Image size of job updated: 151672
	91  -  MemoryUsage of job (MB)
	92596  -  ResidentSetSize of job (KB)
...
006 (739.000.000) 06/11 12:50:13 Image size of job updated: 346732
	91  -  MemoryUsage of job (MB)
	92596  -  ResidentSetSize of job (KB)
...
005 (739.000.000) 06/11 12:50:13 Job terminated.
	(1) Normal termination (return value 0)
		Usr 0 00:00:19, Sys 0 00:00:01  -  Run Remote Usage
		Usr 0 00:00:00, Sys 0 00:00:00  -  Run Local Usage
		Usr 0 00:00:19, Sys 0 00:00:01  -  Total Remote Usage
		Usr 0 00:00:00, Sys 0 00:00:00  -  Total Local Usage
	0  -  Run Bytes Sent By Job
	0  -  Run Bytes Received By Job
	0  -  Total Bytes Sent By Job
	0  -  Total Bytes Received By Job
	Partitionable Resources :    Usage  Request Allocated
	   Cpus                 :                 1         1
	   Disk (KB)            :        1        1   1556473
	   Memory (MB)          :       91     1500      1500
...
