000 (346.000.000) 06/01 16:26:46 Job submitted from host: <134.61.5.1:9618?addrs=134.61.5.1-9618+[--1]-9618&noUDP&sock=1924_484e_15>
...
001 (346.000.000) 06/01 16:31:02 Job executing on host: <134.61.17.145:9618?addrs=134.61.17.145-9618+[--1]-9618&noUDP&sock=1790_5e9d_3>
...
006 (346.000.000) 06/01 16:31:10 Image size of job updated: 7624
	7  -  MemoryUsage of job (MB)
	6980  -  ResidentSetSize of job (KB)
...
006 (346.000.000) 06/01 16:36:10 Image size of job updated: 335280
	319  -  MemoryUsage of job (MB)
	326436  -  ResidentSetSize of job (KB)
...
010 (346.000.000) 06/01 17:27:22 Job was suspended.
	Number of processes actually suspended: 0
...
011 (346.000.000) 06/01 17:27:37 Job was unsuspended.
...
005 (346.000.000) 06/01 17:33:39 Job terminated.
	(1) Normal termination (return value 0)
		Usr 0 00:00:09, Sys 0 00:00:02  -  Run Remote Usage
		Usr 0 00:00:00, Sys 0 00:00:00  -  Run Local Usage
		Usr 0 00:00:09, Sys 0 00:00:02  -  Total Remote Usage
		Usr 0 00:00:00, Sys 0 00:00:00  -  Total Local Usage
	0  -  Run Bytes Sent By Job
	0  -  Run Bytes Received By Job
	0  -  Total Bytes Sent By Job
	0  -  Total Bytes Received By Job
	Partitionable Resources :    Usage  Request Allocated
	   Cpus                 :                 1         1
	   Disk (KB)            :        1        1   3222001
	   Memory (MB)          :      319     1500      1500
...
000 (408.000.000) 06/04 11:40:30 Job submitted from host: <134.61.5.1:9618?addrs=134.61.5.1-9618+[--1]-9618&noUDP&sock=1924_484e_15>
...
001 (408.000.000) 06/04 11:40:47 Job executing on host: <134.61.17.145:9618?addrs=134.61.17.145-9618+[--1]-9618&noUDP&sock=1790_5e9d_3>
...
006 (408.000.000) 06/04 11:40:56 Image size of job updated: 80996
	34  -  MemoryUsage of job (MB)
	34360  -  ResidentSetSize of job (KB)
...
006 (408.000.000) 06/04 11:45:57 Image size of job updated: 485540
	392  -  MemoryUsage of job (MB)
	401036  -  ResidentSetSize of job (KB)
...
006 (408.000.000) 06/04 11:55:58 Image size of job updated: 485540
	402  -  MemoryUsage of job (MB)
	411480  -  ResidentSetSize of job (KB)
...
006 (408.000.000) 06/04 12:00:59 Image size of job updated: 485540
	404  -  MemoryUsage of job (MB)
	412864  -  ResidentSetSize of job (KB)
...
005 (408.000.000) 06/04 12:04:26 Job terminated.
	(1) Normal termination (return value 0)
		Usr 0 00:08:22, Sys 0 00:00:13  -  Run Remote Usage
		Usr 0 00:00:00, Sys 0 00:00:00  -  Run Local Usage
		Usr 0 00:08:22, Sys 0 00:00:13  -  Total Remote Usage
		Usr 0 00:00:00, Sys 0 00:00:00  -  Total Local Usage
	0  -  Run Bytes Sent By Job
	0  -  Run Bytes Received By Job
	0  -  Total Bytes Sent By Job
	0  -  Total Bytes Received By Job
	Partitionable Resources :    Usage  Request Allocated
	   Cpus                 :                 1         1
	   Disk (KB)            :        1        1   3222001
	   Memory (MB)          :      404     1500      1500
...
000 (470.000.000) 06/04 15:47:21 Job submitted from host: <134.61.5.1:9618?addrs=134.61.5.1-9618+[--1]-9618&noUDP&sock=1924_484e_15>
...
001 (470.000.000) 06/04 16:28:29 Job executing on host: <134.61.17.148:9618?addrs=134.61.17.148-9618+[--1]-9618&noUDP&sock=1698_43e6_3>
...
006 (470.000.000) 06/04 16:28:37 Image size of job updated: 71428
	46  -  MemoryUsage of job (MB)
	46664  -  ResidentSetSize of job (KB)
...
010 (470.000.000) 06/04 16:31:08 Job was suspended.
	Number of processes actually suspended: 3
...
006 (470.000.000) 06/04 16:31:08 Image size of job updated: 373764
	323  -  MemoryUsage of job (MB)
	330356  -  ResidentSetSize of job (KB)
...
011 (470.000.000) 06/04 16:31:43 Job was unsuspended.
...
006 (470.000.000) 06/04 16:33:37 Image size of job updated: 373812
	323  -  MemoryUsage of job (MB)
	330400  -  ResidentSetSize of job (KB)
...
010 (470.000.000) 06/04 16:33:38 Job was suspended.
	Number of processes actually suspended: 3
...
011 (470.000.000) 06/04 16:34:13 Job was unsuspended.
...
010 (470.000.000) 06/04 16:35:09 Job was suspended.
	Number of processes actually suspended: 3
...
006 (470.000.000) 06/04 16:35:09 Image size of job updated: 373844
	323  -  MemoryUsage of job (MB)
	330432  -  ResidentSetSize of job (KB)
...
011 (470.000.000) 06/04 16:35:24 Job was unsuspended.
...
010 (470.000.000) 06/04 16:35:44 Job was suspended.
	Number of processes actually suspended: 3
...
011 (470.000.000) 06/04 16:36:09 Job was unsuspended.
...
010 (470.000.000) 06/04 16:36:39 Job was suspended.
	Number of processes actually suspended: 3
...
011 (470.000.000) 06/04 16:36:59 Job was unsuspended.
...
010 (470.000.000) 06/04 16:37:13 Job was suspended.
	Number of processes actually suspended: 3
...
006 (470.000.000) 06/04 16:37:13 Image size of job updated: 373904
	323  -  MemoryUsage of job (MB)
	330492  -  ResidentSetSize of job (KB)
...
011 (470.000.000) 06/04 16:37:35 Job was unsuspended.
...
010 (470.000.000) 06/04 16:38:00 Job was suspended.
	Number of processes actually suspended: 3
...
011 (470.000.000) 06/04 16:38:25 Job was unsuspended.
...
010 (470.000.000) 06/04 16:39:16 Job was suspended.
	Number of processes actually suspended: 3
...
011 (470.000.000) 06/04 16:39:36 Job was unsuspended.
...
010 (470.000.000) 06/04 16:40:16 Job was suspended.
	Number of processes actually suspended: 3
...
011 (470.000.000) 06/04 16:40:46 Job was unsuspended.
...
010 (470.000.000) 06/04 16:41:37 Job was suspended.
	Number of processes actually suspended: 3
...
011 (470.000.000) 06/04 16:42:01 Job was unsuspended.
...
010 (470.000.000) 06/04 16:42:21 Job was suspended.
	Number of processes actually suspended: 3
...
011 (470.000.000) 06/04 16:42:56 Job was unsuspended.
...
010 (470.000.000) 06/04 16:43:11 Job was suspended.
	Number of processes actually suspended: 3
...
011 (470.000.000) 06/04 16:44:16 Job was unsuspended.
...
010 (470.000.000) 06/04 16:44:41 Job was suspended.
	Number of processes actually suspended: 3
...
011 (470.000.000) 06/04 16:45:06 Job was unsuspended.
...
010 (470.000.000) 06/04 16:46:02 Job was suspended.
	Number of processes actually suspended: 3
...
011 (470.000.000) 06/04 16:46:32 Job was unsuspended.
...
010 (470.000.000) 06/04 16:48:02 Job was suspended.
	Number of processes actually suspended: 3
...
011 (470.000.000) 06/04 16:48:32 Job was unsuspended.
...
010 (470.000.000) 06/04 16:49:02 Job was suspended.
	Number of processes actually suspended: 3
...
011 (470.000.000) 06/04 16:49:33 Job was unsuspended.
...
010 (470.000.000) 06/04 16:50:03 Job was suspended.
	Number of processes actually suspended: 3
...
011 (470.000.000) 06/04 16:50:23 Job was unsuspended.
...
010 (470.000.000) 06/04 16:51:28 Job was suspended.
	Number of processes actually suspended: 3
...
011 (470.000.000) 06/04 16:51:48 Job was unsuspended.
...
010 (470.000.000) 06/04 16:52:03 Job was suspended.
	Number of processes actually suspended: 3
...
011 (470.000.000) 06/04 16:52:44 Job was unsuspended.
...
010 (470.000.000) 06/04 16:53:35 Job was suspended.
	Number of processes actually suspended: 3
...
011 (470.000.000) 06/04 16:54:00 Job was unsuspended.
...
010 (470.000.000) 06/04 16:54:35 Job was suspended.
	Number of processes actually suspended: 3
...
011 (470.000.000) 06/04 16:54:55 Job was unsuspended.
...
010 (470.000.000) 06/04 16:56:00 Job was suspended.
	Number of processes actually suspended: 3
...
006 (470.000.000) 06/04 16:56:00 Image size of job updated: 373920
	323  -  MemoryUsage of job (MB)
	330672  -  ResidentSetSize of job (KB)
...
011 (470.000.000) 06/04 16:56:26 Job was unsuspended.
...
006 (470.000.000) 06/04 16:58:39 Image size of job updated: 374544
	324  -  MemoryUsage of job (MB)
	331296  -  ResidentSetSize of job (KB)
...
005 (470.000.000) 06/04 17:32:41 Job terminated.
	(1) Normal termination (return value 0)
		Usr 0 00:04:49, Sys 0 00:00:10  -  Run Remote Usage
		Usr 0 00:00:00, Sys 0 00:00:00  -  Run Local Usage
		Usr 0 00:04:49, Sys 0 00:00:10  -  Total Remote Usage
		Usr 0 00:00:00, Sys 0 00:00:00  -  Total Local Usage
	0  -  Run Bytes Sent By Job
	0  -  Run Bytes Received By Job
	0  -  Total Bytes Sent By Job
	0  -  Total Bytes Received By Job
	Partitionable Resources :    Usage  Request Allocated
	   Cpus                 :                 1         1
	   Disk (KB)            :        1        1   3524174
	   Memory (MB)          :      324     1500      1500
...
000 (531.000.000) 06/05 16:10:37 Job submitted from host: <134.61.5.1:9618?addrs=134.61.5.1-9618+[--1]-9618&noUDP&sock=1924_484e_15>
...
001 (531.000.000) 06/05 16:14:19 Job executing on host: <134.61.17.151:9618?addrs=134.61.17.151-9618+[--1]-9618&noUDP&sock=1512_af49_3>
...
006 (531.000.000) 06/05 16:14:28 Image size of job updated: 11492
	9  -  MemoryUsage of job (MB)
	8932  -  ResidentSetSize of job (KB)
...
006 (531.000.000) 06/05 16:19:29 Image size of job updated: 347176
	327  -  MemoryUsage of job (MB)
	334320  -  ResidentSetSize of job (KB)
...
006 (531.000.000) 06/05 16:34:31 Image size of job updated: 347736
	328  -  MemoryUsage of job (MB)
	334880  -  ResidentSetSize of job (KB)
...
006 (531.000.000) 06/05 16:44:32 Image size of job updated: 348816
	328  -  MemoryUsage of job (MB)
	334880  -  ResidentSetSize of job (KB)
...
005 (531.000.000) 06/05 16:47:54 Job terminated.
	(1) Normal termination (return value 0)
		Usr 0 00:05:07, Sys 0 00:00:10  -  Run Remote Usage
		Usr 0 00:00:00, Sys 0 00:00:00  -  Run Local Usage
		Usr 0 00:05:07, Sys 0 00:00:10  -  Total Remote Usage
		Usr 0 00:00:00, Sys 0 00:00:00  -  Total Local Usage
	0  -  Run Bytes Sent By Job
	0  -  Run Bytes Received By Job
	0  -  Total Bytes Sent By Job
	0  -  Total Bytes Received By Job
	Partitionable Resources :    Usage  Request Allocated
	   Cpus                 :                 1         1
	   Disk (KB)            :        1        1   3532956
	   Memory (MB)          :      328     1500      1500
...
000 (652.000.000) 06/06 15:35:14 Job submitted from host: <134.61.5.1:9618?addrs=134.61.5.1-9618+[--1]-9618&noUDP&sock=1924_484e_15>
...
001 (652.000.000) 06/06 15:41:31 Job executing on host: <134.61.17.112:9618?addrs=134.61.17.112-9618+[--1]-9618&noUDP&sock=1394_bf1c_3>
...
006 (652.000.000) 06/06 15:41:40 Image size of job updated: 103304
	51  -  MemoryUsage of job (MB)
	51596  -  ResidentSetSize of job (KB)
...
010 (652.000.000) 06/06 15:45:20 Job was suspended.
	Number of processes actually suspended: 3
...
006 (652.000.000) 06/06 15:45:20 Image size of job updated: 405620
	323  -  MemoryUsage of job (MB)
	330108  -  ResidentSetSize of job (KB)
...
011 (652.000.000) 06/06 15:45:40 Job was unsuspended.
...
010 (652.000.000) 06/06 15:46:56 Job was suspended.
	Number of processes actually suspended: 3
...
011 (652.000.000) 06/06 15:47:25 Job was unsuspended.
...
010 (652.000.000) 06/06 15:49:56 Job was suspended.
	Number of processes actually suspended: 3
...
006 (652.000.000) 06/06 15:49:56 Image size of job updated: 405664
	323  -  MemoryUsage of job (MB)
	330152  -  ResidentSetSize of job (KB)
...
011 (652.000.000) 06/06 15:50:11 Job was unsuspended.
...
010 (652.000.000) 06/06 15:51:22 Job was suspended.
	Number of processes actually suspended: 3
...
006 (652.000.000) 06/06 15:51:22 Image size of job updated: 405696
	323  -  MemoryUsage of job (MB)
	330184  -  ResidentSetSize of job (KB)
...
011 (652.000.000) 06/06 15:51:37 Job was unsuspended.
...
010 (652.000.000) 06/06 15:53:17 Job was suspended.
	Number of processes actually suspended: 3
...
011 (652.000.000) 06/06 15:53:32 Job was unsuspended.
...
010 (652.000.000) 06/06 15:56:18 Job was suspended.
	Number of processes actually suspended: 3
...
006 (652.000.000) 06/06 15:56:18 Image size of job updated: 405756
	323  -  MemoryUsage of job (MB)
	330244  -  ResidentSetSize of job (KB)
...
011 (652.000.000) 06/06 15:56:48 Job was unsuspended.
...
010 (652.000.000) 06/06 15:58:08 Job was suspended.
	Number of processes actually suspended: 3
...
011 (652.000.000) 06/06 15:58:33 Job was unsuspended.
...
010 (652.000.000) 06/06 16:00:59 Job was suspended.
	Number of processes actually suspended: 3
...
011 (652.000.000) 06/06 16:01:24 Job was unsuspended.
...
004 (652.000.000) 06/06 16:02:00 Job was evicted.
	(0) Job was not checkpointed.
		Usr 0 00:00:45, Sys 0 00:00:02  -  Run Remote Usage
		Usr 0 00:00:00, Sys 0 00:00:00  -  Run Local Usage
	0  -  Run Bytes Sent By Job
	0  -  Run Bytes Received By Job
	Partitionable Resources :    Usage  Request Allocated
	   Cpus                 :                 1         1
	   Disk (KB)            :        1        1   1138300
	   Memory (MB)          :      323     1500      1500
...
012 (652.000.000) 06/06 16:02:00 Job was held.
	via condor_hold (by user swuchterl)
	Code 1 Subcode 0
...
013 (652.000.000) 06/06 16:02:07 Job was released.
	via condor_release (by user swuchterl)
...
001 (652.000.000) 06/06 16:05:08 Job executing on host: <134.61.17.163:9618?addrs=134.61.17.163-9618+[--1]-9618&noUDP&sock=4676_ecf0_3>
...
010 (652.000.000) 06/06 16:14:05 Job was suspended.
	Number of processes actually suspended: 3
...
011 (652.000.000) 06/06 16:14:29 Job was unsuspended.
...
010 (652.000.000) 06/06 16:33:30 Job was suspended.
	Number of processes actually suspended: 3
...
011 (652.000.000) 06/06 16:33:55 Job was unsuspended.
...
005 (652.000.000) 06/06 17:01:38 Job terminated.
	(1) Normal termination (return value 0)
		Usr 0 00:06:38, Sys 0 00:00:05  -  Run Remote Usage
		Usr 0 00:00:00, Sys 0 00:00:00  -  Run Local Usage
		Usr 0 00:06:38, Sys 0 00:00:05  -  Total Remote Usage
		Usr 0 00:00:00, Sys 0 00:00:00  -  Total Local Usage
	0  -  Run Bytes Sent By Job
	0  -  Run Bytes Received By Job
	0  -  Total Bytes Sent By Job
	0  -  Total Bytes Received By Job
	Partitionable Resources :    Usage  Request Allocated
	   Cpus                 :                 1         1
	   Disk (KB)            :        1        1   1556473
	   Memory (MB)          :      342     1500      1500
...
000 (734.000.000) 06/11 12:49:25 Job submitted from host: <134.61.5.1:9618?addrs=134.61.5.1-9618+[--1]-9618&noUDP&sock=1924_484e_15>
...
001 (734.000.000) 06/11 12:49:30 Job executing on host: <134.61.17.170:9618?addrs=134.61.17.170-9618+[--1]-9618&noUDP&sock=5348_dc95_3>
...
006 (734.000.000) 06/11 12:49:38 Image size of job updated: 157956
	97  -  MemoryUsage of job (MB)
	99112  -  ResidentSetSize of job (KB)
...
010 (734.000.000) 06/11 12:53:09 Job was suspended.
	Number of processes actually suspended: 3
...
006 (734.000.000) 06/11 12:53:09 Image size of job updated: 459692
	367  -  MemoryUsage of job (MB)
	375164  -  ResidentSetSize of job (KB)
...
011 (734.000.000) 06/11 12:53:24 Job was unsuspended.
...
006 (734.000.000) 06/11 12:54:38 Image size of job updated: 459784
	367  -  MemoryUsage of job (MB)
	375256  -  ResidentSetSize of job (KB)
...
006 (734.000.000) 06/11 13:04:38 Image size of job updated: 492364
	433  -  MemoryUsage of job (MB)
	442712  -  ResidentSetSize of job (KB)
...
006 (734.000.000) 06/11 13:09:39 Image size of job updated: 492364
	441  -  MemoryUsage of job (MB)
	450988  -  ResidentSetSize of job (KB)
...
005 (734.000.000) 06/11 13:10:38 Job terminated.
	(1) Normal termination (return value 0)
		Usr 0 00:09:49, Sys 0 00:00:15  -  Run Remote Usage
		Usr 0 00:00:00, Sys 0 00:00:00  -  Run Local Usage
		Usr 0 00:09:49, Sys 0 00:00:15  -  Total Remote Usage
		Usr 0 00:00:00, Sys 0 00:00:00  -  Total Local Usage
	0  -  Run Bytes Sent By Job
	0  -  Run Bytes Received By Job
	0  -  Total Bytes Sent By Job
	0  -  Total Bytes Received By Job
	Partitionable Resources :    Usage  Request Allocated
	   Cpus                 :                 1         1
	   Disk (KB)            :        1        1   1556473
	   Memory (MB)          :      441     1500      1500
...
