000 (344.000.000) 06/01 16:26:45 Job submitted from host: <134.61.5.1:9618?addrs=134.61.5.1-9618+[--1]-9618&noUDP&sock=1924_484e_15>
...
001 (344.000.000) 06/01 16:30:02 Job executing on host: <134.61.15.68:9618?addrs=134.61.15.68-9618+[--1]-9618&noUDP&sock=1148201_f612_8>
...
006 (344.000.000) 06/01 16:30:11 Image size of job updated: 8804
	7  -  MemoryUsage of job (MB)
	7016  -  ResidentSetSize of job (KB)
...
010 (344.000.000) 06/01 16:30:27 Job was suspended.
	Number of processes actually suspended: 3
...
006 (344.000.000) 06/01 16:30:27 Image size of job updated: 58072
	42  -  MemoryUsage of job (MB)
	42884  -  ResidentSetSize of job (KB)
...
006 (344.000.000) 06/01 16:35:12 Image size of job updated: 58640
	42  -  MemoryUsage of job (MB)
	42884  -  ResidentSetSize of job (KB)
...
011 (344.000.000) 06/01 17:17:48 Job was unsuspended.
...
010 (344.000.000) 06/01 17:17:58 Job was suspended.
	Number of processes actually suspended: 0
...
011 (344.000.000) 06/01 17:21:38 Job was unsuspended.
...
010 (344.000.000) 06/01 17:25:21 Job was suspended.
	Number of processes actually suspended: 0
...
011 (344.000.000) 06/01 17:25:57 Job was unsuspended.
...
010 (344.000.000) 06/01 17:28:02 Job was suspended.
	Number of processes actually suspended: 0
...
011 (344.000.000) 06/01 17:28:22 Job was unsuspended.
...
010 (344.000.000) 06/01 17:32:29 Job was suspended.
	Number of processes actually suspended: 0
...
011 (344.000.000) 06/01 17:32:59 Job was unsuspended.
...
010 (344.000.000) 06/01 17:43:46 Job was suspended.
	Number of processes actually suspended: 0
...
011 (344.000.000) 06/01 17:44:16 Job was unsuspended.
...
006 (344.000.000) 06/01 18:09:27 Image size of job updated: 646920
	42  -  MemoryUsage of job (MB)
	42884  -  ResidentSetSize of job (KB)
...
005 (344.000.000) 06/01 18:09:27 Job terminated.
	(1) Normal termination (return value 0)
		Usr 0 00:00:01, Sys 0 00:00:00  -  Run Remote Usage
		Usr 0 00:00:00, Sys 0 00:00:00  -  Run Local Usage
		Usr 0 00:00:01, Sys 0 00:00:00  -  Total Remote Usage
		Usr 0 00:00:00, Sys 0 00:00:00  -  Total Local Usage
	0  -  Run Bytes Sent By Job
	0  -  Run Bytes Received By Job
	0  -  Total Bytes Sent By Job
	0  -  Total Bytes Received By Job
	Partitionable Resources :    Usage  Request Allocated
	   Cpus                 :                 1         1
	   Disk (KB)            :        1        1   3535214
	   Memory (MB)          :       42     1500      1500
...
000 (406.000.000) 06/04 11:40:30 Job submitted from host: <134.61.5.1:9618?addrs=134.61.5.1-9618+[--1]-9618&noUDP&sock=1924_484e_15>
...
001 (406.000.000) 06/04 11:40:47 Job executing on host: <134.61.15.67:9618?addrs=134.61.15.67-9618+[--1]-9618&noUDP&sock=1524_ea6c_12>
...
006 (406.000.000) 06/04 11:40:55 Image size of job updated: 20072
	9  -  MemoryUsage of job (MB)
	8264  -  ResidentSetSize of job (KB)
...
006 (406.000.000) 06/04 11:45:55 Image size of job updated: 435952
	344  -  MemoryUsage of job (MB)
	351444  -  ResidentSetSize of job (KB)
...
006 (406.000.000) 06/04 11:50:56 Image size of job updated: 439704
	347  -  MemoryUsage of job (MB)
	355196  -  ResidentSetSize of job (KB)
...
006 (406.000.000) 06/04 11:55:57 Image size of job updated: 439800
	347  -  MemoryUsage of job (MB)
	355292  -  ResidentSetSize of job (KB)
...
006 (406.000.000) 06/04 12:00:57 Image size of job updated: 443872
	351  -  MemoryUsage of job (MB)
	359364  -  ResidentSetSize of job (KB)
...
006 (406.000.000) 06/04 12:05:58 Image size of job updated: 459540
	367  -  MemoryUsage of job (MB)
	375032  -  ResidentSetSize of job (KB)
...
006 (406.000.000) 06/04 12:10:59 Image size of job updated: 534604
	424  -  MemoryUsage of job (MB)
	433568  -  ResidentSetSize of job (KB)
...
006 (406.000.000) 06/04 12:15:59 Image size of job updated: 542700
	432  -  MemoryUsage of job (MB)
	441668  -  ResidentSetSize of job (KB)
...
005 (406.000.000) 06/04 12:35:48 Job terminated.
	(1) Normal termination (return value 0)
		Usr 0 00:15:11, Sys 0 00:00:19  -  Run Remote Usage
		Usr 0 00:00:00, Sys 0 00:00:00  -  Run Local Usage
		Usr 0 00:15:11, Sys 0 00:00:19  -  Total Remote Usage
		Usr 0 00:00:00, Sys 0 00:00:00  -  Total Local Usage
	0  -  Run Bytes Sent By Job
	0  -  Run Bytes Received By Job
	0  -  Total Bytes Sent By Job
	0  -  Total Bytes Received By Job
	Partitionable Resources :    Usage  Request Allocated
	   Cpus                 :                 1         1
	   Disk (KB)            :        1        1   3541765
	   Memory (MB)          :      432     1500      1500
...
000 (468.000.000) 06/04 15:47:20 Job submitted from host: <134.61.5.1:9618?addrs=134.61.5.1-9618+[--1]-9618&noUDP&sock=1924_484e_15>
...
001 (468.000.000) 06/04 16:28:29 Job executing on host: <134.61.17.182:9618?addrs=134.61.17.182-9618+[--1]-9618&noUDP&sock=1616_0522_3>
...
006 (468.000.000) 06/04 16:28:37 Image size of job updated: 197788
	138  -  MemoryUsage of job (MB)
	140340  -  ResidentSetSize of job (KB)
...
006 (468.000.000) 06/04 16:33:37 Image size of job updated: 409512
	320  -  MemoryUsage of job (MB)
	326976  -  ResidentSetSize of job (KB)
...
010 (468.000.000) 06/04 16:37:02 Job was suspended.
	Number of processes actually suspended: 3
...
011 (468.000.000) 06/04 16:37:27 Job was unsuspended.
...
006 (468.000.000) 06/04 16:43:38 Image size of job updated: 409768
	320  -  MemoryUsage of job (MB)
	326976  -  ResidentSetSize of job (KB)
...
010 (468.000.000) 06/04 16:44:24 Job was suspended.
	Number of processes actually suspended: 3
...
011 (468.000.000) 06/04 16:44:49 Job was unsuspended.
...
022 (468.000.000) 06/04 17:10:05 Job disconnected, attempting to reconnect
    Socket between submit and execute hosts closed unexpectedly
    Trying to reconnect to slot1_4@lxblade24.physik.rwth-aachen.de <134.61.17.182:9618?addrs=134.61.17.182-9618+[--1]-9618&noUDP&sock=1616_0522_3>
...
024 (468.000.000) 06/04 17:50:25 Job reconnection failed
    Job disconnected too long: JobLeaseDuration (2400 seconds) expired
    Can not reconnect to slot1_4@lxblade24.physik.rwth-aachen.de, rescheduling job
...
001 (468.000.000) 06/04 17:56:49 Job executing on host: <134.61.15.36:9618?addrs=134.61.15.36-9618+[--1]-9618&noUDP&sock=1477_ad78_3>
...
005 (468.000.000) 06/04 18:18:12 Job terminated.
	(1) Normal termination (return value 0)
		Usr 0 00:09:51, Sys 0 00:00:10  -  Run Remote Usage
		Usr 0 00:00:00, Sys 0 00:00:00  -  Run Local Usage
		Usr 0 00:09:51, Sys 0 00:00:10  -  Total Remote Usage
		Usr 0 00:00:00, Sys 0 00:00:00  -  Total Local Usage
	0  -  Run Bytes Sent By Job
	0  -  Run Bytes Received By Job
	0  -  Total Bytes Sent By Job
	0  -  Total Bytes Received By Job
	Partitionable Resources :    Usage  Request Allocated
	   Cpus                 :                 1         1
	   Disk (KB)            :        1        1   1138300
	   Memory (MB)          :      342     1500      1500
...
000 (529.000.000) 06/05 16:10:37 Job submitted from host: <134.61.5.1:9618?addrs=134.61.5.1-9618+[--1]-9618&noUDP&sock=1924_484e_15>
...
001 (529.000.000) 06/05 16:14:19 Job executing on host: <134.61.15.46:9618?addrs=134.61.15.46-9618+[--1]-9618&noUDP&sock=1419_e4fa_24>
...
006 (529.000.000) 06/05 16:14:28 Image size of job updated: 36424
	23  -  MemoryUsage of job (MB)
	22940  -  ResidentSetSize of job (KB)
...
006 (529.000.000) 06/05 16:19:29 Image size of job updated: 367584
	322  -  MemoryUsage of job (MB)
	329680  -  ResidentSetSize of job (KB)
...
006 (529.000.000) 06/05 16:24:30 Image size of job updated: 368728
	324  -  MemoryUsage of job (MB)
	330824  -  ResidentSetSize of job (KB)
...
006 (529.000.000) 06/05 16:34:31 Image size of job updated: 369000
	324  -  MemoryUsage of job (MB)
	330824  -  ResidentSetSize of job (KB)
...
006 (529.000.000) 06/05 16:44:32 Image size of job updated: 369412
	324  -  MemoryUsage of job (MB)
	330824  -  ResidentSetSize of job (KB)
...
006 (529.000.000) 06/05 16:49:33 Image size of job updated: 370312
	324  -  MemoryUsage of job (MB)
	330824  -  ResidentSetSize of job (KB)
...
006 (529.000.000) 06/05 16:54:34 Image size of job updated: 373392
	324  -  MemoryUsage of job (MB)
	330824  -  ResidentSetSize of job (KB)
...
006 (529.000.000) 06/05 16:59:34 Image size of job updated: 374472
	324  -  MemoryUsage of job (MB)
	330824  -  ResidentSetSize of job (KB)
...
005 (529.000.000) 06/05 17:27:22 Job terminated.
	(1) Normal termination (return value 0)
		Usr 0 00:15:51, Sys 0 00:01:33  -  Run Remote Usage
		Usr 0 00:00:00, Sys 0 00:00:00  -  Run Local Usage
		Usr 0 00:15:51, Sys 0 00:01:33  -  Total Remote Usage
		Usr 0 00:00:00, Sys 0 00:00:00  -  Total Local Usage
	0  -  Run Bytes Sent By Job
	0  -  Run Bytes Received By Job
	0  -  Total Bytes Sent By Job
	0  -  Total Bytes Received By Job
	Partitionable Resources :    Usage  Request Allocated
	   Cpus                 :                 1         1
	   Disk (KB)            :        1        1   3537393
	   Memory (MB)          :      324     1500      1500
...
000 (650.000.000) 06/06 15:35:14 Job submitted from host: <134.61.5.1:9618?addrs=134.61.5.1-9618+[--1]-9618&noUDP&sock=1924_484e_15>
...
001 (650.000.000) 06/06 15:41:31 Job executing on host: <134.61.5.42:9618?addrs=134.61.5.42-9618+[--1]-9618&noUDP&sock=1555_2ddb_13>
...
006 (650.000.000) 06/06 15:41:40 Image size of job updated: 340120
	256  -  MemoryUsage of job (MB)
	261924  -  ResidentSetSize of job (KB)
...
006 (650.000.000) 06/06 15:46:41 Image size of job updated: 412240
	322  -  MemoryUsage of job (MB)
	329712  -  ResidentSetSize of job (KB)
...
006 (650.000.000) 06/06 15:51:42 Image size of job updated: 413380
	324  -  MemoryUsage of job (MB)
	330852  -  ResidentSetSize of job (KB)
...
006 (650.000.000) 06/06 16:01:42 Image size of job updated: 413652
	324  -  MemoryUsage of job (MB)
	331124  -  ResidentSetSize of job (KB)
...
005 (650.000.000) 06/06 17:39:10 Job terminated.
	(1) Normal termination (return value 0)
		Usr 0 00:08:33, Sys 0 00:00:16  -  Run Remote Usage
		Usr 0 00:00:00, Sys 0 00:00:00  -  Run Local Usage
		Usr 0 00:08:33, Sys 0 00:00:16  -  Total Remote Usage
		Usr 0 00:00:00, Sys 0 00:00:00  -  Total Local Usage
	0  -  Run Bytes Sent By Job
	0  -  Run Bytes Received By Job
	0  -  Total Bytes Sent By Job
	0  -  Total Bytes Received By Job
	Partitionable Resources :    Usage  Request Allocated
	   Cpus                 :                 1         1
	   Disk (KB)            :        1        1   3541760
	   Memory (MB)          :      324     1500      1500
...
000 (732.000.000) 06/11 12:49:25 Job submitted from host: <134.61.5.1:9618?addrs=134.61.5.1-9618+[--1]-9618&noUDP&sock=1924_484e_15>
...
001 (732.000.000) 06/11 12:49:30 Job executing on host: <134.61.17.148:9618?addrs=134.61.17.148-9618+[--1]-9618&noUDP&sock=1698_43e6_3>
...
006 (732.000.000) 06/11 12:49:38 Image size of job updated: 111156
	51  -  MemoryUsage of job (MB)
	51832  -  ResidentSetSize of job (KB)
...
010 (732.000.000) 06/11 12:53:27 Job was suspended.
	Number of processes actually suspended: 3
...
006 (732.000.000) 06/11 12:53:27 Image size of job updated: 441356
	349  -  MemoryUsage of job (MB)
	356848  -  ResidentSetSize of job (KB)
...
011 (732.000.000) 06/11 12:53:42 Job was unsuspended.
...
006 (732.000.000) 06/11 12:54:38 Image size of job updated: 441628
	349  -  MemoryUsage of job (MB)
	357120  -  ResidentSetSize of job (KB)
...
006 (732.000.000) 06/11 12:59:38 Image size of job updated: 444104
	352  -  MemoryUsage of job (MB)
	359596  -  ResidentSetSize of job (KB)
...
006 (732.000.000) 06/11 13:09:39 Image size of job updated: 464468
	412  -  MemoryUsage of job (MB)
	421828  -  ResidentSetSize of job (KB)
...
010 (732.000.000) 06/11 13:13:15 Job was suspended.
	Number of processes actually suspended: 3
...
006 (732.000.000) 06/11 13:13:15 Image size of job updated: 479200
	417  -  MemoryUsage of job (MB)
	426248  -  ResidentSetSize of job (KB)
...
011 (732.000.000) 06/11 13:13:35 Job was unsuspended.
...
006 (732.000.000) 06/11 13:13:35 Image size of job updated: 479200
	417  -  MemoryUsage of job (MB)
	426292  -  ResidentSetSize of job (KB)
...
010 (732.000.000) 06/11 13:14:10 Job was suspended.
	Number of processes actually suspended: 3
...
006 (732.000.000) 06/11 13:14:10 Image size of job updated: 479508
	417  -  MemoryUsage of job (MB)
	426748  -  ResidentSetSize of job (KB)
...
011 (732.000.000) 06/11 13:15:30 Job was unsuspended.
...
010 (732.000.000) 06/11 13:15:50 Job was suspended.
	Number of processes actually suspended: 3
...
006 (732.000.000) 06/11 13:15:51 Image size of job updated: 479508
	418  -  MemoryUsage of job (MB)
	427376  -  ResidentSetSize of job (KB)
...
011 (732.000.000) 06/11 13:17:05 Job was unsuspended.
...
010 (732.000.000) 06/11 13:17:30 Job was suspended.
	Number of processes actually suspended: 3
...
011 (732.000.000) 06/11 13:19:05 Job was unsuspended.
...
010 (732.000.000) 06/11 13:19:35 Job was suspended.
	Number of processes actually suspended: 3
...
006 (732.000.000) 06/11 13:19:35 Image size of job updated: 482500
	418  -  MemoryUsage of job (MB)
	427376  -  ResidentSetSize of job (KB)
...
011 (732.000.000) 06/11 13:24:01 Job was unsuspended.
...
010 (732.000.000) 06/11 13:24:21 Job was suspended.
	Number of processes actually suspended: 0
...
011 (732.000.000) 06/11 13:25:11 Job was unsuspended.
...
010 (732.000.000) 06/11 13:25:36 Job was suspended.
	Number of processes actually suspended: 0
...
011 (732.000.000) 06/11 13:26:01 Job was unsuspended.
...
010 (732.000.000) 06/11 13:26:26 Job was suspended.
	Number of processes actually suspended: 0
...
011 (732.000.000) 06/11 13:27:06 Job was unsuspended.
...
010 (732.000.000) 06/11 13:27:16 Job was suspended.
	Number of processes actually suspended: 0
...
011 (732.000.000) 06/11 13:27:41 Job was unsuspended.
...
010 (732.000.000) 06/11 13:29:51 Job was suspended.
	Number of processes actually suspended: 0
...
011 (732.000.000) 06/11 13:31:47 Job was unsuspended.
...
010 (732.000.000) 06/11 13:32:12 Job was suspended.
	Number of processes actually suspended: 0
...
011 (732.000.000) 06/11 13:33:47 Job was unsuspended.
...
010 (732.000.000) 06/11 13:33:58 Job was suspended.
	Number of processes actually suspended: 0
...
011 (732.000.000) 06/11 13:34:13 Job was unsuspended.
...
005 (732.000.000) 06/11 13:39:49 Job terminated.
	(1) Normal termination (return value 0)
		Usr 0 00:07:56, Sys 0 00:00:11  -  Run Remote Usage
		Usr 0 00:00:00, Sys 0 00:00:00  -  Run Local Usage
		Usr 0 00:07:56, Sys 0 00:00:11  -  Total Remote Usage
		Usr 0 00:00:00, Sys 0 00:00:00  -  Total Local Usage
	0  -  Run Bytes Sent By Job
	0  -  Run Bytes Received By Job
	0  -  Total Bytes Sent By Job
	0  -  Total Bytes Received By Job
	Partitionable Resources :    Usage  Request Allocated
	   Cpus                 :                 1         1
	   Disk (KB)            :        1        1   3524174
	   Memory (MB)          :      418     1500      1500
...
