000 (345.000.000) 06/01 16:26:46 Job submitted from host: <134.61.5.1:9618?addrs=134.61.5.1-9618+[--1]-9618&noUDP&sock=1924_484e_15>
...
001 (345.000.000) 06/01 16:31:02 Job executing on host: <134.61.17.182:9618?addrs=134.61.17.182-9618+[--1]-9618&noUDP&sock=1616_0522_3>
...
006 (345.000.000) 06/01 16:31:10 Image size of job updated: 87864
	35  -  MemoryUsage of job (MB)
	35820  -  ResidentSetSize of job (KB)
...
010 (345.000.000) 06/01 16:33:02 Job was suspended.
	Number of processes actually suspended: 3
...
006 (345.000.000) 06/01 16:33:02 Image size of job updated: 392828
	302  -  MemoryUsage of job (MB)
	308476  -  ResidentSetSize of job (KB)
...
011 (345.000.000) 06/01 16:33:47 Job was unsuspended.
...
010 (345.000.000) 06/01 16:34:08 Job was suspended.
	Number of processes actually suspended: 3
...
006 (345.000.000) 06/01 16:34:08 Image size of job updated: 398684
	307  -  MemoryUsage of job (MB)
	314332  -  ResidentSetSize of job (KB)
...
011 (345.000.000) 06/01 16:34:23 Job was unsuspended.
...
010 (345.000.000) 06/01 16:38:23 Job was suspended.
	Number of processes actually suspended: 0
...
011 (345.000.000) 06/01 16:40:03 Job was unsuspended.
...
005 (345.000.000) 06/01 17:13:19 Job terminated.
	(1) Normal termination (return value 0)
		Usr 0 00:00:19, Sys 0 00:00:01  -  Run Remote Usage
		Usr 0 00:00:00, Sys 0 00:00:00  -  Run Local Usage
		Usr 0 00:00:19, Sys 0 00:00:01  -  Total Remote Usage
		Usr 0 00:00:00, Sys 0 00:00:00  -  Total Local Usage
	0  -  Run Bytes Sent By Job
	0  -  Run Bytes Received By Job
	0  -  Total Bytes Sent By Job
	0  -  Total Bytes Received By Job
	Partitionable Resources :    Usage  Request Allocated
	   Cpus                 :                 1         1
	   Disk (KB)            :        1        1   1481208
	   Memory (MB)          :      307     1500      1500
...
000 (407.000.000) 06/04 11:40:30 Job submitted from host: <134.61.5.1:9618?addrs=134.61.5.1-9618+[--1]-9618&noUDP&sock=1924_484e_15>
...
001 (407.000.000) 06/04 11:40:47 Job executing on host: <134.61.17.154:9618?addrs=134.61.17.154-9618+[--1]-9618&noUDP&sock=1513_5ee1_3>
...
006 (407.000.000) 06/04 11:40:56 Image size of job updated: 110772
	51  -  MemoryUsage of job (MB)
	51604  -  ResidentSetSize of job (KB)
...
006 (407.000.000) 06/04 11:45:57 Image size of job updated: 454816
	362  -  MemoryUsage of job (MB)
	370312  -  ResidentSetSize of job (KB)
...
006 (407.000.000) 06/04 11:50:58 Image size of job updated: 455412
	362  -  MemoryUsage of job (MB)
	370312  -  ResidentSetSize of job (KB)
...
006 (407.000.000) 06/04 11:55:58 Image size of job updated: 510936
	407  -  MemoryUsage of job (MB)
	416684  -  ResidentSetSize of job (KB)
...
005 (407.000.000) 06/04 11:56:46 Job terminated.
	(1) Normal termination (return value 0)
		Usr 0 00:05:17, Sys 0 00:00:09  -  Run Remote Usage
		Usr 0 00:00:00, Sys 0 00:00:00  -  Run Local Usage
		Usr 0 00:05:17, Sys 0 00:00:09  -  Total Remote Usage
		Usr 0 00:00:00, Sys 0 00:00:00  -  Total Local Usage
	0  -  Run Bytes Sent By Job
	0  -  Run Bytes Received By Job
	0  -  Total Bytes Sent By Job
	0  -  Total Bytes Received By Job
	Partitionable Resources :    Usage  Request Allocated
	   Cpus                 :                 1         1
	   Disk (KB)            :        1        1   3525819
	   Memory (MB)          :      407     1500      1500
...
000 (469.000.000) 06/04 15:47:20 Job submitted from host: <134.61.5.1:9618?addrs=134.61.5.1-9618+[--1]-9618&noUDP&sock=1924_484e_15>
...
001 (469.000.000) 06/04 16:28:29 Job executing on host: <134.61.17.149:9618?addrs=134.61.17.149-9618+[--1]-9618&noUDP&sock=166122_73fa_3>
...
006 (469.000.000) 06/04 16:28:37 Image size of job updated: 69004
	41  -  MemoryUsage of job (MB)
	41280  -  ResidentSetSize of job (KB)
...
006 (469.000.000) 06/04 16:33:37 Image size of job updated: 361784
	309  -  MemoryUsage of job (MB)
	315684  -  ResidentSetSize of job (KB)
...
006 (469.000.000) 06/04 16:38:38 Image size of job updated: 361812
	309  -  MemoryUsage of job (MB)
	315712  -  ResidentSetSize of job (KB)
...
006 (469.000.000) 06/04 16:43:39 Image size of job updated: 361816
	309  -  MemoryUsage of job (MB)
	315712  -  ResidentSetSize of job (KB)
...
006 (469.000.000) 06/04 16:48:39 Image size of job updated: 362100
	309  -  MemoryUsage of job (MB)
	315712  -  ResidentSetSize of job (KB)
...
005 (469.000.000) 06/04 17:03:16 Job terminated.
	(1) Normal termination (return value 0)
		Usr 0 00:03:07, Sys 0 00:00:06  -  Run Remote Usage
		Usr 0 00:00:00, Sys 0 00:00:00  -  Run Local Usage
		Usr 0 00:03:07, Sys 0 00:00:06  -  Total Remote Usage
		Usr 0 00:00:00, Sys 0 00:00:00  -  Total Local Usage
	0  -  Run Bytes Sent By Job
	0  -  Run Bytes Received By Job
	0  -  Total Bytes Sent By Job
	0  -  Total Bytes Received By Job
	Partitionable Resources :    Usage  Request Allocated
	   Cpus                 :                 1         1
	   Disk (KB)            :        1        1   3514320
	   Memory (MB)          :      309     1500      1500
...
000 (530.000.000) 06/05 16:10:37 Job submitted from host: <134.61.5.1:9618?addrs=134.61.5.1-9618+[--1]-9618&noUDP&sock=1924_484e_15>
...
001 (530.000.000) 06/05 16:14:19 Job executing on host: <134.61.15.36:9618?addrs=134.61.15.36-9618+[--1]-9618&noUDP&sock=1477_ad78_3>
...
006 (530.000.000) 06/05 16:14:28 Image size of job updated: 125336
	96  -  MemoryUsage of job (MB)
	97784  -  ResidentSetSize of job (KB)
...
006 (530.000.000) 06/05 16:19:29 Image size of job updated: 357656
	309  -  MemoryUsage of job (MB)
	315456  -  ResidentSetSize of job (KB)
...
006 (530.000.000) 06/05 16:24:30 Image size of job updated: 357684
	309  -  MemoryUsage of job (MB)
	315484  -  ResidentSetSize of job (KB)
...
006 (530.000.000) 06/05 16:29:30 Image size of job updated: 357736
	309  -  MemoryUsage of job (MB)
	315536  -  ResidentSetSize of job (KB)
...
010 (530.000.000) 06/05 16:33:25 Job was suspended.
	Number of processes actually suspended: 3
...
006 (530.000.000) 06/05 16:33:25 Image size of job updated: 357976
	309  -  MemoryUsage of job (MB)
	315536  -  ResidentSetSize of job (KB)
...
011 (530.000.000) 06/05 16:44:11 Job was unsuspended.
...
005 (530.000.000) 06/05 16:46:34 Job terminated.
	(1) Normal termination (return value 0)
		Usr 0 00:02:42, Sys 0 00:00:05  -  Run Remote Usage
		Usr 0 00:00:00, Sys 0 00:00:00  -  Run Local Usage
		Usr 0 00:02:42, Sys 0 00:00:05  -  Total Remote Usage
		Usr 0 00:00:00, Sys 0 00:00:00  -  Total Local Usage
	0  -  Run Bytes Sent By Job
	0  -  Run Bytes Received By Job
	0  -  Total Bytes Sent By Job
	0  -  Total Bytes Received By Job
	Partitionable Resources :    Usage  Request Allocated
	   Cpus                 :                 1         1
	   Disk (KB)            :        1        1   1138300
	   Memory (MB)          :      309     1500      1500
...
000 (651.000.000) 06/06 15:35:14 Job submitted from host: <134.61.5.1:9618?addrs=134.61.5.1-9618+[--1]-9618&noUDP&sock=1924_484e_15>
...
001 (651.000.000) 06/06 15:41:31 Job executing on host: <134.61.15.24:9618?addrs=134.61.15.24-9618+[--1]-9618&noUDP&sock=1353_9fba_3>
...
006 (651.000.000) 06/06 15:41:40 Image size of job updated: 10836
	9  -  MemoryUsage of job (MB)
	9096  -  ResidentSetSize of job (KB)
...
010 (651.000.000) 06/06 15:42:41 Job was suspended.
	Number of processes actually suspended: 3
...
006 (651.000.000) 06/06 15:42:41 Image size of job updated: 313432
	287  -  MemoryUsage of job (MB)
	293108  -  ResidentSetSize of job (KB)
...
004 (651.000.000) 06/06 15:53:33 Job was evicted.
	(0) Job was not checkpointed.
		Usr 0 00:00:07, Sys 0 00:00:01  -  Run Remote Usage
		Usr 0 00:00:00, Sys 0 00:00:00  -  Run Local Usage
	0  -  Run Bytes Sent By Job
	0  -  Run Bytes Received By Job
	Partitionable Resources :    Usage  Request Allocated
	   Cpus                 :                 1         1
	   Disk (KB)            :        1        1    273180
	   Memory (MB)          :      287     1500      1500
...
012 (651.000.000) 06/06 15:53:33 Job was held.
	via condor_hold (by user swuchterl)
	Code 1 Subcode 0
...
013 (651.000.000) 06/06 15:54:13 Job was released.
	via condor_release (by user swuchterl)
...
001 (651.000.000) 06/06 15:55:14 Job executing on host: <134.61.15.6:9618?addrs=134.61.15.6-9618+[--1]-9618&noUDP&sock=1223743_7d6a_3>
...
010 (651.000.000) 06/06 15:55:29 Job was suspended.
	Number of processes actually suspended: 3
...
004 (651.000.000) 06/06 16:02:01 Job was evicted.
	(0) Job was not checkpointed.
		Usr 0 00:00:05, Sys 0 00:00:00  -  Run Remote Usage
		Usr 0 00:00:00, Sys 0 00:00:00  -  Run Local Usage
	0  -  Run Bytes Sent By Job
	0  -  Run Bytes Received By Job
	Partitionable Resources :    Usage  Request Allocated
	   Cpus                 :                 1         1
	   Disk (KB)            :        1        1   3541765
	   Memory (MB)          :      293     1500      1500
...
012 (651.000.000) 06/06 16:02:01 Job was held.
	via condor_hold (by user swuchterl)
	Code 1 Subcode 0
...
013 (651.000.000) 06/06 16:02:07 Job was released.
	via condor_release (by user swuchterl)
...
001 (651.000.000) 06/06 16:04:08 Job executing on host: <134.61.17.189:9618?addrs=134.61.17.189-9618+[--1]-9618&noUDP&sock=4494_16b3_3>
...
006 (651.000.000) 06/06 16:09:18 Image size of job updated: 325000
	306  -  MemoryUsage of job (MB)
	313232  -  ResidentSetSize of job (KB)
...
006 (651.000.000) 06/06 16:14:19 Image size of job updated: 325000
	306  -  MemoryUsage of job (MB)
	313292  -  ResidentSetSize of job (KB)
...
006 (651.000.000) 06/06 16:24:19 Image size of job updated: 325000
	306  -  MemoryUsage of job (MB)
	313308  -  ResidentSetSize of job (KB)
...
005 (651.000.000) 06/06 16:42:42 Job terminated.
	(1) Normal termination (return value 0)
		Usr 0 00:04:08, Sys 0 00:00:03  -  Run Remote Usage
		Usr 0 00:00:00, Sys 0 00:00:00  -  Run Local Usage
		Usr 0 00:04:08, Sys 0 00:00:03  -  Total Remote Usage
		Usr 0 00:00:00, Sys 0 00:00:00  -  Total Local Usage
	0  -  Run Bytes Sent By Job
	0  -  Run Bytes Received By Job
	0  -  Total Bytes Sent By Job
	0  -  Total Bytes Received By Job
	Partitionable Resources :    Usage  Request Allocated
	   Cpus                 :                 1         1
	   Disk (KB)            :        1        1   1556473
	   Memory (MB)          :      306     1500      1500
...
000 (733.000.000) 06/11 12:49:25 Job submitted from host: <134.61.5.1:9618?addrs=134.61.5.1-9618+[--1]-9618&noUDP&sock=1924_484e_15>
...
001 (733.000.000) 06/11 12:49:30 Job executing on host: <134.61.5.37:9618?addrs=134.61.5.37-9618+[--1]-9618&noUDP&sock=1501_23be_3>
...
006 (733.000.000) 06/11 12:49:38 Image size of job updated: 37264
	22  -  MemoryUsage of job (MB)
	21744  -  ResidentSetSize of job (KB)
...
006 (733.000.000) 06/11 12:54:38 Image size of job updated: 413432
	367  -  MemoryUsage of job (MB)
	374900  -  ResidentSetSize of job (KB)
...
006 (733.000.000) 06/11 12:59:39 Image size of job updated: 413976
	367  -  MemoryUsage of job (MB)
	374900  -  ResidentSetSize of job (KB)
...
006 (733.000.000) 06/11 13:04:04 Image size of job updated: 478804
	367  -  MemoryUsage of job (MB)
	374900  -  ResidentSetSize of job (KB)
...
005 (733.000.000) 06/11 13:04:04 Job terminated.
	(1) Normal termination (return value 0)
		Usr 0 00:06:46, Sys 0 00:00:11  -  Run Remote Usage
		Usr 0 00:00:00, Sys 0 00:00:00  -  Run Local Usage
		Usr 0 00:06:46, Sys 0 00:00:11  -  Total Remote Usage
		Usr 0 00:00:00, Sys 0 00:00:00  -  Total Local Usage
	0  -  Run Bytes Sent By Job
	0  -  Run Bytes Received By Job
	0  -  Total Bytes Sent By Job
	0  -  Total Bytes Received By Job
	Partitionable Resources :    Usage  Request Allocated
	   Cpus                 :                 1         1
	   Disk (KB)            :        1        1   1138290
	   Memory (MB)          :      367     1500      1500
...
