000 (348.000.000) 06/01 16:26:46 Job submitted from host: <134.61.5.1:9618?addrs=134.61.5.1-9618+[--1]-9618&noUDP&sock=1924_484e_15>
...
001 (348.000.000) 06/01 16:31:02 Job executing on host: <134.61.17.145:9618?addrs=134.61.17.145-9618+[--1]-9618&noUDP&sock=1790_5e9d_3>
...
006 (348.000.000) 06/01 16:31:10 Image size of job updated: 8676
	7  -  MemoryUsage of job (MB)
	7000  -  ResidentSetSize of job (KB)
...
010 (348.000.000) 06/01 16:33:24 Job was suspended.
	Number of processes actually suspended: 3
...
006 (348.000.000) 06/01 16:33:24 Image size of job updated: 310112
	291  -  MemoryUsage of job (MB)
	297600  -  ResidentSetSize of job (KB)
...
011 (348.000.000) 06/01 16:34:10 Job was unsuspended.
...
006 (348.000.000) 06/01 16:34:10 Image size of job updated: 310140
	291  -  MemoryUsage of job (MB)
	297628  -  ResidentSetSize of job (KB)
...
006 (348.000.000) 06/01 16:36:10 Image size of job updated: 318276
	299  -  MemoryUsage of job (MB)
	305764  -  ResidentSetSize of job (KB)
...
005 (348.000.000) 06/01 17:22:22 Job terminated.
	(1) Normal termination (return value 0)
		Usr 0 00:00:09, Sys 0 00:00:02  -  Run Remote Usage
		Usr 0 00:00:00, Sys 0 00:00:00  -  Run Local Usage
		Usr 0 00:00:09, Sys 0 00:00:02  -  Total Remote Usage
		Usr 0 00:00:00, Sys 0 00:00:00  -  Total Local Usage
	0  -  Run Bytes Sent By Job
	0  -  Run Bytes Received By Job
	0  -  Total Bytes Sent By Job
	0  -  Total Bytes Received By Job
	Partitionable Resources :    Usage  Request Allocated
	   Cpus                 :                 1         1
	   Disk (KB)            :        1        1   3222001
	   Memory (MB)          :      299     1500      1500
...
000 (410.000.000) 06/04 11:40:30 Job submitted from host: <134.61.5.1:9618?addrs=134.61.5.1-9618+[--1]-9618&noUDP&sock=1924_484e_15>
...
001 (410.000.000) 06/04 11:40:47 Job executing on host: <134.61.17.152:9618?addrs=134.61.17.152-9618+[--1]-9618&noUDP&sock=3515044_64c6_3>
...
006 (410.000.000) 06/04 11:40:56 Image size of job updated: 44428
	22  -  MemoryUsage of job (MB)
	22508  -  ResidentSetSize of job (KB)
...
006 (410.000.000) 06/04 11:45:57 Image size of job updated: 460728
	368  -  MemoryUsage of job (MB)
	376224  -  ResidentSetSize of job (KB)
...
006 (410.000.000) 06/04 11:50:58 Image size of job updated: 465472
	373  -  MemoryUsage of job (MB)
	380968  -  ResidentSetSize of job (KB)
...
006 (410.000.000) 06/04 11:55:58 Image size of job updated: 532272
	438  -  MemoryUsage of job (MB)
	447744  -  ResidentSetSize of job (KB)
...
006 (410.000.000) 06/04 11:58:05 Image size of job updated: 541212
	438  -  MemoryUsage of job (MB)
	447744  -  ResidentSetSize of job (KB)
...
005 (410.000.000) 06/04 11:58:05 Job terminated.
	(1) Normal termination (return value 0)
		Usr 0 00:05:47, Sys 0 00:00:11  -  Run Remote Usage
		Usr 0 00:00:00, Sys 0 00:00:00  -  Run Local Usage
		Usr 0 00:05:47, Sys 0 00:00:11  -  Total Remote Usage
		Usr 0 00:00:00, Sys 0 00:00:00  -  Total Local Usage
	0  -  Run Bytes Sent By Job
	0  -  Run Bytes Received By Job
	0  -  Total Bytes Sent By Job
	0  -  Total Bytes Received By Job
	Partitionable Resources :    Usage  Request Allocated
	   Cpus                 :                 1         1
	   Disk (KB)            :        1        1   3518457
	   Memory (MB)          :      438     1500      1500
...
000 (472.000.000) 06/04 15:47:21 Job submitted from host: <134.61.5.1:9618?addrs=134.61.5.1-9618+[--1]-9618&noUDP&sock=1924_484e_15>
...
001 (472.000.000) 06/04 16:30:29 Job executing on host: <134.61.17.176:9618?addrs=134.61.17.176-9618+[--1]-9618&noUDP&sock=1622_22b4_3>
...
006 (472.000.000) 06/04 16:30:38 Image size of job updated: 221864
	145  -  MemoryUsage of job (MB)
	147536  -  ResidentSetSize of job (KB)
...
006 (472.000.000) 06/04 16:35:38 Image size of job updated: 398964
	309  -  MemoryUsage of job (MB)
	316404  -  ResidentSetSize of job (KB)
...
010 (472.000.000) 06/04 16:42:05 Job was suspended.
	Number of processes actually suspended: 3
...
006 (472.000.000) 06/04 16:42:05 Image size of job updated: 399080
	310  -  MemoryUsage of job (MB)
	316520  -  ResidentSetSize of job (KB)
...
011 (472.000.000) 06/04 16:42:35 Job was unsuspended.
...
006 (472.000.000) 06/04 16:50:40 Image size of job updated: 400644
	311  -  MemoryUsage of job (MB)
	318084  -  ResidentSetSize of job (KB)
...
006 (472.000.000) 06/04 16:55:40 Image size of job updated: 400876
	311  -  MemoryUsage of job (MB)
	318316  -  ResidentSetSize of job (KB)
...
010 (472.000.000) 06/04 17:00:05 Job was suspended.
	Number of processes actually suspended: 3
...
011 (472.000.000) 06/04 17:00:25 Job was unsuspended.
...
010 (472.000.000) 06/04 17:01:00 Job was suspended.
	Number of processes actually suspended: 3
...
011 (472.000.000) 06/04 17:01:40 Job was unsuspended.
...
010 (472.000.000) 06/04 17:02:20 Job was suspended.
	Number of processes actually suspended: 3
...
011 (472.000.000) 06/04 17:02:35 Job was unsuspended.
...
005 (472.000.000) 06/04 17:11:27 Job terminated.
	(1) Normal termination (return value 0)
		Usr 0 00:04:36, Sys 0 00:00:03  -  Run Remote Usage
		Usr 0 00:00:00, Sys 0 00:00:00  -  Run Local Usage
		Usr 0 00:04:36, Sys 0 00:00:03  -  Total Remote Usage
		Usr 0 00:00:00, Sys 0 00:00:00  -  Total Local Usage
	0  -  Run Bytes Sent By Job
	0  -  Run Bytes Received By Job
	0  -  Total Bytes Sent By Job
	0  -  Total Bytes Received By Job
	Partitionable Resources :    Usage  Request Allocated
	   Cpus                 :                 1         1
	   Disk (KB)            :        1        1   1550624
	   Memory (MB)          :      311     1500      1500
...
000 (533.000.000) 06/05 16:10:37 Job submitted from host: <134.61.5.1:9618?addrs=134.61.5.1-9618+[--1]-9618&noUDP&sock=1924_484e_15>
...
007 (533.000.000) 06/05 16:14:19 Shadow exception!
	Error from slot1_2@lxcip55.physik.rwth-aachen.de: Failed to open '/.automount/home/home__home4/institut_1b/swuchterl/SUSYDileptonGamma/SplitTrees/logs/JetHT_Run2016F-03Feb2017-v1_nTuple.root.out' as standard output: No such file or directory (errno 2)
	0  -  Run Bytes Sent By Job
	0  -  Run Bytes Received By Job
...
012 (533.000.000) 06/05 16:14:19 Job was held.
	Error from slot1_2@lxcip55.physik.rwth-aachen.de: Failed to open '/.automount/home/home__home4/institut_1b/swuchterl/SUSYDileptonGamma/SplitTrees/logs/JetHT_Run2016F-03Feb2017-v1_nTuple.root.out' as standard output: No such file or directory (errno 2)
	Code 7 Subcode 2
...
013 (533.000.000) 06/05 18:20:31 Job was released.
	via condor_release (by user swuchterl)
...
001 (533.000.000) 06/05 18:23:28 Job executing on host: <134.61.15.78:9618?addrs=134.61.15.78-9618+[--1]-9618&noUDP&sock=1407_a9d7_3>
...
006 (533.000.000) 06/05 18:23:37 Image size of job updated: 263776
	180  -  MemoryUsage of job (MB)
	183972  -  ResidentSetSize of job (KB)
...
006 (533.000.000) 06/05 18:28:38 Image size of job updated: 399772
	309  -  MemoryUsage of job (MB)
	315440  -  ResidentSetSize of job (KB)
...
006 (533.000.000) 06/05 18:33:38 Image size of job updated: 400552
	309  -  MemoryUsage of job (MB)
	316220  -  ResidentSetSize of job (KB)
...
006 (533.000.000) 06/05 18:38:39 Image size of job updated: 402184
	311  -  MemoryUsage of job (MB)
	317852  -  ResidentSetSize of job (KB)
...
006 (533.000.000) 06/05 18:43:40 Image size of job updated: 402428
	311  -  MemoryUsage of job (MB)
	318096  -  ResidentSetSize of job (KB)
...
005 (533.000.000) 06/05 18:45:49 Job terminated.
	(1) Normal termination (return value 0)
		Usr 0 00:04:17, Sys 0 00:00:03  -  Run Remote Usage
		Usr 0 00:00:00, Sys 0 00:00:00  -  Run Local Usage
		Usr 0 00:04:17, Sys 0 00:00:03  -  Total Remote Usage
		Usr 0 00:00:00, Sys 0 00:00:00  -  Total Local Usage
	0  -  Run Bytes Sent By Job
	0  -  Run Bytes Received By Job
	0  -  Total Bytes Sent By Job
	0  -  Total Bytes Received By Job
	Partitionable Resources :    Usage  Request Allocated
	   Cpus                 :                 1         1
	   Disk (KB)            :        1        1   3451361
	   Memory (MB)          :      311     1500      1500
...
000 (654.000.000) 06/06 15:35:15 Job submitted from host: <134.61.5.1:9618?addrs=134.61.5.1-9618+[--1]-9618&noUDP&sock=1924_484e_15>
...
001 (654.000.000) 06/06 15:41:31 Job executing on host: <134.61.15.24:9618?addrs=134.61.15.24-9618+[--1]-9618&noUDP&sock=1353_9fba_3>
...
006 (654.000.000) 06/06 15:41:40 Image size of job updated: 14364
	10  -  MemoryUsage of job (MB)
	10232  -  ResidentSetSize of job (KB)
...
010 (654.000.000) 06/06 15:42:41 Job was suspended.
	Number of processes actually suspended: 3
...
006 (654.000.000) 06/06 15:42:41 Image size of job updated: 312896
	285  -  MemoryUsage of job (MB)
	291464  -  ResidentSetSize of job (KB)
...
004 (654.000.000) 06/06 15:53:39 Job was evicted.
	(0) Job was not checkpointed.
		Usr 0 00:00:07, Sys 0 00:00:01  -  Run Remote Usage
		Usr 0 00:00:00, Sys 0 00:00:00  -  Run Local Usage
	0  -  Run Bytes Sent By Job
	0  -  Run Bytes Received By Job
	Partitionable Resources :    Usage  Request Allocated
	   Cpus                 :                 1         1
	   Disk (KB)            :        1        1    273180
	   Memory (MB)          :      285     1500      1500
...
012 (654.000.000) 06/06 15:53:39 Job was held.
	via condor_hold (by user swuchterl)
	Code 1 Subcode 0
...
013 (654.000.000) 06/06 15:54:13 Job was released.
	via condor_release (by user swuchterl)
...
001 (654.000.000) 06/06 15:56:14 Job executing on host: <134.61.17.180:9618?addrs=134.61.17.180-9618+[--1]-9618&noUDP&sock=4830_8e86_3>
...
006 (654.000.000) 06/06 16:01:22 Image size of job updated: 399708
	308  -  MemoryUsage of job (MB)
	315372  -  ResidentSetSize of job (KB)
...
006 (654.000.000) 06/06 16:06:23 Image size of job updated: 400524
	309  -  MemoryUsage of job (MB)
	316188  -  ResidentSetSize of job (KB)
...
006 (654.000.000) 06/06 16:16:24 Image size of job updated: 400524
	309  -  MemoryUsage of job (MB)
	316404  -  ResidentSetSize of job (KB)
...
006 (654.000.000) 06/06 16:21:25 Image size of job updated: 400524
	311  -  MemoryUsage of job (MB)
	318000  -  ResidentSetSize of job (KB)
...
006 (654.000.000) 06/06 16:26:26 Image size of job updated: 400524
	311  -  MemoryUsage of job (MB)
	318216  -  ResidentSetSize of job (KB)
...
006 (654.000.000) 06/06 16:41:22 Image size of job updated: 646572
	311  -  MemoryUsage of job (MB)
	318216  -  ResidentSetSize of job (KB)
...
005 (654.000.000) 06/06 16:41:22 Job terminated.
	(1) Normal termination (return value 0)
		Usr 0 00:04:47, Sys 0 00:00:03  -  Run Remote Usage
		Usr 0 00:00:00, Sys 0 00:00:00  -  Run Local Usage
		Usr 0 00:04:47, Sys 0 00:00:03  -  Total Remote Usage
		Usr 0 00:00:00, Sys 0 00:00:00  -  Total Local Usage
	0  -  Run Bytes Sent By Job
	0  -  Run Bytes Received By Job
	0  -  Total Bytes Sent By Job
	0  -  Total Bytes Received By Job
	Partitionable Resources :    Usage  Request Allocated
	   Cpus                 :                 1         1
	   Disk (KB)            :        1        1   1556473
	   Memory (MB)          :      311     1500      1500
...
000 (736.000.000) 06/11 12:49:25 Job submitted from host: <134.61.5.1:9618?addrs=134.61.5.1-9618+[--1]-9618&noUDP&sock=1924_484e_15>
...
001 (736.000.000) 06/11 12:49:30 Job executing on host: <134.61.17.186:9618?addrs=134.61.17.186-9618+[--1]-9618&noUDP&sock=4515_7e30_3>
...
006 (736.000.000) 06/11 12:49:38 Image size of job updated: 145688
	92  -  MemoryUsage of job (MB)
	93980  -  ResidentSetSize of job (KB)
...
010 (736.000.000) 06/11 12:54:32 Job was suspended.
	Number of processes actually suspended: 3
...
006 (736.000.000) 06/11 12:54:32 Image size of job updated: 400628
	345  -  MemoryUsage of job (MB)
	352644  -  ResidentSetSize of job (KB)
...
011 (736.000.000) 06/11 12:54:47 Job was unsuspended.
...
006 (736.000.000) 06/11 13:04:39 Image size of job updated: 493624
	384  -  MemoryUsage of job (MB)
	392536  -  ResidentSetSize of job (KB)
...
005 (736.000.000) 06/11 13:04:48 Job terminated.
	(1) Normal termination (return value 0)
		Usr 0 00:07:24, Sys 0 00:00:14  -  Run Remote Usage
		Usr 0 00:00:00, Sys 0 00:00:00  -  Run Local Usage
		Usr 0 00:07:24, Sys 0 00:00:14  -  Total Remote Usage
		Usr 0 00:00:00, Sys 0 00:00:00  -  Total Local Usage
	0  -  Run Bytes Sent By Job
	0  -  Run Bytes Received By Job
	0  -  Total Bytes Sent By Job
	0  -  Total Bytes Received By Job
	Partitionable Resources :    Usage  Request Allocated
	   Cpus                 :                 1         1
	   Disk (KB)            :        1        1   1556473
	   Memory (MB)          :      384     1500      1500
...
