000 (350.000.000) 06/01 16:26:46 Job submitted from host: <134.61.5.1:9618?addrs=134.61.5.1-9618+[--1]-9618&noUDP&sock=1924_484e_15>
...
001 (350.000.000) 06/01 16:31:02 Job executing on host: <134.61.17.145:9618?addrs=134.61.17.145-9618+[--1]-9618&noUDP&sock=1790_5e9d_3>
...
006 (350.000.000) 06/01 16:31:10 Image size of job updated: 11836
	7  -  MemoryUsage of job (MB)
	6988  -  ResidentSetSize of job (KB)
...
006 (350.000.000) 06/01 16:36:10 Image size of job updated: 335124
	273  -  MemoryUsage of job (MB)
	279376  -  ResidentSetSize of job (KB)
...
005 (350.000.000) 06/01 17:29:36 Job terminated.
	(1) Normal termination (return value 0)
		Usr 0 00:00:22, Sys 0 00:00:02  -  Run Remote Usage
		Usr 0 00:00:00, Sys 0 00:00:00  -  Run Local Usage
		Usr 0 00:00:22, Sys 0 00:00:02  -  Total Remote Usage
		Usr 0 00:00:00, Sys 0 00:00:00  -  Total Local Usage
	0  -  Run Bytes Sent By Job
	0  -  Run Bytes Received By Job
	0  -  Total Bytes Sent By Job
	0  -  Total Bytes Received By Job
	Partitionable Resources :    Usage  Request Allocated
	   Cpus                 :                 1         1
	   Disk (KB)            :        1        1   3222001
	   Memory (MB)          :      273     1500      1500
...
000 (412.000.000) 06/04 11:40:30 Job submitted from host: <134.61.5.1:9618?addrs=134.61.5.1-9618+[--1]-9618&noUDP&sock=1924_484e_15>
...
001 (412.000.000) 06/04 11:40:47 Job executing on host: <134.61.17.149:9618?addrs=134.61.17.149-9618+[--1]-9618&noUDP&sock=166122_73fa_3>
...
006 (412.000.000) 06/04 11:40:56 Image size of job updated: 98292
	44  -  MemoryUsage of job (MB)
	44080  -  ResidentSetSize of job (KB)
...
006 (412.000.000) 06/04 11:45:57 Image size of job updated: 377544
	287  -  MemoryUsage of job (MB)
	293060  -  ResidentSetSize of job (KB)
...
006 (412.000.000) 06/04 11:50:57 Image size of job updated: 381080
	290  -  MemoryUsage of job (MB)
	296596  -  ResidentSetSize of job (KB)
...
005 (412.000.000) 06/04 12:06:29 Job terminated.
	(1) Normal termination (return value 0)
		Usr 0 00:05:52, Sys 0 00:00:08  -  Run Remote Usage
		Usr 0 00:00:00, Sys 0 00:00:00  -  Run Local Usage
		Usr 0 00:05:52, Sys 0 00:00:08  -  Total Remote Usage
		Usr 0 00:00:00, Sys 0 00:00:00  -  Total Local Usage
	0  -  Run Bytes Sent By Job
	0  -  Run Bytes Received By Job
	0  -  Total Bytes Sent By Job
	0  -  Total Bytes Received By Job
	Partitionable Resources :    Usage  Request Allocated
	   Cpus                 :                 1         1
	   Disk (KB)            :        1        1   3514320
	   Memory (MB)          :      290     1500      1500
...
000 (474.000.000) 06/04 15:47:21 Job submitted from host: <134.61.5.1:9618?addrs=134.61.5.1-9618+[--1]-9618&noUDP&sock=1924_484e_15>
...
001 (474.000.000) 06/04 16:33:29 Job executing on host: <134.61.5.41:9618?addrs=134.61.5.41-9618+[--1]-9618&noUDP&sock=1554_7e43_20>
...
006 (474.000.000) 06/04 16:33:38 Image size of job updated: 286960
	202  -  MemoryUsage of job (MB)
	206712  -  ResidentSetSize of job (KB)
...
006 (474.000.000) 06/04 16:38:39 Image size of job updated: 364304
	274  -  MemoryUsage of job (MB)
	280004  -  ResidentSetSize of job (KB)
...
006 (474.000.000) 06/04 16:43:39 Image size of job updated: 364392
	274  -  MemoryUsage of job (MB)
	280092  -  ResidentSetSize of job (KB)
...
006 (474.000.000) 06/04 16:48:39 Image size of job updated: 364500
	274  -  MemoryUsage of job (MB)
	280092  -  ResidentSetSize of job (KB)
...
010 (474.000.000) 06/04 16:57:24 Job was suspended.
	Number of processes actually suspended: 3
...
011 (474.000.000) 06/04 16:57:50 Job was unsuspended.
...
005 (474.000.000) 06/04 17:22:24 Job terminated.
	(1) Normal termination (return value 0)
		Usr 0 00:06:54, Sys 0 00:00:06  -  Run Remote Usage
		Usr 0 00:00:00, Sys 0 00:00:00  -  Run Local Usage
		Usr 0 00:06:54, Sys 0 00:00:06  -  Total Remote Usage
		Usr 0 00:00:00, Sys 0 00:00:00  -  Total Local Usage
	0  -  Run Bytes Sent By Job
	0  -  Run Bytes Received By Job
	0  -  Total Bytes Sent By Job
	0  -  Total Bytes Received By Job
	Partitionable Resources :    Usage  Request Allocated
	   Cpus                 :                 1         1
	   Disk (KB)            :        1        1   3524512
	   Memory (MB)          :      274     1500      1500
...
000 (535.000.000) 06/05 16:10:38 Job submitted from host: <134.61.5.1:9618?addrs=134.61.5.1-9618+[--1]-9618&noUDP&sock=1924_484e_15>
...
001 (535.000.000) 06/05 16:14:19 Job executing on host: <134.61.15.36:9618?addrs=134.61.15.36-9618+[--1]-9618&noUDP&sock=1477_ad78_3>
...
006 (535.000.000) 06/05 16:14:28 Image size of job updated: 128672
	96  -  MemoryUsage of job (MB)
	97772  -  ResidentSetSize of job (KB)
...
010 (535.000.000) 06/05 16:15:55 Job was suspended.
	Number of processes actually suspended: 3
...
006 (535.000.000) 06/05 16:15:55 Image size of job updated: 321820
	274  -  MemoryUsage of job (MB)
	279688  -  ResidentSetSize of job (KB)
...
011 (535.000.000) 06/05 16:16:41 Job was unsuspended.
...
010 (535.000.000) 06/05 16:17:01 Job was suspended.
	Number of processes actually suspended: 3
...
011 (535.000.000) 06/05 16:17:31 Job was unsuspended.
...
010 (535.000.000) 06/05 16:18:41 Job was suspended.
	Number of processes actually suspended: 3
...
006 (535.000.000) 06/05 16:18:41 Image size of job updated: 321852
	274  -  MemoryUsage of job (MB)
	279720  -  ResidentSetSize of job (KB)
...
011 (535.000.000) 06/05 16:19:21 Job was unsuspended.
...
010 (535.000.000) 06/05 16:19:47 Job was suspended.
	Number of processes actually suspended: 3
...
011 (535.000.000) 06/05 16:20:12 Job was unsuspended.
...
010 (535.000.000) 06/05 16:20:22 Job was suspended.
	Number of processes actually suspended: 3
...
011 (535.000.000) 06/05 16:20:55 Job was unsuspended.
...
010 (535.000.000) 06/05 16:21:27 Job was suspended.
	Number of processes actually suspended: 3
...
011 (535.000.000) 06/05 16:22:32 Job was unsuspended.
...
010 (535.000.000) 06/05 16:23:07 Job was suspended.
	Number of processes actually suspended: 3
...
011 (535.000.000) 06/05 16:23:22 Job was unsuspended.
...
010 (535.000.000) 06/05 16:24:02 Job was suspended.
	Number of processes actually suspended: 3
...
006 (535.000.000) 06/05 16:24:02 Image size of job updated: 321860
	274  -  MemoryUsage of job (MB)
	279728  -  ResidentSetSize of job (KB)
...
011 (535.000.000) 06/05 16:24:28 Job was unsuspended.
...
010 (535.000.000) 06/05 16:25:03 Job was suspended.
	Number of processes actually suspended: 3
...
006 (535.000.000) 06/05 16:25:03 Image size of job updated: 321876
	274  -  MemoryUsage of job (MB)
	279744  -  ResidentSetSize of job (KB)
...
011 (535.000.000) 06/05 16:25:33 Job was unsuspended.
...
010 (535.000.000) 06/05 16:26:38 Job was suspended.
	Number of processes actually suspended: 3
...
011 (535.000.000) 06/05 16:27:13 Job was unsuspended.
...
010 (535.000.000) 06/05 16:27:38 Job was suspended.
	Number of processes actually suspended: 3
...
011 (535.000.000) 06/05 16:27:58 Job was unsuspended.
...
010 (535.000.000) 06/05 16:28:49 Job was suspended.
	Number of processes actually suspended: 3
...
006 (535.000.000) 06/05 16:28:49 Image size of job updated: 321956
	274  -  MemoryUsage of job (MB)
	279824  -  ResidentSetSize of job (KB)
...
011 (535.000.000) 06/05 16:29:14 Job was unsuspended.
...
010 (535.000.000) 06/05 16:29:49 Job was suspended.
	Number of processes actually suspended: 3
...
011 (535.000.000) 06/05 16:30:09 Job was unsuspended.
...
010 (535.000.000) 06/05 16:30:45 Job was suspended.
	Number of processes actually suspended: 3
...
006 (535.000.000) 06/05 16:30:45 Image size of job updated: 321972
	274  -  MemoryUsage of job (MB)
	279840  -  ResidentSetSize of job (KB)
...
011 (535.000.000) 06/05 16:31:00 Job was unsuspended.
...
010 (535.000.000) 06/05 16:31:50 Job was suspended.
	Number of processes actually suspended: 3
...
006 (535.000.000) 06/05 16:31:50 Image size of job updated: 322064
	274  -  MemoryUsage of job (MB)
	279840  -  ResidentSetSize of job (KB)
...
011 (535.000.000) 06/05 16:32:30 Job was unsuspended.
...
010 (535.000.000) 06/05 16:33:20 Job was suspended.
	Number of processes actually suspended: 3
...
011 (535.000.000) 06/05 16:44:11 Job was unsuspended.
...
010 (535.000.000) 06/05 16:50:44 Job was suspended.
	Number of processes actually suspended: 3
...
011 (535.000.000) 06/05 17:07:47 Job was unsuspended.
...
005 (535.000.000) 06/05 17:09:32 Job terminated.
	(1) Normal termination (return value 0)
		Usr 0 00:05:02, Sys 0 00:00:04  -  Run Remote Usage
		Usr 0 00:00:00, Sys 0 00:00:00  -  Run Local Usage
		Usr 0 00:05:02, Sys 0 00:00:04  -  Total Remote Usage
		Usr 0 00:00:00, Sys 0 00:00:00  -  Total Local Usage
	0  -  Run Bytes Sent By Job
	0  -  Run Bytes Received By Job
	0  -  Total Bytes Sent By Job
	0  -  Total Bytes Received By Job
	Partitionable Resources :    Usage  Request Allocated
	   Cpus                 :                 1         1
	   Disk (KB)            :        1        1   1138300
	   Memory (MB)          :      274     1500      1500
...
000 (656.000.000) 06/06 15:35:15 Job submitted from host: <134.61.5.1:9618?addrs=134.61.5.1-9618+[--1]-9618&noUDP&sock=1924_484e_15>
...
001 (656.000.000) 06/06 15:42:35 Job executing on host: <134.61.5.32:9618?addrs=134.61.5.32-9618+[--1]-9618&noUDP&sock=1488_3903_3>
...
006 (656.000.000) 06/06 15:42:43 Image size of job updated: 171296
	91  -  MemoryUsage of job (MB)
	92596  -  ResidentSetSize of job (KB)
...
006 (656.000.000) 06/06 15:47:44 Image size of job updated: 364028
	274  -  MemoryUsage of job (MB)
	279716  -  ResidentSetSize of job (KB)
...
006 (656.000.000) 06/06 15:52:46 Image size of job updated: 364112
	274  -  MemoryUsage of job (MB)
	279800  -  ResidentSetSize of job (KB)
...
006 (656.000.000) 06/06 15:57:45 Image size of job updated: 364220
	274  -  MemoryUsage of job (MB)
	279800  -  ResidentSetSize of job (KB)
...
005 (656.000.000) 06/06 16:42:57 Job terminated.
	(1) Normal termination (return value 0)
		Usr 0 00:07:22, Sys 0 00:00:06  -  Run Remote Usage
		Usr 0 00:00:00, Sys 0 00:00:00  -  Run Local Usage
		Usr 0 00:07:22, Sys 0 00:00:06  -  Total Remote Usage
		Usr 0 00:00:00, Sys 0 00:00:00  -  Total Local Usage
	0  -  Run Bytes Sent By Job
	0  -  Run Bytes Received By Job
	0  -  Total Bytes Sent By Job
	0  -  Total Bytes Received By Job
	Partitionable Resources :    Usage  Request Allocated
	   Cpus                 :                 1         1
	   Disk (KB)            :        1        1  13152455
	   Memory (MB)          :      274     1500      1500
...
000 (738.000.000) 06/11 12:49:26 Job submitted from host: <134.61.5.1:9618?addrs=134.61.5.1-9618+[--1]-9618&noUDP&sock=1924_484e_15>
...
001 (738.000.000) 06/11 12:49:30 Job executing on host: <134.61.17.172:9618?addrs=134.61.17.172-9618+[--1]-9618&noUDP&sock=5093_f3ee_3>
...
006 (738.000.000) 06/11 12:49:39 Image size of job updated: 187468
	126  -  MemoryUsage of job (MB)
	128384  -  ResidentSetSize of job (KB)
...
006 (738.000.000) 06/11 12:54:40 Image size of job updated: 381228
	290  -  MemoryUsage of job (MB)
	296720  -  ResidentSetSize of job (KB)
...
006 (738.000.000) 06/11 12:59:41 Image size of job updated: 385764
	295  -  MemoryUsage of job (MB)
	301256  -  ResidentSetSize of job (KB)
...
006 (738.000.000) 06/11 13:04:41 Image size of job updated: 386284
	295  -  MemoryUsage of job (MB)
	301256  -  ResidentSetSize of job (KB)
...
005 (738.000.000) 06/11 13:13:37 Job terminated.
	(1) Normal termination (return value 0)
		Usr 0 00:05:24, Sys 0 00:00:11  -  Run Remote Usage
		Usr 0 00:00:00, Sys 0 00:00:00  -  Run Local Usage
		Usr 0 00:05:24, Sys 0 00:00:11  -  Total Remote Usage
		Usr 0 00:00:00, Sys 0 00:00:00  -  Total Local Usage
	0  -  Run Bytes Sent By Job
	0  -  Run Bytes Received By Job
	0  -  Total Bytes Sent By Job
	0  -  Total Bytes Received By Job
	Partitionable Resources :    Usage  Request Allocated
	   Cpus                 :                 1         1
	   Disk (KB)            :        1        1   1556473
	   Memory (MB)          :      295     1500      1500
...
