000 (310.000.000) 06/01 16:26:40 Job submitted from host: <134.61.5.1:9618?addrs=134.61.5.1-9618+[--1]-9618&noUDP&sock=1924_484e_15>
...
001 (310.000.000) 06/01 16:26:41 Job executing on host: <134.61.15.51:9618?addrs=134.61.15.51-9618+[--1]-9618&noUDP&sock=1570_77c7_15>
...
006 (310.000.000) 06/01 16:26:50 Image size of job updated: 38272
	22  -  MemoryUsage of job (MB)
	21744  -  ResidentSetSize of job (KB)
...
006 (310.000.000) 06/01 16:31:51 Image size of job updated: 587788
	486  -  MemoryUsage of job (MB)
	497504  -  ResidentSetSize of job (KB)
...
010 (310.000.000) 06/01 16:34:06 Job was suspended.
	Number of processes actually suspended: 3
...
011 (310.000.000) 06/01 16:34:21 Job was unsuspended.
...
005 (310.000.000) 06/01 16:42:36 Job terminated.
	(1) Normal termination (return value 0)
		Usr 0 00:03:11, Sys 0 00:00:08  -  Run Remote Usage
		Usr 0 00:00:00, Sys 0 00:00:00  -  Run Local Usage
		Usr 0 00:03:11, Sys 0 00:00:08  -  Total Remote Usage
		Usr 0 00:00:00, Sys 0 00:00:00  -  Total Local Usage
	0  -  Run Bytes Sent By Job
	0  -  Run Bytes Received By Job
	0  -  Total Bytes Sent By Job
	0  -  Total Bytes Received By Job
	Partitionable Resources :    Usage  Request Allocated
	   Cpus                 :                 1         1
	   Disk (KB)            :        1        1   1093395
	   Memory (MB)          :      486     1500      1500
...
000 (372.000.000) 06/04 11:40:25 Job submitted from host: <134.61.5.1:9618?addrs=134.61.5.1-9618+[--1]-9618&noUDP&sock=1924_484e_15>
...
001 (372.000.000) 06/04 11:40:25 Job executing on host: <134.61.17.148:9618?addrs=134.61.17.148-9618+[--1]-9618&noUDP&sock=1698_43e6_3>
...
006 (372.000.000) 06/04 11:40:34 Image size of job updated: 78716
	51  -  MemoryUsage of job (MB)
	51704  -  ResidentSetSize of job (KB)
...
010 (372.000.000) 06/04 11:42:01 Job was suspended.
	Number of processes actually suspended: 3
...
006 (372.000.000) 06/04 11:42:01 Image size of job updated: 352200
	309  -  MemoryUsage of job (MB)
	315592  -  ResidentSetSize of job (KB)
...
011 (372.000.000) 06/04 11:42:26 Job was unsuspended.
...
006 (372.000.000) 06/04 11:45:35 Image size of job updated: 352384
	309  -  MemoryUsage of job (MB)
	315776  -  ResidentSetSize of job (KB)
...
006 (372.000.000) 06/04 11:55:36 Image size of job updated: 352480
	309  -  MemoryUsage of job (MB)
	315872  -  ResidentSetSize of job (KB)
...
006 (372.000.000) 06/04 12:00:37 Image size of job updated: 352568
	309  -  MemoryUsage of job (MB)
	315872  -  ResidentSetSize of job (KB)
...
006 (372.000.000) 06/04 12:10:37 Image size of job updated: 352752
	309  -  MemoryUsage of job (MB)
	315872  -  ResidentSetSize of job (KB)
...
006 (372.000.000) 06/04 12:27:51 Image size of job updated: 635432
	309  -  MemoryUsage of job (MB)
	315872  -  ResidentSetSize of job (KB)
...
005 (372.000.000) 06/04 12:27:51 Job terminated.
	(1) Normal termination (return value 0)
		Usr 0 00:03:38, Sys 0 00:00:09  -  Run Remote Usage
		Usr 0 00:00:00, Sys 0 00:00:00  -  Run Local Usage
		Usr 0 00:03:38, Sys 0 00:00:09  -  Total Remote Usage
		Usr 0 00:00:00, Sys 0 00:00:00  -  Total Local Usage
	0  -  Run Bytes Sent By Job
	0  -  Run Bytes Received By Job
	0  -  Total Bytes Sent By Job
	0  -  Total Bytes Received By Job
	Partitionable Resources :    Usage  Request Allocated
	   Cpus                 :                 1         1
	   Disk (KB)            :        1        1   3524174
	   Memory (MB)          :      309     1500      1500
...
000 (434.000.000) 06/04 15:47:16 Job submitted from host: <134.61.5.1:9618?addrs=134.61.5.1-9618+[--1]-9618&noUDP&sock=1924_484e_15>
...
001 (434.000.000) 06/04 15:57:27 Job executing on host: <134.61.15.68:9618?addrs=134.61.15.68-9618+[--1]-9618&noUDP&sock=1148201_f612_8>
...
006 (434.000.000) 06/04 15:57:35 Image size of job updated: 297948
	213  -  MemoryUsage of job (MB)
	217860  -  ResidentSetSize of job (KB)
...
006 (434.000.000) 06/04 16:02:35 Image size of job updated: 537396
	458  -  MemoryUsage of job (MB)
	468296  -  ResidentSetSize of job (KB)
...
005 (434.000.000) 06/04 16:08:40 Job terminated.
	(1) Normal termination (return value 0)
		Usr 0 00:08:57, Sys 0 00:00:07  -  Run Remote Usage
		Usr 0 00:00:00, Sys 0 00:00:00  -  Run Local Usage
		Usr 0 00:08:57, Sys 0 00:00:07  -  Total Remote Usage
		Usr 0 00:00:00, Sys 0 00:00:00  -  Total Local Usage
	0  -  Run Bytes Sent By Job
	0  -  Run Bytes Received By Job
	0  -  Total Bytes Sent By Job
	0  -  Total Bytes Received By Job
	Partitionable Resources :    Usage  Request Allocated
	   Cpus                 :                 1         1
	   Disk (KB)            :        1        1   3535214
	   Memory (MB)          :      458     1500      1500
...
000 (496.000.000) 06/05 16:10:32 Job submitted from host: <134.61.5.1:9618?addrs=134.61.5.1-9618+[--1]-9618&noUDP&sock=1924_484e_15>
...
007 (496.000.000) 06/05 16:12:19 Shadow exception!
	Error from slot1_2@lxcip55.physik.rwth-aachen.de: Failed to open '/.automount/home/home__home4/institut_1b/swuchterl/SUSYDileptonGamma/SplitTrees/logs/MuonEG_Run2016E-03Feb2017-v1_nTuple.root.out' as standard output: No such file or directory (errno 2)
	0  -  Run Bytes Sent By Job
	0  -  Run Bytes Received By Job
...
012 (496.000.000) 06/05 16:12:19 Job was held.
	Error from slot1_2@lxcip55.physik.rwth-aachen.de: Failed to open '/.automount/home/home__home4/institut_1b/swuchterl/SUSYDileptonGamma/SplitTrees/logs/MuonEG_Run2016E-03Feb2017-v1_nTuple.root.out' as standard output: No such file or directory (errno 2)
	Code 7 Subcode 2
...
013 (496.000.000) 06/05 18:20:44 Job was released.
	via condor_release (by user swuchterl)
...
001 (496.000.000) 06/05 18:20:47 Job executing on host: <134.61.17.186:9618?addrs=134.61.17.186-9618+[--1]-9618&noUDP&sock=4515_7e30_3>
...
006 (496.000.000) 06/05 18:20:55 Image size of job updated: 183576
	173  -  MemoryUsage of job (MB)
	176840  -  ResidentSetSize of job (KB)
...
006 (496.000.000) 06/05 18:25:55 Image size of job updated: 490136
	450  -  MemoryUsage of job (MB)
	459904  -  ResidentSetSize of job (KB)
...
005 (496.000.000) 06/05 18:37:17 Job terminated.
	(1) Normal termination (return value 0)
		Usr 0 00:09:05, Sys 0 00:00:11  -  Run Remote Usage
		Usr 0 00:00:00, Sys 0 00:00:00  -  Run Local Usage
		Usr 0 00:09:05, Sys 0 00:00:11  -  Total Remote Usage
		Usr 0 00:00:00, Sys 0 00:00:00  -  Total Local Usage
	0  -  Run Bytes Sent By Job
	0  -  Run Bytes Received By Job
	0  -  Total Bytes Sent By Job
	0  -  Total Bytes Received By Job
	Partitionable Resources :    Usage  Request Allocated
	   Cpus                 :                 1         1
	   Disk (KB)            :        1        1   1556473
	   Memory (MB)          :      450     1500      1500
...
000 (617.000.000) 06/06 15:35:09 Job submitted from host: <134.61.5.1:9618?addrs=134.61.5.1-9618+[--1]-9618&noUDP&sock=1924_484e_15>
...
001 (617.000.000) 06/06 15:35:32 Job executing on host: <134.61.15.78:9618?addrs=134.61.15.78-9618+[--1]-9618&noUDP&sock=1407_a9d7_3>
...
006 (617.000.000) 06/06 15:35:40 Image size of job updated: 215180
	170  -  MemoryUsage of job (MB)
	173832  -  ResidentSetSize of job (KB)
...
006 (617.000.000) 06/06 15:40:40 Image size of job updated: 557824
	485  -  MemoryUsage of job (MB)
	496088  -  ResidentSetSize of job (KB)
...
010 (617.000.000) 06/06 15:41:22 Job was suspended.
	Number of processes actually suspended: 3
...
004 (617.000.000) 06/06 15:53:45 Job was evicted.
	(0) Job was not checkpointed.
		Usr 0 00:04:02, Sys 0 00:00:11  -  Run Remote Usage
		Usr 0 00:00:00, Sys 0 00:00:00  -  Run Local Usage
	0  -  Run Bytes Sent By Job
	0  -  Run Bytes Received By Job
	Partitionable Resources :    Usage  Request Allocated
	   Cpus                 :                 1         1
	   Disk (KB)            :        1        1   3451361
	   Memory (MB)          :      485     1500      1500
...
012 (617.000.000) 06/06 15:53:45 Job was held.
	via condor_hold (by user swuchterl)
	Code 1 Subcode 0
...
013 (617.000.000) 06/06 15:54:13 Job was released.
	via condor_release (by user swuchterl)
...
001 (617.000.000) 06/06 15:54:15 Job executing on host: <134.61.13.27:9618?addrs=134.61.13.27-9618+[--1]-9618&noUDP&sock=1500_7426_18>
...
006 (617.000.000) 06/06 15:59:24 Image size of job updated: 750000
	496  -  MemoryUsage of job (MB)
	507652  -  ResidentSetSize of job (KB)
...
005 (617.000.000) 06/06 16:12:55 Job terminated.
	(1) Normal termination (return value 0)
		Usr 0 00:08:38, Sys 0 00:00:09  -  Run Remote Usage
		Usr 0 00:00:00, Sys 0 00:00:00  -  Run Local Usage
		Usr 0 00:08:38, Sys 0 00:00:09  -  Total Remote Usage
		Usr 0 00:00:00, Sys 0 00:00:00  -  Total Local Usage
	0  -  Run Bytes Sent By Job
	0  -  Run Bytes Received By Job
	0  -  Total Bytes Sent By Job
	0  -  Total Bytes Received By Job
	Partitionable Resources :    Usage  Request Allocated
	   Cpus                 :                 1         1
	   Disk (KB)            :        1        1    349909
	   Memory (MB)          :      496     1500      1500
...
