000 (311.000.000) 06/01 16:26:40 Job submitted from host: <134.61.5.1:9618?addrs=134.61.5.1-9618+[--1]-9618&noUDP&sock=1924_484e_15>
...
001 (311.000.000) 06/01 16:26:41 Job executing on host: <134.61.17.154:9618?addrs=134.61.17.154-9618+[--1]-9618&noUDP&sock=1513_5ee1_3>
...
006 (311.000.000) 06/01 16:26:50 Image size of job updated: 115360
	55  -  MemoryUsage of job (MB)
	55804  -  ResidentSetSize of job (KB)
...
006 (311.000.000) 06/01 16:31:51 Image size of job updated: 530944
	436  -  MemoryUsage of job (MB)
	446436  -  ResidentSetSize of job (KB)
...
006 (311.000.000) 06/01 16:39:57 Image size of job updated: 760636
	436  -  MemoryUsage of job (MB)
	446436  -  ResidentSetSize of job (KB)
...
005 (311.000.000) 06/01 16:39:57 Job terminated.
	(1) Normal termination (return value 0)
		Usr 0 00:01:22, Sys 0 00:00:03  -  Run Remote Usage
		Usr 0 00:00:00, Sys 0 00:00:00  -  Run Local Usage
		Usr 0 00:01:22, Sys 0 00:00:03  -  Total Remote Usage
		Usr 0 00:00:00, Sys 0 00:00:00  -  Total Local Usage
	0  -  Run Bytes Sent By Job
	0  -  Run Bytes Received By Job
	0  -  Total Bytes Sent By Job
	0  -  Total Bytes Received By Job
	Partitionable Resources :    Usage  Request Allocated
	   Cpus                 :                 1         1
	   Disk (KB)            :        1        1   3525819
	   Memory (MB)          :      436     1500      1500
...
000 (373.000.000) 06/04 11:40:25 Job submitted from host: <134.61.5.1:9618?addrs=134.61.5.1-9618+[--1]-9618&noUDP&sock=1924_484e_15>
...
001 (373.000.000) 06/04 11:40:46 Job executing on host: <134.61.17.186:9618?addrs=134.61.17.186-9618+[--1]-9618&noUDP&sock=4515_7e30_3>
...
006 (373.000.000) 06/04 11:40:54 Image size of job updated: 14992
	8  -  MemoryUsage of job (MB)
	8192  -  ResidentSetSize of job (KB)
...
006 (373.000.000) 06/04 11:45:54 Image size of job updated: 341796
	300  -  MemoryUsage of job (MB)
	306404  -  ResidentSetSize of job (KB)
...
010 (373.000.000) 06/04 11:47:31 Job was suspended.
	Number of processes actually suspended: 3
...
006 (373.000.000) 06/04 11:47:31 Image size of job updated: 343284
	301  -  MemoryUsage of job (MB)
	307976  -  ResidentSetSize of job (KB)
...
011 (373.000.000) 06/04 11:47:46 Job was unsuspended.
...
006 (373.000.000) 06/04 11:50:54 Image size of job updated: 343596
	302  -  MemoryUsage of job (MB)
	308288  -  ResidentSetSize of job (KB)
...
006 (373.000.000) 06/04 11:55:54 Image size of job updated: 343616
	302  -  MemoryUsage of job (MB)
	308308  -  ResidentSetSize of job (KB)
...
006 (373.000.000) 06/04 12:00:55 Image size of job updated: 345720
	304  -  MemoryUsage of job (MB)
	310412  -  ResidentSetSize of job (KB)
...
006 (373.000.000) 06/04 12:23:14 Image size of job updated: 630632
	304  -  MemoryUsage of job (MB)
	310412  -  ResidentSetSize of job (KB)
...
005 (373.000.000) 06/04 12:23:15 Job terminated.
	(1) Normal termination (return value 0)
		Usr 0 00:03:55, Sys 0 00:00:04  -  Run Remote Usage
		Usr 0 00:00:00, Sys 0 00:00:00  -  Run Local Usage
		Usr 0 00:03:55, Sys 0 00:00:04  -  Total Remote Usage
		Usr 0 00:00:00, Sys 0 00:00:00  -  Total Local Usage
	0  -  Run Bytes Sent By Job
	0  -  Run Bytes Received By Job
	0  -  Total Bytes Sent By Job
	0  -  Total Bytes Received By Job
	Partitionable Resources :    Usage  Request Allocated
	   Cpus                 :                 1         1
	   Disk (KB)            :        1        1   1556473
	   Memory (MB)          :      304     1500      1500
...
000 (435.000.000) 06/04 15:47:16 Job submitted from host: <134.61.5.1:9618?addrs=134.61.5.1-9618+[--1]-9618&noUDP&sock=1924_484e_15>
...
001 (435.000.000) 06/04 15:57:27 Job executing on host: <134.61.17.186:9618?addrs=134.61.17.186-9618+[--1]-9618&noUDP&sock=4515_7e30_3>
...
006 (435.000.000) 06/04 15:57:35 Image size of job updated: 76588
	66  -  MemoryUsage of job (MB)
	67488  -  ResidentSetSize of job (KB)
...
006 (435.000.000) 06/04 16:02:35 Image size of job updated: 477404
	432  -  MemoryUsage of job (MB)
	441400  -  ResidentSetSize of job (KB)
...
006 (435.000.000) 06/04 16:07:36 Image size of job updated: 479548
	432  -  MemoryUsage of job (MB)
	441400  -  ResidentSetSize of job (KB)
...
005 (435.000.000) 06/04 16:08:31 Job terminated.
	(1) Normal termination (return value 0)
		Usr 0 00:08:50, Sys 0 00:00:12  -  Run Remote Usage
		Usr 0 00:00:00, Sys 0 00:00:00  -  Run Local Usage
		Usr 0 00:08:50, Sys 0 00:00:12  -  Total Remote Usage
		Usr 0 00:00:00, Sys 0 00:00:00  -  Total Local Usage
	0  -  Run Bytes Sent By Job
	0  -  Run Bytes Received By Job
	0  -  Total Bytes Sent By Job
	0  -  Total Bytes Received By Job
	Partitionable Resources :    Usage  Request Allocated
	   Cpus                 :                 1         1
	   Disk (KB)            :        1        1   1556473
	   Memory (MB)          :      432     1500      1500
...
000 (497.000.000) 06/05 16:10:32 Job submitted from host: <134.61.5.1:9618?addrs=134.61.5.1-9618+[--1]-9618&noUDP&sock=1924_484e_15>
...
001 (497.000.000) 06/05 16:12:19 Job executing on host: <134.61.17.103:9618?addrs=134.61.17.103-9618+[--1]-9618&noUDP&sock=1842_098a_3>
...
006 (497.000.000) 06/05 16:12:28 Image size of job updated: 3092
	3  -  MemoryUsage of job (MB)
	2632  -  ResidentSetSize of job (KB)
...
006 (497.000.000) 06/05 16:17:29 Image size of job updated: 471800
	452  -  MemoryUsage of job (MB)
	462272  -  ResidentSetSize of job (KB)
...
006 (497.000.000) 06/05 16:22:30 Image size of job updated: 504032
	452  -  MemoryUsage of job (MB)
	462272  -  ResidentSetSize of job (KB)
...
005 (497.000.000) 06/05 16:25:59 Job terminated.
	(1) Normal termination (return value 0)
		Usr 0 00:07:06, Sys 0 00:00:09  -  Run Remote Usage
		Usr 0 00:00:00, Sys 0 00:00:00  -  Run Local Usage
		Usr 0 00:07:06, Sys 0 00:00:09  -  Total Remote Usage
		Usr 0 00:00:00, Sys 0 00:00:00  -  Total Local Usage
	0  -  Run Bytes Sent By Job
	0  -  Run Bytes Received By Job
	0  -  Total Bytes Sent By Job
	0  -  Total Bytes Received By Job
	Partitionable Resources :    Usage  Request Allocated
	   Cpus                 :                 1         1
	   Disk (KB)            :        1        1   1137727
	   Memory (MB)          :      452     1500      1500
...
000 (618.000.000) 06/06 15:35:10 Job submitted from host: <134.61.5.1:9618?addrs=134.61.5.1-9618+[--1]-9618&noUDP&sock=1924_484e_15>
...
001 (618.000.000) 06/06 15:35:32 Job executing on host: <134.61.15.78:9618?addrs=134.61.15.78-9618+[--1]-9618&noUDP&sock=1407_a9d7_3>
...
006 (618.000.000) 06/06 15:35:40 Image size of job updated: 207780
	167  -  MemoryUsage of job (MB)
	170392  -  ResidentSetSize of job (KB)
...
006 (618.000.000) 06/06 15:40:40 Image size of job updated: 534572
	469  -  MemoryUsage of job (MB)
	479744  -  ResidentSetSize of job (KB)
...
010 (618.000.000) 06/06 15:41:22 Job was suspended.
	Number of processes actually suspended: 3
...
004 (618.000.000) 06/06 15:53:48 Job was evicted.
	(0) Job was not checkpointed.
		Usr 0 00:04:06, Sys 0 00:00:04  -  Run Remote Usage
		Usr 0 00:00:00, Sys 0 00:00:00  -  Run Local Usage
	0  -  Run Bytes Sent By Job
	0  -  Run Bytes Received By Job
	Partitionable Resources :    Usage  Request Allocated
	   Cpus                 :                 1         1
	   Disk (KB)            :        1        1   3451361
	   Memory (MB)          :      469     1500      1500
...
012 (618.000.000) 06/06 15:53:48 Job was held.
	via condor_hold (by user swuchterl)
	Code 1 Subcode 0
...
013 (618.000.000) 06/06 15:54:13 Job was released.
	via condor_release (by user swuchterl)
...
001 (618.000.000) 06/06 15:54:15 Job executing on host: <134.61.17.187:9618?addrs=134.61.17.187-9618+[--1]-9618&noUDP&sock=4493_671b_3>
...
005 (618.000.000) 06/06 16:08:52 Job terminated.
	(1) Normal termination (return value 0)
		Usr 0 00:06:50, Sys 0 00:00:08  -  Run Remote Usage
		Usr 0 00:00:00, Sys 0 00:00:00  -  Run Local Usage
		Usr 0 00:06:50, Sys 0 00:00:08  -  Total Remote Usage
		Usr 0 00:00:00, Sys 0 00:00:00  -  Total Local Usage
	0  -  Run Bytes Sent By Job
	0  -  Run Bytes Received By Job
	0  -  Total Bytes Sent By Job
	0  -  Total Bytes Received By Job
	Partitionable Resources :    Usage  Request Allocated
	   Cpus                 :                 1         1
	   Disk (KB)            :        1        1   1556473
	   Memory (MB)          :      489     1500      1500
...
