000 (314.000.000) 06/01 16:26:41 Job submitted from host: <134.61.5.1:9618?addrs=134.61.5.1-9618+[--1]-9618&noUDP&sock=1924_484e_15>
...
001 (314.000.000) 06/01 16:27:02 Job executing on host: <134.61.13.55:9618?addrs=134.61.13.55-9618+[--1]-9618&noUDP&sock=1465_7255_3>
...
006 (314.000.000) 06/01 16:27:10 Image size of job updated: 59476
	44  -  MemoryUsage of job (MB)
	44224  -  ResidentSetSize of job (KB)
...
005 (314.000.000) 06/01 16:28:35 Job terminated.
	(1) Normal termination (return value 0)
		Usr 0 00:00:28, Sys 0 00:00:01  -  Run Remote Usage
		Usr 0 00:00:00, Sys 0 00:00:00  -  Run Local Usage
		Usr 0 00:00:28, Sys 0 00:00:01  -  Total Remote Usage
		Usr 0 00:00:00, Sys 0 00:00:00  -  Total Local Usage
	0  -  Run Bytes Sent By Job
	0  -  Run Bytes Received By Job
	0  -  Total Bytes Sent By Job
	0  -  Total Bytes Received By Job
	Partitionable Resources :    Usage  Request Allocated
	   Cpus                 :                 1         1
	   Disk (KB)            :        1        1  17962996
	   Memory (MB)          :       44     1500      1500
...
000 (376.000.000) 06/04 11:40:26 Job submitted from host: <134.61.5.1:9618?addrs=134.61.5.1-9618+[--1]-9618&noUDP&sock=1924_484e_15>
...
001 (376.000.000) 06/04 11:40:46 Job executing on host: <134.61.17.166:9618?addrs=134.61.17.166-9618+[--1]-9618&noUDP&sock=5054_33bc_3>
...
006 (376.000.000) 06/04 11:40:54 Image size of job updated: 13912
	8  -  MemoryUsage of job (MB)
	7876  -  ResidentSetSize of job (KB)
...
006 (376.000.000) 06/04 11:45:17 Image size of job updated: 49376
	8  -  MemoryUsage of job (MB)
	7896  -  ResidentSetSize of job (KB)
...
005 (376.000.000) 06/04 11:45:18 Job terminated.
	(1) Normal termination (return value 0)
		Usr 0 00:00:19, Sys 0 00:00:01  -  Run Remote Usage
		Usr 0 00:00:00, Sys 0 00:00:00  -  Run Local Usage
		Usr 0 00:00:19, Sys 0 00:00:01  -  Total Remote Usage
		Usr 0 00:00:00, Sys 0 00:00:00  -  Total Local Usage
	0  -  Run Bytes Sent By Job
	0  -  Run Bytes Received By Job
	0  -  Total Bytes Sent By Job
	0  -  Total Bytes Received By Job
	Partitionable Resources :    Usage  Request Allocated
	   Cpus                 :                 1         1
	   Disk (KB)            :        1        1   1556473
	   Memory (MB)          :        8     1500      1500
...
000 (438.000.000) 06/04 15:47:16 Job submitted from host: <134.61.5.1:9618?addrs=134.61.5.1-9618+[--1]-9618&noUDP&sock=1924_484e_15>
...
001 (438.000.000) 06/04 16:08:26 Job executing on host: <134.61.17.146:9618?addrs=134.61.17.146-9618+[--1]-9618&noUDP&sock=1597_fcd6_11>
...
006 (438.000.000) 06/04 16:08:35 Image size of job updated: 99132
	58  -  MemoryUsage of job (MB)
	58788  -  ResidentSetSize of job (KB)
...
006 (438.000.000) 06/04 16:09:05 Image size of job updated: 358656
	58  -  MemoryUsage of job (MB)
	58804  -  ResidentSetSize of job (KB)
...
005 (438.000.000) 06/04 16:09:05 Job terminated.
	(1) Normal termination (return value 0)
		Usr 0 00:00:26, Sys 0 00:00:02  -  Run Remote Usage
		Usr 0 00:00:00, Sys 0 00:00:00  -  Run Local Usage
		Usr 0 00:00:26, Sys 0 00:00:02  -  Total Remote Usage
		Usr 0 00:00:00, Sys 0 00:00:00  -  Total Local Usage
	0  -  Run Bytes Sent By Job
	0  -  Run Bytes Received By Job
	0  -  Total Bytes Sent By Job
	0  -  Total Bytes Received By Job
	Partitionable Resources :    Usage  Request Allocated
	   Cpus                 :                 1         1
	   Disk (KB)            :        1        1   1138300
	   Memory (MB)          :       58     1500      1500
...
000 (500.000.000) 06/05 16:10:32 Job submitted from host: <134.61.5.1:9618?addrs=134.61.5.1-9618+[--1]-9618&noUDP&sock=1924_484e_15>
...
007 (500.000.000) 06/05 16:12:19 Shadow exception!
	Error from slot1_4@lxcip55.physik.rwth-aachen.de: Failed to open '/.automount/home/home__home4/institut_1b/swuchterl/SUSYDileptonGamma/SplitTrees/logs/MuonEG_Run2016H-03Feb2017_ver3-v1_nTuple.root.out' as standard output: No such file or directory (errno 2)
	0  -  Run Bytes Sent By Job
	0  -  Run Bytes Received By Job
...
012 (500.000.000) 06/05 16:12:19 Job was held.
	Error from slot1_4@lxcip55.physik.rwth-aachen.de: Failed to open '/.automount/home/home__home4/institut_1b/swuchterl/SUSYDileptonGamma/SplitTrees/logs/MuonEG_Run2016H-03Feb2017_ver3-v1_nTuple.root.out' as standard output: No such file or directory (errno 2)
	Code 7 Subcode 2
...
013 (500.000.000) 06/05 18:20:54 Job was released.
	via condor_release (by user swuchterl)
...
001 (500.000.000) 06/05 18:21:08 Job executing on host: <134.61.5.11:9618?addrs=134.61.5.11-9618+[--1]-9618&noUDP&sock=1517_1d42_3>
...
006 (500.000.000) 06/05 18:21:16 Image size of job updated: 67664
	58  -  MemoryUsage of job (MB)
	59284  -  ResidentSetSize of job (KB)
...
006 (500.000.000) 06/05 18:21:47 Image size of job updated: 285700
	58  -  MemoryUsage of job (MB)
	59284  -  ResidentSetSize of job (KB)
...
005 (500.000.000) 06/05 18:21:47 Job terminated.
	(1) Normal termination (return value 0)
		Usr 0 00:00:17, Sys 0 00:00:01  -  Run Remote Usage
		Usr 0 00:00:00, Sys 0 00:00:00  -  Run Local Usage
		Usr 0 00:00:17, Sys 0 00:00:01  -  Total Remote Usage
		Usr 0 00:00:00, Sys 0 00:00:00  -  Total Local Usage
	0  -  Run Bytes Sent By Job
	0  -  Run Bytes Received By Job
	0  -  Total Bytes Sent By Job
	0  -  Total Bytes Received By Job
	Partitionable Resources :    Usage  Request Allocated
	   Cpus                 :                 1         1
	   Disk (KB)            :        1        1  17595592
	   Memory (MB)          :       58     1500      1500
...
000 (621.000.000) 06/06 15:35:10 Job submitted from host: <134.61.5.1:9618?addrs=134.61.5.1-9618+[--1]-9618&noUDP&sock=1924_484e_15>
...
001 (621.000.000) 06/06 15:37:31 Job executing on host: <134.61.17.100:9618?addrs=134.61.17.100-9618+[--1]-9618&noUDP&sock=1718_fbcb_3>
...
006 (621.000.000) 06/06 15:37:39 Image size of job updated: 9032
	8  -  MemoryUsage of job (MB)
	7312  -  ResidentSetSize of job (KB)
...
005 (621.000.000) 06/06 15:38:28 Job terminated.
	(1) Normal termination (return value 0)
		Usr 0 00:00:26, Sys 0 00:00:01  -  Run Remote Usage
		Usr 0 00:00:00, Sys 0 00:00:00  -  Run Local Usage
		Usr 0 00:00:26, Sys 0 00:00:01  -  Total Remote Usage
		Usr 0 00:00:00, Sys 0 00:00:00  -  Total Local Usage
	0  -  Run Bytes Sent By Job
	0  -  Run Bytes Received By Job
	0  -  Total Bytes Sent By Job
	0  -  Total Bytes Received By Job
	Partitionable Resources :    Usage  Request Allocated
	   Cpus                 :                 1         1
	   Disk (KB)            :        1        1   1128882
	   Memory (MB)          :        8     1500      1500
...
