000 (307.000.000) 06/01 16:26:40 Job submitted from host: <134.61.5.1:9618?addrs=134.61.5.1-9618+[--1]-9618&noUDP&sock=1924_484e_15>
...
001 (307.000.000) 06/01 16:26:41 Job executing on host: <134.61.5.24:9618?addrs=134.61.5.24-9618+[--1]-9618&noUDP&sock=1801_ea28_3>
...
006 (307.000.000) 06/01 16:26:50 Image size of job updated: 318192
	276  -  MemoryUsage of job (MB)
	282388  -  ResidentSetSize of job (KB)
...
006 (307.000.000) 06/01 16:31:51 Image size of job updated: 461884
	416  -  MemoryUsage of job (MB)
	425048  -  ResidentSetSize of job (KB)
...
010 (307.000.000) 06/01 16:49:11 Job was suspended.
	Number of processes actually suspended: 0
...
011 (307.000.000) 06/01 16:49:26 Job was unsuspended.
...
010 (307.000.000) 06/01 16:50:31 Job was suspended.
	Number of processes actually suspended: 0
...
011 (307.000.000) 06/01 16:51:17 Job was unsuspended.
...
005 (307.000.000) 06/01 16:52:26 Job terminated.
	(1) Normal termination (return value 0)
		Usr 0 00:02:31, Sys 0 00:00:02  -  Run Remote Usage
		Usr 0 00:00:00, Sys 0 00:00:00  -  Run Local Usage
		Usr 0 00:02:31, Sys 0 00:00:02  -  Total Remote Usage
		Usr 0 00:00:00, Sys 0 00:00:00  -  Total Local Usage
	0  -  Run Bytes Sent By Job
	0  -  Run Bytes Received By Job
	0  -  Total Bytes Sent By Job
	0  -  Total Bytes Received By Job
	Partitionable Resources :    Usage  Request Allocated
	   Cpus                 :                 1         1
	   Disk (KB)            :        1        1   3541736
	   Memory (MB)          :      416     1500      1500
...
000 (369.000.000) 06/04 11:40:07 Job submitted from host: <134.61.5.1:9618?addrs=134.61.5.1-9618+[--1]-9618&noUDP&sock=1924_484e_15>
...
001 (369.000.000) 06/04 11:40:25 Job executing on host: <134.61.5.37:9618?addrs=134.61.5.37-9618+[--1]-9618&noUDP&sock=1501_23be_3>
...
006 (369.000.000) 06/04 11:40:34 Image size of job updated: 20488
	9  -  MemoryUsage of job (MB)
	8460  -  ResidentSetSize of job (KB)
...
006 (369.000.000) 06/04 11:45:34 Image size of job updated: 368376
	289  -  MemoryUsage of job (MB)
	295800  -  ResidentSetSize of job (KB)
...
006 (369.000.000) 06/04 11:50:34 Image size of job updated: 368376
	289  -  MemoryUsage of job (MB)
	295848  -  ResidentSetSize of job (KB)
...
006 (369.000.000) 06/04 12:00:36 Image size of job updated: 368376
	289  -  MemoryUsage of job (MB)
	295852  -  ResidentSetSize of job (KB)
...
010 (369.000.000) 06/04 12:30:25 Job was suspended.
	Number of processes actually suspended: 3
...
004 (369.000.000) 06/04 13:33:06 Job was evicted.
	(0) Job was not checkpointed.
		Usr 0 00:07:13, Sys 0 00:00:08  -  Run Remote Usage
		Usr 0 00:00:00, Sys 0 00:00:00  -  Run Local Usage
	0  -  Run Bytes Sent By Job
	0  -  Run Bytes Received By Job
	Partitionable Resources :    Usage  Request Allocated
	   Cpus                 :                 1         1
	   Disk (KB)            :        1        1   1138290
	   Memory (MB)          :      289     1500      1500
...
012 (369.000.000) 06/04 13:33:06 Job was held.
	via condor_hold (by user swuchterl)
	Code 1 Subcode 0
...
013 (369.000.000) 06/04 13:33:12 Job was released.
	via condor_release (by user swuchterl)
...
001 (369.000.000) 06/04 13:38:21 Job executing on host: <134.61.17.170:9618?addrs=134.61.17.170-9618+[--1]-9618&noUDP&sock=5348_dc95_3>
...
006 (369.000.000) 06/04 13:43:31 Image size of job updated: 380176
	293  -  MemoryUsage of job (MB)
	300000  -  ResidentSetSize of job (KB)
...
004 (369.000.000) 06/04 13:47:48 Job was evicted.
	(0) Job was not checkpointed.
		Usr 0 00:06:32, Sys 0 00:00:06  -  Run Remote Usage
		Usr 0 00:00:00, Sys 0 00:00:00  -  Run Local Usage
	0  -  Run Bytes Sent By Job
	0  -  Run Bytes Received By Job
	Partitionable Resources :    Usage  Request Allocated
	   Cpus                 :                 1         1
	   Disk (KB)            :        1        1   1556473
	   Memory (MB)          :      293     1500      1500
...
009 (369.000.000) 06/04 13:47:48 Job was aborted by the user.
	via condor_rm (by user swuchterl)
...
000 (431.000.000) 06/04 15:47:15 Job submitted from host: <134.61.5.1:9618?addrs=134.61.5.1-9618+[--1]-9618&noUDP&sock=1924_484e_15>
...
001 (431.000.000) 06/04 15:47:16 Job executing on host: <134.61.15.31:9618?addrs=134.61.15.31-9618+[--1]-9618&noUDP&sock=1477_ad78_3>
...
006 (431.000.000) 06/04 15:47:25 Image size of job updated: 141340
	65  -  MemoryUsage of job (MB)
	66520  -  ResidentSetSize of job (KB)
...
010 (431.000.000) 06/04 15:50:41 Job was suspended.
	Number of processes actually suspended: 3
...
006 (431.000.000) 06/04 15:50:41 Image size of job updated: 519080
	425  -  MemoryUsage of job (MB)
	434556  -  ResidentSetSize of job (KB)
...
011 (431.000.000) 06/04 15:50:56 Job was unsuspended.
...
006 (431.000.000) 06/04 15:57:26 Image size of job updated: 519084
	425  -  MemoryUsage of job (MB)
	434556  -  ResidentSetSize of job (KB)
...
005 (431.000.000) 06/04 16:09:54 Job terminated.
	(1) Normal termination (return value 0)
		Usr 0 00:13:04, Sys 0 00:00:13  -  Run Remote Usage
		Usr 0 00:00:00, Sys 0 00:00:00  -  Run Local Usage
		Usr 0 00:13:04, Sys 0 00:00:13  -  Total Remote Usage
		Usr 0 00:00:00, Sys 0 00:00:00  -  Total Local Usage
	0  -  Run Bytes Sent By Job
	0  -  Run Bytes Received By Job
	0  -  Total Bytes Sent By Job
	0  -  Total Bytes Received By Job
	Partitionable Resources :    Usage  Request Allocated
	   Cpus                 :                 1         1
	   Disk (KB)            :        1        1   1540760
	   Memory (MB)          :      425     1500      1500
...
000 (493.000.000) 06/05 16:10:31 Job submitted from host: <134.61.5.1:9618?addrs=134.61.5.1-9618+[--1]-9618&noUDP&sock=1924_484e_15>
...
001 (493.000.000) 06/05 16:12:19 Job executing on host: <134.61.17.103:9618?addrs=134.61.17.103-9618+[--1]-9618&noUDP&sock=1842_098a_3>
...
006 (493.000.000) 06/05 16:12:28 Image size of job updated: 2740
	3  -  MemoryUsage of job (MB)
	2636  -  ResidentSetSize of job (KB)
...
006 (493.000.000) 06/05 16:17:29 Image size of job updated: 440472
	425  -  MemoryUsage of job (MB)
	434300  -  ResidentSetSize of job (KB)
...
006 (493.000.000) 06/05 16:27:29 Image size of job updated: 441740
	425  -  MemoryUsage of job (MB)
	434300  -  ResidentSetSize of job (KB)
...
006 (493.000.000) 06/05 16:32:31 Image size of job updated: 446032
	425  -  MemoryUsage of job (MB)
	434300  -  ResidentSetSize of job (KB)
...
005 (493.000.000) 06/05 16:35:56 Job terminated.
	(1) Normal termination (return value 0)
		Usr 0 00:13:07, Sys 0 00:00:14  -  Run Remote Usage
		Usr 0 00:00:00, Sys 0 00:00:00  -  Run Local Usage
		Usr 0 00:13:07, Sys 0 00:00:14  -  Total Remote Usage
		Usr 0 00:00:00, Sys 0 00:00:00  -  Total Local Usage
	0  -  Run Bytes Sent By Job
	0  -  Run Bytes Received By Job
	0  -  Total Bytes Sent By Job
	0  -  Total Bytes Received By Job
	Partitionable Resources :    Usage  Request Allocated
	   Cpus                 :                 1         1
	   Disk (KB)            :        1        1   1137727
	   Memory (MB)          :      425     1500      1500
...
000 (614.000.000) 06/06 15:35:09 Job submitted from host: <134.61.5.1:9618?addrs=134.61.5.1-9618+[--1]-9618&noUDP&sock=1924_484e_15>
...
001 (614.000.000) 06/06 15:35:10 Job executing on host: <134.61.15.48:9618?addrs=134.61.15.48-9618+[--1]-9618&noUDP&sock=1427_61bc_35>
...
006 (614.000.000) 06/06 15:35:19 Image size of job updated: 13988
	7  -  MemoryUsage of job (MB)
	6328  -  ResidentSetSize of job (KB)
...
006 (614.000.000) 06/06 15:40:20 Image size of job updated: 457568
	405  -  MemoryUsage of job (MB)
	414132  -  ResidentSetSize of job (KB)
...
010 (614.000.000) 06/06 15:45:23 Job was suspended.
	Number of processes actually suspended: 3
...
011 (614.000.000) 06/06 15:45:38 Job was unsuspended.
...
010 (614.000.000) 06/06 15:50:04 Job was suspended.
	Number of processes actually suspended: 3
...
011 (614.000.000) 06/06 15:51:34 Job was unsuspended.
...
010 (614.000.000) 06/06 15:52:29 Job was suspended.
	Number of processes actually suspended: 3
...
011 (614.000.000) 06/06 15:54:51 Job was unsuspended.
...
010 (614.000.000) 06/06 15:55:01 Job was suspended.
	Number of processes actually suspended: 3
...
011 (614.000.000) 06/06 15:55:21 Job was unsuspended.
...
010 (614.000.000) 06/06 16:08:43 Job was suspended.
	Number of processes actually suspended: 3
...
011 (614.000.000) 06/06 16:09:23 Job was unsuspended.
...
006 (614.000.000) 06/06 16:10:48 Image size of job updated: 756760
	405  -  MemoryUsage of job (MB)
	414132  -  ResidentSetSize of job (KB)
...
005 (614.000.000) 06/06 16:10:48 Job terminated.
	(1) Normal termination (return value 0)
		Usr 0 00:13:55, Sys 0 00:00:15  -  Run Remote Usage
		Usr 0 00:00:00, Sys 0 00:00:00  -  Run Local Usage
		Usr 0 00:13:55, Sys 0 00:00:15  -  Total Remote Usage
		Usr 0 00:00:00, Sys 0 00:00:00  -  Total Local Usage
	0  -  Run Bytes Sent By Job
	0  -  Run Bytes Received By Job
	0  -  Total Bytes Sent By Job
	0  -  Total Bytes Received By Job
	Partitionable Resources :    Usage  Request Allocated
	   Cpus                 :                 1         1
	   Disk (KB)            :        1        1    230100
	   Memory (MB)          :      405     1500      1500
...
