000 (312.000.000) 06/01 16:26:41 Job submitted from host: <134.61.5.1:9618?addrs=134.61.5.1-9618+[--1]-9618&noUDP&sock=1924_484e_15>
...
001 (312.000.000) 06/01 16:26:41 Job executing on host: <134.61.17.149:9618?addrs=134.61.17.149-9618+[--1]-9618&noUDP&sock=166122_73fa_3>
...
006 (312.000.000) 06/01 16:26:50 Image size of job updated: 5252
	4  -  MemoryUsage of job (MB)
	3960  -  ResidentSetSize of job (KB)
...
010 (312.000.000) 06/01 16:27:30 Job was suspended.
	Number of processes actually suspended: 3
...
006 (312.000.000) 06/01 16:27:30 Image size of job updated: 435028
	343  -  MemoryUsage of job (MB)
	350428  -  ResidentSetSize of job (KB)
...
011 (312.000.000) 06/01 16:29:00 Job was unsuspended.
...
010 (312.000.000) 06/01 16:31:50 Job was suspended.
	Number of processes actually suspended: 3
...
006 (312.000.000) 06/01 16:31:50 Image size of job updated: 561944
	467  -  MemoryUsage of job (MB)
	477324  -  ResidentSetSize of job (KB)
...
011 (312.000.000) 06/01 16:32:15 Job was unsuspended.
...
006 (312.000.000) 06/01 16:36:52 Image size of job updated: 561984
	467  -  MemoryUsage of job (MB)
	477364  -  ResidentSetSize of job (KB)
...
005 (312.000.000) 06/01 16:58:57 Job terminated.
	(1) Normal termination (return value 0)
		Usr 0 00:02:11, Sys 0 00:00:03  -  Run Remote Usage
		Usr 0 00:00:00, Sys 0 00:00:00  -  Run Local Usage
		Usr 0 00:02:11, Sys 0 00:00:03  -  Total Remote Usage
		Usr 0 00:00:00, Sys 0 00:00:00  -  Total Local Usage
	0  -  Run Bytes Sent By Job
	0  -  Run Bytes Received By Job
	0  -  Total Bytes Sent By Job
	0  -  Total Bytes Received By Job
	Partitionable Resources :    Usage  Request Allocated
	   Cpus                 :                 1         1
	   Disk (KB)            :        1        1   3514320
	   Memory (MB)          :      467     1500      1500
...
000 (374.000.000) 06/04 11:40:25 Job submitted from host: <134.61.5.1:9618?addrs=134.61.5.1-9618+[--1]-9618&noUDP&sock=1924_484e_15>
...
001 (374.000.000) 06/04 11:40:46 Job executing on host: <134.61.17.164:9618?addrs=134.61.17.164-9618+[--1]-9618&noUDP&sock=4981_2153_3>
...
006 (374.000.000) 06/04 11:40:54 Image size of job updated: 16368
	9  -  MemoryUsage of job (MB)
	8884  -  ResidentSetSize of job (KB)
...
006 (374.000.000) 06/04 11:45:54 Image size of job updated: 387532
	327  -  MemoryUsage of job (MB)
	334480  -  ResidentSetSize of job (KB)
...
006 (374.000.000) 06/04 11:50:54 Image size of job updated: 387632
	327  -  MemoryUsage of job (MB)
	334580  -  ResidentSetSize of job (KB)
...
006 (374.000.000) 06/04 11:55:55 Image size of job updated: 387900
	327  -  MemoryUsage of job (MB)
	334848  -  ResidentSetSize of job (KB)
...
006 (374.000.000) 06/04 12:00:55 Image size of job updated: 387904
	328  -  MemoryUsage of job (MB)
	334852  -  ResidentSetSize of job (KB)
...
006 (374.000.000) 06/04 12:15:57 Image size of job updated: 387908
	328  -  MemoryUsage of job (MB)
	334856  -  ResidentSetSize of job (KB)
...
006 (374.000.000) 06/04 12:20:57 Image size of job updated: 388272
	328  -  MemoryUsage of job (MB)
	335220  -  ResidentSetSize of job (KB)
...
006 (374.000.000) 06/04 12:30:59 Image size of job updated: 389084
	328  -  MemoryUsage of job (MB)
	335220  -  ResidentSetSize of job (KB)
...
006 (374.000.000) 06/04 12:56:01 Image size of job updated: 389120
	328  -  MemoryUsage of job (MB)
	335220  -  ResidentSetSize of job (KB)
...
005 (374.000.000) 06/04 12:56:59 Job terminated.
	(1) Normal termination (return value 0)
		Usr 0 00:07:56, Sys 0 00:00:07  -  Run Remote Usage
		Usr 0 00:00:00, Sys 0 00:00:00  -  Run Local Usage
		Usr 0 00:07:56, Sys 0 00:00:07  -  Total Remote Usage
		Usr 0 00:00:00, Sys 0 00:00:00  -  Total Local Usage
	0  -  Run Bytes Sent By Job
	0  -  Run Bytes Received By Job
	0  -  Total Bytes Sent By Job
	0  -  Total Bytes Received By Job
	Partitionable Resources :    Usage  Request Allocated
	   Cpus                 :                 1         1
	   Disk (KB)            :        1        1   1556473
	   Memory (MB)          :      328     1500      1500
...
000 (436.000.000) 06/04 15:47:16 Job submitted from host: <134.61.5.1:9618?addrs=134.61.5.1-9618+[--1]-9618&noUDP&sock=1924_484e_15>
...
001 (436.000.000) 06/04 15:57:27 Job executing on host: <134.61.17.186:9618?addrs=134.61.17.186-9618+[--1]-9618&noUDP&sock=4515_7e30_3>
...
006 (436.000.000) 06/04 15:57:36 Image size of job updated: 129916
	91  -  MemoryUsage of job (MB)
	92580  -  ResidentSetSize of job (KB)
...
006 (436.000.000) 06/04 16:02:37 Image size of job updated: 532316
	438  -  MemoryUsage of job (MB)
	447744  -  ResidentSetSize of job (KB)
...
006 (436.000.000) 06/04 16:07:38 Image size of job updated: 539600
	438  -  MemoryUsage of job (MB)
	447744  -  ResidentSetSize of job (KB)
...
005 (436.000.000) 06/04 16:16:42 Job terminated.
	(1) Normal termination (return value 0)
		Usr 0 00:15:09, Sys 0 00:00:20  -  Run Remote Usage
		Usr 0 00:00:00, Sys 0 00:00:00  -  Run Local Usage
		Usr 0 00:15:09, Sys 0 00:00:20  -  Total Remote Usage
		Usr 0 00:00:00, Sys 0 00:00:00  -  Total Local Usage
	0  -  Run Bytes Sent By Job
	0  -  Run Bytes Received By Job
	0  -  Total Bytes Sent By Job
	0  -  Total Bytes Received By Job
	Partitionable Resources :    Usage  Request Allocated
	   Cpus                 :                 1         1
	   Disk (KB)            :        1        1   1556473
	   Memory (MB)          :      438     1500      1500
...
000 (498.000.000) 06/05 16:10:32 Job submitted from host: <134.61.5.1:9618?addrs=134.61.5.1-9618+[--1]-9618&noUDP&sock=1924_484e_15>
...
007 (498.000.000) 06/05 16:12:19 Shadow exception!
	Error from slot1_3@lxcip55.physik.rwth-aachen.de: Failed to open '/.automount/home/home__home4/institut_1b/swuchterl/SUSYDileptonGamma/SplitTrees/logs/MuonEG_Run2016G-03Feb2017-v1_nTuple.root.out' as standard output: No such file or directory (errno 2)
	0  -  Run Bytes Sent By Job
	0  -  Run Bytes Received By Job
...
012 (498.000.000) 06/05 16:12:19 Job was held.
	Error from slot1_3@lxcip55.physik.rwth-aachen.de: Failed to open '/.automount/home/home__home4/institut_1b/swuchterl/SUSYDileptonGamma/SplitTrees/logs/MuonEG_Run2016G-03Feb2017-v1_nTuple.root.out' as standard output: No such file or directory (errno 2)
	Code 7 Subcode 2
...
013 (498.000.000) 06/05 18:20:48 Job was released.
	via condor_release (by user swuchterl)
...
001 (498.000.000) 06/05 18:21:08 Job executing on host: <134.61.17.174:9618?addrs=134.61.17.174-9618+[--1]-9618&noUDP&sock=4847_37a2_3>
...
006 (498.000.000) 06/05 18:21:16 Image size of job updated: 157956
	97  -  MemoryUsage of job (MB)
	99112  -  ResidentSetSize of job (KB)
...
006 (498.000.000) 06/05 18:26:16 Image size of job updated: 565764
	470  -  MemoryUsage of job (MB)
	481200  -  ResidentSetSize of job (KB)
...
005 (498.000.000) 06/05 18:44:31 Job terminated.
	(1) Normal termination (return value 0)
		Usr 0 00:14:39, Sys 0 00:00:25  -  Run Remote Usage
		Usr 0 00:00:00, Sys 0 00:00:00  -  Run Local Usage
		Usr 0 00:14:39, Sys 0 00:00:25  -  Total Remote Usage
		Usr 0 00:00:00, Sys 0 00:00:00  -  Total Local Usage
	0  -  Run Bytes Sent By Job
	0  -  Run Bytes Received By Job
	0  -  Total Bytes Sent By Job
	0  -  Total Bytes Received By Job
	Partitionable Resources :    Usage  Request Allocated
	   Cpus                 :                 1         1
	   Disk (KB)            :        1        1   1556473
	   Memory (MB)          :      470     1500      1500
...
000 (619.000.000) 06/06 15:35:10 Job submitted from host: <134.61.5.1:9618?addrs=134.61.5.1-9618+[--1]-9618&noUDP&sock=1924_484e_15>
...
001 (619.000.000) 06/06 15:36:31 Job executing on host: <134.61.17.179:9618?addrs=134.61.17.179-9618+[--1]-9618&noUDP&sock=5001_d938_3>
...
006 (619.000.000) 06/06 15:36:40 Image size of job updated: 17336
	7  -  MemoryUsage of job (MB)
	7100  -  ResidentSetSize of job (KB)
...
006 (619.000.000) 06/06 15:41:41 Image size of job updated: 550132
	455  -  MemoryUsage of job (MB)
	465564  -  ResidentSetSize of job (KB)
...
006 (619.000.000) 06/06 15:46:41 Image size of job updated: 566664
	471  -  MemoryUsage of job (MB)
	482096  -  ResidentSetSize of job (KB)
...
010 (619.000.000) 06/06 16:31:07 Job was suspended.
	Number of processes actually suspended: 3
...
011 (619.000.000) 06/06 16:31:22 Job was unsuspended.
...
005 (619.000.000) 06/06 17:01:51 Job terminated.
	(1) Normal termination (return value 0)
		Usr 0 01:10:21, Sys 0 00:02:35  -  Run Remote Usage
		Usr 0 00:00:00, Sys 0 00:00:00  -  Run Local Usage
		Usr 0 01:10:21, Sys 0 00:02:35  -  Total Remote Usage
		Usr 0 00:00:00, Sys 0 00:00:00  -  Total Local Usage
	0  -  Run Bytes Sent By Job
	0  -  Run Bytes Received By Job
	0  -  Total Bytes Sent By Job
	0  -  Total Bytes Received By Job
	Partitionable Resources :    Usage  Request Allocated
	   Cpus                 :                 1         1
	   Disk (KB)            :        1        1   1556473
	   Memory (MB)          :      471     1500      1500
...
