000 (308.000.000) 06/01 16:26:40 Job submitted from host: <134.61.5.1:9618?addrs=134.61.5.1-9618+[--1]-9618&noUDP&sock=1924_484e_15>
...
001 (308.000.000) 06/01 16:26:41 Job executing on host: <134.61.17.148:9618?addrs=134.61.17.148-9618+[--1]-9618&noUDP&sock=1698_43e6_3>
...
006 (308.000.000) 06/01 16:26:50 Image size of job updated: 5196
	4  -  MemoryUsage of job (MB)
	3932  -  ResidentSetSize of job (KB)
...
006 (308.000.000) 06/01 16:31:51 Image size of job updated: 506584
	413  -  MemoryUsage of job (MB)
	422004  -  ResidentSetSize of job (KB)
...
005 (308.000.000) 06/01 16:40:53 Job terminated.
	(1) Normal termination (return value 0)
		Usr 0 00:01:48, Sys 0 00:00:04  -  Run Remote Usage
		Usr 0 00:00:00, Sys 0 00:00:00  -  Run Local Usage
		Usr 0 00:01:48, Sys 0 00:00:04  -  Total Remote Usage
		Usr 0 00:00:00, Sys 0 00:00:00  -  Total Local Usage
	0  -  Run Bytes Sent By Job
	0  -  Run Bytes Received By Job
	0  -  Total Bytes Sent By Job
	0  -  Total Bytes Received By Job
	Partitionable Resources :    Usage  Request Allocated
	   Cpus                 :                 1         1
	   Disk (KB)            :        1        1   3524174
	   Memory (MB)          :      413     1500      1500
...
000 (370.000.000) 06/04 11:40:24 Job submitted from host: <134.61.5.1:9618?addrs=134.61.5.1-9618+[--1]-9618&noUDP&sock=1924_484e_15>
...
001 (370.000.000) 06/04 11:40:25 Job executing on host: <134.61.17.170:9618?addrs=134.61.17.170-9618+[--1]-9618&noUDP&sock=5348_dc95_3>
...
006 (370.000.000) 06/04 11:40:34 Image size of job updated: 86252
	35  -  MemoryUsage of job (MB)
	35312  -  ResidentSetSize of job (KB)
...
006 (370.000.000) 06/04 11:45:35 Image size of job updated: 361512
	271  -  MemoryUsage of job (MB)
	277208  -  ResidentSetSize of job (KB)
...
006 (370.000.000) 06/04 11:55:35 Image size of job updated: 363224
	273  -  MemoryUsage of job (MB)
	278920  -  ResidentSetSize of job (KB)
...
006 (370.000.000) 06/04 12:10:36 Image size of job updated: 363232
	273  -  MemoryUsage of job (MB)
	278928  -  ResidentSetSize of job (KB)
...
006 (370.000.000) 06/04 12:15:37 Image size of job updated: 364844
	274  -  MemoryUsage of job (MB)
	280540  -  ResidentSetSize of job (KB)
...
005 (370.000.000) 06/04 12:25:15 Job terminated.
	(1) Normal termination (return value 0)
		Usr 0 00:03:41, Sys 0 00:00:04  -  Run Remote Usage
		Usr 0 00:00:00, Sys 0 00:00:00  -  Run Local Usage
		Usr 0 00:03:41, Sys 0 00:00:04  -  Total Remote Usage
		Usr 0 00:00:00, Sys 0 00:00:00  -  Total Local Usage
	0  -  Run Bytes Sent By Job
	0  -  Run Bytes Received By Job
	0  -  Total Bytes Sent By Job
	0  -  Total Bytes Received By Job
	Partitionable Resources :    Usage  Request Allocated
	   Cpus                 :                 1         1
	   Disk (KB)            :        1        1   1556473
	   Memory (MB)          :      274     1500      1500
...
000 (432.000.000) 06/04 15:47:15 Job submitted from host: <134.61.5.1:9618?addrs=134.61.5.1-9618+[--1]-9618&noUDP&sock=1924_484e_15>
...
001 (432.000.000) 06/04 15:47:45 Job executing on host: <134.61.15.68:9618?addrs=134.61.15.68-9618+[--1]-9618&noUDP&sock=1148201_f612_8>
...
006 (432.000.000) 06/04 15:47:53 Image size of job updated: 99448
	58  -  MemoryUsage of job (MB)
	58976  -  ResidentSetSize of job (KB)
...
006 (432.000.000) 06/04 15:52:53 Image size of job updated: 529672
	435  -  MemoryUsage of job (MB)
	445152  -  ResidentSetSize of job (KB)
...
006 (432.000.000) 06/04 15:53:49 Image size of job updated: 532984
	435  -  MemoryUsage of job (MB)
	445152  -  ResidentSetSize of job (KB)
...
005 (432.000.000) 06/04 15:53:49 Job terminated.
	(1) Normal termination (return value 0)
		Usr 0 00:05:38, Sys 0 00:00:05  -  Run Remote Usage
		Usr 0 00:00:00, Sys 0 00:00:00  -  Run Local Usage
		Usr 0 00:05:38, Sys 0 00:00:05  -  Total Remote Usage
		Usr 0 00:00:00, Sys 0 00:00:00  -  Total Local Usage
	0  -  Run Bytes Sent By Job
	0  -  Run Bytes Received By Job
	0  -  Total Bytes Sent By Job
	0  -  Total Bytes Received By Job
	Partitionable Resources :    Usage  Request Allocated
	   Cpus                 :                 1         1
	   Disk (KB)            :        1        1   3535214
	   Memory (MB)          :      435     1500      1500
...
000 (494.000.000) 06/05 16:10:31 Job submitted from host: <134.61.5.1:9618?addrs=134.61.5.1-9618+[--1]-9618&noUDP&sock=1924_484e_15>
...
001 (494.000.000) 06/05 16:12:19 Job executing on host: <134.61.5.34:9618?addrs=134.61.5.34-9618+[--1]-9618&noUDP&sock=1579_a421_25>
...
006 (494.000.000) 06/05 16:12:27 Image size of job updated: 267880
	185  -  MemoryUsage of job (MB)
	189176  -  ResidentSetSize of job (KB)
...
006 (494.000.000) 06/05 16:17:27 Image size of job updated: 522936
	430  -  MemoryUsage of job (MB)
	439540  -  ResidentSetSize of job (KB)
...
005 (494.000.000) 06/05 16:21:51 Job terminated.
	(1) Normal termination (return value 0)
		Usr 0 00:06:27, Sys 0 00:00:07  -  Run Remote Usage
		Usr 0 00:00:00, Sys 0 00:00:00  -  Run Local Usage
		Usr 0 00:06:27, Sys 0 00:00:07  -  Total Remote Usage
		Usr 0 00:00:00, Sys 0 00:00:00  -  Total Local Usage
	0  -  Run Bytes Sent By Job
	0  -  Run Bytes Received By Job
	0  -  Total Bytes Sent By Job
	0  -  Total Bytes Received By Job
	Partitionable Resources :    Usage  Request Allocated
	   Cpus                 :                 1         1
	   Disk (KB)            :        1        1   3518873
	   Memory (MB)          :      430     1500      1500
...
000 (615.000.000) 06/06 15:35:09 Job submitted from host: <134.61.5.1:9618?addrs=134.61.5.1-9618+[--1]-9618&noUDP&sock=1924_484e_15>
...
001 (615.000.000) 06/06 15:35:32 Job executing on host: <134.61.17.183:9618?addrs=134.61.17.183-9618+[--1]-9618&noUDP&sock=5023_f04d_3>
...
006 (615.000.000) 06/06 15:35:40 Image size of job updated: 157424
	97  -  MemoryUsage of job (MB)
	98704  -  ResidentSetSize of job (KB)
...
006 (615.000.000) 06/06 15:40:40 Image size of job updated: 519344
	425  -  MemoryUsage of job (MB)
	434796  -  ResidentSetSize of job (KB)
...
005 (615.000.000) 06/06 15:42:54 Job terminated.
	(1) Normal termination (return value 0)
		Usr 0 00:05:51, Sys 0 00:00:08  -  Run Remote Usage
		Usr 0 00:00:00, Sys 0 00:00:00  -  Run Local Usage
		Usr 0 00:05:51, Sys 0 00:00:08  -  Total Remote Usage
		Usr 0 00:00:00, Sys 0 00:00:00  -  Total Local Usage
	0  -  Run Bytes Sent By Job
	0  -  Run Bytes Received By Job
	0  -  Total Bytes Sent By Job
	0  -  Total Bytes Received By Job
	Partitionable Resources :    Usage  Request Allocated
	   Cpus                 :                 1         1
	   Disk (KB)            :        1        1   1556473
	   Memory (MB)          :      425     1500      1500
...
