000 (313.000.000) 06/01 16:26:41 Job submitted from host: <134.61.5.1:9618?addrs=134.61.5.1-9618+[--1]-9618&noUDP&sock=1924_484e_15>
...
001 (313.000.000) 06/01 16:26:41 Job executing on host: <134.61.5.24:9618?addrs=134.61.5.24-9618+[--1]-9618&noUDP&sock=1801_ea28_3>
...
006 (313.000.000) 06/01 16:26:50 Image size of job updated: 318468
	266  -  MemoryUsage of job (MB)
	271656  -  ResidentSetSize of job (KB)
...
010 (313.000.000) 06/01 16:31:17 Job was suspended.
	Number of processes actually suspended: 3
...
006 (313.000.000) 06/01 16:31:17 Image size of job updated: 463864
	407  -  MemoryUsage of job (MB)
	416188  -  ResidentSetSize of job (KB)
...
011 (313.000.000) 06/01 16:31:42 Job was unsuspended.
...
006 (313.000.000) 06/01 16:31:51 Image size of job updated: 463868
	407  -  MemoryUsage of job (MB)
	416192  -  ResidentSetSize of job (KB)
...
010 (313.000.000) 06/01 16:32:22 Job was suspended.
	Number of processes actually suspended: 3
...
011 (313.000.000) 06/01 16:32:47 Job was unsuspended.
...
010 (313.000.000) 06/01 16:33:12 Job was suspended.
	Number of processes actually suspended: 3
...
011 (313.000.000) 06/01 16:33:47 Job was unsuspended.
...
010 (313.000.000) 06/01 16:34:27 Job was suspended.
	Number of processes actually suspended: 3
...
011 (313.000.000) 06/01 16:35:42 Job was unsuspended.
...
010 (313.000.000) 06/01 16:36:17 Job was suspended.
	Number of processes actually suspended: 3
...
011 (313.000.000) 06/01 16:36:47 Job was unsuspended.
...
010 (313.000.000) 06/01 16:37:22 Job was suspended.
	Number of processes actually suspended: 0
...
011 (313.000.000) 06/01 16:37:42 Job was unsuspended.
...
010 (313.000.000) 06/01 16:38:23 Job was suspended.
	Number of processes actually suspended: 0
...
011 (313.000.000) 06/01 16:38:58 Job was unsuspended.
...
010 (313.000.000) 06/01 16:39:18 Job was suspended.
	Number of processes actually suspended: 0
...
011 (313.000.000) 06/01 16:39:38 Job was unsuspended.
...
010 (313.000.000) 06/01 16:40:23 Job was suspended.
	Number of processes actually suspended: 0
...
011 (313.000.000) 06/01 16:41:13 Job was unsuspended.
...
010 (313.000.000) 06/01 16:42:08 Job was suspended.
	Number of processes actually suspended: 0
...
011 (313.000.000) 06/01 16:42:33 Job was unsuspended.
...
010 (313.000.000) 06/01 16:44:19 Job was suspended.
	Number of processes actually suspended: 0
...
011 (313.000.000) 06/01 16:44:39 Job was unsuspended.
...
010 (313.000.000) 06/01 16:45:29 Job was suspended.
	Number of processes actually suspended: 0
...
011 (313.000.000) 06/01 16:45:49 Job was unsuspended.
...
010 (313.000.000) 06/01 16:47:15 Job was suspended.
	Number of processes actually suspended: 0
...
011 (313.000.000) 06/01 16:47:35 Job was unsuspended.
...
010 (313.000.000) 06/01 16:48:20 Job was suspended.
	Number of processes actually suspended: 0
...
011 (313.000.000) 06/01 16:59:33 Job was unsuspended.
...
010 (313.000.000) 06/01 17:00:13 Job was suspended.
	Number of processes actually suspended: 0
...
011 (313.000.000) 06/01 17:00:43 Job was unsuspended.
...
010 (313.000.000) 06/01 17:00:53 Job was suspended.
	Number of processes actually suspended: 0
...
011 (313.000.000) 06/01 17:07:33 Job was unsuspended.
...
010 (313.000.000) 06/01 17:08:18 Job was suspended.
	Number of processes actually suspended: 0
...
011 (313.000.000) 06/01 17:10:18 Job was unsuspended.
...
005 (313.000.000) 06/01 17:12:26 Job terminated.
	(1) Normal termination (return value 0)
		Usr 0 00:02:14, Sys 0 00:00:03  -  Run Remote Usage
		Usr 0 00:00:00, Sys 0 00:00:00  -  Run Local Usage
		Usr 0 00:02:14, Sys 0 00:00:03  -  Total Remote Usage
		Usr 0 00:00:00, Sys 0 00:00:00  -  Total Local Usage
	0  -  Run Bytes Sent By Job
	0  -  Run Bytes Received By Job
	0  -  Total Bytes Sent By Job
	0  -  Total Bytes Received By Job
	Partitionable Resources :    Usage  Request Allocated
	   Cpus                 :                 1         1
	   Disk (KB)            :        1        1   3541736
	   Memory (MB)          :      407     1500      1500
...
000 (375.000.000) 06/04 11:40:25 Job submitted from host: <134.61.5.1:9618?addrs=134.61.5.1-9618+[--1]-9618&noUDP&sock=1924_484e_15>
...
001 (375.000.000) 06/04 11:40:46 Job executing on host: <134.61.17.172:9618?addrs=134.61.17.172-9618+[--1]-9618&noUDP&sock=5093_f3ee_3>
...
006 (375.000.000) 06/04 11:40:54 Image size of job updated: 134380
	102  -  MemoryUsage of job (MB)
	103632  -  ResidentSetSize of job (KB)
...
006 (375.000.000) 06/04 11:45:54 Image size of job updated: 324728
	280  -  MemoryUsage of job (MB)
	285772  -  ResidentSetSize of job (KB)
...
006 (375.000.000) 06/04 12:00:56 Image size of job updated: 324756
	280  -  MemoryUsage of job (MB)
	285800  -  ResidentSetSize of job (KB)
...
006 (375.000.000) 06/04 12:05:56 Image size of job updated: 324764
	280  -  MemoryUsage of job (MB)
	285808  -  ResidentSetSize of job (KB)
...
006 (375.000.000) 06/04 12:10:57 Image size of job updated: 324768
	280  -  MemoryUsage of job (MB)
	285812  -  ResidentSetSize of job (KB)
...
006 (375.000.000) 06/04 12:15:57 Image size of job updated: 324780
	280  -  MemoryUsage of job (MB)
	285824  -  ResidentSetSize of job (KB)
...
006 (375.000.000) 06/04 12:20:57 Image size of job updated: 324792
	280  -  MemoryUsage of job (MB)
	285836  -  ResidentSetSize of job (KB)
...
005 (375.000.000) 06/04 12:50:01 Job terminated.
	(1) Normal termination (return value 0)
		Usr 0 00:05:52, Sys 0 00:00:06  -  Run Remote Usage
		Usr 0 00:00:00, Sys 0 00:00:00  -  Run Local Usage
		Usr 0 00:05:52, Sys 0 00:00:06  -  Total Remote Usage
		Usr 0 00:00:00, Sys 0 00:00:00  -  Total Local Usage
	0  -  Run Bytes Sent By Job
	0  -  Run Bytes Received By Job
	0  -  Total Bytes Sent By Job
	0  -  Total Bytes Received By Job
	Partitionable Resources :    Usage  Request Allocated
	   Cpus                 :                 1         1
	   Disk (KB)            :        1        1   1556473
	   Memory (MB)          :      280     1500      1500
...
000 (437.000.000) 06/04 15:47:16 Job submitted from host: <134.61.5.1:9618?addrs=134.61.5.1-9618+[--1]-9618&noUDP&sock=1924_484e_15>
...
001 (437.000.000) 06/04 15:57:27 Job executing on host: <134.61.17.186:9618?addrs=134.61.17.186-9618+[--1]-9618&noUDP&sock=4515_7e30_3>
...
006 (437.000.000) 06/04 15:57:36 Image size of job updated: 100748
	91  -  MemoryUsage of job (MB)
	92588  -  ResidentSetSize of job (KB)
...
006 (437.000.000) 06/04 16:02:37 Image size of job updated: 430380
	377  -  MemoryUsage of job (MB)
	385208  -  ResidentSetSize of job (KB)
...
010 (437.000.000) 06/04 16:08:36 Job was suspended.
	Number of processes actually suspended: 3
...
011 (437.000.000) 06/04 16:08:56 Job was unsuspended.
...
005 (437.000.000) 06/04 16:14:03 Job terminated.
	(1) Normal termination (return value 0)
		Usr 0 00:14:45, Sys 0 00:00:20  -  Run Remote Usage
		Usr 0 00:00:00, Sys 0 00:00:00  -  Run Local Usage
		Usr 0 00:14:45, Sys 0 00:00:20  -  Total Remote Usage
		Usr 0 00:00:00, Sys 0 00:00:00  -  Total Local Usage
	0  -  Run Bytes Sent By Job
	0  -  Run Bytes Received By Job
	0  -  Total Bytes Sent By Job
	0  -  Total Bytes Received By Job
	Partitionable Resources :    Usage  Request Allocated
	   Cpus                 :                 1         1
	   Disk (KB)            :        1        1   1556473
	   Memory (MB)          :      377     1500      1500
...
000 (499.000.000) 06/05 16:10:32 Job submitted from host: <134.61.5.1:9618?addrs=134.61.5.1-9618+[--1]-9618&noUDP&sock=1924_484e_15>
...
001 (499.000.000) 06/05 16:12:19 Job executing on host: <134.61.17.103:9618?addrs=134.61.17.103-9618+[--1]-9618&noUDP&sock=1842_098a_3>
...
006 (499.000.000) 06/05 16:12:28 Image size of job updated: 3016
	3  -  MemoryUsage of job (MB)
	2636  -  ResidentSetSize of job (KB)
...
010 (499.000.000) 06/05 16:12:41 Job was suspended.
	Number of processes actually suspended: 3
...
006 (499.000.000) 06/05 16:12:41 Image size of job updated: 12768
	8  -  MemoryUsage of job (MB)
	7312  -  ResidentSetSize of job (KB)
...
011 (499.000.000) 06/05 16:13:13 Job was unsuspended.
...
010 (499.000.000) 06/05 16:16:33 Job was suspended.
	Number of processes actually suspended: 3
...
006 (499.000.000) 06/05 16:16:33 Image size of job updated: 497020
	415  -  MemoryUsage of job (MB)
	424352  -  ResidentSetSize of job (KB)
...
011 (499.000.000) 06/05 16:17:18 Job was unsuspended.
...
010 (499.000.000) 06/05 16:19:19 Job was suspended.
	Number of processes actually suspended: 3
...
011 (499.000.000) 06/05 16:20:34 Job was unsuspended.
...
010 (499.000.000) 06/05 16:21:09 Job was suspended.
	Number of processes actually suspended: 3
...
011 (499.000.000) 06/05 16:21:25 Job was unsuspended.
...
010 (499.000.000) 06/05 16:26:01 Job was suspended.
	Number of processes actually suspended: 3
...
011 (499.000.000) 06/05 16:26:36 Job was unsuspended.
...
005 (499.000.000) 06/05 16:36:35 Job terminated.
	(1) Normal termination (return value 0)
		Usr 0 00:11:03, Sys 0 00:01:16  -  Run Remote Usage
		Usr 0 00:00:00, Sys 0 00:00:00  -  Run Local Usage
		Usr 0 00:11:03, Sys 0 00:01:16  -  Total Remote Usage
		Usr 0 00:00:00, Sys 0 00:00:00  -  Total Local Usage
	0  -  Run Bytes Sent By Job
	0  -  Run Bytes Received By Job
	0  -  Total Bytes Sent By Job
	0  -  Total Bytes Received By Job
	Partitionable Resources :    Usage  Request Allocated
	   Cpus                 :                 1         1
	   Disk (KB)            :        1        1   1137727
	   Memory (MB)          :      415     1500      1500
...
000 (620.000.000) 06/06 15:35:10 Job submitted from host: <134.61.5.1:9618?addrs=134.61.5.1-9618+[--1]-9618&noUDP&sock=1924_484e_15>
...
001 (620.000.000) 06/06 15:36:31 Job executing on host: <134.61.17.119:9618?addrs=134.61.17.119-9618+[--1]-9618&noUDP&sock=1692172_d257_3>
...
006 (620.000.000) 06/06 15:36:39 Image size of job updated: 16520
	7  -  MemoryUsage of job (MB)
	6996  -  ResidentSetSize of job (KB)
...
006 (620.000.000) 06/06 15:41:39 Image size of job updated: 424148
	406  -  MemoryUsage of job (MB)
	415008  -  ResidentSetSize of job (KB)
...
006 (620.000.000) 06/06 15:46:40 Image size of job updated: 424420
	406  -  MemoryUsage of job (MB)
	415008  -  ResidentSetSize of job (KB)
...
005 (620.000.000) 06/06 15:55:13 Job terminated.
	(1) Normal termination (return value 0)
		Usr 0 00:09:56, Sys 0 00:00:10  -  Run Remote Usage
		Usr 0 00:00:00, Sys 0 00:00:00  -  Run Local Usage
		Usr 0 00:09:56, Sys 0 00:00:10  -  Total Remote Usage
		Usr 0 00:00:00, Sys 0 00:00:00  -  Total Local Usage
	0  -  Run Bytes Sent By Job
	0  -  Run Bytes Received By Job
	0  -  Total Bytes Sent By Job
	0  -  Total Bytes Received By Job
	Partitionable Resources :    Usage  Request Allocated
	   Cpus                 :                 1         1
	   Disk (KB)            :        1        1   1138300
	   Memory (MB)          :      406     1500      1500
...
