000 (322.000.000) 06/01 16:26:42 Job submitted from host: <134.61.5.1:9618?addrs=134.61.5.1-9618+[--1]-9618&noUDP&sock=1924_484e_15>
...
001 (322.000.000) 06/01 16:28:02 Job executing on host: <134.61.13.27:9618?addrs=134.61.13.27-9618+[--1]-9618&noUDP&sock=1500_7426_18>
...
006 (322.000.000) 06/01 16:28:11 Image size of job updated: 28376
	22  -  MemoryUsage of job (MB)
	21900  -  ResidentSetSize of job (KB)
...
005 (322.000.000) 06/01 16:29:18 Job terminated.
	(1) Normal termination (return value 0)
		Usr 0 00:00:20, Sys 0 00:00:02  -  Run Remote Usage
		Usr 0 00:00:00, Sys 0 00:00:00  -  Run Local Usage
		Usr 0 00:00:20, Sys 0 00:00:02  -  Total Remote Usage
		Usr 0 00:00:00, Sys 0 00:00:00  -  Total Local Usage
	0  -  Run Bytes Sent By Job
	0  -  Run Bytes Received By Job
	0  -  Total Bytes Sent By Job
	0  -  Total Bytes Received By Job
	Partitionable Resources :    Usage  Request Allocated
	   Cpus                 :                 1         1
	   Disk (KB)            :        1        1    349909
	   Memory (MB)          :       22     1500      1500
...
000 (384.000.000) 06/04 11:40:27 Job submitted from host: <134.61.5.1:9618?addrs=134.61.5.1-9618+[--1]-9618&noUDP&sock=1924_484e_15>
...
001 (384.000.000) 06/04 11:40:46 Job executing on host: <134.61.17.160:9618?addrs=134.61.17.160-9618+[--1]-9618&noUDP&sock=4852_a59b_3>
...
006 (384.000.000) 06/04 11:40:55 Image size of job updated: 160124
	114  -  MemoryUsage of job (MB)
	116352  -  ResidentSetSize of job (KB)
...
006 (384.000.000) 06/04 11:41:29 Image size of job updated: 160124
	114  -  MemoryUsage of job (MB)
	116644  -  ResidentSetSize of job (KB)
...
005 (384.000.000) 06/04 11:41:29 Job terminated.
	(1) Normal termination (return value 0)
		Usr 0 00:00:19, Sys 0 00:00:02  -  Run Remote Usage
		Usr 0 00:00:00, Sys 0 00:00:00  -  Run Local Usage
		Usr 0 00:00:19, Sys 0 00:00:02  -  Total Remote Usage
		Usr 0 00:00:00, Sys 0 00:00:00  -  Total Local Usage
	0  -  Run Bytes Sent By Job
	0  -  Run Bytes Received By Job
	0  -  Total Bytes Sent By Job
	0  -  Total Bytes Received By Job
	Partitionable Resources :    Usage  Request Allocated
	   Cpus                 :                 1         1
	   Disk (KB)            :        1        1   1556473
	   Memory (MB)          :      114     1500      1500
...
000 (446.000.000) 06/04 15:47:17 Job submitted from host: <134.61.5.1:9618?addrs=134.61.5.1-9618+[--1]-9618&noUDP&sock=1924_484e_15>
...
001 (446.000.000) 06/04 16:15:47 Job executing on host: <134.61.17.168:9618?addrs=134.61.17.168-9618+[--1]-9618&noUDP&sock=4953_ecac_3>
...
006 (446.000.000) 06/04 16:15:55 Image size of job updated: 155576
	96  -  MemoryUsage of job (MB)
	97336  -  ResidentSetSize of job (KB)
...
006 (446.000.000) 06/04 16:16:18 Image size of job updated: 433108
	96  -  MemoryUsage of job (MB)
	97360  -  ResidentSetSize of job (KB)
...
005 (446.000.000) 06/04 16:16:18 Job terminated.
	(1) Normal termination (return value 0)
		Usr 0 00:00:19, Sys 0 00:00:02  -  Run Remote Usage
		Usr 0 00:00:00, Sys 0 00:00:00  -  Run Local Usage
		Usr 0 00:00:19, Sys 0 00:00:02  -  Total Remote Usage
		Usr 0 00:00:00, Sys 0 00:00:00  -  Total Local Usage
	0  -  Run Bytes Sent By Job
	0  -  Run Bytes Received By Job
	0  -  Total Bytes Sent By Job
	0  -  Total Bytes Received By Job
	Partitionable Resources :    Usage  Request Allocated
	   Cpus                 :                 1         1
	   Disk (KB)            :        1        1   1556473
	   Memory (MB)          :       96     1500      1500
...
000 (508.000.000) 06/05 16:10:34 Job submitted from host: <134.61.5.1:9618?addrs=134.61.5.1-9618+[--1]-9618&noUDP&sock=1924_484e_15>
...
007 (508.000.000) 06/05 16:13:20 Shadow exception!
	Error from slot1_1@lxcip55.physik.rwth-aachen.de: Failed to open '/.automount/home/home__home4/institut_1b/swuchterl/SUSYDileptonGamma/SplitTrees/logs/SMS-TChiNG_600_nTuple.root.out' as standard output: No such file or directory (errno 2)
	0  -  Run Bytes Sent By Job
	0  -  Run Bytes Received By Job
...
012 (508.000.000) 06/05 16:13:20 Job was held.
	Error from slot1_1@lxcip55.physik.rwth-aachen.de: Failed to open '/.automount/home/home__home4/institut_1b/swuchterl/SUSYDileptonGamma/SplitTrees/logs/SMS-TChiNG_600_nTuple.root.out' as standard output: No such file or directory (errno 2)
	Code 7 Subcode 2
...
013 (508.000.000) 06/05 18:21:10 Job was released.
	via condor_release (by user swuchterl)
...
001 (508.000.000) 06/05 18:22:29 Job executing on host: <134.61.17.162:9618?addrs=134.61.17.162-9618+[--1]-9618&noUDP&sock=5149_5d3c_3>
...
006 (508.000.000) 06/05 18:22:37 Image size of job updated: 87360
	35  -  MemoryUsage of job (MB)
	35720  -  ResidentSetSize of job (KB)
...
006 (508.000.000) 06/05 18:23:19 Image size of job updated: 696420
	35  -  MemoryUsage of job (MB)
	35720  -  ResidentSetSize of job (KB)
...
005 (508.000.000) 06/05 18:23:19 Job terminated.
	(1) Normal termination (return value 0)
		Usr 0 00:00:20, Sys 0 00:00:01  -  Run Remote Usage
		Usr 0 00:00:00, Sys 0 00:00:00  -  Run Local Usage
		Usr 0 00:00:20, Sys 0 00:00:01  -  Total Remote Usage
		Usr 0 00:00:00, Sys 0 00:00:00  -  Total Local Usage
	0  -  Run Bytes Sent By Job
	0  -  Run Bytes Received By Job
	0  -  Total Bytes Sent By Job
	0  -  Total Bytes Received By Job
	Partitionable Resources :    Usage  Request Allocated
	   Cpus                 :                 1         1
	   Disk (KB)            :        1        1   1556473
	   Memory (MB)          :       35     1500      1500
...
000 (629.000.000) 06/06 15:35:11 Job submitted from host: <134.61.5.1:9618?addrs=134.61.5.1-9618+[--1]-9618&noUDP&sock=1924_484e_15>
...
001 (629.000.000) 06/06 15:40:31 Job executing on host: <134.61.17.168:9618?addrs=134.61.17.168-9618+[--1]-9618&noUDP&sock=4953_ecac_3>
...
006 (629.000.000) 06/06 15:40:39 Image size of job updated: 155040
	95  -  MemoryUsage of job (MB)
	96996  -  ResidentSetSize of job (KB)
...
006 (629.000.000) 06/06 15:41:18 Image size of job updated: 379916
	95  -  MemoryUsage of job (MB)
	96996  -  ResidentSetSize of job (KB)
...
005 (629.000.000) 06/06 15:41:18 Job terminated.
	(1) Normal termination (return value 0)
		Usr 0 00:00:19, Sys 0 00:00:02  -  Run Remote Usage
		Usr 0 00:00:00, Sys 0 00:00:00  -  Run Local Usage
		Usr 0 00:00:19, Sys 0 00:00:02  -  Total Remote Usage
		Usr 0 00:00:00, Sys 0 00:00:00  -  Total Local Usage
	0  -  Run Bytes Sent By Job
	0  -  Run Bytes Received By Job
	0  -  Total Bytes Sent By Job
	0  -  Total Bytes Received By Job
	Partitionable Resources :    Usage  Request Allocated
	   Cpus                 :                 1         1
	   Disk (KB)            :        1        1   1556473
	   Memory (MB)          :       95     1500      1500
...
