000 (317.000.000) 06/01 16:26:42 Job submitted from host: <134.61.5.1:9618?addrs=134.61.5.1-9618+[--1]-9618&noUDP&sock=1924_484e_15>
...
001 (317.000.000) 06/01 16:27:02 Job executing on host: <134.61.13.55:9618?addrs=134.61.13.55-9618+[--1]-9618&noUDP&sock=1465_7255_3>
...
006 (317.000.000) 06/01 16:27:11 Image size of job updated: 70340
	51  -  MemoryUsage of job (MB)
	51908  -  ResidentSetSize of job (KB)
...
005 (317.000.000) 06/01 16:28:20 Job terminated.
	(1) Normal termination (return value 0)
		Usr 0 00:00:16, Sys 0 00:00:01  -  Run Remote Usage
		Usr 0 00:00:00, Sys 0 00:00:00  -  Run Local Usage
		Usr 0 00:00:16, Sys 0 00:00:01  -  Total Remote Usage
		Usr 0 00:00:00, Sys 0 00:00:00  -  Total Local Usage
	0  -  Run Bytes Sent By Job
	0  -  Run Bytes Received By Job
	0  -  Total Bytes Sent By Job
	0  -  Total Bytes Received By Job
	Partitionable Resources :    Usage  Request Allocated
	   Cpus                 :                 1         1
	   Disk (KB)            :        1        1  17962996
	   Memory (MB)          :       51     1500      1500
...
000 (379.000.000) 06/04 11:40:26 Job submitted from host: <134.61.5.1:9618?addrs=134.61.5.1-9618+[--1]-9618&noUDP&sock=1924_484e_15>
...
001 (379.000.000) 06/04 11:40:46 Job executing on host: <134.61.17.168:9618?addrs=134.61.17.168-9618+[--1]-9618&noUDP&sock=4953_ecac_3>
...
006 (379.000.000) 06/04 11:40:54 Image size of job updated: 86840
	55  -  MemoryUsage of job (MB)
	55812  -  ResidentSetSize of job (KB)
...
006 (379.000.000) 06/04 11:41:20 Image size of job updated: 86840
	55  -  MemoryUsage of job (MB)
	55832  -  ResidentSetSize of job (KB)
...
005 (379.000.000) 06/04 11:41:20 Job terminated.
	(1) Normal termination (return value 0)
		Usr 0 00:00:13, Sys 0 00:00:01  -  Run Remote Usage
		Usr 0 00:00:00, Sys 0 00:00:00  -  Run Local Usage
		Usr 0 00:00:13, Sys 0 00:00:01  -  Total Remote Usage
		Usr 0 00:00:00, Sys 0 00:00:00  -  Total Local Usage
	0  -  Run Bytes Sent By Job
	0  -  Run Bytes Received By Job
	0  -  Total Bytes Sent By Job
	0  -  Total Bytes Received By Job
	Partitionable Resources :    Usage  Request Allocated
	   Cpus                 :                 1         1
	   Disk (KB)            :        1        1   1556473
	   Memory (MB)          :       55     1500      1500
...
000 (441.000.000) 06/04 15:47:17 Job submitted from host: <134.61.5.1:9618?addrs=134.61.5.1-9618+[--1]-9618&noUDP&sock=1924_484e_15>
...
001 (441.000.000) 06/04 16:12:47 Job executing on host: <134.61.15.31:9618?addrs=134.61.15.31-9618+[--1]-9618&noUDP&sock=1477_ad78_3>
...
006 (441.000.000) 06/04 16:12:56 Image size of job updated: 333220
	245  -  MemoryUsage of job (MB)
	250696  -  ResidentSetSize of job (KB)
...
006 (441.000.000) 06/04 16:13:13 Image size of job updated: 429308
	245  -  MemoryUsage of job (MB)
	250848  -  ResidentSetSize of job (KB)
...
005 (441.000.000) 06/04 16:13:13 Job terminated.
	(1) Normal termination (return value 0)
		Usr 0 00:00:12, Sys 0 00:00:01  -  Run Remote Usage
		Usr 0 00:00:00, Sys 0 00:00:00  -  Run Local Usage
		Usr 0 00:00:12, Sys 0 00:00:01  -  Total Remote Usage
		Usr 0 00:00:00, Sys 0 00:00:00  -  Total Local Usage
	0  -  Run Bytes Sent By Job
	0  -  Run Bytes Received By Job
	0  -  Total Bytes Sent By Job
	0  -  Total Bytes Received By Job
	Partitionable Resources :    Usage  Request Allocated
	   Cpus                 :                 1         1
	   Disk (KB)            :        1        1   1540760
	   Memory (MB)          :      245     1500      1500
...
000 (503.000.000) 06/05 16:10:33 Job submitted from host: <134.61.5.1:9618?addrs=134.61.5.1-9618+[--1]-9618&noUDP&sock=1924_484e_15>
...
007 (503.000.000) 06/05 16:12:20 Shadow exception!
	Error from slot1_6@lxcip55.physik.rwth-aachen.de: Failed to open '/.automount/home/home__home4/institut_1b/swuchterl/SUSYDileptonGamma/SplitTrees/logs/SMS-T5bbbbZg_1500_600_nTuple.root.out' as standard output: No such file or directory (errno 2)
	0  -  Run Bytes Sent By Job
	0  -  Run Bytes Received By Job
...
012 (503.000.000) 06/05 16:12:20 Job was held.
	Error from slot1_6@lxcip55.physik.rwth-aachen.de: Failed to open '/.automount/home/home__home4/institut_1b/swuchterl/SUSYDileptonGamma/SplitTrees/logs/SMS-T5bbbbZg_1500_600_nTuple.root.out' as standard output: No such file or directory (errno 2)
	Code 7 Subcode 2
...
013 (503.000.000) 06/05 18:21:02 Job was released.
	via condor_release (by user swuchterl)
...
001 (503.000.000) 06/05 18:21:08 Job executing on host: <134.61.5.11:9618?addrs=134.61.5.11-9618+[--1]-9618&noUDP&sock=1517_1d42_3>
...
006 (503.000.000) 06/05 18:21:17 Image size of job updated: 105756
	77  -  MemoryUsage of job (MB)
	78452  -  ResidentSetSize of job (KB)
...
005 (503.000.000) 06/05 18:21:40 Job terminated.
	(1) Normal termination (return value 0)
		Usr 0 00:00:10, Sys 0 00:00:01  -  Run Remote Usage
		Usr 0 00:00:00, Sys 0 00:00:00  -  Run Local Usage
		Usr 0 00:00:10, Sys 0 00:00:01  -  Total Remote Usage
		Usr 0 00:00:00, Sys 0 00:00:00  -  Total Local Usage
	0  -  Run Bytes Sent By Job
	0  -  Run Bytes Received By Job
	0  -  Total Bytes Sent By Job
	0  -  Total Bytes Received By Job
	Partitionable Resources :    Usage  Request Allocated
	   Cpus                 :                 1         1
	   Disk (KB)            :        1        1  17595592
	   Memory (MB)          :       77     1500      1500
...
000 (624.000.000) 06/06 15:35:10 Job submitted from host: <134.61.5.1:9618?addrs=134.61.5.1-9618+[--1]-9618&noUDP&sock=1924_484e_15>
...
001 (624.000.000) 06/06 15:37:31 Job executing on host: <134.61.17.100:9618?addrs=134.61.17.100-9618+[--1]-9618&noUDP&sock=1718_fbcb_3>
...
006 (624.000.000) 06/06 15:37:40 Image size of job updated: 16968
	11  -  MemoryUsage of job (MB)
	10296  -  ResidentSetSize of job (KB)
...
010 (624.000.000) 06/06 15:37:56 Job was suspended.
	Number of processes actually suspended: 3
...
006 (624.000.000) 06/06 15:37:56 Image size of job updated: 116608
	91  -  MemoryUsage of job (MB)
	92576  -  ResidentSetSize of job (KB)
...
011 (624.000.000) 06/06 15:38:51 Job was unsuspended.
...
006 (624.000.000) 06/06 15:39:13 Image size of job updated: 368200
	91  -  MemoryUsage of job (MB)
	92576  -  ResidentSetSize of job (KB)
...
005 (624.000.000) 06/06 15:39:13 Job terminated.
	(1) Normal termination (return value 0)
		Usr 0 00:00:14, Sys 0 00:00:01  -  Run Remote Usage
		Usr 0 00:00:00, Sys 0 00:00:00  -  Run Local Usage
		Usr 0 00:00:14, Sys 0 00:00:01  -  Total Remote Usage
		Usr 0 00:00:00, Sys 0 00:00:00  -  Total Local Usage
	0  -  Run Bytes Sent By Job
	0  -  Run Bytes Received By Job
	0  -  Total Bytes Sent By Job
	0  -  Total Bytes Received By Job
	Partitionable Resources :    Usage  Request Allocated
	   Cpus                 :                 1         1
	   Disk (KB)            :        1        1   1128882
	   Memory (MB)          :       91     1500      1500
...
