000 (315.000.000) 06/01 16:26:41 Job submitted from host: <134.61.5.1:9618?addrs=134.61.5.1-9618+[--1]-9618&noUDP&sock=1924_484e_15>
...
001 (315.000.000) 06/01 16:27:02 Job executing on host: <134.61.17.110:9618?addrs=134.61.17.110-9618+[--1]-9618&noUDP&sock=1472_3f7f_3>
...
006 (315.000.000) 06/01 16:27:11 Image size of job updated: 11392
	8  -  MemoryUsage of job (MB)
	7316  -  ResidentSetSize of job (KB)
...
006 (315.000.000) 06/01 16:27:45 Image size of job updated: 61964
	8  -  MemoryUsage of job (MB)
	7316  -  ResidentSetSize of job (KB)
...
005 (315.000.000) 06/01 16:27:45 Job terminated.
	(1) Normal termination (return value 0)
		Usr 0 00:00:11, Sys 0 00:00:01  -  Run Remote Usage
		Usr 0 00:00:00, Sys 0 00:00:00  -  Run Local Usage
		Usr 0 00:00:11, Sys 0 00:00:01  -  Total Remote Usage
		Usr 0 00:00:00, Sys 0 00:00:00  -  Total Local Usage
	0  -  Run Bytes Sent By Job
	0  -  Run Bytes Received By Job
	0  -  Total Bytes Sent By Job
	0  -  Total Bytes Received By Job
	Partitionable Resources :    Usage  Request Allocated
	   Cpus                 :                 1         1
	   Disk (KB)            :        1        1   1138300
	   Memory (MB)          :        8     1500      1500
...
000 (377.000.000) 06/04 11:40:26 Job submitted from host: <134.61.5.1:9618?addrs=134.61.5.1-9618+[--1]-9618&noUDP&sock=1924_484e_15>
...
001 (377.000.000) 06/04 11:40:46 Job executing on host: <134.61.17.159:9618?addrs=134.61.17.159-9618+[--1]-9618&noUDP&sock=4670_cf5e_3>
...
006 (377.000.000) 06/04 11:40:54 Image size of job updated: 92904
	61  -  MemoryUsage of job (MB)
	61456  -  ResidentSetSize of job (KB)
...
006 (377.000.000) 06/04 11:41:12 Image size of job updated: 92904
	61  -  MemoryUsage of job (MB)
	61576  -  ResidentSetSize of job (KB)
...
005 (377.000.000) 06/04 11:41:12 Job terminated.
	(1) Normal termination (return value 0)
		Usr 0 00:00:12, Sys 0 00:00:01  -  Run Remote Usage
		Usr 0 00:00:00, Sys 0 00:00:00  -  Run Local Usage
		Usr 0 00:00:12, Sys 0 00:00:01  -  Total Remote Usage
		Usr 0 00:00:00, Sys 0 00:00:00  -  Total Local Usage
	0  -  Run Bytes Sent By Job
	0  -  Run Bytes Received By Job
	0  -  Total Bytes Sent By Job
	0  -  Total Bytes Received By Job
	Partitionable Resources :    Usage  Request Allocated
	   Cpus                 :                 1         1
	   Disk (KB)            :        1        1   1556473
	   Memory (MB)          :       61     1500      1500
...
000 (439.000.000) 06/04 15:47:16 Job submitted from host: <134.61.5.1:9618?addrs=134.61.5.1-9618+[--1]-9618&noUDP&sock=1924_484e_15>
...
001 (439.000.000) 06/04 16:11:46 Job executing on host: <134.61.15.31:9618?addrs=134.61.15.31-9618+[--1]-9618&noUDP&sock=1477_ad78_3>
...
006 (439.000.000) 06/04 16:11:55 Image size of job updated: 140360
	65  -  MemoryUsage of job (MB)
	66504  -  ResidentSetSize of job (KB)
...
006 (439.000.000) 06/04 16:12:13 Image size of job updated: 411872
	65  -  MemoryUsage of job (MB)
	66520  -  ResidentSetSize of job (KB)
...
005 (439.000.000) 06/04 16:12:13 Job terminated.
	(1) Normal termination (return value 0)
		Usr 0 00:00:11, Sys 0 00:00:01  -  Run Remote Usage
		Usr 0 00:00:00, Sys 0 00:00:00  -  Run Local Usage
		Usr 0 00:00:11, Sys 0 00:00:01  -  Total Remote Usage
		Usr 0 00:00:00, Sys 0 00:00:00  -  Total Local Usage
	0  -  Run Bytes Sent By Job
	0  -  Run Bytes Received By Job
	0  -  Total Bytes Sent By Job
	0  -  Total Bytes Received By Job
	Partitionable Resources :    Usage  Request Allocated
	   Cpus                 :                 1         1
	   Disk (KB)            :        1        1   1540760
	   Memory (MB)          :       65     1500      1500
...
000 (501.000.000) 06/05 16:10:32 Job submitted from host: <134.61.5.1:9618?addrs=134.61.5.1-9618+[--1]-9618&noUDP&sock=1924_484e_15>
...
007 (501.000.000) 06/05 16:12:19 Shadow exception!
	Error from slot1_5@lxcip55.physik.rwth-aachen.de: Failed to open '/.automount/home/home__home4/institut_1b/swuchterl/SUSYDileptonGamma/SplitTrees/logs/SMS-T5bbbbZg_1500_1400_nTuple.root.out' as standard output: No such file or directory (errno 2)
	0  -  Run Bytes Sent By Job
	0  -  Run Bytes Received By Job
...
012 (501.000.000) 06/05 16:12:19 Job was held.
	Error from slot1_5@lxcip55.physik.rwth-aachen.de: Failed to open '/.automount/home/home__home4/institut_1b/swuchterl/SUSYDileptonGamma/SplitTrees/logs/SMS-T5bbbbZg_1500_1400_nTuple.root.out' as standard output: No such file or directory (errno 2)
	Code 7 Subcode 2
...
013 (501.000.000) 06/05 18:20:57 Job was released.
	via condor_release (by user swuchterl)
...
001 (501.000.000) 06/05 18:21:08 Job executing on host: <134.61.5.11:9618?addrs=134.61.5.11-9618+[--1]-9618&noUDP&sock=1517_1d42_3>
...
006 (501.000.000) 06/05 18:21:16 Image size of job updated: 69772
	58  -  MemoryUsage of job (MB)
	59308  -  ResidentSetSize of job (KB)
...
006 (501.000.000) 06/05 18:21:33 Image size of job updated: 69772
	58  -  MemoryUsage of job (MB)
	59316  -  ResidentSetSize of job (KB)
...
005 (501.000.000) 06/05 18:21:33 Job terminated.
	(1) Normal termination (return value 0)
		Usr 0 00:00:09, Sys 0 00:00:01  -  Run Remote Usage
		Usr 0 00:00:00, Sys 0 00:00:00  -  Run Local Usage
		Usr 0 00:00:09, Sys 0 00:00:01  -  Total Remote Usage
		Usr 0 00:00:00, Sys 0 00:00:00  -  Total Local Usage
	0  -  Run Bytes Sent By Job
	0  -  Run Bytes Received By Job
	0  -  Total Bytes Sent By Job
	0  -  Total Bytes Received By Job
	Partitionable Resources :    Usage  Request Allocated
	   Cpus                 :                 1         1
	   Disk (KB)            :        1        1  17595592
	   Memory (MB)          :       58     1500      1500
...
000 (622.000.000) 06/06 15:35:10 Job submitted from host: <134.61.5.1:9618?addrs=134.61.5.1-9618+[--1]-9618&noUDP&sock=1924_484e_15>
...
001 (622.000.000) 06/06 15:37:31 Job executing on host: <134.61.17.100:9618?addrs=134.61.17.100-9618+[--1]-9618&noUDP&sock=1718_fbcb_3>
...
006 (622.000.000) 06/06 15:37:39 Image size of job updated: 8876
	8  -  MemoryUsage of job (MB)
	7312  -  ResidentSetSize of job (KB)
...
006 (622.000.000) 06/06 15:38:12 Image size of job updated: 21404
	8  -  MemoryUsage of job (MB)
	7312  -  ResidentSetSize of job (KB)
...
005 (622.000.000) 06/06 15:38:13 Job terminated.
	(1) Normal termination (return value 0)
		Usr 0 00:00:13, Sys 0 00:00:01  -  Run Remote Usage
		Usr 0 00:00:00, Sys 0 00:00:00  -  Run Local Usage
		Usr 0 00:00:13, Sys 0 00:00:01  -  Total Remote Usage
		Usr 0 00:00:00, Sys 0 00:00:00  -  Total Local Usage
	0  -  Run Bytes Sent By Job
	0  -  Run Bytes Received By Job
	0  -  Total Bytes Sent By Job
	0  -  Total Bytes Received By Job
	Partitionable Resources :    Usage  Request Allocated
	   Cpus                 :                 1         1
	   Disk (KB)            :        1        1   1128882
	   Memory (MB)          :        8     1500      1500
...
