000 (319.000.000) 06/01 16:26:42 Job submitted from host: <134.61.5.1:9618?addrs=134.61.5.1-9618+[--1]-9618&noUDP&sock=1924_484e_15>
...
001 (319.000.000) 06/01 16:27:02 Job executing on host: <134.61.13.55:9618?addrs=134.61.13.55-9618+[--1]-9618&noUDP&sock=1465_7255_3>
...
006 (319.000.000) 06/01 16:27:11 Image size of job updated: 63572
	51  -  MemoryUsage of job (MB)
	52076  -  ResidentSetSize of job (KB)
...
010 (319.000.000) 06/01 16:28:29 Job was suspended.
	Number of processes actually suspended: 3
...
006 (319.000.000) 06/01 16:28:29 Image size of job updated: 380988
	360  -  MemoryUsage of job (MB)
	368440  -  ResidentSetSize of job (KB)
...
011 (319.000.000) 06/01 16:29:04 Job was unsuspended.
...
010 (319.000.000) 06/01 16:31:09 Job was suspended.
	Number of processes actually suspended: 3
...
006 (319.000.000) 06/01 16:31:09 Image size of job updated: 488572
	465  -  MemoryUsage of job (MB)
	476024  -  ResidentSetSize of job (KB)
...
011 (319.000.000) 06/01 16:31:24 Job was unsuspended.
...
010 (319.000.000) 06/01 16:32:15 Job was suspended.
	Number of processes actually suspended: 3
...
011 (319.000.000) 06/01 16:32:50 Job was unsuspended.
...
010 (319.000.000) 06/01 16:33:30 Job was suspended.
	Number of processes actually suspended: 3
...
011 (319.000.000) 06/01 16:35:10 Job was unsuspended.
...
010 (319.000.000) 06/01 16:36:00 Job was suspended.
	Number of processes actually suspended: 3
...
006 (319.000.000) 06/01 16:36:00 Image size of job updated: 488872
	466  -  MemoryUsage of job (MB)
	476324  -  ResidentSetSize of job (KB)
...
011 (319.000.000) 06/01 16:36:15 Job was unsuspended.
...
010 (319.000.000) 06/01 16:37:10 Job was suspended.
	Number of processes actually suspended: 0
...
011 (319.000.000) 06/01 16:37:40 Job was unsuspended.
...
010 (319.000.000) 06/01 16:38:11 Job was suspended.
	Number of processes actually suspended: 0
...
011 (319.000.000) 06/01 16:38:35 Job was unsuspended.
...
010 (319.000.000) 06/01 16:39:50 Job was suspended.
	Number of processes actually suspended: 0
...
011 (319.000.000) 06/01 16:40:15 Job was unsuspended.
...
010 (319.000.000) 06/01 16:42:16 Job was suspended.
	Number of processes actually suspended: 0
...
011 (319.000.000) 06/01 16:42:47 Job was unsuspended.
...
010 (319.000.000) 06/01 16:46:32 Job was suspended.
	Number of processes actually suspended: 0
...
011 (319.000.000) 06/01 16:47:02 Job was unsuspended.
...
010 (319.000.000) 06/01 16:48:47 Job was suspended.
	Number of processes actually suspended: 0
...
011 (319.000.000) 06/01 16:49:07 Job was unsuspended.
...
010 (319.000.000) 06/01 16:49:43 Job was suspended.
	Number of processes actually suspended: 0
...
011 (319.000.000) 06/01 16:50:17 Job was unsuspended.
...
010 (319.000.000) 06/01 16:51:52 Job was suspended.
	Number of processes actually suspended: 0
...
011 (319.000.000) 06/01 16:52:17 Job was unsuspended.
...
010 (319.000.000) 06/01 16:53:57 Job was suspended.
	Number of processes actually suspended: 0
...
011 (319.000.000) 06/01 16:54:42 Job was unsuspended.
...
010 (319.000.000) 06/01 16:58:58 Job was suspended.
	Number of processes actually suspended: 0
...
011 (319.000.000) 06/01 16:59:13 Job was unsuspended.
...
005 (319.000.000) 06/01 16:59:24 Job terminated.
	(1) Normal termination (return value 0)
		Usr 0 00:01:59, Sys 0 00:00:04  -  Run Remote Usage
		Usr 0 00:00:00, Sys 0 00:00:00  -  Run Local Usage
		Usr 0 00:01:59, Sys 0 00:00:04  -  Total Remote Usage
		Usr 0 00:00:00, Sys 0 00:00:00  -  Total Local Usage
	0  -  Run Bytes Sent By Job
	0  -  Run Bytes Received By Job
	0  -  Total Bytes Sent By Job
	0  -  Total Bytes Received By Job
	Partitionable Resources :    Usage  Request Allocated
	   Cpus                 :                 1         1
	   Disk (KB)            :        1        1  17962996
	   Memory (MB)          :      466     1500      1500
...
000 (381.000.000) 06/04 11:40:26 Job submitted from host: <134.61.5.1:9618?addrs=134.61.5.1-9618+[--1]-9618&noUDP&sock=1924_484e_15>
...
001 (381.000.000) 06/04 11:40:47 Job executing on host: <134.61.17.174:9618?addrs=134.61.17.174-9618+[--1]-9618&noUDP&sock=4847_37a2_3>
...
006 (381.000.000) 06/04 11:40:56 Image size of job updated: 21084
	9  -  MemoryUsage of job (MB)
	8892  -  ResidentSetSize of job (KB)
...
006 (381.000.000) 06/04 11:45:57 Image size of job updated: 525780
	431  -  MemoryUsage of job (MB)
	441148  -  ResidentSetSize of job (KB)
...
005 (381.000.000) 06/04 12:07:01 Job terminated.
	(1) Normal termination (return value 0)
		Usr 0 00:07:40, Sys 0 00:00:16  -  Run Remote Usage
		Usr 0 00:00:00, Sys 0 00:00:00  -  Run Local Usage
		Usr 0 00:07:40, Sys 0 00:00:16  -  Total Remote Usage
		Usr 0 00:00:00, Sys 0 00:00:00  -  Total Local Usage
	0  -  Run Bytes Sent By Job
	0  -  Run Bytes Received By Job
	0  -  Total Bytes Sent By Job
	0  -  Total Bytes Received By Job
	Partitionable Resources :    Usage  Request Allocated
	   Cpus                 :                 1         1
	   Disk (KB)            :        1        1   1556473
	   Memory (MB)          :      431     1500      1500
...
000 (443.000.000) 06/04 15:47:17 Job submitted from host: <134.61.5.1:9618?addrs=134.61.5.1-9618+[--1]-9618&noUDP&sock=1924_484e_15>
...
001 (443.000.000) 06/04 16:14:47 Job executing on host: <134.61.15.31:9618?addrs=134.61.15.31-9618+[--1]-9618&noUDP&sock=1477_ad78_3>
...
006 (443.000.000) 06/04 16:14:56 Image size of job updated: 294656
	209  -  MemoryUsage of job (MB)
	213836  -  ResidentSetSize of job (KB)
...
006 (443.000.000) 06/04 16:19:57 Image size of job updated: 503852
	443  -  MemoryUsage of job (MB)
	453348  -  ResidentSetSize of job (KB)
...
006 (443.000.000) 06/04 16:29:57 Image size of job updated: 508896
	443  -  MemoryUsage of job (MB)
	453348  -  ResidentSetSize of job (KB)
...
010 (443.000.000) 06/04 16:33:02 Job was suspended.
	Number of processes actually suspended: 3
...
011 (443.000.000) 06/04 16:34:08 Job was unsuspended.
...
010 (443.000.000) 06/04 16:34:28 Job was suspended.
	Number of processes actually suspended: 3
...
011 (443.000.000) 06/04 16:35:53 Job was unsuspended.
...
010 (443.000.000) 06/04 16:36:13 Job was suspended.
	Number of processes actually suspended: 3
...
011 (443.000.000) 06/04 16:38:19 Job was unsuspended.
...
010 (443.000.000) 06/04 16:39:14 Job was suspended.
	Number of processes actually suspended: 3
...
011 (443.000.000) 06/04 16:42:15 Job was unsuspended.
...
010 (443.000.000) 06/04 16:42:45 Job was suspended.
	Number of processes actually suspended: 3
...
011 (443.000.000) 06/04 16:47:42 Job was unsuspended.
...
010 (443.000.000) 06/04 16:48:02 Job was suspended.
	Number of processes actually suspended: 3
...
011 (443.000.000) 06/04 16:50:33 Job was unsuspended.
...
010 (443.000.000) 06/04 16:51:08 Job was suspended.
	Number of processes actually suspended: 3
...
011 (443.000.000) 06/04 16:51:28 Job was unsuspended.
...
010 (443.000.000) 06/04 16:52:03 Job was suspended.
	Number of processes actually suspended: 3
...
011 (443.000.000) 06/04 16:53:33 Job was unsuspended.
...
010 (443.000.000) 06/04 16:54:03 Job was suspended.
	Number of processes actually suspended: 3
...
011 (443.000.000) 06/04 16:54:18 Job was unsuspended.
...
005 (443.000.000) 06/04 16:56:20 Job terminated.
	(1) Normal termination (return value 0)
		Usr 0 00:08:40, Sys 0 00:00:15  -  Run Remote Usage
		Usr 0 00:00:00, Sys 0 00:00:00  -  Run Local Usage
		Usr 0 00:08:40, Sys 0 00:00:15  -  Total Remote Usage
		Usr 0 00:00:00, Sys 0 00:00:00  -  Total Local Usage
	0  -  Run Bytes Sent By Job
	0  -  Run Bytes Received By Job
	0  -  Total Bytes Sent By Job
	0  -  Total Bytes Received By Job
	Partitionable Resources :    Usage  Request Allocated
	   Cpus                 :                 1         1
	   Disk (KB)            :        1        1   1540760
	   Memory (MB)          :      443     1500      1500
...
000 (505.000.000) 06/05 16:10:33 Job submitted from host: <134.61.5.1:9618?addrs=134.61.5.1-9618+[--1]-9618&noUDP&sock=1924_484e_15>
...
001 (505.000.000) 06/05 16:13:20 Job executing on host: <134.61.17.187:9618?addrs=134.61.17.187-9618+[--1]-9618&noUDP&sock=4493_671b_3>
...
006 (505.000.000) 06/05 16:13:28 Image size of job updated: 111572
	85  -  MemoryUsage of job (MB)
	86256  -  ResidentSetSize of job (KB)
...
006 (505.000.000) 06/05 16:18:28 Image size of job updated: 491836
	435  -  MemoryUsage of job (MB)
	445404  -  ResidentSetSize of job (KB)
...
005 (505.000.000) 06/05 16:30:15 Job terminated.
	(1) Normal termination (return value 0)
		Usr 0 00:08:02, Sys 0 00:00:18  -  Run Remote Usage
		Usr 0 00:00:00, Sys 0 00:00:00  -  Run Local Usage
		Usr 0 00:08:02, Sys 0 00:00:18  -  Total Remote Usage
		Usr 0 00:00:00, Sys 0 00:00:00  -  Total Local Usage
	0  -  Run Bytes Sent By Job
	0  -  Run Bytes Received By Job
	0  -  Total Bytes Sent By Job
	0  -  Total Bytes Received By Job
	Partitionable Resources :    Usage  Request Allocated
	   Cpus                 :                 1         1
	   Disk (KB)            :        1        1   1556473
	   Memory (MB)          :      435     1500      1500
...
000 (626.000.000) 06/06 15:35:11 Job submitted from host: <134.61.5.1:9618?addrs=134.61.5.1-9618+[--1]-9618&noUDP&sock=1924_484e_15>
...
001 (626.000.000) 06/06 15:38:32 Job executing on host: <134.61.13.33:9618?addrs=134.61.13.33-9618+[--1]-9618&noUDP&sock=1576_9559_3>
...
006 (626.000.000) 06/06 15:38:41 Image size of job updated: 2772
	2  -  MemoryUsage of job (MB)
	1912  -  ResidentSetSize of job (KB)
...
006 (626.000.000) 06/06 15:43:42 Image size of job updated: 566700
	464  -  MemoryUsage of job (MB)
	474148  -  ResidentSetSize of job (KB)
...
005 (626.000.000) 06/06 16:11:32 Job terminated.
	(1) Normal termination (return value 0)
		Usr 0 00:05:45, Sys 0 00:00:11  -  Run Remote Usage
		Usr 0 00:00:00, Sys 0 00:00:00  -  Run Local Usage
		Usr 0 00:05:45, Sys 0 00:00:11  -  Total Remote Usage
		Usr 0 00:00:00, Sys 0 00:00:00  -  Total Local Usage
	0  -  Run Bytes Sent By Job
	0  -  Run Bytes Received By Job
	0  -  Total Bytes Sent By Job
	0  -  Total Bytes Received By Job
	Partitionable Resources :    Usage  Request Allocated
	   Cpus                 :                 1         1
	   Disk (KB)            :        1        1   3539965
	   Memory (MB)          :      464     1500      1500
...
