000 (323.000.000) 06/01 16:26:42 Job submitted from host: <134.61.5.1:9618?addrs=134.61.5.1-9618+[--1]-9618&noUDP&sock=1924_484e_15>
...
001 (323.000.000) 06/01 16:28:02 Job executing on host: <134.61.5.34:9618?addrs=134.61.5.34-9618+[--1]-9618&noUDP&sock=1579_a421_25>
...
006 (323.000.000) 06/01 16:28:11 Image size of job updated: 17540
	8  -  MemoryUsage of job (MB)
	7576  -  ResidentSetSize of job (KB)
...
006 (323.000.000) 06/01 16:29:16 Image size of job updated: 429828
	8  -  MemoryUsage of job (MB)
	7576  -  ResidentSetSize of job (KB)
...
005 (323.000.000) 06/01 16:29:16 Job terminated.
	(1) Normal termination (return value 0)
		Usr 0 00:00:21, Sys 0 00:00:02  -  Run Remote Usage
		Usr 0 00:00:00, Sys 0 00:00:00  -  Run Local Usage
		Usr 0 00:00:21, Sys 0 00:00:02  -  Total Remote Usage
		Usr 0 00:00:00, Sys 0 00:00:00  -  Total Local Usage
	0  -  Run Bytes Sent By Job
	0  -  Run Bytes Received By Job
	0  -  Total Bytes Sent By Job
	0  -  Total Bytes Received By Job
	Partitionable Resources :    Usage  Request Allocated
	   Cpus                 :                 1         1
	   Disk (KB)            :        1        1   3518873
	   Memory (MB)          :        8     1500      1500
...
000 (385.000.000) 06/04 11:40:27 Job submitted from host: <134.61.5.1:9618?addrs=134.61.5.1-9618+[--1]-9618&noUDP&sock=1924_484e_15>
...
001 (385.000.000) 06/04 11:40:46 Job executing on host: <134.61.17.176:9618?addrs=134.61.17.176-9618+[--1]-9618&noUDP&sock=1622_22b4_3>
...
006 (385.000.000) 06/04 11:40:55 Image size of job updated: 4684
	4  -  MemoryUsage of job (MB)
	4012  -  ResidentSetSize of job (KB)
...
006 (385.000.000) 06/04 11:42:19 Image size of job updated: 46384
	4  -  MemoryUsage of job (MB)
	4012  -  ResidentSetSize of job (KB)
...
005 (385.000.000) 06/04 11:42:19 Job terminated.
	(1) Normal termination (return value 0)
		Usr 0 00:00:19, Sys 0 00:00:02  -  Run Remote Usage
		Usr 0 00:00:00, Sys 0 00:00:00  -  Run Local Usage
		Usr 0 00:00:19, Sys 0 00:00:02  -  Total Remote Usage
		Usr 0 00:00:00, Sys 0 00:00:00  -  Total Local Usage
	0  -  Run Bytes Sent By Job
	0  -  Run Bytes Received By Job
	0  -  Total Bytes Sent By Job
	0  -  Total Bytes Received By Job
	Partitionable Resources :    Usage  Request Allocated
	   Cpus                 :                 1         1
	   Disk (KB)            :        1        1   1550624
	   Memory (MB)          :        4     1500      1500
...
000 (447.000.000) 06/04 15:47:18 Job submitted from host: <134.61.5.1:9618?addrs=134.61.5.1-9618+[--1]-9618&noUDP&sock=1924_484e_15>
...
001 (447.000.000) 06/04 16:16:47 Job executing on host: <134.61.17.146:9618?addrs=134.61.17.146-9618+[--1]-9618&noUDP&sock=1597_fcd6_11>
...
006 (447.000.000) 06/04 16:16:56 Image size of job updated: 282696
	199  -  MemoryUsage of job (MB)
	203752  -  ResidentSetSize of job (KB)
...
006 (447.000.000) 06/04 16:17:14 Image size of job updated: 694424
	200  -  MemoryUsage of job (MB)
	203816  -  ResidentSetSize of job (KB)
...
005 (447.000.000) 06/04 16:17:14 Job terminated.
	(1) Normal termination (return value 0)
		Usr 0 00:00:18, Sys 0 00:00:01  -  Run Remote Usage
		Usr 0 00:00:00, Sys 0 00:00:00  -  Run Local Usage
		Usr 0 00:00:18, Sys 0 00:00:01  -  Total Remote Usage
		Usr 0 00:00:00, Sys 0 00:00:00  -  Total Local Usage
	0  -  Run Bytes Sent By Job
	0  -  Run Bytes Received By Job
	0  -  Total Bytes Sent By Job
	0  -  Total Bytes Received By Job
	Partitionable Resources :    Usage  Request Allocated
	   Cpus                 :                 1         1
	   Disk (KB)            :        1        1   1138300
	   Memory (MB)          :      200     1500      1500
...
000 (509.000.000) 06/05 16:10:34 Job submitted from host: <134.61.5.1:9618?addrs=134.61.5.1-9618+[--1]-9618&noUDP&sock=1924_484e_15>
...
007 (509.000.000) 06/05 16:13:20 Shadow exception!
	Error from slot1_2@lxcip55.physik.rwth-aachen.de: Failed to open '/.automount/home/home__home4/institut_1b/swuchterl/SUSYDileptonGamma/SplitTrees/logs/SMS-TChiNG_1200_nTuple.root.out' as standard output: No such file or directory (errno 2)
	0  -  Run Bytes Sent By Job
	0  -  Run Bytes Received By Job
...
012 (509.000.000) 06/05 16:13:20 Job was held.
	Error from slot1_2@lxcip55.physik.rwth-aachen.de: Failed to open '/.automount/home/home__home4/institut_1b/swuchterl/SUSYDileptonGamma/SplitTrees/logs/SMS-TChiNG_1200_nTuple.root.out' as standard output: No such file or directory (errno 2)
	Code 7 Subcode 2
...
013 (509.000.000) 06/05 18:21:05 Job was released.
	via condor_release (by user swuchterl)
...
001 (509.000.000) 06/05 18:22:29 Job executing on host: <134.61.17.184:9618?addrs=134.61.17.184-9618+[--1]-9618&noUDP&sock=4527_b953_3>
...
006 (509.000.000) 06/05 18:22:37 Image size of job updated: 156188
	96  -  MemoryUsage of job (MB)
	97736  -  ResidentSetSize of job (KB)
...
006 (509.000.000) 06/05 18:23:06 Image size of job updated: 434124
	96  -  MemoryUsage of job (MB)
	97736  -  ResidentSetSize of job (KB)
...
005 (509.000.000) 06/05 18:23:06 Job terminated.
	(1) Normal termination (return value 0)
		Usr 0 00:00:20, Sys 0 00:00:01  -  Run Remote Usage
		Usr 0 00:00:00, Sys 0 00:00:00  -  Run Local Usage
		Usr 0 00:00:20, Sys 0 00:00:01  -  Total Remote Usage
		Usr 0 00:00:00, Sys 0 00:00:00  -  Total Local Usage
	0  -  Run Bytes Sent By Job
	0  -  Run Bytes Received By Job
	0  -  Total Bytes Sent By Job
	0  -  Total Bytes Received By Job
	Partitionable Resources :    Usage  Request Allocated
	   Cpus                 :                 1         1
	   Disk (KB)            :        1        1   1556473
	   Memory (MB)          :       96     1500      1500
...
000 (630.000.000) 06/06 15:35:11 Job submitted from host: <134.61.5.1:9618?addrs=134.61.5.1-9618+[--1]-9618&noUDP&sock=1924_484e_15>
...
001 (630.000.000) 06/06 15:40:31 Job executing on host: <134.61.15.94:9618?addrs=134.61.15.94-9618+[--1]-9618&noUDP&sock=1532_672e_3>
...
006 (630.000.000) 06/06 15:40:40 Image size of job updated: 66920
	58  -  MemoryUsage of job (MB)
	59132  -  ResidentSetSize of job (KB)
...
010 (630.000.000) 06/06 15:41:18 Job was suspended.
	Number of processes actually suspended: 3
...
006 (630.000.000) 06/06 15:41:18 Image size of job updated: 298980
	282  -  MemoryUsage of job (MB)
	288284  -  ResidentSetSize of job (KB)
...
004 (630.000.000) 06/06 15:53:54 Job was evicted.
	(0) Job was not checkpointed.
		Usr 0 00:00:07, Sys 0 00:00:01  -  Run Remote Usage
		Usr 0 00:00:00, Sys 0 00:00:00  -  Run Local Usage
	0  -  Run Bytes Sent By Job
	0  -  Run Bytes Received By Job
	Partitionable Resources :    Usage  Request Allocated
	   Cpus                 :                 1         1
	   Disk (KB)            :        1        1   8079557
	   Memory (MB)          :      282     1500      1500
...
012 (630.000.000) 06/06 15:53:54 Job was held.
	via condor_hold (by user swuchterl)
	Code 1 Subcode 0
...
013 (630.000.000) 06/06 15:54:13 Job was released.
	via condor_release (by user swuchterl)
...
001 (630.000.000) 06/06 15:54:15 Job executing on host: <134.61.17.184:9618?addrs=134.61.17.184-9618+[--1]-9618&noUDP&sock=4527_b953_3>
...
006 (630.000.000) 06/06 15:55:17 Image size of job updated: 378396
	293  -  MemoryUsage of job (MB)
	300000  -  ResidentSetSize of job (KB)
...
005 (630.000.000) 06/06 15:55:17 Job terminated.
	(1) Normal termination (return value 0)
		Usr 0 00:00:21, Sys 0 00:00:02  -  Run Remote Usage
		Usr 0 00:00:00, Sys 0 00:00:00  -  Run Local Usage
		Usr 0 00:00:21, Sys 0 00:00:02  -  Total Remote Usage
		Usr 0 00:00:00, Sys 0 00:00:00  -  Total Local Usage
	0  -  Run Bytes Sent By Job
	0  -  Run Bytes Received By Job
	0  -  Total Bytes Sent By Job
	0  -  Total Bytes Received By Job
	Partitionable Resources :    Usage  Request Allocated
	   Cpus                 :                 1         1
	   Disk (KB)            :        1        1   1556473
	   Memory (MB)          :      293     1500      1500
...
