000 (318.000.000) 06/01 16:26:42 Job submitted from host: <134.61.5.1:9618?addrs=134.61.5.1-9618+[--1]-9618&noUDP&sock=1924_484e_15>
...
001 (318.000.000) 06/01 16:27:02 Job executing on host: <134.61.17.110:9618?addrs=134.61.17.110-9618+[--1]-9618&noUDP&sock=1472_3f7f_3>
...
006 (318.000.000) 06/01 16:27:11 Image size of job updated: 8372
	8  -  MemoryUsage of job (MB)
	7316  -  ResidentSetSize of job (KB)
...
006 (318.000.000) 06/01 16:32:12 Image size of job updated: 495416
	461  -  MemoryUsage of job (MB)
	471888  -  ResidentSetSize of job (KB)
...
006 (318.000.000) 06/01 16:37:13 Image size of job updated: 495484
	461  -  MemoryUsage of job (MB)
	471892  -  ResidentSetSize of job (KB)
...
010 (318.000.000) 06/01 17:40:38 Job was suspended.
	Number of processes actually suspended: 0
...
011 (318.000.000) 06/01 17:40:53 Job was unsuspended.
...
006 (318.000.000) 06/01 18:53:30 Image size of job updated: 813176
	461  -  MemoryUsage of job (MB)
	471892  -  ResidentSetSize of job (KB)
...
005 (318.000.000) 06/01 18:53:30 Job terminated.
	(1) Normal termination (return value 0)
		Usr 0 00:02:57, Sys 0 00:00:04  -  Run Remote Usage
		Usr 0 00:00:00, Sys 0 00:00:00  -  Run Local Usage
		Usr 0 00:02:57, Sys 0 00:00:04  -  Total Remote Usage
		Usr 0 00:00:00, Sys 0 00:00:00  -  Total Local Usage
	0  -  Run Bytes Sent By Job
	0  -  Run Bytes Received By Job
	0  -  Total Bytes Sent By Job
	0  -  Total Bytes Received By Job
	Partitionable Resources :    Usage  Request Allocated
	   Cpus                 :                 1         1
	   Disk (KB)            :        1        1   1138300
	   Memory (MB)          :      461     1500      1500
...
000 (380.000.000) 06/04 11:40:26 Job submitted from host: <134.61.5.1:9618?addrs=134.61.5.1-9618+[--1]-9618&noUDP&sock=1924_484e_15>
...
001 (380.000.000) 06/04 11:40:46 Job executing on host: <134.61.17.178:9618?addrs=134.61.17.178-9618+[--1]-9618&noUDP&sock=4506_51d6_3>
...
006 (380.000.000) 06/04 11:40:54 Image size of job updated: 60096
	35  -  MemoryUsage of job (MB)
	35716  -  ResidentSetSize of job (KB)
...
006 (380.000.000) 06/04 11:45:54 Image size of job updated: 505300
	455  -  MemoryUsage of job (MB)
	465168  -  ResidentSetSize of job (KB)
...
006 (380.000.000) 06/04 11:55:55 Image size of job updated: 507904
	457  -  MemoryUsage of job (MB)
	467772  -  ResidentSetSize of job (KB)
...
006 (380.000.000) 06/04 12:00:55 Image size of job updated: 509480
	457  -  MemoryUsage of job (MB)
	467772  -  ResidentSetSize of job (KB)
...
006 (380.000.000) 06/04 12:15:57 Image size of job updated: 513252
	457  -  MemoryUsage of job (MB)
	467772  -  ResidentSetSize of job (KB)
...
004 (380.000.000) 06/04 13:47:48 Job was evicted.
	(0) Job was not checkpointed.
		Usr 0 01:05:17, Sys 0 00:02:08  -  Run Remote Usage
		Usr 0 00:00:00, Sys 0 00:00:00  -  Run Local Usage
	0  -  Run Bytes Sent By Job
	0  -  Run Bytes Received By Job
	Partitionable Resources :    Usage  Request Allocated
	   Cpus                 :                 1         1
	   Disk (KB)            :        1        1   1556473
	   Memory (MB)          :      457     1500      1500
...
009 (380.000.000) 06/04 13:47:48 Job was aborted by the user.
	via condor_rm (by user swuchterl)
...
000 (442.000.000) 06/04 15:47:17 Job submitted from host: <134.61.5.1:9618?addrs=134.61.5.1-9618+[--1]-9618&noUDP&sock=1924_484e_15>
...
001 (442.000.000) 06/04 16:12:47 Job executing on host: <134.61.15.68:9618?addrs=134.61.15.68-9618+[--1]-9618&noUDP&sock=1148201_f612_8>
...
006 (442.000.000) 06/04 16:12:56 Image size of job updated: 356416
	269  -  MemoryUsage of job (MB)
	275448  -  ResidentSetSize of job (KB)
...
006 (442.000.000) 06/04 16:17:57 Image size of job updated: 509476
	425  -  MemoryUsage of job (MB)
	434768  -  ResidentSetSize of job (KB)
...
006 (442.000.000) 06/04 16:32:58 Image size of job updated: 534108
	425  -  MemoryUsage of job (MB)
	434768  -  ResidentSetSize of job (KB)
...
006 (442.000.000) 06/04 16:42:59 Image size of job updated: 535752
	425  -  MemoryUsage of job (MB)
	434768  -  ResidentSetSize of job (KB)
...
010 (442.000.000) 06/04 16:47:56 Job was suspended.
	Number of processes actually suspended: 3
...
011 (442.000.000) 06/04 16:48:11 Job was unsuspended.
...
005 (442.000.000) 06/04 18:42:32 Job terminated.
	(1) Normal termination (return value 0)
		Usr 0 01:43:19, Sys 0 00:01:47  -  Run Remote Usage
		Usr 0 00:00:00, Sys 0 00:00:00  -  Run Local Usage
		Usr 0 01:43:19, Sys 0 00:01:47  -  Total Remote Usage
		Usr 0 00:00:00, Sys 0 00:00:00  -  Total Local Usage
	0  -  Run Bytes Sent By Job
	0  -  Run Bytes Received By Job
	0  -  Total Bytes Sent By Job
	0  -  Total Bytes Received By Job
	Partitionable Resources :    Usage  Request Allocated
	   Cpus                 :                 1         1
	   Disk (KB)            :        1        1   3535214
	   Memory (MB)          :      425     1500      1500
...
000 (504.000.000) 06/05 16:10:33 Job submitted from host: <134.61.5.1:9618?addrs=134.61.5.1-9618+[--1]-9618&noUDP&sock=1924_484e_15>
...
001 (504.000.000) 06/05 16:13:20 Job executing on host: <134.61.17.187:9618?addrs=134.61.17.187-9618+[--1]-9618&noUDP&sock=4493_671b_3>
...
006 (504.000.000) 06/05 16:13:28 Image size of job updated: 100844
	91  -  MemoryUsage of job (MB)
	92596  -  ResidentSetSize of job (KB)
...
010 (504.000.000) 06/05 16:16:20 Job was suspended.
	Number of processes actually suspended: 3
...
006 (504.000.000) 06/05 16:16:20 Image size of job updated: 479588
	460  -  MemoryUsage of job (MB)
	470904  -  ResidentSetSize of job (KB)
...
011 (504.000.000) 06/05 16:18:14 Job was unsuspended.
...
006 (504.000.000) 06/05 16:18:29 Image size of job updated: 480588
	461  -  MemoryUsage of job (MB)
	471904  -  ResidentSetSize of job (KB)
...
010 (504.000.000) 06/05 16:19:09 Job was suspended.
	Number of processes actually suspended: 3
...
011 (504.000.000) 06/05 16:20:24 Job was unsuspended.
...
010 (504.000.000) 06/05 16:21:20 Job was suspended.
	Number of processes actually suspended: 3
...
006 (504.000.000) 06/05 16:21:20 Image size of job updated: 480744
	461  -  MemoryUsage of job (MB)
	471904  -  ResidentSetSize of job (KB)
...
011 (504.000.000) 06/05 16:23:30 Job was unsuspended.
...
010 (504.000.000) 06/05 16:23:45 Job was suspended.
	Number of processes actually suspended: 3
...
011 (504.000.000) 06/05 16:24:10 Job was unsuspended.
...
010 (504.000.000) 06/05 16:24:40 Job was suspended.
	Number of processes actually suspended: 3
...
006 (504.000.000) 06/05 16:24:40 Image size of job updated: 482128
	461  -  MemoryUsage of job (MB)
	471904  -  ResidentSetSize of job (KB)
...
011 (504.000.000) 06/05 16:25:00 Job was unsuspended.
...
006 (504.000.000) 06/05 16:28:29 Image size of job updated: 483692
	461  -  MemoryUsage of job (MB)
	471904  -  ResidentSetSize of job (KB)
...
010 (504.000.000) 06/05 16:29:31 Job was suspended.
	Number of processes actually suspended: 3
...
011 (504.000.000) 06/05 16:30:57 Job was unsuspended.
...
010 (504.000.000) 06/05 16:45:49 Job was suspended.
	Number of processes actually suspended: 3
...
011 (504.000.000) 06/05 16:46:15 Job was unsuspended.
...
006 (504.000.000) 06/05 17:03:33 Image size of job updated: 490420
	461  -  MemoryUsage of job (MB)
	471904  -  ResidentSetSize of job (KB)
...
006 (504.000.000) 06/05 17:08:33 Image size of job updated: 491892
	461  -  MemoryUsage of job (MB)
	471904  -  ResidentSetSize of job (KB)
...
006 (504.000.000) 06/05 17:28:34 Image size of job updated: 493632
	461  -  MemoryUsage of job (MB)
	471904  -  ResidentSetSize of job (KB)
...
006 (504.000.000) 06/05 17:58:38 Image size of job updated: 494140
	461  -  MemoryUsage of job (MB)
	471904  -  ResidentSetSize of job (KB)
...
005 (504.000.000) 06/05 18:18:29 Job terminated.
	(1) Normal termination (return value 0)
		Usr 0 01:11:57, Sys 0 00:02:09  -  Run Remote Usage
		Usr 0 00:00:00, Sys 0 00:00:00  -  Run Local Usage
		Usr 0 01:11:57, Sys 0 00:02:09  -  Total Remote Usage
		Usr 0 00:00:00, Sys 0 00:00:00  -  Total Local Usage
	0  -  Run Bytes Sent By Job
	0  -  Run Bytes Received By Job
	0  -  Total Bytes Sent By Job
	0  -  Total Bytes Received By Job
	Partitionable Resources :    Usage  Request Allocated
	   Cpus                 :                 1         1
	   Disk (KB)            :        1        1   1556473
	   Memory (MB)          :      461     1500      1500
...
000 (625.000.000) 06/06 15:35:11 Job submitted from host: <134.61.5.1:9618?addrs=134.61.5.1-9618+[--1]-9618&noUDP&sock=1924_484e_15>
...
001 (625.000.000) 06/06 15:38:31 Job executing on host: <134.61.15.73:9618?addrs=134.61.15.73-9618+[--1]-9618&noUDP&sock=1569_c82f_3>
...
006 (625.000.000) 06/06 15:38:39 Image size of job updated: 115576
	55  -  MemoryUsage of job (MB)
	56020  -  ResidentSetSize of job (KB)
...
006 (625.000.000) 06/06 15:43:39 Image size of job updated: 604220
	508  -  MemoryUsage of job (MB)
	519552  -  ResidentSetSize of job (KB)
...
005 (625.000.000) 06/06 18:13:36 Job terminated.
	(1) Normal termination (return value 0)
		Usr 0 01:27:10, Sys 0 00:02:33  -  Run Remote Usage
		Usr 0 00:00:00, Sys 0 00:00:00  -  Run Local Usage
		Usr 0 01:27:10, Sys 0 00:02:33  -  Total Remote Usage
		Usr 0 00:00:00, Sys 0 00:00:00  -  Total Local Usage
	0  -  Run Bytes Sent By Job
	0  -  Run Bytes Received By Job
	0  -  Total Bytes Sent By Job
	0  -  Total Bytes Received By Job
	Partitionable Resources :    Usage  Request Allocated
	   Cpus                 :                 1         1
	   Disk (KB)            :        1        1   3541765
	   Memory (MB)          :      508     1500      1500
...
