000 (316.000.000) 06/01 16:26:42 Job submitted from host: <134.61.5.1:9618?addrs=134.61.5.1-9618+[--1]-9618&noUDP&sock=1924_484e_15>
...
001 (316.000.000) 06/01 16:27:02 Job executing on host: <134.61.17.110:9618?addrs=134.61.17.110-9618+[--1]-9618&noUDP&sock=1472_3f7f_3>
...
006 (316.000.000) 06/01 16:27:11 Image size of job updated: 12260
	8  -  MemoryUsage of job (MB)
	7312  -  ResidentSetSize of job (KB)
...
005 (316.000.000) 06/01 16:27:50 Job terminated.
	(1) Normal termination (return value 0)
		Usr 0 00:00:14, Sys 0 00:00:01  -  Run Remote Usage
		Usr 0 00:00:00, Sys 0 00:00:00  -  Run Local Usage
		Usr 0 00:00:14, Sys 0 00:00:01  -  Total Remote Usage
		Usr 0 00:00:00, Sys 0 00:00:00  -  Total Local Usage
	0  -  Run Bytes Sent By Job
	0  -  Run Bytes Received By Job
	0  -  Total Bytes Sent By Job
	0  -  Total Bytes Received By Job
	Partitionable Resources :    Usage  Request Allocated
	   Cpus                 :                 1         1
	   Disk (KB)            :        1        1   1138300
	   Memory (MB)          :        8     1500      1500
...
000 (378.000.000) 06/04 11:40:26 Job submitted from host: <134.61.5.1:9618?addrs=134.61.5.1-9618+[--1]-9618&noUDP&sock=1924_484e_15>
...
001 (378.000.000) 06/04 11:40:46 Job executing on host: <134.61.17.163:9618?addrs=134.61.17.163-9618+[--1]-9618&noUDP&sock=4676_ecf0_3>
...
006 (378.000.000) 06/04 11:40:54 Image size of job updated: 13348
	8  -  MemoryUsage of job (MB)
	7312  -  ResidentSetSize of job (KB)
...
006 (378.000.000) 06/04 11:41:56 Image size of job updated: 44976
	8  -  MemoryUsage of job (MB)
	7312  -  ResidentSetSize of job (KB)
...
005 (378.000.000) 06/04 11:41:56 Job terminated.
	(1) Normal termination (return value 0)
		Usr 0 00:00:13, Sys 0 00:00:01  -  Run Remote Usage
		Usr 0 00:00:00, Sys 0 00:00:00  -  Run Local Usage
		Usr 0 00:00:13, Sys 0 00:00:01  -  Total Remote Usage
		Usr 0 00:00:00, Sys 0 00:00:00  -  Total Local Usage
	0  -  Run Bytes Sent By Job
	0  -  Run Bytes Received By Job
	0  -  Total Bytes Sent By Job
	0  -  Total Bytes Received By Job
	Partitionable Resources :    Usage  Request Allocated
	   Cpus                 :                 1         1
	   Disk (KB)            :        1        1   1556473
	   Memory (MB)          :        8     1500      1500
...
000 (440.000.000) 06/04 15:47:16 Job submitted from host: <134.61.5.1:9618?addrs=134.61.5.1-9618+[--1]-9618&noUDP&sock=1924_484e_15>
...
001 (440.000.000) 06/04 16:11:46 Job executing on host: <134.61.15.68:9618?addrs=134.61.15.68-9618+[--1]-9618&noUDP&sock=1148201_f612_8>
...
006 (440.000.000) 06/04 16:11:55 Image size of job updated: 150300
	74  -  MemoryUsage of job (MB)
	75364  -  ResidentSetSize of job (KB)
...
006 (440.000.000) 06/04 16:12:09 Image size of job updated: 429972
	74  -  MemoryUsage of job (MB)
	75368  -  ResidentSetSize of job (KB)
...
005 (440.000.000) 06/04 16:12:09 Job terminated.
	(1) Normal termination (return value 0)
		Usr 0 00:00:13, Sys 0 00:00:02  -  Run Remote Usage
		Usr 0 00:00:00, Sys 0 00:00:00  -  Run Local Usage
		Usr 0 00:00:13, Sys 0 00:00:02  -  Total Remote Usage
		Usr 0 00:00:00, Sys 0 00:00:00  -  Total Local Usage
	0  -  Run Bytes Sent By Job
	0  -  Run Bytes Received By Job
	0  -  Total Bytes Sent By Job
	0  -  Total Bytes Received By Job
	Partitionable Resources :    Usage  Request Allocated
	   Cpus                 :                 1         1
	   Disk (KB)            :        1        1   3535214
	   Memory (MB)          :       74     1500      1500
...
000 (502.000.000) 06/05 16:10:33 Job submitted from host: <134.61.5.1:9618?addrs=134.61.5.1-9618+[--1]-9618&noUDP&sock=1924_484e_15>
...
007 (502.000.000) 06/05 16:12:19 Shadow exception!
	Error from slot1_6@lxcip55.physik.rwth-aachen.de: Failed to open '/.automount/home/home__home4/institut_1b/swuchterl/SUSYDileptonGamma/SplitTrees/logs/SMS-T5bbbbZg_1500_400_nTuple.root.out' as standard output: No such file or directory (errno 2)
	0  -  Run Bytes Sent By Job
	0  -  Run Bytes Received By Job
...
012 (502.000.000) 06/05 16:12:19 Job was held.
	Error from slot1_6@lxcip55.physik.rwth-aachen.de: Failed to open '/.automount/home/home__home4/institut_1b/swuchterl/SUSYDileptonGamma/SplitTrees/logs/SMS-T5bbbbZg_1500_400_nTuple.root.out' as standard output: No such file or directory (errno 2)
	Code 7 Subcode 2
...
013 (502.000.000) 06/05 18:21:00 Job was released.
	via condor_release (by user swuchterl)
...
001 (502.000.000) 06/05 18:21:08 Job executing on host: <134.61.5.11:9618?addrs=134.61.5.11-9618+[--1]-9618&noUDP&sock=1517_1d42_3>
...
006 (502.000.000) 06/05 18:21:16 Image size of job updated: 69760
	58  -  MemoryUsage of job (MB)
	59344  -  ResidentSetSize of job (KB)
...
005 (502.000.000) 06/05 18:21:34 Job terminated.
	(1) Normal termination (return value 0)
		Usr 0 00:00:10, Sys 0 00:00:01  -  Run Remote Usage
		Usr 0 00:00:00, Sys 0 00:00:00  -  Run Local Usage
		Usr 0 00:00:10, Sys 0 00:00:01  -  Total Remote Usage
		Usr 0 00:00:00, Sys 0 00:00:00  -  Total Local Usage
	0  -  Run Bytes Sent By Job
	0  -  Run Bytes Received By Job
	0  -  Total Bytes Sent By Job
	0  -  Total Bytes Received By Job
	Partitionable Resources :    Usage  Request Allocated
	   Cpus                 :                 1         1
	   Disk (KB)            :        1        1  17595592
	   Memory (MB)          :       58     1500      1500
...
000 (623.000.000) 06/06 15:35:10 Job submitted from host: <134.61.5.1:9618?addrs=134.61.5.1-9618+[--1]-9618&noUDP&sock=1924_484e_15>
...
001 (623.000.000) 06/06 15:37:31 Job executing on host: <134.61.17.100:9618?addrs=134.61.17.100-9618+[--1]-9618&noUDP&sock=1718_fbcb_3>
...
006 (623.000.000) 06/06 15:37:40 Image size of job updated: 11728
	10  -  MemoryUsage of job (MB)
	10156  -  ResidentSetSize of job (KB)
...
006 (623.000.000) 06/06 15:38:18 Image size of job updated: 22660
	10  -  MemoryUsage of job (MB)
	10156  -  ResidentSetSize of job (KB)
...
005 (623.000.000) 06/06 15:38:18 Job terminated.
	(1) Normal termination (return value 0)
		Usr 0 00:00:15, Sys 0 00:00:01  -  Run Remote Usage
		Usr 0 00:00:00, Sys 0 00:00:00  -  Run Local Usage
		Usr 0 00:00:15, Sys 0 00:00:01  -  Total Remote Usage
		Usr 0 00:00:00, Sys 0 00:00:00  -  Total Local Usage
	0  -  Run Bytes Sent By Job
	0  -  Run Bytes Received By Job
	0  -  Total Bytes Sent By Job
	0  -  Total Bytes Received By Job
	Partitionable Resources :    Usage  Request Allocated
	   Cpus                 :                 1         1
	   Disk (KB)            :        1        1   1128882
	   Memory (MB)          :       10     1500      1500
...
