000 (334.000.000) 06/01 16:26:44 Job submitted from host: <134.61.5.1:9618?addrs=134.61.5.1-9618+[--1]-9618&noUDP&sock=1924_484e_15>
...
001 (334.000.000) 06/01 16:28:02 Job executing on host: <134.61.13.27:9618?addrs=134.61.13.27-9618+[--1]-9618&noUDP&sock=1500_7426_18>
...
006 (334.000.000) 06/01 16:28:11 Image size of job updated: 28456
	22  -  MemoryUsage of job (MB)
	22056  -  ResidentSetSize of job (KB)
...
010 (334.000.000) 06/01 16:29:21 Job was suspended.
	Number of processes actually suspended: 3
...
006 (334.000.000) 06/01 16:29:21 Image size of job updated: 398464
	364  -  MemoryUsage of job (MB)
	371940  -  ResidentSetSize of job (KB)
...
011 (334.000.000) 06/01 16:29:36 Job was unsuspended.
...
005 (334.000.000) 06/01 16:30:05 Job terminated.
	(1) Normal termination (return value 0)
		Usr 0 00:00:31, Sys 0 00:00:04  -  Run Remote Usage
		Usr 0 00:00:00, Sys 0 00:00:00  -  Run Local Usage
		Usr 0 00:00:31, Sys 0 00:00:04  -  Total Remote Usage
		Usr 0 00:00:00, Sys 0 00:00:00  -  Total Local Usage
	0  -  Run Bytes Sent By Job
	0  -  Run Bytes Received By Job
	0  -  Total Bytes Sent By Job
	0  -  Total Bytes Received By Job
	Partitionable Resources :    Usage  Request Allocated
	   Cpus                 :                 1         1
	   Disk (KB)            :        1        1    349909
	   Memory (MB)          :      364     1500      1500
...
000 (396.000.000) 06/04 11:40:28 Job submitted from host: <134.61.5.1:9618?addrs=134.61.5.1-9618+[--1]-9618&noUDP&sock=1924_484e_15>
...
001 (396.000.000) 06/04 11:40:46 Job executing on host: <134.61.17.171:9618?addrs=134.61.17.171-9618+[--1]-9618&noUDP&sock=4813_e569_3>
...
006 (396.000.000) 06/04 11:40:55 Image size of job updated: 35404
	22  -  MemoryUsage of job (MB)
	21748  -  ResidentSetSize of job (KB)
...
006 (396.000.000) 06/04 11:42:37 Image size of job updated: 453300
	22  -  MemoryUsage of job (MB)
	21748  -  ResidentSetSize of job (KB)
...
005 (396.000.000) 06/04 11:42:37 Job terminated.
	(1) Normal termination (return value 0)
		Usr 0 00:00:29, Sys 0 00:00:02  -  Run Remote Usage
		Usr 0 00:00:00, Sys 0 00:00:00  -  Run Local Usage
		Usr 0 00:00:29, Sys 0 00:00:02  -  Total Remote Usage
		Usr 0 00:00:00, Sys 0 00:00:00  -  Total Local Usage
	0  -  Run Bytes Sent By Job
	0  -  Run Bytes Received By Job
	0  -  Total Bytes Sent By Job
	0  -  Total Bytes Received By Job
	Partitionable Resources :    Usage  Request Allocated
	   Cpus                 :                 1         1
	   Disk (KB)            :        1        1   1556473
	   Memory (MB)          :       22     1500      1500
...
000 (458.000.000) 06/04 15:47:19 Job submitted from host: <134.61.5.1:9618?addrs=134.61.5.1-9618+[--1]-9618&noUDP&sock=1924_484e_15>
...
001 (458.000.000) 06/04 16:19:48 Job executing on host: <134.61.17.182:9618?addrs=134.61.17.182-9618+[--1]-9618&noUDP&sock=1616_0522_3>
...
006 (458.000.000) 06/04 16:19:56 Image size of job updated: 156144
	96  -  MemoryUsage of job (MB)
	97708  -  ResidentSetSize of job (KB)
...
006 (458.000.000) 06/04 16:20:43 Image size of job updated: 783532
	96  -  MemoryUsage of job (MB)
	97708  -  ResidentSetSize of job (KB)
...
005 (458.000.000) 06/04 16:20:43 Job terminated.
	(1) Normal termination (return value 0)
		Usr 0 00:00:31, Sys 0 00:00:02  -  Run Remote Usage
		Usr 0 00:00:00, Sys 0 00:00:00  -  Run Local Usage
		Usr 0 00:00:31, Sys 0 00:00:02  -  Total Remote Usage
		Usr 0 00:00:00, Sys 0 00:00:00  -  Total Local Usage
	0  -  Run Bytes Sent By Job
	0  -  Run Bytes Received By Job
	0  -  Total Bytes Sent By Job
	0  -  Total Bytes Received By Job
	Partitionable Resources :    Usage  Request Allocated
	   Cpus                 :                 1         1
	   Disk (KB)            :        1        1   1481208
	   Memory (MB)          :       96     1500      1500
...
000 (520.000.000) 06/05 16:10:35 Job submitted from host: <134.61.5.1:9618?addrs=134.61.5.1-9618+[--1]-9618&noUDP&sock=1924_484e_15>
...
007 (520.000.000) 06/05 16:13:21 Shadow exception!
	Error from slot1_1@lxcip55.physik.rwth-aachen.de: Failed to open '/.automount/home/home__home4/institut_1b/swuchterl/SUSYDileptonGamma/SplitTrees/logs/ST_s-channel_4f_leptonDecays-amcatnlo_nTuple.root.out' as standard output: No such file or directory (errno 2)
	0  -  Run Bytes Sent By Job
	0  -  Run Bytes Received By Job
...
012 (520.000.000) 06/05 16:13:21 Job was held.
	Error from slot1_1@lxcip55.physik.rwth-aachen.de: Failed to open '/.automount/home/home__home4/institut_1b/swuchterl/SUSYDileptonGamma/SplitTrees/logs/ST_s-channel_4f_leptonDecays-amcatnlo_nTuple.root.out' as standard output: No such file or directory (errno 2)
	Code 7 Subcode 2
...
013 (520.000.000) 06/05 18:21:13 Job was released.
	via condor_release (by user swuchterl)
...
001 (520.000.000) 06/05 18:22:29 Job executing on host: <134.61.17.108:9618?addrs=134.61.17.108-9618+[--1]-9618&noUDP&sock=1363_7bac_3>
...
006 (520.000.000) 06/05 18:22:37 Image size of job updated: 111156
	51  -  MemoryUsage of job (MB)
	51832  -  ResidentSetSize of job (KB)
...
006 (520.000.000) 06/05 18:23:34 Image size of job updated: 571744
	51  -  MemoryUsage of job (MB)
	51832  -  ResidentSetSize of job (KB)
...
005 (520.000.000) 06/05 18:23:35 Job terminated.
	(1) Normal termination (return value 0)
		Usr 0 00:00:29, Sys 0 00:00:02  -  Run Remote Usage
		Usr 0 00:00:00, Sys 0 00:00:00  -  Run Local Usage
		Usr 0 00:00:29, Sys 0 00:00:02  -  Total Remote Usage
		Usr 0 00:00:00, Sys 0 00:00:00  -  Total Local Usage
	0  -  Run Bytes Sent By Job
	0  -  Run Bytes Received By Job
	0  -  Total Bytes Sent By Job
	0  -  Total Bytes Received By Job
	Partitionable Resources :    Usage  Request Allocated
	   Cpus                 :                 1         1
	   Disk (KB)            :        1        1   1618994
	   Memory (MB)          :       51     1500      1500
...
000 (641.000.000) 06/06 15:35:13 Job submitted from host: <134.61.5.1:9618?addrs=134.61.5.1-9618+[--1]-9618&noUDP&sock=1924_484e_15>
...
001 (641.000.000) 06/06 15:40:31 Job executing on host: <134.61.15.94:9618?addrs=134.61.15.94-9618+[--1]-9618&noUDP&sock=1532_672e_3>
...
006 (641.000.000) 06/06 15:40:40 Image size of job updated: 58880
	58  -  MemoryUsage of job (MB)
	58680  -  ResidentSetSize of job (KB)
...
010 (641.000.000) 06/06 15:41:18 Job was suspended.
	Number of processes actually suspended: 3
...
006 (641.000.000) 06/06 15:41:18 Image size of job updated: 265868
	259  -  MemoryUsage of job (MB)
	264380  -  ResidentSetSize of job (KB)
...
004 (641.000.000) 06/06 15:53:56 Job was evicted.
	(0) Job was not checkpointed.
		Usr 0 00:00:07, Sys 0 00:00:01  -  Run Remote Usage
		Usr 0 00:00:00, Sys 0 00:00:00  -  Run Local Usage
	0  -  Run Bytes Sent By Job
	0  -  Run Bytes Received By Job
	Partitionable Resources :    Usage  Request Allocated
	   Cpus                 :                 1         1
	   Disk (KB)            :        1        1   8079557
	   Memory (MB)          :      259     1500      1500
...
012 (641.000.000) 06/06 15:53:56 Job was held.
	via condor_hold (by user swuchterl)
	Code 1 Subcode 0
...
013 (641.000.000) 06/06 15:54:13 Job was released.
	via condor_release (by user swuchterl)
...
001 (641.000.000) 06/06 15:55:14 Job executing on host: <134.61.17.159:9618?addrs=134.61.17.159-9618+[--1]-9618&noUDP&sock=4670_cf5e_3>
...
005 (641.000.000) 06/06 15:57:05 Job terminated.
	(1) Normal termination (return value 0)
		Usr 0 00:00:31, Sys 0 00:00:02  -  Run Remote Usage
		Usr 0 00:00:00, Sys 0 00:00:00  -  Run Local Usage
		Usr 0 00:00:31, Sys 0 00:00:02  -  Total Remote Usage
		Usr 0 00:00:00, Sys 0 00:00:00  -  Total Local Usage
	0  -  Run Bytes Sent By Job
	0  -  Run Bytes Received By Job
	0  -  Total Bytes Sent By Job
	0  -  Total Bytes Received By Job
	Partitionable Resources :    Usage  Request Allocated
	   Cpus                 :                 1         1
	   Disk (KB)            :        1        1   1556473
	   Memory (MB)          :      269     1500      1500
...
000 (745.000.000) 06/11 12:49:27 Job submitted from host: <134.61.5.1:9618?addrs=134.61.5.1-9618+[--1]-9618&noUDP&sock=1924_484e_15>
...
001 (745.000.000) 06/11 12:49:30 Job executing on host: <134.61.17.173:9618?addrs=134.61.17.173-9618+[--1]-9618&noUDP&sock=4984_301b_3>
...
006 (745.000.000) 06/11 12:49:39 Image size of job updated: 197816
	119  -  MemoryUsage of job (MB)
	121348  -  ResidentSetSize of job (KB)
...
006 (745.000.000) 06/11 12:50:48 Image size of job updated: 533848
	119  -  MemoryUsage of job (MB)
	121400  -  ResidentSetSize of job (KB)
...
005 (745.000.000) 06/11 12:50:48 Job terminated.
	(1) Normal termination (return value 0)
		Usr 0 00:00:30, Sys 0 00:00:02  -  Run Remote Usage
		Usr 0 00:00:00, Sys 0 00:00:00  -  Run Local Usage
		Usr 0 00:00:30, Sys 0 00:00:02  -  Total Remote Usage
		Usr 0 00:00:00, Sys 0 00:00:00  -  Total Local Usage
	0  -  Run Bytes Sent By Job
	0  -  Run Bytes Received By Job
	0  -  Total Bytes Sent By Job
	0  -  Total Bytes Received By Job
	Partitionable Resources :    Usage  Request Allocated
	   Cpus                 :                 1         1
	   Disk (KB)            :        1        1   1556473
	   Memory (MB)          :      119     1500      1500
...
