000 (335.000.000) 06/01 16:26:44 Job submitted from host: <134.61.5.1:9618?addrs=134.61.5.1-9618+[--1]-9618&noUDP&sock=1924_484e_15>
...
001 (335.000.000) 06/01 16:28:02 Job executing on host: <134.61.13.49:9618?addrs=134.61.13.49-9618+[--1]-9618&noUDP&sock=1510_5018_10>
...
006 (335.000.000) 06/01 16:28:11 Image size of job updated: 10852
	7  -  MemoryUsage of job (MB)
	7092  -  ResidentSetSize of job (KB)
...
010 (335.000.000) 06/01 16:29:23 Job was suspended.
	Number of processes actually suspended: 3
...
006 (335.000.000) 06/01 16:29:23 Image size of job updated: 387132
	369  -  MemoryUsage of job (MB)
	377512  -  ResidentSetSize of job (KB)
...
011 (335.000.000) 06/01 18:03:03 Job was unsuspended.
...
010 (335.000.000) 06/01 18:09:29 Job was suspended.
	Number of processes actually suspended: 0
...
011 (335.000.000) 06/01 18:09:59 Job was unsuspended.
...
010 (335.000.000) 06/01 18:15:46 Job was suspended.
	Number of processes actually suspended: 0
...
011 (335.000.000) 06/01 18:16:16 Job was unsuspended.
...
010 (335.000.000) 06/01 18:16:26 Job was suspended.
	Number of processes actually suspended: 0
...
011 (335.000.000) 06/01 18:16:51 Job was unsuspended.
...
005 (335.000.000) 06/01 18:21:29 Job terminated.
	(1) Normal termination (return value 0)
		Usr 0 00:00:09, Sys 0 00:00:01  -  Run Remote Usage
		Usr 0 00:00:00, Sys 0 00:00:00  -  Run Local Usage
		Usr 0 00:00:09, Sys 0 00:00:01  -  Total Remote Usage
		Usr 0 00:00:00, Sys 0 00:00:00  -  Total Local Usage
	0  -  Run Bytes Sent By Job
	0  -  Run Bytes Received By Job
	0  -  Total Bytes Sent By Job
	0  -  Total Bytes Received By Job
	Partitionable Resources :    Usage  Request Allocated
	   Cpus                 :                 1         1
	   Disk (KB)            :        1        1   3344395
	   Memory (MB)          :      369     1500      1500
...
000 (397.000.000) 06/04 11:40:28 Job submitted from host: <134.61.5.1:9618?addrs=134.61.5.1-9618+[--1]-9618&noUDP&sock=1924_484e_15>
...
001 (397.000.000) 06/04 11:40:46 Job executing on host: <134.61.17.189:9618?addrs=134.61.17.189-9618+[--1]-9618&noUDP&sock=4494_16b3_3>
...
006 (397.000.000) 06/04 11:40:55 Image size of job updated: 145692
	92  -  MemoryUsage of job (MB)
	94000  -  ResidentSetSize of job (KB)
...
006 (397.000.000) 06/04 11:45:56 Image size of job updated: 541196
	446  -  MemoryUsage of job (MB)
	456608  -  ResidentSetSize of job (KB)
...
005 (397.000.000) 06/04 12:17:54 Job terminated.
	(1) Normal termination (return value 0)
		Usr 0 00:10:35, Sys 0 00:00:29  -  Run Remote Usage
		Usr 0 00:00:00, Sys 0 00:00:00  -  Run Local Usage
		Usr 0 00:10:35, Sys 0 00:00:29  -  Total Remote Usage
		Usr 0 00:00:00, Sys 0 00:00:00  -  Total Local Usage
	0  -  Run Bytes Sent By Job
	0  -  Run Bytes Received By Job
	0  -  Total Bytes Sent By Job
	0  -  Total Bytes Received By Job
	Partitionable Resources :    Usage  Request Allocated
	   Cpus                 :                 1         1
	   Disk (KB)            :        1        1   1556473
	   Memory (MB)          :      446     1500      1500
...
000 (459.000.000) 06/04 15:47:19 Job submitted from host: <134.61.5.1:9618?addrs=134.61.5.1-9618+[--1]-9618&noUDP&sock=1924_484e_15>
...
001 (459.000.000) 06/04 16:19:48 Job executing on host: <134.61.17.146:9618?addrs=134.61.17.146-9618+[--1]-9618&noUDP&sock=1597_fcd6_11>
...
006 (459.000.000) 06/04 16:19:57 Image size of job updated: 293944
	211  -  MemoryUsage of job (MB)
	215348  -  ResidentSetSize of job (KB)
...
006 (459.000.000) 06/04 16:24:58 Image size of job updated: 509860
	442  -  MemoryUsage of job (MB)
	451832  -  ResidentSetSize of job (KB)
...
006 (459.000.000) 06/04 16:29:59 Image size of job updated: 511824
	442  -  MemoryUsage of job (MB)
	451832  -  ResidentSetSize of job (KB)
...
006 (459.000.000) 06/04 16:39:59 Image size of job updated: 514980
	442  -  MemoryUsage of job (MB)
	451832  -  ResidentSetSize of job (KB)
...
006 (459.000.000) 06/04 16:44:22 Image size of job updated: 792648
	442  -  MemoryUsage of job (MB)
	451832  -  ResidentSetSize of job (KB)
...
005 (459.000.000) 06/04 16:44:22 Job terminated.
	(1) Normal termination (return value 0)
		Usr 0 00:11:17, Sys 0 00:00:26  -  Run Remote Usage
		Usr 0 00:00:00, Sys 0 00:00:00  -  Run Local Usage
		Usr 0 00:11:17, Sys 0 00:00:26  -  Total Remote Usage
		Usr 0 00:00:00, Sys 0 00:00:00  -  Total Local Usage
	0  -  Run Bytes Sent By Job
	0  -  Run Bytes Received By Job
	0  -  Total Bytes Sent By Job
	0  -  Total Bytes Received By Job
	Partitionable Resources :    Usage  Request Allocated
	   Cpus                 :                 1         1
	   Disk (KB)            :        1        1   1138300
	   Memory (MB)          :      442     1500      1500
...
000 (521.000.000) 06/05 16:10:36 Job submitted from host: <134.61.5.1:9618?addrs=134.61.5.1-9618+[--1]-9618&noUDP&sock=1924_484e_15>
...
007 (521.000.000) 06/05 16:13:21 Shadow exception!
	Error from slot1_6@lxcip55.physik.rwth-aachen.de: Failed to open '/.automount/home/home__home4/institut_1b/swuchterl/SUSYDileptonGamma/SplitTrees/logs/ST_t-channel_antitop_4f_inclusiveDecaysV2_nTuple.root.out' as standard output: No such file or directory (errno 2)
	0  -  Run Bytes Sent By Job
	0  -  Run Bytes Received By Job
...
012 (521.000.000) 06/05 16:13:21 Job was held.
	Error from slot1_6@lxcip55.physik.rwth-aachen.de: Failed to open '/.automount/home/home__home4/institut_1b/swuchterl/SUSYDileptonGamma/SplitTrees/logs/ST_t-channel_antitop_4f_inclusiveDecaysV2_nTuple.root.out' as standard output: No such file or directory (errno 2)
	Code 7 Subcode 2
...
013 (521.000.000) 06/05 18:21:19 Job was released.
	via condor_release (by user swuchterl)
...
001 (521.000.000) 06/05 18:23:28 Job executing on host: <134.61.17.159:9618?addrs=134.61.17.159-9618+[--1]-9618&noUDP&sock=4670_cf5e_3>
...
006 (521.000.000) 06/05 18:23:37 Image size of job updated: 214404
	136  -  MemoryUsage of job (MB)
	138556  -  ResidentSetSize of job (KB)
...
006 (521.000.000) 06/05 18:28:38 Image size of job updated: 564212
	469  -  MemoryUsage of job (MB)
	479584  -  ResidentSetSize of job (KB)
...
005 (521.000.000) 06/05 18:45:54 Job terminated.
	(1) Normal termination (return value 0)
		Usr 0 00:11:12, Sys 0 00:00:29  -  Run Remote Usage
		Usr 0 00:00:00, Sys 0 00:00:00  -  Run Local Usage
		Usr 0 00:11:12, Sys 0 00:00:29  -  Total Remote Usage
		Usr 0 00:00:00, Sys 0 00:00:00  -  Total Local Usage
	0  -  Run Bytes Sent By Job
	0  -  Run Bytes Received By Job
	0  -  Total Bytes Sent By Job
	0  -  Total Bytes Received By Job
	Partitionable Resources :    Usage  Request Allocated
	   Cpus                 :                 1         1
	   Disk (KB)            :        1        1   1556473
	   Memory (MB)          :      469     1500      1500
...
000 (642.000.000) 06/06 15:35:13 Job submitted from host: <134.61.5.1:9618?addrs=134.61.5.1-9618+[--1]-9618&noUDP&sock=1924_484e_15>
...
001 (642.000.000) 06/06 15:40:31 Job executing on host: <134.61.5.33:9618?addrs=134.61.5.33-9618+[--1]-9618&noUDP&sock=1717_4c33_3>
...
006 (642.000.000) 06/06 15:40:40 Image size of job updated: 107784
	87  -  MemoryUsage of job (MB)
	88820  -  ResidentSetSize of job (KB)
...
010 (642.000.000) 06/06 15:42:00 Job was suspended.
	Number of processes actually suspended: 3
...
006 (642.000.000) 06/06 15:42:00 Image size of job updated: 399388
	372  -  MemoryUsage of job (MB)
	380040  -  ResidentSetSize of job (KB)
...
011 (642.000.000) 06/06 15:43:11 Job was unsuspended.
...
010 (642.000.000) 06/06 15:43:26 Job was suspended.
	Number of processes actually suspended: 3
...
011 (642.000.000) 06/06 15:49:16 Job was unsuspended.
...
010 (642.000.000) 06/06 15:50:01 Job was suspended.
	Number of processes actually suspended: 3
...
006 (642.000.000) 06/06 15:50:01 Image size of job updated: 475116
	446  -  MemoryUsage of job (MB)
	455768  -  ResidentSetSize of job (KB)
...
011 (642.000.000) 06/06 15:51:32 Job was unsuspended.
...
010 (642.000.000) 06/06 15:51:46 Job was suspended.
	Number of processes actually suspended: 3
...
011 (642.000.000) 06/06 15:54:31 Job was unsuspended.
...
010 (642.000.000) 06/06 15:55:01 Job was suspended.
	Number of processes actually suspended: 3
...
006 (642.000.000) 06/06 15:55:01 Image size of job updated: 475456
	446  -  MemoryUsage of job (MB)
	455768  -  ResidentSetSize of job (KB)
...
004 (642.000.000) 06/06 16:02:00 Job was evicted.
	(0) Job was not checkpointed.
		Usr 0 00:00:45, Sys 0 00:00:02  -  Run Remote Usage
		Usr 0 00:00:00, Sys 0 00:00:00  -  Run Local Usage
	0  -  Run Bytes Sent By Job
	0  -  Run Bytes Received By Job
	Partitionable Resources :    Usage  Request Allocated
	   Cpus                 :                 1         1
	   Disk (KB)            :        1        1   3529167
	   Memory (MB)          :      446     1500      1500
...
012 (642.000.000) 06/06 16:02:00 Job was held.
	via condor_hold (by user swuchterl)
	Code 1 Subcode 0
...
013 (642.000.000) 06/06 16:02:07 Job was released.
	via condor_release (by user swuchterl)
...
001 (642.000.000) 06/06 16:02:08 Job executing on host: <134.61.13.36:9618?addrs=134.61.13.36-9618+[--1]-9618&noUDP&sock=1524_ea6c_3>
...
006 (642.000.000) 06/06 16:07:16 Image size of job updated: 500000
	465  -  MemoryUsage of job (MB)
	475328  -  ResidentSetSize of job (KB)
...
006 (642.000.000) 06/06 16:12:17 Image size of job updated: 501904
	488  -  MemoryUsage of job (MB)
	498728  -  ResidentSetSize of job (KB)
...
006 (642.000.000) 06/06 16:17:17 Image size of job updated: 509828
	495  -  MemoryUsage of job (MB)
	506652  -  ResidentSetSize of job (KB)
...
006 (642.000.000) 06/06 16:27:18 Image size of job updated: 511288
	495  -  MemoryUsage of job (MB)
	506652  -  ResidentSetSize of job (KB)
...
005 (642.000.000) 06/06 16:44:27 Job terminated.
	(1) Normal termination (return value 0)
		Usr 0 00:10:07, Sys 0 00:00:30  -  Run Remote Usage
		Usr 0 00:00:00, Sys 0 00:00:00  -  Run Local Usage
		Usr 0 00:10:07, Sys 0 00:00:30  -  Total Remote Usage
		Usr 0 00:00:00, Sys 0 00:00:00  -  Total Local Usage
	0  -  Run Bytes Sent By Job
	0  -  Run Bytes Received By Job
	0  -  Total Bytes Sent By Job
	0  -  Total Bytes Received By Job
	Partitionable Resources :    Usage  Request Allocated
	   Cpus                 :                 1         1
	   Disk (KB)            :        1        1   1744600
	   Memory (MB)          :      495     1500      1500
...
000 (746.000.000) 06/11 12:49:27 Job submitted from host: <134.61.5.1:9618?addrs=134.61.5.1-9618+[--1]-9618&noUDP&sock=1924_484e_15>
...
001 (746.000.000) 06/11 12:49:30 Job executing on host: <134.61.17.176:9618?addrs=134.61.17.176-9618+[--1]-9618&noUDP&sock=1622_22b4_3>
...
006 (746.000.000) 06/11 12:49:39 Image size of job updated: 99164
	44  -  MemoryUsage of job (MB)
	44828  -  ResidentSetSize of job (KB)
...
006 (746.000.000) 06/11 12:54:40 Image size of job updated: 554844
	460  -  MemoryUsage of job (MB)
	470232  -  ResidentSetSize of job (KB)
...
005 (746.000.000) 06/11 13:19:44 Job terminated.
	(1) Normal termination (return value 0)
		Usr 0 00:10:51, Sys 0 00:00:30  -  Run Remote Usage
		Usr 0 00:00:00, Sys 0 00:00:00  -  Run Local Usage
		Usr 0 00:10:51, Sys 0 00:00:30  -  Total Remote Usage
		Usr 0 00:00:00, Sys 0 00:00:00  -  Total Local Usage
	0  -  Run Bytes Sent By Job
	0  -  Run Bytes Received By Job
	0  -  Total Bytes Sent By Job
	0  -  Total Bytes Received By Job
	Partitionable Resources :    Usage  Request Allocated
	   Cpus                 :                 1         1
	   Disk (KB)            :        1        1   1550624
	   Memory (MB)          :      460     1500      1500
...
