000 (339.000.000) 06/01 16:26:45 Job submitted from host: <134.61.5.1:9618?addrs=134.61.5.1-9618+[--1]-9618&noUDP&sock=1924_484e_15>
...
001 (339.000.000) 06/01 16:30:02 Job executing on host: <134.61.17.189:9618?addrs=134.61.17.189-9618+[--1]-9618&noUDP&sock=4494_16b3_3>
...
006 (339.000.000) 06/01 16:30:11 Image size of job updated: 18344
	8  -  MemoryUsage of job (MB)
	7260  -  ResidentSetSize of job (KB)
...
006 (339.000.000) 06/01 16:35:12 Image size of job updated: 545928
	451  -  MemoryUsage of job (MB)
	461304  -  ResidentSetSize of job (KB)
...
005 (339.000.000) 06/01 16:37:32 Job terminated.
	(1) Normal termination (return value 0)
		Usr 0 00:01:55, Sys 0 00:00:04  -  Run Remote Usage
		Usr 0 00:00:00, Sys 0 00:00:00  -  Run Local Usage
		Usr 0 00:01:55, Sys 0 00:00:04  -  Total Remote Usage
		Usr 0 00:00:00, Sys 0 00:00:00  -  Total Local Usage
	0  -  Run Bytes Sent By Job
	0  -  Run Bytes Received By Job
	0  -  Total Bytes Sent By Job
	0  -  Total Bytes Received By Job
	Partitionable Resources :    Usage  Request Allocated
	   Cpus                 :                 1         1
	   Disk (KB)            :        1        1   1556473
	   Memory (MB)          :      451     1500      1500
...
000 (401.000.000) 06/04 11:40:29 Job submitted from host: <134.61.5.1:9618?addrs=134.61.5.1-9618+[--1]-9618&noUDP&sock=1924_484e_15>
...
001 (401.000.000) 06/04 11:40:47 Job executing on host: <134.61.5.18:9618?addrs=134.61.5.18-9618+[--1]-9618&noUDP&sock=1606_2930_3>
...
006 (401.000.000) 06/04 11:40:55 Image size of job updated: 17308
	7  -  MemoryUsage of job (MB)
	7092  -  ResidentSetSize of job (KB)
...
006 (401.000.000) 06/04 11:45:55 Image size of job updated: 474744
	435  -  MemoryUsage of job (MB)
	444624  -  ResidentSetSize of job (KB)
...
005 (401.000.000) 06/04 11:49:59 Job terminated.
	(1) Normal termination (return value 0)
		Usr 0 00:04:20, Sys 0 00:00:07  -  Run Remote Usage
		Usr 0 00:00:00, Sys 0 00:00:00  -  Run Local Usage
		Usr 0 00:04:20, Sys 0 00:00:07  -  Total Remote Usage
		Usr 0 00:00:00, Sys 0 00:00:00  -  Total Local Usage
	0  -  Run Bytes Sent By Job
	0  -  Run Bytes Received By Job
	0  -  Total Bytes Sent By Job
	0  -  Total Bytes Received By Job
	Partitionable Resources :    Usage  Request Allocated
	   Cpus                 :                 1         1
	   Disk (KB)            :        1        1    315442
	   Memory (MB)          :      435     1500      1500
...
000 (463.000.000) 06/04 15:47:20 Job submitted from host: <134.61.5.1:9618?addrs=134.61.5.1-9618+[--1]-9618&noUDP&sock=1924_484e_15>
...
001 (463.000.000) 06/04 16:22:09 Job executing on host: <134.61.17.182:9618?addrs=134.61.17.182-9618+[--1]-9618&noUDP&sock=1616_0522_3>
...
006 (463.000.000) 06/04 16:22:17 Image size of job updated: 238592
	157  -  MemoryUsage of job (MB)
	160436  -  ResidentSetSize of job (KB)
...
006 (463.000.000) 06/04 16:26:46 Image size of job updated: 449876
	157  -  MemoryUsage of job (MB)
	160532  -  ResidentSetSize of job (KB)
...
005 (463.000.000) 06/04 16:26:46 Job terminated.
	(1) Normal termination (return value 0)
		Usr 0 00:03:05, Sys 0 00:00:06  -  Run Remote Usage
		Usr 0 00:00:00, Sys 0 00:00:00  -  Run Local Usage
		Usr 0 00:03:05, Sys 0 00:00:06  -  Total Remote Usage
		Usr 0 00:00:00, Sys 0 00:00:00  -  Total Local Usage
	0  -  Run Bytes Sent By Job
	0  -  Run Bytes Received By Job
	0  -  Total Bytes Sent By Job
	0  -  Total Bytes Received By Job
	Partitionable Resources :    Usage  Request Allocated
	   Cpus                 :                 1         1
	   Disk (KB)            :        1        1   1481208
	   Memory (MB)          :      157     1500      1500
...
000 (525.000.000) 06/05 16:10:36 Job submitted from host: <134.61.5.1:9618?addrs=134.61.5.1-9618+[--1]-9618&noUDP&sock=1924_484e_15>
...
001 (525.000.000) 06/05 16:14:19 Job executing on host: <134.61.17.145:9618?addrs=134.61.17.145-9618+[--1]-9618&noUDP&sock=1790_5e9d_3>
...
006 (525.000.000) 06/05 16:14:27 Image size of job updated: 60840
	34  -  MemoryUsage of job (MB)
	34780  -  ResidentSetSize of job (KB)
...
006 (525.000.000) 06/05 16:19:27 Image size of job updated: 538732
	478  -  MemoryUsage of job (MB)
	488484  -  ResidentSetSize of job (KB)
...
005 (525.000.000) 06/05 16:20:51 Job terminated.
	(1) Normal termination (return value 0)
		Usr 0 00:03:39, Sys 0 00:00:05  -  Run Remote Usage
		Usr 0 00:00:00, Sys 0 00:00:00  -  Run Local Usage
		Usr 0 00:03:39, Sys 0 00:00:05  -  Total Remote Usage
		Usr 0 00:00:00, Sys 0 00:00:00  -  Total Local Usage
	0  -  Run Bytes Sent By Job
	0  -  Run Bytes Received By Job
	0  -  Total Bytes Sent By Job
	0  -  Total Bytes Received By Job
	Partitionable Resources :    Usage  Request Allocated
	   Cpus                 :                 1         1
	   Disk (KB)            :        1        1   3222001
	   Memory (MB)          :      478     1500      1500
...
000 (646.000.000) 06/06 15:35:14 Job submitted from host: <134.61.5.1:9618?addrs=134.61.5.1-9618+[--1]-9618&noUDP&sock=1924_484e_15>
...
001 (646.000.000) 06/06 15:41:31 Job executing on host: <134.61.17.160:9618?addrs=134.61.17.160-9618+[--1]-9618&noUDP&sock=4852_a59b_3>
...
006 (646.000.000) 06/06 15:41:39 Image size of job updated: 156220
	96  -  MemoryUsage of job (MB)
	97768  -  ResidentSetSize of job (KB)
...
006 (646.000.000) 06/06 15:46:39 Image size of job updated: 557540
	457  -  MemoryUsage of job (MB)
	467476  -  ResidentSetSize of job (KB)
...
005 (646.000.000) 06/06 15:47:55 Job terminated.
	(1) Normal termination (return value 0)
		Usr 0 00:03:01, Sys 0 00:00:05  -  Run Remote Usage
		Usr 0 00:00:00, Sys 0 00:00:00  -  Run Local Usage
		Usr 0 00:03:01, Sys 0 00:00:05  -  Total Remote Usage
		Usr 0 00:00:00, Sys 0 00:00:00  -  Total Local Usage
	0  -  Run Bytes Sent By Job
	0  -  Run Bytes Received By Job
	0  -  Total Bytes Sent By Job
	0  -  Total Bytes Received By Job
	Partitionable Resources :    Usage  Request Allocated
	   Cpus                 :                 1         1
	   Disk (KB)            :        1        1   1556473
	   Memory (MB)          :      457     1500      1500
...
000 (750.000.000) 06/11 12:49:27 Job submitted from host: <134.61.5.1:9618?addrs=134.61.5.1-9618+[--1]-9618&noUDP&sock=1924_484e_15>
...
001 (750.000.000) 06/11 12:49:30 Job executing on host: <134.61.17.180:9618?addrs=134.61.17.180-9618+[--1]-9618&noUDP&sock=4830_8e86_3>
...
006 (750.000.000) 06/11 12:49:39 Image size of job updated: 87464
	35  -  MemoryUsage of job (MB)
	35712  -  ResidentSetSize of job (KB)
...
006 (750.000.000) 06/11 12:54:40 Image size of job updated: 557776
	463  -  MemoryUsage of job (MB)
	473148  -  ResidentSetSize of job (KB)
...
005 (750.000.000) 06/11 12:56:53 Job terminated.
	(1) Normal termination (return value 0)
		Usr 0 00:02:37, Sys 0 00:00:07  -  Run Remote Usage
		Usr 0 00:00:00, Sys 0 00:00:00  -  Run Local Usage
		Usr 0 00:02:37, Sys 0 00:00:07  -  Total Remote Usage
		Usr 0 00:00:00, Sys 0 00:00:00  -  Total Local Usage
	0  -  Run Bytes Sent By Job
	0  -  Run Bytes Received By Job
	0  -  Total Bytes Sent By Job
	0  -  Total Bytes Received By Job
	Partitionable Resources :    Usage  Request Allocated
	   Cpus                 :                 1         1
	   Disk (KB)            :        1        1   1556473
	   Memory (MB)          :      463     1500      1500
...
