000 (336.000.000) 06/01 16:26:44 Job submitted from host: <134.61.5.1:9618?addrs=134.61.5.1-9618+[--1]-9618&noUDP&sock=1924_484e_15>
...
001 (336.000.000) 06/01 16:28:02 Job executing on host: <134.61.15.61:9618?addrs=134.61.15.61-9618+[--1]-9618&noUDP&sock=1367_3a0d_3>
...
006 (336.000.000) 06/01 16:28:11 Image size of job updated: 7564
	7  -  MemoryUsage of job (MB)
	7000  -  ResidentSetSize of job (KB)
...
010 (336.000.000) 06/01 16:28:38 Job was suspended.
	Number of processes actually suspended: 3
...
006 (336.000.000) 06/01 16:28:38 Image size of job updated: 255092
	244  -  MemoryUsage of job (MB)
	249856  -  ResidentSetSize of job (KB)
...
006 (336.000.000) 06/01 16:33:12 Image size of job updated: 255440
	244  -  MemoryUsage of job (MB)
	249856  -  ResidentSetSize of job (KB)
...
011 (336.000.000) 06/01 16:57:41 Job was unsuspended.
...
010 (336.000.000) 06/01 16:58:46 Job was suspended.
	Number of processes actually suspended: 0
...
011 (336.000.000) 06/01 17:27:44 Job was unsuspended.
...
010 (336.000.000) 06/01 17:28:49 Job was suspended.
	Number of processes actually suspended: 0
...
011 (336.000.000) 06/01 17:29:54 Job was unsuspended.
...
010 (336.000.000) 06/01 17:30:59 Job was suspended.
	Number of processes actually suspended: 0
...
011 (336.000.000) 06/01 17:32:09 Job was unsuspended.
...
010 (336.000.000) 06/01 17:32:35 Job was suspended.
	Number of processes actually suspended: 0
...
011 (336.000.000) 06/01 17:33:25 Job was unsuspended.
...
010 (336.000.000) 06/01 17:33:50 Job was suspended.
	Number of processes actually suspended: 0
...
011 (336.000.000) 06/01 17:35:05 Job was unsuspended.
...
010 (336.000.000) 06/01 17:35:36 Job was suspended.
	Number of processes actually suspended: 0
...
011 (336.000.000) 06/01 17:35:51 Job was unsuspended.
...
010 (336.000.000) 06/01 17:36:11 Job was suspended.
	Number of processes actually suspended: 0
...
011 (336.000.000) 06/01 17:37:21 Job was unsuspended.
...
010 (336.000.000) 06/01 17:37:57 Job was suspended.
	Number of processes actually suspended: 0
...
011 (336.000.000) 06/01 17:38:11 Job was unsuspended.
...
010 (336.000.000) 06/01 17:39:11 Job was suspended.
	Number of processes actually suspended: 0
...
011 (336.000.000) 06/01 17:40:21 Job was unsuspended.
...
010 (336.000.000) 06/01 17:41:26 Job was suspended.
	Number of processes actually suspended: 0
...
011 (336.000.000) 06/01 17:42:21 Job was unsuspended.
...
010 (336.000.000) 06/01 17:43:26 Job was suspended.
	Number of processes actually suspended: 0
...
011 (336.000.000) 06/01 17:44:21 Job was unsuspended.
...
010 (336.000.000) 06/01 17:44:32 Job was suspended.
	Number of processes actually suspended: 0
...
011 (336.000.000) 06/01 17:44:47 Job was unsuspended.
...
010 (336.000.000) 06/01 17:45:02 Job was suspended.
	Number of processes actually suspended: 0
...
011 (336.000.000) 06/01 17:45:32 Job was unsuspended.
...
010 (336.000.000) 06/01 17:46:28 Job was suspended.
	Number of processes actually suspended: 0
...
011 (336.000.000) 06/01 17:47:12 Job was unsuspended.
...
010 (336.000.000) 06/01 17:47:57 Job was suspended.
	Number of processes actually suspended: 0
...
011 (336.000.000) 06/01 17:48:32 Job was unsuspended.
...
010 (336.000.000) 06/01 17:49:12 Job was suspended.
	Number of processes actually suspended: 0
...
011 (336.000.000) 06/01 18:02:25 Job was unsuspended.
...
010 (336.000.000) 06/01 18:03:30 Job was suspended.
	Number of processes actually suspended: 0
...
011 (336.000.000) 06/01 18:08:36 Job was unsuspended.
...
010 (336.000.000) 06/01 18:09:06 Job was suspended.
	Number of processes actually suspended: 0
...
011 (336.000.000) 06/01 18:14:03 Job was unsuspended.
...
010 (336.000.000) 06/01 18:15:18 Job was suspended.
	Number of processes actually suspended: 0
...
011 (336.000.000) 06/01 18:16:14 Job was unsuspended.
...
010 (336.000.000) 06/01 18:17:09 Job was suspended.
	Number of processes actually suspended: 0
...
011 (336.000.000) 06/01 18:17:24 Job was unsuspended.
...
010 (336.000.000) 06/01 18:17:38 Job was suspended.
	Number of processes actually suspended: 0
...
011 (336.000.000) 06/01 18:17:49 Job was unsuspended.
...
010 (336.000.000) 06/01 18:18:44 Job was suspended.
	Number of processes actually suspended: 0
...
011 (336.000.000) 06/01 18:19:34 Job was unsuspended.
...
010 (336.000.000) 06/01 18:19:54 Job was suspended.
	Number of processes actually suspended: 0
...
011 (336.000.000) 06/01 18:20:49 Job was unsuspended.
...
010 (336.000.000) 06/01 18:21:29 Job was suspended.
	Number of processes actually suspended: 0
...
011 (336.000.000) 06/01 18:28:40 Job was unsuspended.
...
010 (336.000.000) 06/01 18:30:05 Job was suspended.
	Number of processes actually suspended: 0
...
011 (336.000.000) 06/01 18:48:59 Job was unsuspended.
...
010 (336.000.000) 06/01 18:50:39 Job was suspended.
	Number of processes actually suspended: 0
...
011 (336.000.000) 06/01 18:51:20 Job was unsuspended.
...
010 (336.000.000) 06/01 18:52:00 Job was suspended.
	Number of processes actually suspended: 0
...
011 (336.000.000) 06/01 18:53:00 Job was unsuspended.
...
010 (336.000.000) 06/01 18:53:50 Job was suspended.
	Number of processes actually suspended: 0
...
011 (336.000.000) 06/01 18:54:36 Job was unsuspended.
...
010 (336.000.000) 06/01 18:55:41 Job was suspended.
	Number of processes actually suspended: 0
...
011 (336.000.000) 06/01 18:56:26 Job was unsuspended.
...
010 (336.000.000) 06/01 18:56:41 Job was suspended.
	Number of processes actually suspended: 0
...
011 (336.000.000) 06/01 18:57:27 Job was unsuspended.
...
010 (336.000.000) 06/01 18:57:47 Job was suspended.
	Number of processes actually suspended: 0
...
011 (336.000.000) 06/01 18:58:12 Job was unsuspended.
...
010 (336.000.000) 06/01 18:58:42 Job was suspended.
	Number of processes actually suspended: 0
...
011 (336.000.000) 06/01 18:59:07 Job was unsuspended.
...
010 (336.000.000) 06/01 19:00:07 Job was suspended.
	Number of processes actually suspended: 0
...
011 (336.000.000) 06/01 19:00:37 Job was unsuspended.
...
010 (336.000.000) 06/01 19:01:22 Job was suspended.
	Number of processes actually suspended: 0
...
011 (336.000.000) 06/01 19:02:18 Job was unsuspended.
...
010 (336.000.000) 06/01 19:02:22 Job was suspended.
	Number of processes actually suspended: 0
...
011 (336.000.000) 06/01 19:02:47 Job was unsuspended.
...
010 (336.000.000) 06/01 19:09:34 Job was suspended.
	Number of processes actually suspended: 0
...
011 (336.000.000) 06/01 19:09:54 Job was unsuspended.
...
010 (336.000.000) 06/01 19:10:59 Job was suspended.
	Number of processes actually suspended: 0
...
011 (336.000.000) 06/01 19:11:19 Job was unsuspended.
...
010 (336.000.000) 06/01 19:12:09 Job was suspended.
	Number of processes actually suspended: 0
...
011 (336.000.000) 06/01 19:12:30 Job was unsuspended.
...
010 (336.000.000) 06/01 19:12:38 Job was suspended.
	Number of processes actually suspended: 0
...
011 (336.000.000) 06/01 19:12:59 Job was unsuspended.
...
010 (336.000.000) 06/01 19:17:20 Job was suspended.
	Number of processes actually suspended: 0
...
011 (336.000.000) 06/01 19:17:50 Job was unsuspended.
...
010 (336.000.000) 06/01 19:25:12 Job was suspended.
	Number of processes actually suspended: 0
...
011 (336.000.000) 06/01 19:25:47 Job was unsuspended.
...
010 (336.000.000) 06/01 19:28:27 Job was suspended.
	Number of processes actually suspended: 0
...
011 (336.000.000) 06/01 19:33:48 Job was unsuspended.
...
010 (336.000.000) 06/01 19:39:09 Job was suspended.
	Number of processes actually suspended: 0
...
011 (336.000.000) 06/01 19:44:15 Job was unsuspended.
...
010 (336.000.000) 06/01 19:49:16 Job was suspended.
	Number of processes actually suspended: 0
...
011 (336.000.000) 06/01 20:11:19 Job was unsuspended.
...
010 (336.000.000) 06/01 20:16:20 Job was suspended.
	Number of processes actually suspended: 0
...
011 (336.000.000) 06/01 20:26:21 Job was unsuspended.
...
010 (336.000.000) 06/01 20:29:04 Job was suspended.
	Number of processes actually suspended: 0
...
011 (336.000.000) 06/01 20:35:56 Job was unsuspended.
...
010 (336.000.000) 06/01 20:37:26 Job was suspended.
	Number of processes actually suspended: 0
...
011 (336.000.000) 06/01 21:15:08 Job was unsuspended.
...
010 (336.000.000) 06/01 21:17:14 Job was suspended.
	Number of processes actually suspended: 0
...
011 (336.000.000) 06/01 21:32:05 Job was unsuspended.
...
010 (336.000.000) 06/01 21:33:00 Job was suspended.
	Number of processes actually suspended: 0
...
011 (336.000.000) 06/01 22:23:03 Job was unsuspended.
...
006 (336.000.000) 06/01 22:24:03 Image size of job updated: 787576
	244  -  MemoryUsage of job (MB)
	249856  -  ResidentSetSize of job (KB)
...
005 (336.000.000) 06/01 22:24:03 Job terminated.
	(1) Normal termination (return value 0)
		Usr 0 00:00:06, Sys 0 00:00:02  -  Run Remote Usage
		Usr 0 00:00:00, Sys 0 00:00:00  -  Run Local Usage
		Usr 0 00:00:06, Sys 0 00:00:02  -  Total Remote Usage
		Usr 0 00:00:00, Sys 0 00:00:00  -  Total Local Usage
	0  -  Run Bytes Sent By Job
	0  -  Run Bytes Received By Job
	0  -  Total Bytes Sent By Job
	0  -  Total Bytes Received By Job
	Partitionable Resources :    Usage  Request Allocated
	   Cpus                 :                 1         1
	   Disk (KB)            :        1        1   3541765
	   Memory (MB)          :      244     1500      1500
...
000 (398.000.000) 06/04 11:40:28 Job submitted from host: <134.61.5.1:9618?addrs=134.61.5.1-9618+[--1]-9618&noUDP&sock=1924_484e_15>
...
001 (398.000.000) 06/04 11:40:46 Job executing on host: <134.61.17.167:9618?addrs=134.61.17.167-9618+[--1]-9618&noUDP&sock=4649_67e1_3>
...
006 (398.000.000) 06/04 11:40:55 Image size of job updated: 17712
	7  -  MemoryUsage of job (MB)
	7112  -  ResidentSetSize of job (KB)
...
006 (398.000.000) 06/04 11:45:55 Image size of job updated: 554496
	459  -  MemoryUsage of job (MB)
	469884  -  ResidentSetSize of job (KB)
...
006 (398.000.000) 06/04 11:50:55 Image size of job updated: 565944
	471  -  MemoryUsage of job (MB)
	481332  -  ResidentSetSize of job (KB)
...
006 (398.000.000) 06/04 12:36:52 Image size of job updated: 735556
	471  -  MemoryUsage of job (MB)
	481332  -  ResidentSetSize of job (KB)
...
005 (398.000.000) 06/04 12:36:52 Job terminated.
	(1) Normal termination (return value 0)
		Usr 0 00:18:09, Sys 0 00:00:48  -  Run Remote Usage
		Usr 0 00:00:00, Sys 0 00:00:00  -  Run Local Usage
		Usr 0 00:18:09, Sys 0 00:00:48  -  Total Remote Usage
		Usr 0 00:00:00, Sys 0 00:00:00  -  Total Local Usage
	0  -  Run Bytes Sent By Job
	0  -  Run Bytes Received By Job
	0  -  Total Bytes Sent By Job
	0  -  Total Bytes Received By Job
	Partitionable Resources :    Usage  Request Allocated
	   Cpus                 :                 1         1
	   Disk (KB)            :        1        1   1556473
	   Memory (MB)          :      471     1500      1500
...
000 (460.000.000) 06/04 15:47:19 Job submitted from host: <134.61.5.1:9618?addrs=134.61.5.1-9618+[--1]-9618&noUDP&sock=1924_484e_15>
...
001 (460.000.000) 06/04 16:21:12 Job executing on host: <134.61.17.188:9618?addrs=134.61.17.188-9618+[--1]-9618&noUDP&sock=4509_609f_3>
...
006 (460.000.000) 06/04 16:21:20 Image size of job updated: 153928
	94  -  MemoryUsage of job (MB)
	96192  -  ResidentSetSize of job (KB)
...
010 (460.000.000) 06/04 16:26:13 Job was suspended.
	Number of processes actually suspended: 3
...
006 (460.000.000) 06/04 16:26:13 Image size of job updated: 567580
	464  -  MemoryUsage of job (MB)
	475000  -  ResidentSetSize of job (KB)
...
006 (460.000.000) 06/04 16:26:20 Image size of job updated: 569680
	466  -  MemoryUsage of job (MB)
	477100  -  ResidentSetSize of job (KB)
...
011 (460.000.000) 06/04 16:26:28 Job was unsuspended.
...
006 (460.000.000) 06/04 16:26:28 Image size of job updated: 569828
	467  -  MemoryUsage of job (MB)
	477248  -  ResidentSetSize of job (KB)
...
005 (460.000.000) 06/04 17:04:16 Job terminated.
	(1) Normal termination (return value 0)
		Usr 0 00:19:07, Sys 0 00:00:49  -  Run Remote Usage
		Usr 0 00:00:00, Sys 0 00:00:00  -  Run Local Usage
		Usr 0 00:19:07, Sys 0 00:00:49  -  Total Remote Usage
		Usr 0 00:00:00, Sys 0 00:00:00  -  Total Local Usage
	0  -  Run Bytes Sent By Job
	0  -  Run Bytes Received By Job
	0  -  Total Bytes Sent By Job
	0  -  Total Bytes Received By Job
	Partitionable Resources :    Usage  Request Allocated
	   Cpus                 :                 1         1
	   Disk (KB)            :        1        1   1556473
	   Memory (MB)          :      467     1500      1500
...
000 (522.000.000) 06/05 16:10:36 Job submitted from host: <134.61.5.1:9618?addrs=134.61.5.1-9618+[--1]-9618&noUDP&sock=1924_484e_15>
...
001 (522.000.000) 06/05 16:14:19 Job executing on host: <134.61.17.151:9618?addrs=134.61.17.151-9618+[--1]-9618&noUDP&sock=1512_af49_3>
...
006 (522.000.000) 06/05 16:14:27 Image size of job updated: 8880
	8  -  MemoryUsage of job (MB)
	7312  -  ResidentSetSize of job (KB)
...
006 (522.000.000) 06/05 16:19:27 Image size of job updated: 511500
	487  -  MemoryUsage of job (MB)
	498240  -  ResidentSetSize of job (KB)
...
006 (522.000.000) 06/05 16:24:28 Image size of job updated: 514312
	487  -  MemoryUsage of job (MB)
	498240  -  ResidentSetSize of job (KB)
...
005 (522.000.000) 06/05 16:53:11 Job terminated.
	(1) Normal termination (return value 0)
		Usr 0 00:18:29, Sys 0 00:01:26  -  Run Remote Usage
		Usr 0 00:00:00, Sys 0 00:00:00  -  Run Local Usage
		Usr 0 00:18:29, Sys 0 00:01:26  -  Total Remote Usage
		Usr 0 00:00:00, Sys 0 00:00:00  -  Total Local Usage
	0  -  Run Bytes Sent By Job
	0  -  Run Bytes Received By Job
	0  -  Total Bytes Sent By Job
	0  -  Total Bytes Received By Job
	Partitionable Resources :    Usage  Request Allocated
	   Cpus                 :                 1         1
	   Disk (KB)            :        1        1   3532956
	   Memory (MB)          :      487     1500      1500
...
000 (643.000.000) 06/06 15:35:13 Job submitted from host: <134.61.5.1:9618?addrs=134.61.5.1-9618+[--1]-9618&noUDP&sock=1924_484e_15>
...
001 (643.000.000) 06/06 15:40:32 Job executing on host: <134.61.15.94:9618?addrs=134.61.15.94-9618+[--1]-9618&noUDP&sock=1532_672e_3>
...
006 (643.000.000) 06/06 15:40:40 Image size of job updated: 59092
	58  -  MemoryUsage of job (MB)
	58844  -  ResidentSetSize of job (KB)
...
010 (643.000.000) 06/06 15:41:18 Job was suspended.
	Number of processes actually suspended: 3
...
006 (643.000.000) 06/06 15:41:18 Image size of job updated: 299588
	291  -  MemoryUsage of job (MB)
	297468  -  ResidentSetSize of job (KB)
...
004 (643.000.000) 06/06 15:54:01 Job was evicted.
	(0) Job was not checkpointed.
		Usr 0 00:00:07, Sys 0 00:00:01  -  Run Remote Usage
		Usr 0 00:00:00, Sys 0 00:00:00  -  Run Local Usage
	0  -  Run Bytes Sent By Job
	0  -  Run Bytes Received By Job
	Partitionable Resources :    Usage  Request Allocated
	   Cpus                 :                 1         1
	   Disk (KB)            :        1        1   8079557
	   Memory (MB)          :      291     1500      1500
...
012 (643.000.000) 06/06 15:54:01 Job was held.
	via condor_hold (by user swuchterl)
	Code 1 Subcode 0
...
013 (643.000.000) 06/06 15:54:13 Job was released.
	via condor_release (by user swuchterl)
...
001 (643.000.000) 06/06 15:55:14 Job executing on host: <134.61.15.6:9618?addrs=134.61.15.6-9618+[--1]-9618&noUDP&sock=1223743_7d6a_3>
...
006 (643.000.000) 06/06 16:00:22 Image size of job updated: 430380
	414  -  MemoryUsage of job (MB)
	423620  -  ResidentSetSize of job (KB)
...
010 (643.000.000) 06/06 16:02:02 Job was suspended.
	Number of processes actually suspended: 3
...
006 (643.000.000) 06/06 16:02:02 Image size of job updated: 496960
	479  -  MemoryUsage of job (MB)
	490200  -  ResidentSetSize of job (KB)
...
011 (643.000.000) 06/06 16:07:58 Job was unsuspended.
...
006 (643.000.000) 06/06 16:10:24 Image size of job updated: 501200
	489  -  MemoryUsage of job (MB)
	499936  -  ResidentSetSize of job (KB)
...
010 (643.000.000) 06/06 16:10:28 Job was suspended.
	Number of processes actually suspended: 3
...
011 (643.000.000) 06/06 16:10:43 Job was unsuspended.
...
010 (643.000.000) 06/06 16:11:44 Job was suspended.
	Number of processes actually suspended: 3
...
006 (643.000.000) 06/06 16:11:44 Image size of job updated: 501944
	489  -  MemoryUsage of job (MB)
	500680  -  ResidentSetSize of job (KB)
...
011 (643.000.000) 06/06 16:12:09 Job was unsuspended.
...
010 (643.000.000) 06/06 16:13:24 Job was suspended.
	Number of processes actually suspended: 3
...
011 (643.000.000) 06/06 16:13:44 Job was unsuspended.
...
010 (643.000.000) 06/06 16:14:34 Job was suspended.
	Number of processes actually suspended: 3
...
011 (643.000.000) 06/06 16:23:21 Job was unsuspended.
...
010 (643.000.000) 06/06 16:24:16 Job was suspended.
	Number of processes actually suspended: 3
...
011 (643.000.000) 06/06 16:40:08 Job was unsuspended.
...
010 (643.000.000) 06/06 16:41:18 Job was suspended.
	Number of processes actually suspended: 3
...
011 (643.000.000) 06/06 16:41:38 Job was unsuspended.
...
010 (643.000.000) 06/06 16:42:54 Job was suspended.
	Number of processes actually suspended: 3
...
011 (643.000.000) 06/06 16:43:19 Job was unsuspended.
...
010 (643.000.000) 06/06 16:43:54 Job was suspended.
	Number of processes actually suspended: 3
...
011 (643.000.000) 06/06 16:44:09 Job was unsuspended.
...
006 (643.000.000) 06/06 16:45:26 Image size of job updated: 505344
	489  -  MemoryUsage of job (MB)
	500680  -  ResidentSetSize of job (KB)
...
010 (643.000.000) 06/06 16:47:10 Job was suspended.
	Number of processes actually suspended: 3
...
011 (643.000.000) 06/06 16:47:25 Job was unsuspended.
...
010 (643.000.000) 06/06 16:48:35 Job was suspended.
	Number of processes actually suspended: 3
...
011 (643.000.000) 06/06 16:49:11 Job was unsuspended.
...
010 (643.000.000) 06/06 16:51:02 Job was suspended.
	Number of processes actually suspended: 3
...
011 (643.000.000) 06/06 16:51:32 Job was unsuspended.
...
010 (643.000.000) 06/06 16:52:32 Job was suspended.
	Number of processes actually suspended: 3
...
011 (643.000.000) 06/06 16:52:57 Job was unsuspended.
...
010 (643.000.000) 06/06 16:54:03 Job was suspended.
	Number of processes actually suspended: 3
...
011 (643.000.000) 06/06 16:54:18 Job was unsuspended.
...
010 (643.000.000) 06/06 16:56:08 Job was suspended.
	Number of processes actually suspended: 3
...
004 (643.000.000) 06/06 17:03:56 Job was evicted.
	(0) Job was not checkpointed.
		Usr 0 00:03:11, Sys 0 00:00:10  -  Run Remote Usage
		Usr 0 00:00:00, Sys 0 00:00:00  -  Run Local Usage
	0  -  Run Bytes Sent By Job
	0  -  Run Bytes Received By Job
	Partitionable Resources :    Usage  Request Allocated
	   Cpus                 :                 1         1
	   Disk (KB)            :        1        1   3541765
	   Memory (MB)          :      489     1500      1500
...
012 (643.000.000) 06/06 17:03:56 Job was held.
	via condor_hold (by user swuchterl)
	Code 1 Subcode 0
...
013 (643.000.000) 06/06 17:04:01 Job was released.
	via condor_release (by user swuchterl)
...
001 (643.000.000) 06/06 17:04:02 Job executing on host: <134.61.5.33:9618?addrs=134.61.5.33-9618+[--1]-9618&noUDP&sock=1717_4c33_3>
...
005 (643.000.000) 06/06 17:38:41 Job terminated.
	(1) Normal termination (return value 0)
		Usr 0 00:13:36, Sys 0 00:00:31  -  Run Remote Usage
		Usr 0 00:00:00, Sys 0 00:00:00  -  Run Local Usage
		Usr 0 00:13:36, Sys 0 00:00:31  -  Total Remote Usage
		Usr 0 00:00:00, Sys 0 00:00:00  -  Total Local Usage
	0  -  Run Bytes Sent By Job
	0  -  Run Bytes Received By Job
	0  -  Total Bytes Sent By Job
	0  -  Total Bytes Received By Job
	Partitionable Resources :    Usage  Request Allocated
	   Cpus                 :                 1         1
	   Disk (KB)            :        1        1   3529167
	   Memory (MB)          :      733     1500      1500
...
000 (747.000.000) 06/11 12:49:27 Job submitted from host: <134.61.5.1:9618?addrs=134.61.5.1-9618+[--1]-9618&noUDP&sock=1924_484e_15>
...
001 (747.000.000) 06/11 12:49:30 Job executing on host: <134.61.17.187:9618?addrs=134.61.17.187-9618+[--1]-9618&noUDP&sock=4493_671b_3>
...
006 (747.000.000) 06/11 12:49:39 Image size of job updated: 233944
	171  -  MemoryUsage of job (MB)
	174956  -  ResidentSetSize of job (KB)
...
006 (747.000.000) 06/11 12:54:40 Image size of job updated: 565000
	470  -  MemoryUsage of job (MB)
	480388  -  ResidentSetSize of job (KB)
...
006 (747.000.000) 06/11 12:59:40 Image size of job updated: 565904
	470  -  MemoryUsage of job (MB)
	480388  -  ResidentSetSize of job (KB)
...
006 (747.000.000) 06/11 13:04:40 Image size of job updated: 566076
	470  -  MemoryUsage of job (MB)
	480388  -  ResidentSetSize of job (KB)
...
010 (747.000.000) 06/11 13:22:09 Job was suspended.
	Number of processes actually suspended: 3
...
011 (747.000.000) 06/11 13:22:24 Job was unsuspended.
...
005 (747.000.000) 06/11 13:33:00 Job terminated.
	(1) Normal termination (return value 0)
		Usr 0 00:12:46, Sys 0 00:00:49  -  Run Remote Usage
		Usr 0 00:00:00, Sys 0 00:00:00  -  Run Local Usage
		Usr 0 00:12:46, Sys 0 00:00:49  -  Total Remote Usage
		Usr 0 00:00:00, Sys 0 00:00:00  -  Total Local Usage
	0  -  Run Bytes Sent By Job
	0  -  Run Bytes Received By Job
	0  -  Total Bytes Sent By Job
	0  -  Total Bytes Received By Job
	Partitionable Resources :    Usage  Request Allocated
	   Cpus                 :                 1         1
	   Disk (KB)            :        1        1   1556473
	   Memory (MB)          :      470     1500      1500
...
