000 (367.000.000) 06/01 16:26:49 Job submitted from host: <134.61.5.1:9618?addrs=134.61.5.1-9618+[--1]-9618&noUDP&sock=1924_484e_15>
...
001 (367.000.000) 06/01 16:32:23 Job executing on host: <134.61.17.179:9618?addrs=134.61.17.179-9618+[--1]-9618&noUDP&sock=5001_d938_3>
...
006 (367.000.000) 06/01 16:32:32 Image size of job updated: 36124
	31  -  MemoryUsage of job (MB)
	30780  -  ResidentSetSize of job (KB)
...
010 (367.000.000) 06/01 16:33:58 Job was suspended.
	Number of processes actually suspended: 3
...
006 (367.000.000) 06/01 16:33:58 Image size of job updated: 322020
	300  -  MemoryUsage of job (MB)
	307024  -  ResidentSetSize of job (KB)
...
011 (367.000.000) 06/01 16:39:29 Job was unsuspended.
...
010 (367.000.000) 06/01 16:42:20 Job was suspended.
	Number of processes actually suspended: 3
...
006 (367.000.000) 06/01 16:42:20 Image size of job updated: 447744
	423  -  MemoryUsage of job (MB)
	432748  -  ResidentSetSize of job (KB)
...
011 (367.000.000) 06/01 16:42:45 Job was unsuspended.
...
006 (367.000.000) 06/01 16:47:34 Image size of job updated: 448180
	423  -  MemoryUsage of job (MB)
	432748  -  ResidentSetSize of job (KB)
...
006 (367.000.000) 06/01 16:52:34 Image size of job updated: 451136
	423  -  MemoryUsage of job (MB)
	432748  -  ResidentSetSize of job (KB)
...
006 (367.000.000) 06/01 16:57:35 Image size of job updated: 466976
	423  -  MemoryUsage of job (MB)
	432748  -  ResidentSetSize of job (KB)
...
005 (367.000.000) 06/01 17:13:34 Job terminated.
	(1) Normal termination (return value 0)
		Usr 0 00:15:31, Sys 0 00:00:44  -  Run Remote Usage
		Usr 0 00:00:00, Sys 0 00:00:00  -  Run Local Usage
		Usr 0 00:15:31, Sys 0 00:00:44  -  Total Remote Usage
		Usr 0 00:00:00, Sys 0 00:00:00  -  Total Local Usage
	0  -  Run Bytes Sent By Job
	0  -  Run Bytes Received By Job
	0  -  Total Bytes Sent By Job
	0  -  Total Bytes Received By Job
	Partitionable Resources :    Usage  Request Allocated
	   Cpus                 :                 1         1
	   Disk (KB)            :        1        1   1556473
	   Memory (MB)          :      423     1500      1500
...
000 (429.000.000) 06/04 11:40:33 Job submitted from host: <134.61.5.1:9618?addrs=134.61.5.1-9618+[--1]-9618&noUDP&sock=1924_484e_15>
...
001 (429.000.000) 06/04 11:40:48 Job executing on host: <134.61.17.161:9618?addrs=134.61.17.161-9618+[--1]-9618&noUDP&sock=4909_be81_3>
...
006 (429.000.000) 06/04 11:40:56 Image size of job updated: 176412
	132  -  MemoryUsage of job (MB)
	134820  -  ResidentSetSize of job (KB)
...
010 (429.000.000) 06/04 11:42:42 Job was suspended.
	Number of processes actually suspended: 3
...
006 (429.000.000) 06/04 11:42:42 Image size of job updated: 479524
	425  -  MemoryUsage of job (MB)
	434732  -  ResidentSetSize of job (KB)
...
011 (429.000.000) 06/04 11:43:58 Job was unsuspended.
...
010 (429.000.000) 06/04 11:44:43 Job was suspended.
	Number of processes actually suspended: 3
...
011 (429.000.000) 06/04 11:45:58 Job was unsuspended.
...
010 (429.000.000) 06/04 11:47:18 Job was suspended.
	Number of processes actually suspended: 3
...
006 (429.000.000) 06/04 11:47:18 Image size of job updated: 497720
	443  -  MemoryUsage of job (MB)
	452928  -  ResidentSetSize of job (KB)
...
011 (429.000.000) 06/04 11:48:18 Job was unsuspended.
...
010 (429.000.000) 06/04 11:48:49 Job was suspended.
	Number of processes actually suspended: 3
...
011 (429.000.000) 06/04 11:49:14 Job was unsuspended.
...
010 (429.000.000) 06/04 11:49:29 Job was suspended.
	Number of processes actually suspended: 3
...
011 (429.000.000) 06/04 11:50:19 Job was unsuspended.
...
010 (429.000.000) 06/04 11:50:54 Job was suspended.
	Number of processes actually suspended: 3
...
011 (429.000.000) 06/04 11:51:34 Job was unsuspended.
...
010 (429.000.000) 06/04 11:52:40 Job was suspended.
	Number of processes actually suspended: 3
...
011 (429.000.000) 06/04 11:53:30 Job was unsuspended.
...
010 (429.000.000) 06/04 11:54:30 Job was suspended.
	Number of processes actually suspended: 3
...
011 (429.000.000) 06/04 11:55:20 Job was unsuspended.
...
010 (429.000.000) 06/04 11:56:37 Job was suspended.
	Number of processes actually suspended: 3
...
011 (429.000.000) 06/04 11:57:37 Job was unsuspended.
...
010 (429.000.000) 06/04 11:58:08 Job was suspended.
	Number of processes actually suspended: 3
...
011 (429.000.000) 06/04 11:58:38 Job was unsuspended.
...
010 (429.000.000) 06/04 11:58:53 Job was suspended.
	Number of processes actually suspended: 3
...
011 (429.000.000) 06/04 11:59:23 Job was unsuspended.
...
010 (429.000.000) 06/04 11:59:53 Job was suspended.
	Number of processes actually suspended: 3
...
011 (429.000.000) 06/04 12:00:58 Job was unsuspended.
...
010 (429.000.000) 06/04 12:02:54 Job was suspended.
	Number of processes actually suspended: 3
...
011 (429.000.000) 06/04 12:04:04 Job was unsuspended.
...
010 (429.000.000) 06/04 12:05:39 Job was suspended.
	Number of processes actually suspended: 3
...
011 (429.000.000) 06/04 12:06:44 Job was unsuspended.
...
010 (429.000.000) 06/04 12:07:55 Job was suspended.
	Number of processes actually suspended: 3
...
011 (429.000.000) 06/04 12:08:59 Job was unsuspended.
...
010 (429.000.000) 06/04 12:10:34 Job was suspended.
	Number of processes actually suspended: 3
...
006 (429.000.000) 06/04 12:10:34 Image size of job updated: 498724
	443  -  MemoryUsage of job (MB)
	452928  -  ResidentSetSize of job (KB)
...
011 (429.000.000) 06/04 12:11:06 Job was unsuspended.
...
010 (429.000.000) 06/04 12:11:25 Job was suspended.
	Number of processes actually suspended: 3
...
006 (429.000.000) 06/04 12:11:25 Image size of job updated: 498732
	443  -  MemoryUsage of job (MB)
	452928  -  ResidentSetSize of job (KB)
...
011 (429.000.000) 06/04 12:11:50 Job was unsuspended.
...
010 (429.000.000) 06/04 12:12:50 Job was suspended.
	Number of processes actually suspended: 3
...
011 (429.000.000) 06/04 12:13:25 Job was unsuspended.
...
010 (429.000.000) 06/04 12:13:55 Job was suspended.
	Number of processes actually suspended: 3
...
011 (429.000.000) 06/04 12:14:25 Job was unsuspended.
...
010 (429.000.000) 06/04 12:14:56 Job was suspended.
	Number of processes actually suspended: 3
...
011 (429.000.000) 06/04 12:16:01 Job was unsuspended.
...
010 (429.000.000) 06/04 12:17:42 Job was suspended.
	Number of processes actually suspended: 3
...
011 (429.000.000) 06/04 12:18:52 Job was unsuspended.
...
010 (429.000.000) 06/04 12:20:07 Job was suspended.
	Number of processes actually suspended: 3
...
011 (429.000.000) 06/04 12:20:42 Job was unsuspended.
...
010 (429.000.000) 06/04 12:21:17 Job was suspended.
	Number of processes actually suspended: 3
...
011 (429.000.000) 06/04 12:21:32 Job was unsuspended.
...
010 (429.000.000) 06/04 12:22:17 Job was suspended.
	Number of processes actually suspended: 3
...
011 (429.000.000) 06/04 12:23:22 Job was unsuspended.
...
010 (429.000.000) 06/04 12:25:42 Job was suspended.
	Number of processes actually suspended: 3
...
011 (429.000.000) 06/04 12:26:58 Job was unsuspended.
...
010 (429.000.000) 06/04 12:28:58 Job was suspended.
	Number of processes actually suspended: 3
...
011 (429.000.000) 06/04 12:29:23 Job was unsuspended.
...
010 (429.000.000) 06/04 12:30:45 Job was suspended.
	Number of processes actually suspended: 3
...
011 (429.000.000) 06/04 12:31:25 Job was unsuspended.
...
010 (429.000.000) 06/04 12:31:45 Job was suspended.
	Number of processes actually suspended: 3
...
011 (429.000.000) 06/04 12:32:15 Job was unsuspended.
...
010 (429.000.000) 06/04 12:33:50 Job was suspended.
	Number of processes actually suspended: 3
...
011 (429.000.000) 06/04 12:34:06 Job was unsuspended.
...
010 (429.000.000) 06/04 12:34:36 Job was suspended.
	Number of processes actually suspended: 3
...
011 (429.000.000) 06/04 12:35:16 Job was unsuspended.
...
005 (429.000.000) 06/04 12:36:49 Job terminated.
	(1) Normal termination (return value 0)
		Usr 0 00:12:15, Sys 0 00:00:27  -  Run Remote Usage
		Usr 0 00:00:00, Sys 0 00:00:00  -  Run Local Usage
		Usr 0 00:12:15, Sys 0 00:00:27  -  Total Remote Usage
		Usr 0 00:00:00, Sys 0 00:00:00  -  Total Local Usage
	0  -  Run Bytes Sent By Job
	0  -  Run Bytes Received By Job
	0  -  Total Bytes Sent By Job
	0  -  Total Bytes Received By Job
	Partitionable Resources :    Usage  Request Allocated
	   Cpus                 :                 1         1
	   Disk (KB)            :        1        1   1556473
	   Memory (MB)          :      443     1500      1500
...
000 (491.000.000) 06/04 15:47:23 Job submitted from host: <134.61.5.1:9618?addrs=134.61.5.1-9618+[--1]-9618&noUDP&sock=1924_484e_15>
...
001 (491.000.000) 06/04 16:43:29 Job executing on host: <134.61.17.171:9618?addrs=134.61.17.171-9618+[--1]-9618&noUDP&sock=4813_e569_3>
...
006 (491.000.000) 06/04 16:43:39 Image size of job updated: 127544
	95  -  MemoryUsage of job (MB)
	96320  -  ResidentSetSize of job (KB)
...
006 (491.000.000) 06/04 16:48:39 Image size of job updated: 508064
	447  -  MemoryUsage of job (MB)
	457224  -  ResidentSetSize of job (KB)
...
005 (491.000.000) 06/04 17:14:33 Job terminated.
	(1) Normal termination (return value 0)
		Usr 0 00:14:24, Sys 0 00:00:21  -  Run Remote Usage
		Usr 0 00:00:00, Sys 0 00:00:00  -  Run Local Usage
		Usr 0 00:14:24, Sys 0 00:00:21  -  Total Remote Usage
		Usr 0 00:00:00, Sys 0 00:00:00  -  Total Local Usage
	0  -  Run Bytes Sent By Job
	0  -  Run Bytes Received By Job
	0  -  Total Bytes Sent By Job
	0  -  Total Bytes Received By Job
	Partitionable Resources :    Usage  Request Allocated
	   Cpus                 :                 1         1
	   Disk (KB)            :        1        1   1556473
	   Memory (MB)          :      447     1500      1500
...
000 (552.000.000) 06/05 16:10:40 Job submitted from host: <134.61.5.1:9618?addrs=134.61.5.1-9618+[--1]-9618&noUDP&sock=1924_484e_15>
...
007 (552.000.000) 06/05 16:15:19 Shadow exception!
	Error from slot1_1@lxcip55.physik.rwth-aachen.de: Failed to open '/.automount/home/home__home4/institut_1b/swuchterl/SUSYDileptonGamma/SplitTrees/logs/TTGamma_Dilept-amcatnlo_nTuple.root.out' as standard output: No such file or directory (errno 2)
	0  -  Run Bytes Sent By Job
	0  -  Run Bytes Received By Job
...
012 (552.000.000) 06/05 16:15:19 Job was held.
	Error from slot1_1@lxcip55.physik.rwth-aachen.de: Failed to open '/.automount/home/home__home4/institut_1b/swuchterl/SUSYDileptonGamma/SplitTrees/logs/TTGamma_Dilept-amcatnlo_nTuple.root.out' as standard output: No such file or directory (errno 2)
	Code 7 Subcode 2
...
013 (552.000.000) 06/05 18:21:28 Job was released.
	via condor_release (by user swuchterl)
...
001 (552.000.000) 06/05 18:24:29 Job executing on host: <134.61.17.183:9618?addrs=134.61.17.183-9618+[--1]-9618&noUDP&sock=5023_f04d_3>
...
006 (552.000.000) 06/05 18:24:38 Image size of job updated: 157964
	97  -  MemoryUsage of job (MB)
	99120  -  ResidentSetSize of job (KB)
...
006 (552.000.000) 06/05 18:29:39 Image size of job updated: 524656
	430  -  MemoryUsage of job (MB)
	440028  -  ResidentSetSize of job (KB)
...
006 (552.000.000) 06/05 18:34:39 Image size of job updated: 526016
	430  -  MemoryUsage of job (MB)
	440028  -  ResidentSetSize of job (KB)
...
005 (552.000.000) 06/05 18:47:26 Job terminated.
	(1) Normal termination (return value 0)
		Usr 0 00:14:16, Sys 0 00:00:21  -  Run Remote Usage
		Usr 0 00:00:00, Sys 0 00:00:00  -  Run Local Usage
		Usr 0 00:14:16, Sys 0 00:00:21  -  Total Remote Usage
		Usr 0 00:00:00, Sys 0 00:00:00  -  Total Local Usage
	0  -  Run Bytes Sent By Job
	0  -  Run Bytes Received By Job
	0  -  Total Bytes Sent By Job
	0  -  Total Bytes Received By Job
	Partitionable Resources :    Usage  Request Allocated
	   Cpus                 :                 1         1
	   Disk (KB)            :        1        1   1556473
	   Memory (MB)          :      430     1500      1500
...
000 (673.000.000) 06/06 15:35:17 Job submitted from host: <134.61.5.1:9618?addrs=134.61.5.1-9618+[--1]-9618&noUDP&sock=1924_484e_15>
...
001 (673.000.000) 06/06 15:44:31 Job executing on host: <134.61.17.173:9618?addrs=134.61.17.173-9618+[--1]-9618&noUDP&sock=4984_301b_3>
...
006 (673.000.000) 06/06 15:44:39 Image size of job updated: 172944
	91  -  MemoryUsage of job (MB)
	92596  -  ResidentSetSize of job (KB)
...
006 (673.000.000) 06/06 15:49:39 Image size of job updated: 541436
	447  -  MemoryUsage of job (MB)
	456808  -  ResidentSetSize of job (KB)
...
005 (673.000.000) 06/06 16:44:12 Job terminated.
	(1) Normal termination (return value 0)
		Usr 0 00:14:29, Sys 0 00:00:22  -  Run Remote Usage
		Usr 0 00:00:00, Sys 0 00:00:00  -  Run Local Usage
		Usr 0 00:14:29, Sys 0 00:00:22  -  Total Remote Usage
		Usr 0 00:00:00, Sys 0 00:00:00  -  Total Local Usage
	0  -  Run Bytes Sent By Job
	0  -  Run Bytes Received By Job
	0  -  Total Bytes Sent By Job
	0  -  Total Bytes Received By Job
	Partitionable Resources :    Usage  Request Allocated
	   Cpus                 :                 1         1
	   Disk (KB)            :        1        1   1556473
	   Memory (MB)          :      447     1500      1500
...
000 (752.000.000) 06/11 12:49:28 Job submitted from host: <134.61.5.1:9618?addrs=134.61.5.1-9618+[--1]-9618&noUDP&sock=1924_484e_15>
...
001 (752.000.000) 06/11 12:49:31 Job executing on host: <134.61.17.179:9618?addrs=134.61.17.179-9618+[--1]-9618&noUDP&sock=5001_d938_3>
...
006 (752.000.000) 06/11 12:49:39 Image size of job updated: 113376
	59  -  MemoryUsage of job (MB)
	60236  -  ResidentSetSize of job (KB)
...
006 (752.000.000) 06/11 12:54:39 Image size of job updated: 521276
	427  -  MemoryUsage of job (MB)
	436660  -  ResidentSetSize of job (KB)
...
010 (752.000.000) 06/11 13:20:03 Job was suspended.
	Number of processes actually suspended: 3
...
011 (752.000.000) 06/11 13:20:58 Job was unsuspended.
...
005 (752.000.000) 06/11 13:24:47 Job terminated.
	(1) Normal termination (return value 0)
		Usr 0 00:13:50, Sys 0 00:00:51  -  Run Remote Usage
		Usr 0 00:00:00, Sys 0 00:00:00  -  Run Local Usage
		Usr 0 00:13:50, Sys 0 00:00:51  -  Total Remote Usage
		Usr 0 00:00:00, Sys 0 00:00:00  -  Total Local Usage
	0  -  Run Bytes Sent By Job
	0  -  Run Bytes Received By Job
	0  -  Total Bytes Sent By Job
	0  -  Total Bytes Received By Job
	Partitionable Resources :    Usage  Request Allocated
	   Cpus                 :                 1         1
	   Disk (KB)            :        1        1   1556473
	   Memory (MB)          :      427     1500      1500
...
