000 (366.000.000) 06/01 16:26:48 Job submitted from host: <134.61.5.1:9618?addrs=134.61.5.1-9618+[--1]-9618&noUDP&sock=1924_484e_15>
...
001 (366.000.000) 06/01 16:32:23 Job executing on host: <134.61.17.179:9618?addrs=134.61.17.179-9618+[--1]-9618&noUDP&sock=5001_d938_3>
...
006 (366.000.000) 06/01 16:32:31 Image size of job updated: 26780
	23  -  MemoryUsage of job (MB)
	22792  -  ResidentSetSize of job (KB)
...
006 (366.000.000) 06/01 16:37:31 Image size of job updated: 360420
	343  -  MemoryUsage of job (MB)
	350768  -  ResidentSetSize of job (KB)
...
006 (366.000.000) 06/01 16:42:32 Image size of job updated: 375832
	357  -  MemoryUsage of job (MB)
	364976  -  ResidentSetSize of job (KB)
...
005 (366.000.000) 06/01 16:42:33 Job terminated.
	(1) Normal termination (return value 0)
		Usr 0 00:01:09, Sys 0 00:00:05  -  Run Remote Usage
		Usr 0 00:00:00, Sys 0 00:00:00  -  Run Local Usage
		Usr 0 00:01:09, Sys 0 00:00:05  -  Total Remote Usage
		Usr 0 00:00:00, Sys 0 00:00:00  -  Total Local Usage
	0  -  Run Bytes Sent By Job
	0  -  Run Bytes Received By Job
	0  -  Total Bytes Sent By Job
	0  -  Total Bytes Received By Job
	Partitionable Resources :    Usage  Request Allocated
	   Cpus                 :                 1         1
	   Disk (KB)            :        1        1   1556473
	   Memory (MB)          :      357     1500      1500
...
000 (428.000.000) 06/04 11:40:32 Job submitted from host: <134.61.5.1:9618?addrs=134.61.5.1-9618+[--1]-9618&noUDP&sock=1924_484e_15>
...
001 (428.000.000) 06/04 11:40:48 Job executing on host: <134.61.17.190:9618?addrs=134.61.17.190-9618+[--1]-9618&noUDP&sock=16258_36d5_3>
...
006 (428.000.000) 06/04 11:40:56 Image size of job updated: 173212
	129  -  MemoryUsage of job (MB)
	131432  -  ResidentSetSize of job (KB)
...
010 (428.000.000) 06/04 11:42:27 Job was suspended.
	Number of processes actually suspended: 3
...
006 (428.000.000) 06/04 11:42:27 Image size of job updated: 331712
	280  -  MemoryUsage of job (MB)
	285724  -  ResidentSetSize of job (KB)
...
011 (428.000.000) 06/04 11:43:17 Job was unsuspended.
...
010 (428.000.000) 06/04 11:43:47 Job was suspended.
	Number of processes actually suspended: 3
...
006 (428.000.000) 06/04 11:43:47 Image size of job updated: 331840
	280  -  MemoryUsage of job (MB)
	285852  -  ResidentSetSize of job (KB)
...
011 (428.000.000) 06/04 11:44:17 Job was unsuspended.
...
010 (428.000.000) 06/04 11:44:43 Job was suspended.
	Number of processes actually suspended: 3
...
006 (428.000.000) 06/04 11:44:43 Image size of job updated: 331852
	280  -  MemoryUsage of job (MB)
	285864  -  ResidentSetSize of job (KB)
...
011 (428.000.000) 06/04 11:45:18 Job was unsuspended.
...
010 (428.000.000) 06/04 11:45:43 Job was suspended.
	Number of processes actually suspended: 3
...
006 (428.000.000) 06/04 11:45:43 Image size of job updated: 331884
	280  -  MemoryUsage of job (MB)
	285896  -  ResidentSetSize of job (KB)
...
011 (428.000.000) 06/04 11:46:29 Job was unsuspended.
...
010 (428.000.000) 06/04 11:46:54 Job was suspended.
	Number of processes actually suspended: 3
...
006 (428.000.000) 06/04 11:46:54 Image size of job updated: 331896
	280  -  MemoryUsage of job (MB)
	285908  -  ResidentSetSize of job (KB)
...
011 (428.000.000) 06/04 11:47:34 Job was unsuspended.
...
010 (428.000.000) 06/04 11:47:54 Job was suspended.
	Number of processes actually suspended: 3
...
006 (428.000.000) 06/04 11:47:55 Image size of job updated: 331924
	280  -  MemoryUsage of job (MB)
	285936  -  ResidentSetSize of job (KB)
...
011 (428.000.000) 06/04 11:48:24 Job was unsuspended.
...
010 (428.000.000) 06/04 11:48:49 Job was suspended.
	Number of processes actually suspended: 3
...
006 (428.000.000) 06/04 11:48:49 Image size of job updated: 331928
	280  -  MemoryUsage of job (MB)
	285940  -  ResidentSetSize of job (KB)
...
011 (428.000.000) 06/04 11:49:24 Job was unsuspended.
...
010 (428.000.000) 06/04 11:49:44 Job was suspended.
	Number of processes actually suspended: 3
...
006 (428.000.000) 06/04 11:49:44 Image size of job updated: 331952
	280  -  MemoryUsage of job (MB)
	285964  -  ResidentSetSize of job (KB)
...
011 (428.000.000) 06/04 11:50:24 Job was unsuspended.
...
010 (428.000.000) 06/04 11:50:54 Job was suspended.
	Number of processes actually suspended: 3
...
006 (428.000.000) 06/04 11:50:54 Image size of job updated: 395348
	342  -  MemoryUsage of job (MB)
	349356  -  ResidentSetSize of job (KB)
...
011 (428.000.000) 06/04 11:51:19 Job was unsuspended.
...
005 (428.000.000) 06/04 11:51:38 Job terminated.
	(1) Normal termination (return value 0)
		Usr 0 00:00:53, Sys 0 00:00:02  -  Run Remote Usage
		Usr 0 00:00:00, Sys 0 00:00:00  -  Run Local Usage
		Usr 0 00:00:53, Sys 0 00:00:02  -  Total Remote Usage
		Usr 0 00:00:00, Sys 0 00:00:00  -  Total Local Usage
	0  -  Run Bytes Sent By Job
	0  -  Run Bytes Received By Job
	0  -  Total Bytes Sent By Job
	0  -  Total Bytes Received By Job
	Partitionable Resources :    Usage  Request Allocated
	   Cpus                 :                 1         1
	   Disk (KB)            :        1        1   1556473
	   Memory (MB)          :      342     1500      1500
...
000 (490.000.000) 06/04 15:47:23 Job submitted from host: <134.61.5.1:9618?addrs=134.61.5.1-9618+[--1]-9618&noUDP&sock=1924_484e_15>
...
001 (490.000.000) 06/04 16:41:30 Job executing on host: <134.61.17.167:9618?addrs=134.61.17.167-9618+[--1]-9618&noUDP&sock=4649_67e1_3>
...
006 (490.000.000) 06/04 16:41:39 Image size of job updated: 125196
	96  -  MemoryUsage of job (MB)
	97704  -  ResidentSetSize of job (KB)
...
005 (490.000.000) 06/04 16:46:07 Job terminated.
	(1) Normal termination (return value 0)
		Usr 0 00:01:05, Sys 0 00:00:03  -  Run Remote Usage
		Usr 0 00:00:00, Sys 0 00:00:00  -  Run Local Usage
		Usr 0 00:01:05, Sys 0 00:00:03  -  Total Remote Usage
		Usr 0 00:00:00, Sys 0 00:00:00  -  Total Local Usage
	0  -  Run Bytes Sent By Job
	0  -  Run Bytes Received By Job
	0  -  Total Bytes Sent By Job
	0  -  Total Bytes Received By Job
	Partitionable Resources :    Usage  Request Allocated
	   Cpus                 :                 1         1
	   Disk (KB)            :        1        1   1556473
	   Memory (MB)          :       96     1500      1500
...
000 (551.000.000) 06/05 16:10:40 Job submitted from host: <134.61.5.1:9618?addrs=134.61.5.1-9618+[--1]-9618&noUDP&sock=1924_484e_15>
...
007 (551.000.000) 06/05 16:14:20 Shadow exception!
	Error from slot1_6@lxcip55.physik.rwth-aachen.de: Failed to open '/.automount/home/home__home4/institut_1b/swuchterl/SUSYDileptonGamma/SplitTrees/logs/WGToLNuG-amcatnloFXFX_ext_nTuple.root.out' as standard output: No such file or directory (errno 2)
	0  -  Run Bytes Sent By Job
	0  -  Run Bytes Received By Job
...
012 (551.000.000) 06/05 16:14:20 Job was held.
	Error from slot1_6@lxcip55.physik.rwth-aachen.de: Failed to open '/.automount/home/home__home4/institut_1b/swuchterl/SUSYDileptonGamma/SplitTrees/logs/WGToLNuG-amcatnloFXFX_ext_nTuple.root.out' as standard output: No such file or directory (errno 2)
	Code 7 Subcode 2
...
013 (551.000.000) 06/05 18:21:28 Job was released.
	via condor_release (by user swuchterl)
...
001 (551.000.000) 06/05 18:24:29 Job executing on host: <134.61.15.44:9618?addrs=134.61.15.44-9618+[--1]-9618&noUDP&sock=2138_1192_3>
...
006 (551.000.000) 06/05 18:24:38 Image size of job updated: 97720
	43  -  MemoryUsage of job (MB)
	43508  -  ResidentSetSize of job (KB)
...
006 (551.000.000) 06/05 18:28:02 Image size of job updated: 465196
	43  -  MemoryUsage of job (MB)
	43620  -  ResidentSetSize of job (KB)
...
005 (551.000.000) 06/05 18:28:02 Job terminated.
	(1) Normal termination (return value 0)
		Usr 0 00:01:31, Sys 0 00:00:03  -  Run Remote Usage
		Usr 0 00:00:00, Sys 0 00:00:00  -  Run Local Usage
		Usr 0 00:01:31, Sys 0 00:00:03  -  Total Remote Usage
		Usr 0 00:00:00, Sys 0 00:00:00  -  Total Local Usage
	0  -  Run Bytes Sent By Job
	0  -  Run Bytes Received By Job
	0  -  Total Bytes Sent By Job
	0  -  Total Bytes Received By Job
	Partitionable Resources :    Usage  Request Allocated
	   Cpus                 :                 1         1
	   Disk (KB)            :        1        1  17959764
	   Memory (MB)          :       43     1500      1500
...
000 (672.000.000) 06/06 15:35:17 Job submitted from host: <134.61.5.1:9618?addrs=134.61.5.1-9618+[--1]-9618&noUDP&sock=1924_484e_15>
...
001 (672.000.000) 06/06 15:43:32 Job executing on host: <134.61.15.6:9618?addrs=134.61.15.6-9618+[--1]-9618&noUDP&sock=1223743_7d6a_3>
...
006 (672.000.000) 06/06 15:43:40 Image size of job updated: 8156
	8  -  MemoryUsage of job (MB)
	8072  -  ResidentSetSize of job (KB)
...
010 (672.000.000) 06/06 15:43:57 Job was suspended.
	Number of processes actually suspended: 3
...
006 (672.000.000) 06/06 15:43:57 Image size of job updated: 98972
	96  -  MemoryUsage of job (MB)
	97748  -  ResidentSetSize of job (KB)
...
006 (672.000.000) 06/06 15:48:40 Image size of job updated: 99128
	96  -  MemoryUsage of job (MB)
	97748  -  ResidentSetSize of job (KB)
...
011 (672.000.000) 06/06 15:52:34 Job was unsuspended.
...
006 (672.000.000) 06/06 15:52:50 Image size of job updated: 253228
	246  -  MemoryUsage of job (MB)
	251484  -  ResidentSetSize of job (KB)
...
004 (672.000.000) 06/06 15:52:50 Job was evicted.
	(0) Job was not checkpointed.
		Usr 0 00:00:06, Sys 0 00:00:01  -  Run Remote Usage
		Usr 0 00:00:00, Sys 0 00:00:00  -  Run Local Usage
	0  -  Run Bytes Sent By Job
	0  -  Run Bytes Received By Job
	Partitionable Resources :    Usage  Request Allocated
	   Cpus                 :                 1         1
	   Disk (KB)            :        1        1   3541765
	   Memory (MB)          :      246     1500      1500
...
012 (672.000.000) 06/06 15:52:50 Job was held.
	via condor_hold (by user swuchterl)
	Code 1 Subcode 0
...
013 (672.000.000) 06/06 15:54:13 Job was released.
	via condor_release (by user swuchterl)
...
001 (672.000.000) 06/06 15:57:14 Job executing on host: <134.61.13.62:9618?addrs=134.61.13.62-9618+[--1]-9618&noUDP&sock=1537_d527_3>
...
006 (672.000.000) 06/06 16:01:13 Image size of job updated: 466744
	269  -  MemoryUsage of job (MB)
	275000  -  ResidentSetSize of job (KB)
...
005 (672.000.000) 06/06 16:01:13 Job terminated.
	(1) Normal termination (return value 0)
		Usr 0 00:00:52, Sys 0 00:00:02  -  Run Remote Usage
		Usr 0 00:00:00, Sys 0 00:00:00  -  Run Local Usage
		Usr 0 00:00:52, Sys 0 00:00:02  -  Total Remote Usage
		Usr 0 00:00:00, Sys 0 00:00:00  -  Total Local Usage
	0  -  Run Bytes Sent By Job
	0  -  Run Bytes Received By Job
	0  -  Total Bytes Sent By Job
	0  -  Total Bytes Received By Job
	Partitionable Resources :    Usage  Request Allocated
	   Cpus                 :                 1         1
	   Disk (KB)            :        1        1   2451084
	   Memory (MB)          :      269     1500      1500
...
000 (729.000.000) 06/11 12:49:24 Job submitted from host: <134.61.5.1:9618?addrs=134.61.5.1-9618+[--1]-9618&noUDP&sock=1924_484e_15>
...
001 (729.000.000) 06/11 12:49:31 Job executing on host: <134.61.5.17:9618?addrs=134.61.5.17-9618+[--1]-9618&noUDP&sock=1762_29f6_3>
...
006 (729.000.000) 06/11 12:49:39 Image size of job updated: 107540
	48  -  MemoryUsage of job (MB)
	49024  -  ResidentSetSize of job (KB)
...
006 (729.000.000) 06/11 12:54:39 Image size of job updated: 442960
	350  -  MemoryUsage of job (MB)
	358364  -  ResidentSetSize of job (KB)
...
006 (729.000.000) 06/11 12:55:08 Image size of job updated: 444732
	350  -  MemoryUsage of job (MB)
	358364  -  ResidentSetSize of job (KB)
...
005 (729.000.000) 06/11 12:55:08 Job terminated.
	(1) Normal termination (return value 0)
		Usr 0 00:02:40, Sys 0 00:00:06  -  Run Remote Usage
		Usr 0 00:00:00, Sys 0 00:00:00  -  Run Local Usage
		Usr 0 00:02:40, Sys 0 00:00:06  -  Total Remote Usage
		Usr 0 00:00:00, Sys 0 00:00:00  -  Total Local Usage
	0  -  Run Bytes Sent By Job
	0  -  Run Bytes Received By Job
	0  -  Total Bytes Sent By Job
	0  -  Total Bytes Received By Job
	Partitionable Resources :    Usage  Request Allocated
	   Cpus                 :                 1         1
	   Disk (KB)            :        1        1   3521646
	   Memory (MB)          :      350     1500      1500
...
