000 (343.000.000) 06/01 16:26:45 Job submitted from host: <134.61.5.1:9618?addrs=134.61.5.1-9618+[--1]-9618&noUDP&sock=1924_484e_15>
...
001 (343.000.000) 06/01 16:30:02 Job executing on host: <134.61.15.68:9618?addrs=134.61.15.68-9618+[--1]-9618&noUDP&sock=1148201_f612_8>
...
006 (343.000.000) 06/01 16:30:11 Image size of job updated: 10048
	7  -  MemoryUsage of job (MB)
	6996  -  ResidentSetSize of job (KB)
...
010 (343.000.000) 06/01 16:31:18 Job was suspended.
	Number of processes actually suspended: 3
...
006 (343.000.000) 06/01 16:31:18 Image size of job updated: 312908
	284  -  MemoryUsage of job (MB)
	290676  -  ResidentSetSize of job (KB)
...
011 (343.000.000) 06/01 16:31:50 Job was unsuspended.
...
006 (343.000.000) 06/01 16:31:50 Image size of job updated: 312920
	284  -  MemoryUsage of job (MB)
	290676  -  ResidentSetSize of job (KB)
...
010 (343.000.000) 06/01 16:35:26 Job was suspended.
	Number of processes actually suspended: 0
...
011 (343.000.000) 06/01 16:35:41 Job was unsuspended.
...
010 (343.000.000) 06/01 16:45:28 Job was suspended.
	Number of processes actually suspended: 0
...
011 (343.000.000) 06/01 16:45:43 Job was unsuspended.
...
005 (343.000.000) 06/01 17:21:13 Job terminated.
	(1) Normal termination (return value 0)
		Usr 0 00:00:12, Sys 0 00:00:02  -  Run Remote Usage
		Usr 0 00:00:00, Sys 0 00:00:00  -  Run Local Usage
		Usr 0 00:00:12, Sys 0 00:00:02  -  Total Remote Usage
		Usr 0 00:00:00, Sys 0 00:00:00  -  Total Local Usage
	0  -  Run Bytes Sent By Job
	0  -  Run Bytes Received By Job
	0  -  Total Bytes Sent By Job
	0  -  Total Bytes Received By Job
	Partitionable Resources :    Usage  Request Allocated
	   Cpus                 :                 1         1
	   Disk (KB)            :        1        1   3535214
	   Memory (MB)          :      284     1500      1500
...
000 (405.000.000) 06/04 11:40:29 Job submitted from host: <134.61.5.1:9618?addrs=134.61.5.1-9618+[--1]-9618&noUDP&sock=1924_484e_15>
...
001 (405.000.000) 06/04 11:40:47 Job executing on host: <134.61.15.68:9618?addrs=134.61.15.68-9618+[--1]-9618&noUDP&sock=1148201_f612_8>
...
006 (405.000.000) 06/04 11:40:55 Image size of job updated: 46732
	23  -  MemoryUsage of job (MB)
	22852  -  ResidentSetSize of job (KB)
...
006 (405.000.000) 06/04 11:45:55 Image size of job updated: 383308
	292  -  MemoryUsage of job (MB)
	298752  -  ResidentSetSize of job (KB)
...
006 (405.000.000) 06/04 11:50:56 Image size of job updated: 383524
	292  -  MemoryUsage of job (MB)
	298968  -  ResidentSetSize of job (KB)
...
006 (405.000.000) 06/04 11:55:57 Image size of job updated: 445764
	353  -  MemoryUsage of job (MB)
	361184  -  ResidentSetSize of job (KB)
...
006 (405.000.000) 06/04 12:00:57 Image size of job updated: 458080
	365  -  MemoryUsage of job (MB)
	373500  -  ResidentSetSize of job (KB)
...
006 (405.000.000) 06/04 12:05:58 Image size of job updated: 462712
	370  -  MemoryUsage of job (MB)
	378132  -  ResidentSetSize of job (KB)
...
006 (405.000.000) 06/04 12:10:59 Image size of job updated: 462784
	370  -  MemoryUsage of job (MB)
	378204  -  ResidentSetSize of job (KB)
...
006 (405.000.000) 06/04 12:15:59 Image size of job updated: 464520
	370  -  MemoryUsage of job (MB)
	378204  -  ResidentSetSize of job (KB)
...
006 (405.000.000) 06/04 12:21:29 Image size of job updated: 696480
	370  -  MemoryUsage of job (MB)
	378204  -  ResidentSetSize of job (KB)
...
005 (405.000.000) 06/04 12:21:30 Job terminated.
	(1) Normal termination (return value 0)
		Usr 0 00:06:57, Sys 0 00:00:12  -  Run Remote Usage
		Usr 0 00:00:00, Sys 0 00:00:00  -  Run Local Usage
		Usr 0 00:06:57, Sys 0 00:00:12  -  Total Remote Usage
		Usr 0 00:00:00, Sys 0 00:00:00  -  Total Local Usage
	0  -  Run Bytes Sent By Job
	0  -  Run Bytes Received By Job
	0  -  Total Bytes Sent By Job
	0  -  Total Bytes Received By Job
	Partitionable Resources :    Usage  Request Allocated
	   Cpus                 :                 1         1
	   Disk (KB)            :        1        1   3535214
	   Memory (MB)          :      370     1500      1500
...
000 (467.000.000) 06/04 15:47:20 Job submitted from host: <134.61.5.1:9618?addrs=134.61.5.1-9618+[--1]-9618&noUDP&sock=1924_484e_15>
...
001 (467.000.000) 06/04 16:28:29 Job executing on host: <134.61.17.148:9618?addrs=134.61.17.148-9618+[--1]-9618&noUDP&sock=1698_43e6_3>
...
006 (467.000.000) 06/04 16:28:37 Image size of job updated: 74924
	44  -  MemoryUsage of job (MB)
	44736  -  ResidentSetSize of job (KB)
...
006 (467.000.000) 06/04 16:33:37 Image size of job updated: 419984
	344  -  MemoryUsage of job (MB)
	351344  -  ResidentSetSize of job (KB)
...
006 (467.000.000) 06/04 16:38:38 Image size of job updated: 427412
	344  -  MemoryUsage of job (MB)
	351344  -  ResidentSetSize of job (KB)
...
006 (467.000.000) 06/04 16:43:39 Image size of job updated: 428932
	344  -  MemoryUsage of job (MB)
	351344  -  ResidentSetSize of job (KB)
...
006 (467.000.000) 06/04 16:48:39 Image size of job updated: 429488
	344  -  MemoryUsage of job (MB)
	351344  -  ResidentSetSize of job (KB)
...
005 (467.000.000) 06/04 16:55:56 Job terminated.
	(1) Normal termination (return value 0)
		Usr 0 00:07:05, Sys 0 00:00:14  -  Run Remote Usage
		Usr 0 00:00:00, Sys 0 00:00:00  -  Run Local Usage
		Usr 0 00:07:05, Sys 0 00:00:14  -  Total Remote Usage
		Usr 0 00:00:00, Sys 0 00:00:00  -  Total Local Usage
	0  -  Run Bytes Sent By Job
	0  -  Run Bytes Received By Job
	0  -  Total Bytes Sent By Job
	0  -  Total Bytes Received By Job
	Partitionable Resources :    Usage  Request Allocated
	   Cpus                 :                 1         1
	   Disk (KB)            :        1        1   3524174
	   Memory (MB)          :      344     1500      1500
...
000 (528.000.000) 06/05 16:10:37 Job submitted from host: <134.61.5.1:9618?addrs=134.61.5.1-9618+[--1]-9618&noUDP&sock=1924_484e_15>
...
001 (528.000.000) 06/05 16:14:19 Job executing on host: <134.61.5.41:9618?addrs=134.61.5.41-9618+[--1]-9618&noUDP&sock=1554_7e43_20>
...
006 (528.000.000) 06/05 16:14:28 Image size of job updated: 299476
	213  -  MemoryUsage of job (MB)
	217740  -  ResidentSetSize of job (KB)
...
006 (528.000.000) 06/05 16:19:29 Image size of job updated: 457800
	365  -  MemoryUsage of job (MB)
	373192  -  ResidentSetSize of job (KB)
...
006 (528.000.000) 06/05 16:24:30 Image size of job updated: 467080
	370  -  MemoryUsage of job (MB)
	377960  -  ResidentSetSize of job (KB)
...
005 (528.000.000) 06/05 16:35:29 Job terminated.
	(1) Normal termination (return value 0)
		Usr 0 00:06:32, Sys 0 00:00:11  -  Run Remote Usage
		Usr 0 00:00:00, Sys 0 00:00:00  -  Run Local Usage
		Usr 0 00:06:32, Sys 0 00:00:11  -  Total Remote Usage
		Usr 0 00:00:00, Sys 0 00:00:00  -  Total Local Usage
	0  -  Run Bytes Sent By Job
	0  -  Run Bytes Received By Job
	0  -  Total Bytes Sent By Job
	0  -  Total Bytes Received By Job
	Partitionable Resources :    Usage  Request Allocated
	   Cpus                 :                 1         1
	   Disk (KB)            :        1        1   3524512
	   Memory (MB)          :      370     1500      1500
...
000 (649.000.000) 06/06 15:35:14 Job submitted from host: <134.61.5.1:9618?addrs=134.61.5.1-9618+[--1]-9618&noUDP&sock=1924_484e_15>
...
001 (649.000.000) 06/06 15:41:31 Job executing on host: <134.61.17.119:9618?addrs=134.61.17.119-9618+[--1]-9618&noUDP&sock=1692172_d257_3>
...
006 (649.000.000) 06/06 15:41:40 Image size of job updated: 135940
	104  -  MemoryUsage of job (MB)
	106332  -  ResidentSetSize of job (KB)
...
006 (649.000.000) 06/06 15:46:41 Image size of job updated: 335636
	297  -  MemoryUsage of job (MB)
	303184  -  ResidentSetSize of job (KB)
...
006 (649.000.000) 06/06 15:51:42 Image size of job updated: 422068
	370  -  MemoryUsage of job (MB)
	378068  -  ResidentSetSize of job (KB)
...
010 (649.000.000) 06/06 15:53:37 Job was suspended.
	Number of processes actually suspended: 3
...
006 (649.000.000) 06/06 15:53:37 Image size of job updated: 425056
	370  -  MemoryUsage of job (MB)
	378068  -  ResidentSetSize of job (KB)
...
011 (649.000.000) 06/06 15:53:52 Job was unsuspended.
...
010 (649.000.000) 06/06 15:54:32 Job was suspended.
	Number of processes actually suspended: 3
...
006 (649.000.000) 06/06 15:54:32 Image size of job updated: 427308
	370  -  MemoryUsage of job (MB)
	378068  -  ResidentSetSize of job (KB)
...
011 (649.000.000) 06/06 15:54:52 Job was unsuspended.
...
010 (649.000.000) 06/06 15:55:17 Job was suspended.
	Number of processes actually suspended: 3
...
011 (649.000.000) 06/06 15:55:52 Job was unsuspended.
...
006 (649.000.000) 06/06 16:01:42 Image size of job updated: 428648
	370  -  MemoryUsage of job (MB)
	378068  -  ResidentSetSize of job (KB)
...
006 (649.000.000) 06/06 16:06:43 Image size of job updated: 429112
	370  -  MemoryUsage of job (MB)
	378068  -  ResidentSetSize of job (KB)
...
005 (649.000.000) 06/06 16:19:37 Job terminated.
	(1) Normal termination (return value 0)
		Usr 0 00:07:09, Sys 0 00:00:12  -  Run Remote Usage
		Usr 0 00:00:00, Sys 0 00:00:00  -  Run Local Usage
		Usr 0 00:07:09, Sys 0 00:00:12  -  Total Remote Usage
		Usr 0 00:00:00, Sys 0 00:00:00  -  Total Local Usage
	0  -  Run Bytes Sent By Job
	0  -  Run Bytes Received By Job
	0  -  Total Bytes Sent By Job
	0  -  Total Bytes Received By Job
	Partitionable Resources :    Usage  Request Allocated
	   Cpus                 :                 1         1
	   Disk (KB)            :        1        1   1138300
	   Memory (MB)          :      370     1500      1500
...
000 (754.000.000) 06/11 12:49:28 Job submitted from host: <134.61.5.1:9618?addrs=134.61.5.1-9618+[--1]-9618&noUDP&sock=1924_484e_15>
...
001 (754.000.000) 06/11 12:49:31 Job executing on host: <134.61.17.188:9618?addrs=134.61.17.188-9618+[--1]-9618&noUDP&sock=4509_609f_3>
...
006 (754.000.000) 06/11 12:49:39 Image size of job updated: 87744
	35  -  MemoryUsage of job (MB)
	35728  -  ResidentSetSize of job (KB)
...
006 (754.000.000) 06/11 12:54:39 Image size of job updated: 388016
	297  -  MemoryUsage of job (MB)
	303440  -  ResidentSetSize of job (KB)
...
006 (754.000.000) 06/11 12:59:39 Image size of job updated: 456848
	364  -  MemoryUsage of job (MB)
	372252  -  ResidentSetSize of job (KB)
...
006 (754.000.000) 06/11 13:04:40 Image size of job updated: 475236
	374  -  MemoryUsage of job (MB)
	382860  -  ResidentSetSize of job (KB)
...
005 (754.000.000) 06/11 13:14:59 Job terminated.
	(1) Normal termination (return value 0)
		Usr 0 00:05:29, Sys 0 00:00:12  -  Run Remote Usage
		Usr 0 00:00:00, Sys 0 00:00:00  -  Run Local Usage
		Usr 0 00:05:29, Sys 0 00:00:12  -  Total Remote Usage
		Usr 0 00:00:00, Sys 0 00:00:00  -  Total Local Usage
	0  -  Run Bytes Sent By Job
	0  -  Run Bytes Received By Job
	0  -  Total Bytes Sent By Job
	0  -  Total Bytes Received By Job
	Partitionable Resources :    Usage  Request Allocated
	   Cpus                 :                 1         1
	   Disk (KB)            :        1        1   1556473
	   Memory (MB)          :      374     1500      1500
...
