000 (361.000.000) 06/01 16:26:48 Job submitted from host: <134.61.5.1:9618?addrs=134.61.5.1-9618+[--1]-9618&noUDP&sock=1924_484e_15>
...
001 (361.000.000) 06/01 16:32:23 Job executing on host: <134.61.17.185:9618?addrs=134.61.17.185-9618+[--1]-9618&noUDP&sock=1839_fac1_3>
...
006 (361.000.000) 06/01 16:32:31 Image size of job updated: 88028
	36  -  MemoryUsage of job (MB)
	35956  -  ResidentSetSize of job (KB)
...
010 (361.000.000) 06/01 16:34:09 Job was suspended.
	Number of processes actually suspended: 3
...
006 (361.000.000) 06/01 16:34:09 Image size of job updated: 447276
	355  -  MemoryUsage of job (MB)
	362664  -  ResidentSetSize of job (KB)
...
007 (361.000.000) 06/01 16:36:38 Shadow exception!
	Error from slot1_3@lxblade27.physik.rwth-aachen.de: dprintf hit fatal errors
	0  -  Run Bytes Sent By Job
	0  -  Run Bytes Received By Job
...
001 (361.000.000) 06/04 11:40:25 Job executing on host: <134.61.17.148:9618?addrs=134.61.17.148-9618+[--1]-9618&noUDP&sock=1698_43e6_3>
...
000 (423.000.000) 06/04 11:40:32 Job submitted from host: <134.61.5.1:9618?addrs=134.61.5.1-9618+[--1]-9618&noUDP&sock=1924_484e_15>
...
001 (423.000.000) 06/04 11:40:47 Job executing on host: <134.61.17.173:9618?addrs=134.61.17.173-9618+[--1]-9618&noUDP&sock=4984_301b_3>
...
006 (423.000.000) 06/04 11:40:56 Image size of job updated: 30184
	22  -  MemoryUsage of job (MB)
	21924  -  ResidentSetSize of job (KB)
...
005 (361.000.000) 06/04 11:41:57 Job terminated.
	(1) Normal termination (return value 0)
		Usr 0 00:00:41, Sys 0 00:00:03  -  Run Remote Usage
		Usr 0 00:00:00, Sys 0 00:00:00  -  Run Local Usage
		Usr 0 00:00:41, Sys 0 00:00:03  -  Total Remote Usage
		Usr 0 00:00:00, Sys 0 00:00:00  -  Total Local Usage
	0  -  Run Bytes Sent By Job
	0  -  Run Bytes Received By Job
	0  -  Total Bytes Sent By Job
	0  -  Total Bytes Received By Job
	Partitionable Resources :    Usage  Request Allocated
	   Cpus                 :                 1         1
	   Disk (KB)            :        1        1   3524174
	   Memory (MB)          :      367     1500      1500
...
010 (423.000.000) 06/04 11:42:35 Job was suspended.
	Number of processes actually suspended: 3
...
006 (423.000.000) 06/04 11:42:35 Image size of job updated: 413064
	361  -  MemoryUsage of job (MB)
	369220  -  ResidentSetSize of job (KB)
...
011 (423.000.000) 06/04 11:42:50 Job was unsuspended.
...
006 (423.000.000) 06/04 11:44:23 Image size of job updated: 419644
	361  -  MemoryUsage of job (MB)
	369220  -  ResidentSetSize of job (KB)
...
005 (423.000.000) 06/04 11:44:23 Job terminated.
	(1) Normal termination (return value 0)
		Usr 0 00:00:44, Sys 0 00:00:03  -  Run Remote Usage
		Usr 0 00:00:00, Sys 0 00:00:00  -  Run Local Usage
		Usr 0 00:00:44, Sys 0 00:00:03  -  Total Remote Usage
		Usr 0 00:00:00, Sys 0 00:00:00  -  Total Local Usage
	0  -  Run Bytes Sent By Job
	0  -  Run Bytes Received By Job
	0  -  Total Bytes Sent By Job
	0  -  Total Bytes Received By Job
	Partitionable Resources :    Usage  Request Allocated
	   Cpus                 :                 1         1
	   Disk (KB)            :        1        1   1556473
	   Memory (MB)          :      361     1500      1500
...
000 (485.000.000) 06/04 15:47:23 Job submitted from host: <134.61.5.1:9618?addrs=134.61.5.1-9618+[--1]-9618&noUDP&sock=1924_484e_15>
...
001 (485.000.000) 06/04 16:40:29 Job executing on host: <134.61.5.30:9618?addrs=134.61.5.30-9618+[--1]-9618&noUDP&sock=1537_d527_3>
...
006 (485.000.000) 06/04 16:40:37 Image size of job updated: 205528
	188  -  MemoryUsage of job (MB)
	191964  -  ResidentSetSize of job (KB)
...
006 (485.000.000) 06/04 16:43:06 Image size of job updated: 205528
	188  -  MemoryUsage of job (MB)
	192104  -  ResidentSetSize of job (KB)
...
005 (485.000.000) 06/04 16:43:06 Job terminated.
	(1) Normal termination (return value 0)
		Usr 0 00:00:33, Sys 0 00:00:01  -  Run Remote Usage
		Usr 0 00:00:00, Sys 0 00:00:00  -  Run Local Usage
		Usr 0 00:00:33, Sys 0 00:00:01  -  Total Remote Usage
		Usr 0 00:00:00, Sys 0 00:00:00  -  Total Local Usage
	0  -  Run Bytes Sent By Job
	0  -  Run Bytes Received By Job
	0  -  Total Bytes Sent By Job
	0  -  Total Bytes Received By Job
	Partitionable Resources :    Usage  Request Allocated
	   Cpus                 :                 1         1
	   Disk (KB)            :        1        1  17962901
	   Memory (MB)          :      188     1500      1500
...
000 (546.000.000) 06/05 16:10:39 Job submitted from host: <134.61.5.1:9618?addrs=134.61.5.1-9618+[--1]-9618&noUDP&sock=1924_484e_15>
...
001 (546.000.000) 06/05 16:15:19 Job executing on host: <134.61.5.28:9618?addrs=134.61.5.28-9618+[--1]-9618&noUDP&sock=1692_2655_3>
...
006 (546.000.000) 06/05 16:15:28 Image size of job updated: 35400
	22  -  MemoryUsage of job (MB)
	21752  -  ResidentSetSize of job (KB)
...
006 (546.000.000) 06/05 16:20:00 Image size of job updated: 520308
	22  -  MemoryUsage of job (MB)
	21752  -  ResidentSetSize of job (KB)
...
005 (546.000.000) 06/05 16:20:00 Job terminated.
	(1) Normal termination (return value 0)
		Usr 0 00:03:14, Sys 0 00:00:06  -  Run Remote Usage
		Usr 0 00:00:00, Sys 0 00:00:00  -  Run Local Usage
		Usr 0 00:03:14, Sys 0 00:00:06  -  Total Remote Usage
		Usr 0 00:00:00, Sys 0 00:00:00  -  Total Local Usage
	0  -  Run Bytes Sent By Job
	0  -  Run Bytes Received By Job
	0  -  Total Bytes Sent By Job
	0  -  Total Bytes Received By Job
	Partitionable Resources :    Usage  Request Allocated
	   Cpus                 :                 1         1
	   Disk (KB)            :        1        1   9608780
	   Memory (MB)          :       22     1500      1500
...
000 (667.000.000) 06/06 15:35:16 Job submitted from host: <134.61.5.1:9618?addrs=134.61.5.1-9618+[--1]-9618&noUDP&sock=1924_484e_15>
...
001 (667.000.000) 06/06 15:43:31 Job executing on host: <134.61.17.168:9618?addrs=134.61.17.168-9618+[--1]-9618&noUDP&sock=4953_ecac_3>
...
006 (667.000.000) 06/06 15:43:40 Image size of job updated: 238740
	174  -  MemoryUsage of job (MB)
	178076  -  ResidentSetSize of job (KB)
...
006 (667.000.000) 06/06 15:45:20 Image size of job updated: 238740
	174  -  MemoryUsage of job (MB)
	178128  -  ResidentSetSize of job (KB)
...
005 (667.000.000) 06/06 15:45:21 Job terminated.
	(1) Normal termination (return value 0)
		Usr 0 00:00:43, Sys 0 00:00:02  -  Run Remote Usage
		Usr 0 00:00:00, Sys 0 00:00:00  -  Run Local Usage
		Usr 0 00:00:43, Sys 0 00:00:02  -  Total Remote Usage
		Usr 0 00:00:00, Sys 0 00:00:00  -  Total Local Usage
	0  -  Run Bytes Sent By Job
	0  -  Run Bytes Received By Job
	0  -  Total Bytes Sent By Job
	0  -  Total Bytes Received By Job
	Partitionable Resources :    Usage  Request Allocated
	   Cpus                 :                 1         1
	   Disk (KB)            :        1        1   1556473
	   Memory (MB)          :      174     1500      1500
...
000 (741.000.000) 06/11 12:49:26 Job submitted from host: <134.61.5.1:9618?addrs=134.61.5.1-9618+[--1]-9618&noUDP&sock=1924_484e_15>
...
001 (741.000.000) 06/11 12:49:30 Job executing on host: <134.61.17.163:9618?addrs=134.61.17.163-9618+[--1]-9618&noUDP&sock=4676_ecf0_3>
...
006 (741.000.000) 06/11 12:49:39 Image size of job updated: 98612
	44  -  MemoryUsage of job (MB)
	44396  -  ResidentSetSize of job (KB)
...
006 (741.000.000) 06/11 12:52:02 Image size of job updated: 785252
	44  -  MemoryUsage of job (MB)
	44528  -  ResidentSetSize of job (KB)
...
005 (741.000.000) 06/11 12:52:02 Job terminated.
	(1) Normal termination (return value 0)
		Usr 0 00:00:46, Sys 0 00:00:03  -  Run Remote Usage
		Usr 0 00:00:00, Sys 0 00:00:00  -  Run Local Usage
		Usr 0 00:00:46, Sys 0 00:00:03  -  Total Remote Usage
		Usr 0 00:00:00, Sys 0 00:00:00  -  Total Local Usage
	0  -  Run Bytes Sent By Job
	0  -  Run Bytes Received By Job
	0  -  Total Bytes Sent By Job
	0  -  Total Bytes Received By Job
	Partitionable Resources :    Usage  Request Allocated
	   Cpus                 :                 1         1
	   Disk (KB)            :        1        1   1556473
	   Memory (MB)          :       44     1500      1500
...
