000 (368.000.000) 06/01 16:26:49 Job submitted from host: <134.61.5.1:9618?addrs=134.61.5.1-9618+[--1]-9618&noUDP&sock=1924_484e_15>
...
001 (368.000.000) 06/01 16:32:23 Job executing on host: <134.61.17.179:9618?addrs=134.61.17.179-9618+[--1]-9618&noUDP&sock=5001_d938_3>
...
006 (368.000.000) 06/01 16:32:32 Image size of job updated: 51200
	32  -  MemoryUsage of job (MB)
	31772  -  ResidentSetSize of job (KB)
...
010 (368.000.000) 06/01 16:32:47 Job was suspended.
	Number of processes actually suspended: 3
...
006 (368.000.000) 06/01 16:32:47 Image size of job updated: 122516
	96  -  MemoryUsage of job (MB)
	97716  -  ResidentSetSize of job (KB)
...
011 (368.000.000) 06/01 16:33:12 Job was unsuspended.
...
006 (368.000.000) 06/01 16:33:12 Image size of job updated: 129584
	96  -  MemoryUsage of job (MB)
	97716  -  ResidentSetSize of job (KB)
...
010 (368.000.000) 06/01 16:33:23 Job was suspended.
	Number of processes actually suspended: 3
...
006 (368.000.000) 06/01 16:33:23 Image size of job updated: 129596
	96  -  MemoryUsage of job (MB)
	97716  -  ResidentSetSize of job (KB)
...
006 (368.000.000) 06/01 16:37:33 Image size of job updated: 129608
	96  -  MemoryUsage of job (MB)
	97716  -  ResidentSetSize of job (KB)
...
006 (368.000.000) 06/01 16:42:33 Image size of job updated: 130036
	96  -  MemoryUsage of job (MB)
	97716  -  ResidentSetSize of job (KB)
...
011 (368.000.000) 06/01 16:43:40 Job was unsuspended.
...
010 (368.000.000) 06/01 16:44:10 Job was suspended.
	Number of processes actually suspended: 3
...
006 (368.000.000) 06/01 16:44:10 Image size of job updated: 295504
	258  -  MemoryUsage of job (MB)
	263248  -  ResidentSetSize of job (KB)
...
011 (368.000.000) 06/01 16:47:52 Job was unsuspended.
...
006 (368.000.000) 06/01 16:47:52 Image size of job updated: 295536
	258  -  MemoryUsage of job (MB)
	263280  -  ResidentSetSize of job (KB)
...
010 (368.000.000) 06/01 16:48:17 Job was suspended.
	Number of processes actually suspended: 3
...
006 (368.000.000) 06/01 16:48:17 Image size of job updated: 305176
	267  -  MemoryUsage of job (MB)
	272920  -  ResidentSetSize of job (KB)
...
011 (368.000.000) 06/01 16:49:28 Job was unsuspended.
...
006 (368.000.000) 06/01 16:49:28 Image size of job updated: 305200
	267  -  MemoryUsage of job (MB)
	272944  -  ResidentSetSize of job (KB)
...
010 (368.000.000) 06/01 16:49:38 Job was suspended.
	Number of processes actually suspended: 3
...
006 (368.000.000) 06/01 16:49:38 Image size of job updated: 309380
	271  -  MemoryUsage of job (MB)
	277124  -  ResidentSetSize of job (KB)
...
011 (368.000.000) 06/01 16:51:03 Job was unsuspended.
...
010 (368.000.000) 06/01 16:51:13 Job was suspended.
	Number of processes actually suspended: 3
...
006 (368.000.000) 06/01 16:51:13 Image size of job updated: 410432
	370  -  MemoryUsage of job (MB)
	378176  -  ResidentSetSize of job (KB)
...
011 (368.000.000) 06/01 16:52:28 Job was unsuspended.
...
006 (368.000.000) 06/01 16:52:35 Image size of job updated: 410520
	370  -  MemoryUsage of job (MB)
	378264  -  ResidentSetSize of job (KB)
...
010 (368.000.000) 06/01 16:52:43 Job was suspended.
	Number of processes actually suspended: 3
...
006 (368.000.000) 06/01 16:52:43 Image size of job updated: 489628
	447  -  MemoryUsage of job (MB)
	457368  -  ResidentSetSize of job (KB)
...
011 (368.000.000) 06/01 16:54:19 Job was unsuspended.
...
010 (368.000.000) 06/01 16:54:28 Job was suspended.
	Number of processes actually suspended: 3
...
006 (368.000.000) 06/01 16:54:28 Image size of job updated: 490320
	448  -  MemoryUsage of job (MB)
	458060  -  ResidentSetSize of job (KB)
...
011 (368.000.000) 06/01 16:55:23 Job was unsuspended.
...
010 (368.000.000) 06/01 16:55:48 Job was suspended.
	Number of processes actually suspended: 3
...
011 (368.000.000) 06/01 16:56:13 Job was unsuspended.
...
010 (368.000.000) 06/01 16:56:53 Job was suspended.
	Number of processes actually suspended: 3
...
006 (368.000.000) 06/01 16:56:53 Image size of job updated: 491696
	449  -  MemoryUsage of job (MB)
	459436  -  ResidentSetSize of job (KB)
...
011 (368.000.000) 06/01 16:59:04 Job was unsuspended.
...
010 (368.000.000) 06/01 17:00:44 Job was suspended.
	Number of processes actually suspended: 3
...
011 (368.000.000) 06/01 17:01:19 Job was unsuspended.
...
010 (368.000.000) 06/01 17:05:16 Job was suspended.
	Number of processes actually suspended: 3
...
006 (368.000.000) 06/01 17:05:16 Image size of job updated: 493088
	449  -  MemoryUsage of job (MB)
	459436  -  ResidentSetSize of job (KB)
...
011 (368.000.000) 06/01 17:05:41 Job was unsuspended.
...
010 (368.000.000) 06/01 17:07:22 Job was suspended.
	Number of processes actually suspended: 3
...
011 (368.000.000) 06/01 17:07:37 Job was unsuspended.
...
010 (368.000.000) 06/01 17:10:52 Job was suspended.
	Number of processes actually suspended: 3
...
011 (368.000.000) 06/01 17:11:22 Job was unsuspended.
...
010 (368.000.000) 06/01 17:13:38 Job was suspended.
	Number of processes actually suspended: 3
...
011 (368.000.000) 06/01 17:14:03 Job was unsuspended.
...
005 (368.000.000) 06/01 17:39:56 Job terminated.
	(1) Normal termination (return value 0)
		Usr 0 00:25:36, Sys 0 00:00:57  -  Run Remote Usage
		Usr 0 00:00:00, Sys 0 00:00:00  -  Run Local Usage
		Usr 0 00:25:36, Sys 0 00:00:57  -  Total Remote Usage
		Usr 0 00:00:00, Sys 0 00:00:00  -  Total Local Usage
	0  -  Run Bytes Sent By Job
	0  -  Run Bytes Received By Job
	0  -  Total Bytes Sent By Job
	0  -  Total Bytes Received By Job
	Partitionable Resources :    Usage  Request Allocated
	   Cpus                 :                 1         1
	   Disk (KB)            :        1        1   1556473
	   Memory (MB)          :      449     1500      1500
...
000 (430.000.000) 06/04 11:40:33 Job submitted from host: <134.61.5.1:9618?addrs=134.61.5.1-9618+[--1]-9618&noUDP&sock=1924_484e_15>
...
001 (430.000.000) 06/04 11:40:48 Job executing on host: <134.61.17.181:9618?addrs=134.61.17.181-9618+[--1]-9618&noUDP&sock=4504_f2a6_3>
...
006 (430.000.000) 06/04 11:40:56 Image size of job updated: 26632
	22  -  MemoryUsage of job (MB)
	21752  -  ResidentSetSize of job (KB)
...
010 (430.000.000) 06/04 11:42:47 Job was suspended.
	Number of processes actually suspended: 3
...
006 (430.000.000) 06/04 11:42:47 Image size of job updated: 499476
	446  -  MemoryUsage of job (MB)
	456216  -  ResidentSetSize of job (KB)
...
011 (430.000.000) 06/04 11:43:27 Job was unsuspended.
...
010 (430.000.000) 06/04 11:44:37 Job was suspended.
	Number of processes actually suspended: 3
...
006 (430.000.000) 06/04 11:44:37 Image size of job updated: 500092
	447  -  MemoryUsage of job (MB)
	456832  -  ResidentSetSize of job (KB)
...
011 (430.000.000) 06/04 11:45:37 Job was unsuspended.
...
006 (430.000.000) 06/04 11:45:37 Image size of job updated: 500216
	447  -  MemoryUsage of job (MB)
	456956  -  ResidentSetSize of job (KB)
...
006 (430.000.000) 06/04 11:45:56 Image size of job updated: 506472
	453  -  MemoryUsage of job (MB)
	463212  -  ResidentSetSize of job (KB)
...
010 (430.000.000) 06/04 11:46:47 Job was suspended.
	Number of processes actually suspended: 3
...
011 (430.000.000) 06/04 11:47:27 Job was unsuspended.
...
010 (430.000.000) 06/04 11:48:32 Job was suspended.
	Number of processes actually suspended: 3
...
011 (430.000.000) 06/04 11:49:07 Job was unsuspended.
...
010 (430.000.000) 06/04 11:49:42 Job was suspended.
	Number of processes actually suspended: 3
...
011 (430.000.000) 06/04 11:50:07 Job was unsuspended.
...
010 (430.000.000) 06/04 11:50:37 Job was suspended.
	Number of processes actually suspended: 3
...
011 (430.000.000) 06/04 11:51:07 Job was unsuspended.
...
010 (430.000.000) 06/04 11:51:37 Job was suspended.
	Number of processes actually suspended: 3
...
011 (430.000.000) 06/04 11:52:12 Job was unsuspended.
...
010 (430.000.000) 06/04 11:53:33 Job was suspended.
	Number of processes actually suspended: 3
...
011 (430.000.000) 06/04 11:53:48 Job was unsuspended.
...
010 (430.000.000) 06/04 11:54:13 Job was suspended.
	Number of processes actually suspended: 3
...
011 (430.000.000) 06/04 11:54:58 Job was unsuspended.
...
010 (430.000.000) 06/04 11:56:29 Job was suspended.
	Number of processes actually suspended: 3
...
011 (430.000.000) 06/04 11:57:34 Job was unsuspended.
...
010 (430.000.000) 06/04 11:58:19 Job was suspended.
	Number of processes actually suspended: 3
...
011 (430.000.000) 06/04 11:58:54 Job was unsuspended.
...
010 (430.000.000) 06/04 12:00:00 Job was suspended.
	Number of processes actually suspended: 3
...
011 (430.000.000) 06/04 12:00:39 Job was unsuspended.
...
010 (430.000.000) 06/04 12:00:59 Job was suspended.
	Number of processes actually suspended: 3
...
011 (430.000.000) 06/04 12:01:29 Job was unsuspended.
...
010 (430.000.000) 06/04 12:02:39 Job was suspended.
	Number of processes actually suspended: 3
...
011 (430.000.000) 06/04 12:03:09 Job was unsuspended.
...
010 (430.000.000) 06/04 12:03:29 Job was suspended.
	Number of processes actually suspended: 3
...
011 (430.000.000) 06/04 12:04:35 Job was unsuspended.
...
010 (430.000.000) 06/04 12:04:59 Job was suspended.
	Number of processes actually suspended: 3
...
011 (430.000.000) 06/04 12:05:19 Job was unsuspended.
...
010 (430.000.000) 06/04 12:05:59 Job was suspended.
	Number of processes actually suspended: 3
...
011 (430.000.000) 06/04 12:06:24 Job was unsuspended.
...
010 (430.000.000) 06/04 12:06:59 Job was suspended.
	Number of processes actually suspended: 3
...
011 (430.000.000) 06/04 12:07:19 Job was unsuspended.
...
010 (430.000.000) 06/04 12:09:05 Job was suspended.
	Number of processes actually suspended: 3
...
011 (430.000.000) 06/04 12:10:20 Job was unsuspended.
...
010 (430.000.000) 06/04 12:12:01 Job was suspended.
	Number of processes actually suspended: 3
...
011 (430.000.000) 06/04 12:13:07 Job was unsuspended.
...
010 (430.000.000) 06/04 12:13:37 Job was suspended.
	Number of processes actually suspended: 3
...
011 (430.000.000) 06/04 12:14:22 Job was unsuspended.
...
010 (430.000.000) 06/04 12:14:32 Job was suspended.
	Number of processes actually suspended: 3
...
011 (430.000.000) 06/04 12:15:27 Job was unsuspended.
...
010 (430.000.000) 06/04 12:17:03 Job was suspended.
	Number of processes actually suspended: 3
...
011 (430.000.000) 06/04 12:18:38 Job was unsuspended.
...
010 (430.000.000) 06/04 12:19:13 Job was suspended.
	Number of processes actually suspended: 3
...
011 (430.000.000) 06/04 12:19:38 Job was unsuspended.
...
010 (430.000.000) 06/04 12:20:18 Job was suspended.
	Number of processes actually suspended: 3
...
011 (430.000.000) 06/04 12:20:43 Job was unsuspended.
...
010 (430.000.000) 06/04 12:21:08 Job was suspended.
	Number of processes actually suspended: 3
...
011 (430.000.000) 06/04 12:21:33 Job was unsuspended.
...
010 (430.000.000) 06/04 12:23:18 Job was suspended.
	Number of processes actually suspended: 3
...
011 (430.000.000) 06/04 12:23:48 Job was unsuspended.
...
010 (430.000.000) 06/04 12:24:53 Job was suspended.
	Number of processes actually suspended: 3
...
011 (430.000.000) 06/04 12:25:18 Job was unsuspended.
...
010 (430.000.000) 06/04 12:26:43 Job was suspended.
	Number of processes actually suspended: 3
...
011 (430.000.000) 06/04 12:26:58 Job was unsuspended.
...
010 (430.000.000) 06/04 12:27:48 Job was suspended.
	Number of processes actually suspended: 3
...
011 (430.000.000) 06/04 12:28:58 Job was unsuspended.
...
010 (430.000.000) 06/04 12:29:33 Job was suspended.
	Number of processes actually suspended: 3
...
011 (430.000.000) 06/04 12:30:43 Job was unsuspended.
...
010 (430.000.000) 06/04 12:30:53 Job was suspended.
	Number of processes actually suspended: 3
...
011 (430.000.000) 06/04 12:31:08 Job was unsuspended.
...
010 (430.000.000) 06/04 12:34:28 Job was suspended.
	Number of processes actually suspended: 3
...
011 (430.000.000) 06/04 12:35:28 Job was unsuspended.
...
010 (430.000.000) 06/04 12:35:58 Job was suspended.
	Number of processes actually suspended: 3
...
011 (430.000.000) 06/04 12:36:28 Job was unsuspended.
...
005 (430.000.000) 06/04 12:36:49 Job terminated.
	(1) Normal termination (return value 0)
		Usr 0 00:11:39, Sys 0 00:00:30  -  Run Remote Usage
		Usr 0 00:00:00, Sys 0 00:00:00  -  Run Local Usage
		Usr 0 00:11:39, Sys 0 00:00:30  -  Total Remote Usage
		Usr 0 00:00:00, Sys 0 00:00:00  -  Total Local Usage
	0  -  Run Bytes Sent By Job
	0  -  Run Bytes Received By Job
	0  -  Total Bytes Sent By Job
	0  -  Total Bytes Received By Job
	Partitionable Resources :    Usage  Request Allocated
	   Cpus                 :                 1         1
	   Disk (KB)            :        1        1   1556473
	   Memory (MB)          :      453     1500      1500
...
000 (492.000.000) 06/04 15:47:23 Job submitted from host: <134.61.5.1:9618?addrs=134.61.5.1-9618+[--1]-9618&noUDP&sock=1924_484e_15>
...
001 (492.000.000) 06/04 16:43:29 Job executing on host: <134.61.17.171:9618?addrs=134.61.17.171-9618+[--1]-9618&noUDP&sock=4813_e569_3>
...
006 (492.000.000) 06/04 16:43:38 Image size of job updated: 116928
	79  -  MemoryUsage of job (MB)
	79972  -  ResidentSetSize of job (KB)
...
006 (492.000.000) 06/04 16:48:38 Image size of job updated: 492212
	448  -  MemoryUsage of job (MB)
	458440  -  ResidentSetSize of job (KB)
...
006 (492.000.000) 06/04 16:53:38 Image size of job updated: 494584
	448  -  MemoryUsage of job (MB)
	458440  -  ResidentSetSize of job (KB)
...
006 (492.000.000) 06/04 17:03:40 Image size of job updated: 500276
	448  -  MemoryUsage of job (MB)
	458440  -  ResidentSetSize of job (KB)
...
005 (492.000.000) 06/04 17:33:17 Job terminated.
	(1) Normal termination (return value 0)
		Usr 0 00:27:07, Sys 0 00:00:53  -  Run Remote Usage
		Usr 0 00:00:00, Sys 0 00:00:00  -  Run Local Usage
		Usr 0 00:27:07, Sys 0 00:00:53  -  Total Remote Usage
		Usr 0 00:00:00, Sys 0 00:00:00  -  Total Local Usage
	0  -  Run Bytes Sent By Job
	0  -  Run Bytes Received By Job
	0  -  Total Bytes Sent By Job
	0  -  Total Bytes Received By Job
	Partitionable Resources :    Usage  Request Allocated
	   Cpus                 :                 1         1
	   Disk (KB)            :        1        1   1556473
	   Memory (MB)          :      448     1500      1500
...
000 (553.000.000) 06/05 16:10:40 Job submitted from host: <134.61.5.1:9618?addrs=134.61.5.1-9618+[--1]-9618&noUDP&sock=1924_484e_15>
...
001 (553.000.000) 06/05 16:15:19 Job executing on host: <134.61.17.147:9618?addrs=134.61.17.147-9618+[--1]-9618&noUDP&sock=1424_52f3_3>
...
006 (553.000.000) 06/05 16:15:28 Image size of job updated: 111540
	51  -  MemoryUsage of job (MB)
	52148  -  ResidentSetSize of job (KB)
...
006 (553.000.000) 06/05 16:20:29 Image size of job updated: 605668
	505  -  MemoryUsage of job (MB)
	516512  -  ResidentSetSize of job (KB)
...
010 (553.000.000) 06/05 16:42:02 Job was suspended.
	Number of processes actually suspended: 3
...
011 (553.000.000) 06/05 16:50:08 Job was unsuspended.
...
005 (553.000.000) 06/05 17:11:34 Job terminated.
	(1) Normal termination (return value 0)
		Usr 0 00:35:52, Sys 0 00:00:25  -  Run Remote Usage
		Usr 0 00:00:00, Sys 0 00:00:00  -  Run Local Usage
		Usr 0 00:35:52, Sys 0 00:00:25  -  Total Remote Usage
		Usr 0 00:00:00, Sys 0 00:00:00  -  Total Local Usage
	0  -  Run Bytes Sent By Job
	0  -  Run Bytes Received By Job
	0  -  Total Bytes Sent By Job
	0  -  Total Bytes Received By Job
	Partitionable Resources :    Usage  Request Allocated
	   Cpus                 :                 1         1
	   Disk (KB)            :        1        1   3541765
	   Memory (MB)          :      505     1500      1500
...
000 (674.000.000) 06/06 15:35:17 Job submitted from host: <134.61.5.1:9618?addrs=134.61.5.1-9618+[--1]-9618&noUDP&sock=1924_484e_15>
...
001 (674.000.000) 06/06 15:44:31 Job executing on host: <134.61.17.190:9618?addrs=134.61.17.190-9618+[--1]-9618&noUDP&sock=16258_36d5_3>
...
006 (674.000.000) 06/06 15:44:39 Image size of job updated: 151664
	91  -  MemoryUsage of job (MB)
	92600  -  ResidentSetSize of job (KB)
...
006 (674.000.000) 06/06 15:49:39 Image size of job updated: 560696
	465  -  MemoryUsage of job (MB)
	476068  -  ResidentSetSize of job (KB)
...
005 (674.000.000) 06/06 16:49:14 Job terminated.
	(1) Normal termination (return value 0)
		Usr 0 00:26:38, Sys 0 00:00:33  -  Run Remote Usage
		Usr 0 00:00:00, Sys 0 00:00:00  -  Run Local Usage
		Usr 0 00:26:38, Sys 0 00:00:33  -  Total Remote Usage
		Usr 0 00:00:00, Sys 0 00:00:00  -  Total Local Usage
	0  -  Run Bytes Sent By Job
	0  -  Run Bytes Received By Job
	0  -  Total Bytes Sent By Job
	0  -  Total Bytes Received By Job
	Partitionable Resources :    Usage  Request Allocated
	   Cpus                 :                 1         1
	   Disk (KB)            :        1        1   1556473
	   Memory (MB)          :      465     1500      1500
...
000 (751.000.000) 06/11 12:49:27 Job submitted from host: <134.61.5.1:9618?addrs=134.61.5.1-9618+[--1]-9618&noUDP&sock=1924_484e_15>
...
001 (751.000.000) 06/11 12:49:30 Job executing on host: <134.61.17.184:9618?addrs=134.61.17.184-9618+[--1]-9618&noUDP&sock=4527_b953_3>
...
006 (751.000.000) 06/11 12:49:39 Image size of job updated: 212436
	132  -  MemoryUsage of job (MB)
	135068  -  ResidentSetSize of job (KB)
...
010 (751.000.000) 06/11 12:53:22 Job was suspended.
	Number of processes actually suspended: 3
...
006 (751.000.000) 06/11 12:53:22 Image size of job updated: 540444
	446  -  MemoryUsage of job (MB)
	455832  -  ResidentSetSize of job (KB)
...
011 (751.000.000) 06/11 12:53:37 Job was unsuspended.
...
006 (751.000.000) 06/11 12:59:40 Image size of job updated: 543348
	446  -  MemoryUsage of job (MB)
	455832  -  ResidentSetSize of job (KB)
...
005 (751.000.000) 06/11 13:18:03 Job terminated.
	(1) Normal termination (return value 0)
		Usr 0 00:12:43, Sys 0 00:00:22  -  Run Remote Usage
		Usr 0 00:00:00, Sys 0 00:00:00  -  Run Local Usage
		Usr 0 00:12:43, Sys 0 00:00:22  -  Total Remote Usage
		Usr 0 00:00:00, Sys 0 00:00:00  -  Total Local Usage
	0  -  Run Bytes Sent By Job
	0  -  Run Bytes Received By Job
	0  -  Total Bytes Sent By Job
	0  -  Total Bytes Received By Job
	Partitionable Resources :    Usage  Request Allocated
	   Cpus                 :                 1         1
	   Disk (KB)            :        1        1   1556473
	   Memory (MB)          :      446     1500      1500
...
