000 (341.000.000) 06/01 16:26:45 Job submitted from host: <134.61.5.1:9618?addrs=134.61.5.1-9618+[--1]-9618&noUDP&sock=1924_484e_15>
...
001 (341.000.000) 06/01 16:30:02 Job executing on host: <134.61.5.6:9618?addrs=134.61.5.6-9618+[--1]-9618&noUDP&sock=1339_0567_21>
...
006 (341.000.000) 06/01 16:30:10 Image size of job updated: 116940
	56  -  MemoryUsage of job (MB)
	57100  -  ResidentSetSize of job (KB)
...
006 (341.000.000) 06/01 16:35:10 Image size of job updated: 512564
	418  -  MemoryUsage of job (MB)
	427964  -  ResidentSetSize of job (KB)
...
006 (341.000.000) 06/01 16:36:19 Image size of job updated: 512776
	418  -  MemoryUsage of job (MB)
	427964  -  ResidentSetSize of job (KB)
...
005 (341.000.000) 06/01 16:36:19 Job terminated.
	(1) Normal termination (return value 0)
		Usr 0 00:01:18, Sys 0 00:00:02  -  Run Remote Usage
		Usr 0 00:00:00, Sys 0 00:00:00  -  Run Local Usage
		Usr 0 00:01:18, Sys 0 00:00:02  -  Total Remote Usage
		Usr 0 00:00:00, Sys 0 00:00:00  -  Total Local Usage
	0  -  Run Bytes Sent By Job
	0  -  Run Bytes Received By Job
	0  -  Total Bytes Sent By Job
	0  -  Total Bytes Received By Job
	Partitionable Resources :    Usage  Request Allocated
	   Cpus                 :                 1         1
	   Disk (KB)            :        1        1   3541765
	   Memory (MB)          :      418     1500      1500
...
000 (403.000.000) 06/04 11:40:29 Job submitted from host: <134.61.5.1:9618?addrs=134.61.5.1-9618+[--1]-9618&noUDP&sock=1924_484e_15>
...
001 (403.000.000) 06/04 11:40:47 Job executing on host: <134.61.13.55:9618?addrs=134.61.13.55-9618+[--1]-9618&noUDP&sock=1521_dba3_3>
...
006 (403.000.000) 06/04 11:40:55 Image size of job updated: 49556
	23  -  MemoryUsage of job (MB)
	23276  -  ResidentSetSize of job (KB)
...
010 (403.000.000) 06/04 11:45:21 Job was suspended.
	Number of processes actually suspended: 3
...
006 (403.000.000) 06/04 11:45:21 Image size of job updated: 543612
	449  -  MemoryUsage of job (MB)
	458996  -  ResidentSetSize of job (KB)
...
011 (403.000.000) 06/04 11:55:44 Job was unsuspended.
...
010 (403.000.000) 06/04 11:55:55 Job was suspended.
	Number of processes actually suspended: 3
...
006 (403.000.000) 06/04 11:55:55 Image size of job updated: 543692
	449  -  MemoryUsage of job (MB)
	459076  -  ResidentSetSize of job (KB)
...
011 (403.000.000) 06/04 12:05:26 Job was unsuspended.
...
006 (403.000.000) 06/04 12:05:26 Image size of job updated: 552836
	458  -  MemoryUsage of job (MB)
	468220  -  ResidentSetSize of job (KB)
...
006 (403.000.000) 06/04 12:05:56 Image size of job updated: 564400
	469  -  MemoryUsage of job (MB)
	479784  -  ResidentSetSize of job (KB)
...
005 (403.000.000) 06/04 12:07:35 Job terminated.
	(1) Normal termination (return value 0)
		Usr 0 00:03:00, Sys 0 00:00:04  -  Run Remote Usage
		Usr 0 00:00:00, Sys 0 00:00:00  -  Run Local Usage
		Usr 0 00:03:00, Sys 0 00:00:04  -  Total Remote Usage
		Usr 0 00:00:00, Sys 0 00:00:00  -  Total Local Usage
	0  -  Run Bytes Sent By Job
	0  -  Run Bytes Received By Job
	0  -  Total Bytes Sent By Job
	0  -  Total Bytes Received By Job
	Partitionable Resources :    Usage  Request Allocated
	   Cpus                 :                 1         1
	   Disk (KB)            :        1        1   9969400
	   Memory (MB)          :      469     1500      1500
...
000 (465.000.000) 06/04 15:47:20 Job submitted from host: <134.61.5.1:9618?addrs=134.61.5.1-9618+[--1]-9618&noUDP&sock=1924_484e_15>
...
001 (465.000.000) 06/04 16:24:09 Job executing on host: <134.61.17.176:9618?addrs=134.61.17.176-9618+[--1]-9618&noUDP&sock=1622_22b4_3>
...
006 (465.000.000) 06/04 16:24:17 Image size of job updated: 157912
	97  -  MemoryUsage of job (MB)
	99084  -  ResidentSetSize of job (KB)
...
006 (465.000.000) 06/04 16:28:17 Image size of job updated: 538016
	97  -  MemoryUsage of job (MB)
	99084  -  ResidentSetSize of job (KB)
...
005 (465.000.000) 06/04 16:28:17 Job terminated.
	(1) Normal termination (return value 0)
		Usr 0 00:02:45, Sys 0 00:00:04  -  Run Remote Usage
		Usr 0 00:00:00, Sys 0 00:00:00  -  Run Local Usage
		Usr 0 00:02:45, Sys 0 00:00:04  -  Total Remote Usage
		Usr 0 00:00:00, Sys 0 00:00:00  -  Total Local Usage
	0  -  Run Bytes Sent By Job
	0  -  Run Bytes Received By Job
	0  -  Total Bytes Sent By Job
	0  -  Total Bytes Received By Job
	Partitionable Resources :    Usage  Request Allocated
	   Cpus                 :                 1         1
	   Disk (KB)            :        1        1   1550624
	   Memory (MB)          :       97     1500      1500
...
000 (730.000.000) 06/11 12:49:24 Job submitted from host: <134.61.5.1:9618?addrs=134.61.5.1-9618+[--1]-9618&noUDP&sock=1924_484e_15>
...
001 (730.000.000) 06/11 12:49:31 Job executing on host: <134.61.5.29:9618?addrs=134.61.5.29-9618+[--1]-9618&noUDP&sock=1663_4216_3>
...
006 (730.000.000) 06/11 12:49:40 Image size of job updated: 3088
	3  -  MemoryUsage of job (MB)
	2212  -  ResidentSetSize of job (KB)
...
006 (730.000.000) 06/11 12:54:41 Image size of job updated: 525616
	431  -  MemoryUsage of job (MB)
	440980  -  ResidentSetSize of job (KB)
...
006 (730.000.000) 06/11 12:59:42 Image size of job updated: 553056
	458  -  MemoryUsage of job (MB)
	468420  -  ResidentSetSize of job (KB)
...
010 (730.000.000) 06/11 12:59:43 Job was suspended.
	Number of processes actually suspended: 3
...
011 (730.000.000) 06/11 13:08:42 Job was unsuspended.
...
010 (730.000.000) 06/11 13:08:48 Job was suspended.
	Number of processes actually suspended: 3
...
006 (730.000.000) 06/11 13:08:48 Image size of job updated: 555160
	460  -  MemoryUsage of job (MB)
	470524  -  ResidentSetSize of job (KB)
...
011 (730.000.000) 06/11 13:43:28 Job was unsuspended.
...
010 (730.000.000) 06/11 13:43:33 Job was suspended.
	Number of processes actually suspended: 0
...
011 (730.000.000) 06/11 14:59:49 Job was unsuspended.
...
010 (730.000.000) 06/11 14:59:54 Job was suspended.
	Number of processes actually suspended: 0
...
011 (730.000.000) 06/11 15:05:20 Job was unsuspended.
...
010 (730.000.000) 06/11 15:05:30 Job was suspended.
	Number of processes actually suspended: 0
...
011 (730.000.000) 06/11 15:10:30 Job was unsuspended.
...
010 (730.000.000) 06/11 15:11:05 Job was suspended.
	Number of processes actually suspended: 0
...
011 (730.000.000) 06/11 15:18:16 Job was unsuspended.
...
010 (730.000.000) 06/11 15:18:21 Job was suspended.
	Number of processes actually suspended: 0
...
011 (730.000.000) 06/11 15:25:34 Job was unsuspended.
...
005 (730.000.000) 06/11 15:37:06 Job terminated.
	(1) Normal termination (return value 0)
		Usr 0 00:06:50, Sys 0 00:00:09  -  Run Remote Usage
		Usr 0 00:00:00, Sys 0 00:00:00  -  Run Local Usage
		Usr 0 00:06:50, Sys 0 00:00:09  -  Total Remote Usage
		Usr 0 00:00:00, Sys 0 00:00:00  -  Total Local Usage
	0  -  Run Bytes Sent By Job
	0  -  Run Bytes Received By Job
	0  -  Total Bytes Sent By Job
	0  -  Total Bytes Received By Job
	Partitionable Resources :    Usage  Request Allocated
	   Cpus                 :                 1         1
	   Disk (KB)            :        1        1  17909583
	   Memory (MB)          :      460     1500      1500
...
