000 (363.000.000) 06/01 16:26:48 Job submitted from host: <134.61.5.1:9618?addrs=134.61.5.1-9618+[--1]-9618&noUDP&sock=1924_484e_15>
...
001 (363.000.000) 06/01 16:32:23 Job executing on host: <134.61.17.188:9618?addrs=134.61.17.188-9618+[--1]-9618&noUDP&sock=4509_609f_3>
...
006 (363.000.000) 06/01 16:32:31 Image size of job updated: 85348
	34  -  MemoryUsage of job (MB)
	34780  -  ResidentSetSize of job (KB)
...
006 (363.000.000) 06/01 16:37:31 Image size of job updated: 540724
	446  -  MemoryUsage of job (MB)
	455684  -  ResidentSetSize of job (KB)
...
005 (363.000.000) 06/01 19:54:37 Job terminated.
	(1) Normal termination (return value 0)
		Usr 0 00:01:30, Sys 0 00:00:03  -  Run Remote Usage
		Usr 0 00:00:00, Sys 0 00:00:00  -  Run Local Usage
		Usr 0 00:01:30, Sys 0 00:00:03  -  Total Remote Usage
		Usr 0 00:00:00, Sys 0 00:00:00  -  Total Local Usage
	0  -  Run Bytes Sent By Job
	0  -  Run Bytes Received By Job
	0  -  Total Bytes Sent By Job
	0  -  Total Bytes Received By Job
	Partitionable Resources :    Usage  Request Allocated
	   Cpus                 :                 1         1
	   Disk (KB)            :        1        1   1556473
	   Memory (MB)          :      446     1500      1500
...
000 (425.000.000) 06/04 11:40:32 Job submitted from host: <134.61.5.1:9618?addrs=134.61.5.1-9618+[--1]-9618&noUDP&sock=1924_484e_15>
...
001 (425.000.000) 06/04 11:40:47 Job executing on host: <134.61.17.176:9618?addrs=134.61.17.176-9618+[--1]-9618&noUDP&sock=1622_22b4_3>
...
006 (425.000.000) 06/04 11:40:56 Image size of job updated: 11188
	7  -  MemoryUsage of job (MB)
	6984  -  ResidentSetSize of job (KB)
...
010 (425.000.000) 06/04 11:42:23 Job was suspended.
	Number of processes actually suspended: 3
...
006 (425.000.000) 06/04 11:42:23 Image size of job updated: 351000
	306  -  MemoryUsage of job (MB)
	312976  -  ResidentSetSize of job (KB)
...
011 (425.000.000) 06/04 11:42:38 Job was unsuspended.
...
006 (425.000.000) 06/04 11:42:38 Image size of job updated: 351024
	306  -  MemoryUsage of job (MB)
	313000  -  ResidentSetSize of job (KB)
...
006 (425.000.000) 06/04 11:45:57 Image size of job updated: 528984
	480  -  MemoryUsage of job (MB)
	490908  -  ResidentSetSize of job (KB)
...
006 (425.000.000) 06/04 11:50:58 Image size of job updated: 530232
	481  -  MemoryUsage of job (MB)
	492156  -  ResidentSetSize of job (KB)
...
005 (425.000.000) 06/04 13:28:50 Job terminated.
	(1) Normal termination (return value 0)
		Usr 0 00:52:27, Sys 0 00:01:42  -  Run Remote Usage
		Usr 0 00:00:00, Sys 0 00:00:00  -  Run Local Usage
		Usr 0 00:52:27, Sys 0 00:01:42  -  Total Remote Usage
		Usr 0 00:00:00, Sys 0 00:00:00  -  Total Local Usage
	0  -  Run Bytes Sent By Job
	0  -  Run Bytes Received By Job
	0  -  Total Bytes Sent By Job
	0  -  Total Bytes Received By Job
	Partitionable Resources :    Usage  Request Allocated
	   Cpus                 :                 1         1
	   Disk (KB)            :        1        1   1550624
	   Memory (MB)          :      481     1500      1500
...
000 (487.000.000) 06/04 15:47:23 Job submitted from host: <134.61.5.1:9618?addrs=134.61.5.1-9618+[--1]-9618&noUDP&sock=1924_484e_15>
...
001 (487.000.000) 06/04 16:41:30 Job executing on host: <134.61.17.163:9618?addrs=134.61.17.163-9618+[--1]-9618&noUDP&sock=4676_ecf0_3>
...
006 (487.000.000) 06/04 16:41:38 Image size of job updated: 153544
	94  -  MemoryUsage of job (MB)
	96032  -  ResidentSetSize of job (KB)
...
006 (487.000.000) 06/04 16:46:38 Image size of job updated: 585824
	490  -  MemoryUsage of job (MB)
	501216  -  ResidentSetSize of job (KB)
...
006 (487.000.000) 06/04 16:51:38 Image size of job updated: 601172
	505  -  MemoryUsage of job (MB)
	516564  -  ResidentSetSize of job (KB)
...
006 (487.000.000) 06/04 17:01:39 Image size of job updated: 601240
	505  -  MemoryUsage of job (MB)
	516564  -  ResidentSetSize of job (KB)
...
010 (487.000.000) 06/04 18:40:21 Job was suspended.
	Number of processes actually suspended: 3
...
011 (487.000.000) 06/04 18:50:14 Job was unsuspended.
...
005 (487.000.000) 06/04 20:36:24 Job terminated.
	(1) Normal termination (return value 0)
		Usr 0 02:58:00, Sys 0 00:03:46  -  Run Remote Usage
		Usr 0 00:00:00, Sys 0 00:00:00  -  Run Local Usage
		Usr 0 02:58:00, Sys 0 00:03:46  -  Total Remote Usage
		Usr 0 00:00:00, Sys 0 00:00:00  -  Total Local Usage
	0  -  Run Bytes Sent By Job
	0  -  Run Bytes Received By Job
	0  -  Total Bytes Sent By Job
	0  -  Total Bytes Received By Job
	Partitionable Resources :    Usage  Request Allocated
	   Cpus                 :                 1         1
	   Disk (KB)            :        1        1   1556473
	   Memory (MB)          :      505     1500      1500
...
000 (548.000.000) 06/05 16:10:40 Job submitted from host: <134.61.5.1:9618?addrs=134.61.5.1-9618+[--1]-9618&noUDP&sock=1924_484e_15>
...
007 (548.000.000) 06/05 16:14:21 Shadow exception!
	Error from slot1_6@lxcip55.physik.rwth-aachen.de: Failed to open '/.automount/home/home__home4/institut_1b/swuchterl/SUSYDileptonGamma/SplitTrees/logs/ZZTo4L_powheg_Total_nTuple.root.out' as standard output: No such file or directory (errno 2)
	0  -  Run Bytes Sent By Job
	0  -  Run Bytes Received By Job
...
012 (548.000.000) 06/05 16:14:21 Job was held.
	Error from slot1_6@lxcip55.physik.rwth-aachen.de: Failed to open '/.automount/home/home__home4/institut_1b/swuchterl/SUSYDileptonGamma/SplitTrees/logs/ZZTo4L_powheg_Total_nTuple.root.out' as standard output: No such file or directory (errno 2)
	Code 7 Subcode 2
...
013 (548.000.000) 06/05 18:21:28 Job was released.
	via condor_release (by user swuchterl)
...
001 (548.000.000) 06/05 18:23:29 Job executing on host: <134.61.17.187:9618?addrs=134.61.17.187-9618+[--1]-9618&noUDP&sock=4493_671b_3>
...
006 (548.000.000) 06/05 18:23:38 Image size of job updated: 49648
	44  -  MemoryUsage of job (MB)
	44732  -  ResidentSetSize of job (KB)
...
010 (548.000.000) 06/05 18:23:59 Job was suspended.
	Number of processes actually suspended: 3
...
006 (548.000.000) 06/05 18:23:59 Image size of job updated: 309068
	297  -  MemoryUsage of job (MB)
	303760  -  ResidentSetSize of job (KB)
...
011 (548.000.000) 06/05 18:32:45 Job was unsuspended.
...
010 (548.000.000) 06/05 18:33:20 Job was suspended.
	Number of processes actually suspended: 3
...
006 (548.000.000) 06/05 18:33:20 Image size of job updated: 518380
	502  -  MemoryUsage of job (MB)
	513072  -  ResidentSetSize of job (KB)
...
011 (548.000.000) 06/05 18:33:50 Job was unsuspended.
...
010 (548.000.000) 06/05 18:34:55 Job was suspended.
	Number of processes actually suspended: 3
...
011 (548.000.000) 06/05 18:36:26 Job was unsuspended.
...
006 (548.000.000) 06/05 18:43:40 Image size of job updated: 520496
	502  -  MemoryUsage of job (MB)
	513072  -  ResidentSetSize of job (KB)
...
010 (548.000.000) 06/05 19:36:03 Job was suspended.
	Number of processes actually suspended: 3
...
011 (548.000.000) 06/05 19:36:28 Job was unsuspended.
...
010 (548.000.000) 06/05 20:05:12 Job was suspended.
	Number of processes actually suspended: 3
...
011 (548.000.000) 06/05 20:05:38 Job was unsuspended.
...
006 (548.000.000) 06/05 20:33:50 Image size of job updated: 529928
	502  -  MemoryUsage of job (MB)
	513072  -  ResidentSetSize of job (KB)
...
010 (548.000.000) 06/05 20:44:01 Job was suspended.
	Number of processes actually suspended: 3
...
011 (548.000.000) 06/05 20:44:46 Job was unsuspended.
...
010 (548.000.000) 06/05 21:07:32 Job was suspended.
	Number of processes actually suspended: 3
...
011 (548.000.000) 06/05 21:07:47 Job was unsuspended.
...
006 (548.000.000) 06/05 21:28:55 Image size of job updated: 539788
	502  -  MemoryUsage of job (MB)
	513072  -  ResidentSetSize of job (KB)
...
006 (548.000.000) 06/05 21:38:56 Image size of job updated: 542532
	502  -  MemoryUsage of job (MB)
	513072  -  ResidentSetSize of job (KB)
...
006 (548.000.000) 06/05 22:03:58 Image size of job updated: 543172
	502  -  MemoryUsage of job (MB)
	513072  -  ResidentSetSize of job (KB)
...
006 (548.000.000) 06/05 22:17:11 Image size of job updated: 788676
	502  -  MemoryUsage of job (MB)
	513072  -  ResidentSetSize of job (KB)
...
005 (548.000.000) 06/05 22:17:11 Job terminated.
	(1) Normal termination (return value 0)
		Usr 0 03:09:01, Sys 0 00:04:04  -  Run Remote Usage
		Usr 0 00:00:00, Sys 0 00:00:00  -  Run Local Usage
		Usr 0 03:09:01, Sys 0 00:04:04  -  Total Remote Usage
		Usr 0 00:00:00, Sys 0 00:00:00  -  Total Local Usage
	0  -  Run Bytes Sent By Job
	0  -  Run Bytes Received By Job
	0  -  Total Bytes Sent By Job
	0  -  Total Bytes Received By Job
	Partitionable Resources :    Usage  Request Allocated
	   Cpus                 :                 1         1
	   Disk (KB)            :        1        1   1556473
	   Memory (MB)          :      502     1500      1500
...
000 (669.000.000) 06/06 15:35:17 Job submitted from host: <134.61.5.1:9618?addrs=134.61.5.1-9618+[--1]-9618&noUDP&sock=1924_484e_15>
...
001 (669.000.000) 06/06 15:43:31 Job executing on host: <134.61.15.6:9618?addrs=134.61.15.6-9618+[--1]-9618&noUDP&sock=1223743_7d6a_3>
...
006 (669.000.000) 06/06 15:43:41 Image size of job updated: 8428
	9  -  MemoryUsage of job (MB)
	8272  -  ResidentSetSize of job (KB)
...
010 (669.000.000) 06/06 15:47:33 Job was suspended.
	Number of processes actually suspended: 3
...
006 (669.000.000) 06/06 15:47:33 Image size of job updated: 520456
	507  -  MemoryUsage of job (MB)
	518256  -  ResidentSetSize of job (KB)
...
011 (669.000.000) 06/06 15:52:34 Job was unsuspended.
...
004 (669.000.000) 06/06 15:53:00 Job was evicted.
	(0) Job was not checkpointed.
		Usr 0 00:00:34, Sys 0 00:00:01  -  Run Remote Usage
		Usr 0 00:00:00, Sys 0 00:00:00  -  Run Local Usage
	0  -  Run Bytes Sent By Job
	0  -  Run Bytes Received By Job
	Partitionable Resources :    Usage  Request Allocated
	   Cpus                 :                 1         1
	   Disk (KB)            :        1        1   3541765
	   Memory (MB)          :      507     1500      1500
...
012 (669.000.000) 06/06 15:53:00 Job was held.
	via condor_hold (by user swuchterl)
	Code 1 Subcode 0
...
013 (669.000.000) 06/06 15:54:13 Job was released.
	via condor_release (by user swuchterl)
...
001 (669.000.000) 06/06 15:57:14 Job executing on host: <134.61.17.169:9618?addrs=134.61.17.169-9618+[--1]-9618&noUDP&sock=5289_647e_3>
...
010 (669.000.000) 06/06 18:28:11 Job was suspended.
	Number of processes actually suspended: 3
...
011 (669.000.000) 06/06 18:28:31 Job was unsuspended.
...
010 (669.000.000) 06/06 18:43:26 Job was suspended.
	Number of processes actually suspended: 3
...
011 (669.000.000) 06/06 18:43:37 Job was unsuspended.
...
010 (669.000.000) 06/06 19:01:38 Job was suspended.
	Number of processes actually suspended: 3
...
011 (669.000.000) 06/06 19:01:53 Job was unsuspended.
...
010 (669.000.000) 06/06 20:03:59 Job was suspended.
	Number of processes actually suspended: 3
...
011 (669.000.000) 06/06 20:04:14 Job was unsuspended.
...
005 (669.000.000) 06/06 20:05:23 Job terminated.
	(1) Normal termination (return value 0)
		Usr 0 03:00:31, Sys 0 00:03:59  -  Run Remote Usage
		Usr 0 00:00:00, Sys 0 00:00:00  -  Run Local Usage
		Usr 0 03:00:31, Sys 0 00:03:59  -  Total Remote Usage
		Usr 0 00:00:00, Sys 0 00:00:00  -  Total Local Usage
	0  -  Run Bytes Sent By Job
	0  -  Run Bytes Received By Job
	0  -  Total Bytes Sent By Job
	0  -  Total Bytes Received By Job
	Partitionable Resources :    Usage  Request Allocated
	   Cpus                 :                 1         1
	   Disk (KB)            :        1        1   1556473
	   Memory (MB)          :      733     1500      1500
...
000 (743.000.000) 06/11 12:49:26 Job submitted from host: <134.61.5.1:9618?addrs=134.61.5.1-9618+[--1]-9618&noUDP&sock=1924_484e_15>
...
001 (743.000.000) 06/11 12:49:30 Job executing on host: <134.61.17.174:9618?addrs=134.61.17.174-9618+[--1]-9618&noUDP&sock=4847_37a2_3>
...
006 (743.000.000) 06/11 12:49:39 Image size of job updated: 260680
	197  -  MemoryUsage of job (MB)
	201384  -  ResidentSetSize of job (KB)
...
006 (743.000.000) 06/11 12:54:40 Image size of job updated: 590348
	494  -  MemoryUsage of job (MB)
	505736  -  ResidentSetSize of job (KB)
...
010 (743.000.000) 06/11 13:20:03 Job was suspended.
	Number of processes actually suspended: 3
...
011 (743.000.000) 06/11 13:20:28 Job was unsuspended.
...
005 (743.000.000) 06/11 14:21:12 Job terminated.
	(1) Normal termination (return value 0)
		Usr 0 00:13:34, Sys 0 00:00:34  -  Run Remote Usage
		Usr 0 00:00:00, Sys 0 00:00:00  -  Run Local Usage
		Usr 0 00:13:34, Sys 0 00:00:34  -  Total Remote Usage
		Usr 0 00:00:00, Sys 0 00:00:00  -  Total Local Usage
	0  -  Run Bytes Sent By Job
	0  -  Run Bytes Received By Job
	0  -  Total Bytes Sent By Job
	0  -  Total Bytes Received By Job
	Partitionable Resources :    Usage  Request Allocated
	   Cpus                 :                 1         1
	   Disk (KB)            :        1        1   1556473
	   Memory (MB)          :      494     1500      1500
...
